--- Building Spring Framework for b5c89c9 ---
--- Worktree mode: skipping git checkout ---
gradle-cache-spring
gradle-wrapper-spring
--- Compiling with Gradle (build -x test) ---
Downloading https://services.gradle.org/distributions/gradle-8.11.1-bin.zip
.............10%.............20%.............30%.............40%.............50%.............60%.............70%.............80%.............90%.............100%

Welcome to Gradle 8.11.1!

Here are the highlights of this release:
 - Parallel load and store for Configuration Cache
 - Java compilation errors at the end of the build output
 - Consolidated report for warnings and deprecations

For more details see https://docs.gradle.org/8.11.1/release-notes.html

To honour the JVM settings for this build a single-use Daemon process will be forked. For more on this, please refer to https://docs.gradle.org/8.11.1/userguide/gradle_daemon.html#sec:disabling_the_daemon in the Gradle documentation.
Daemon will be stopped at the end of the build 
> Task :buildSrc:compileJava UP-TO-DATE
> Task :buildSrc:compileGroovy NO-SOURCE
> Task :buildSrc:pluginDescriptors UP-TO-DATE
> Task :buildSrc:processResources UP-TO-DATE
> Task :buildSrc:classes UP-TO-DATE
> Task :buildSrc:jar UP-TO-DATE

> Configure project :integration-tests
Invalid Java installation found at '/home/gradle/.gradle/.tmp/jdks/bellsoft-jdk178697764305095488620.tmp' (provisioned toolchain) auto-detected auto-provisioned. It will be re-checked in the next build. This might have performance impact if it keeps failing. Run the 'javaToolchains' task for more details.
Invalid Java installation found at '/home/gradle/.gradle/.tmp/jdks/OpenJDK21U-jdk_x64_linux_hotspot_214644272439420712640.tmp' (provisioned toolchain) auto-detected auto-provisioned. It will be re-checked in the next build. This might have performance impact if it keeps failing. Run the 'javaToolchains' task for more details.

> Task :spring-context:checkKotlinGradlePluginConfigurationErrors
> Task :spring-expression:checkKotlinGradlePluginConfigurationErrors
> Task :spring-tx:checkKotlinGradlePluginConfigurationErrors
> Task :spring-beans:checkKotlinGradlePluginConfigurationErrors
> Task :spring-core:checkKotlinGradlePluginConfigurationErrors
> Task :spring-web:checkKotlinGradlePluginConfigurationErrors
> Task :spring-aop:checkKotlinGradlePluginConfigurationErrors
> Task :spring-jdbc:checkKotlinGradlePluginConfigurationErrors
> Task :spring-core-test:processResources NO-SOURCE
> Task :compileJava NO-SOURCE
> Task :spring-core:javapoetRepackJar UP-TO-DATE
> Task :processResources NO-SOURCE
> Task :classes UP-TO-DATE
> Task :jar UP-TO-DATE
> Task :spring-core:objenesisRepackJar UP-TO-DATE
> Task :assemble UP-TO-DATE
> Task :checkstyleMain NO-SOURCE
> Task :spring-expression:processResources NO-SOURCE
> Task :compileTestFixturesJava NO-SOURCE
> Task :compileTestJava NO-SOURCE
> Task :processTestResources NO-SOURCE
> Task :spring-aspects:processResources
> Task :spring-context-support:processResources
> Task :spring-core:processResources
> Task :spring-context:processResources
> Task :spring-aop:processResources
> Task :testClasses UP-TO-DATE
> Task :spring-beans:processResources
> Task :spring-jdbc:processResources
> Task :spring-test:checkKotlinGradlePluginConfigurationErrors
> Task :spring-messaging:checkKotlinGradlePluginConfigurationErrors
> Task :spring-webflux:checkKotlinGradlePluginConfigurationErrors
> Task :spring-r2dbc:checkKotlinGradlePluginConfigurationErrors
> Task :spring-core:processJava21Resources NO-SOURCE
> Task :checkstyleTest NO-SOURCE
> Task :spring-webmvc:checkKotlinGradlePluginConfigurationErrors
> Task :processTestFixturesResources NO-SOURCE
> Task :testFixturesClasses UP-TO-DATE
> Task :spring-r2dbc:processResources
> Task :spring-messaging:processResources
> Task :spring-orm:processResources
> Task :checkstyleTestFixtures NO-SOURCE
> Task :check
> Task :spring-jms:processResources
> Task :build
> Task :framework-api:check UP-TO-DATE
> Task :framework-bom:assemble UP-TO-DATE
> Task :spring-tx:processResources
> Task :framework-docs:checkKotlinGradlePluginConfigurationErrors
> Task :spring-test:processResources
> Task :framework-platform:assemble UP-TO-DATE
> Task :framework-docs:processResources NO-SOURCE
> Task :framework-platform:check UP-TO-DATE
> Task :framework-docs:check
> Task :integration-tests:checkKotlinGradlePluginConfigurationErrors
> Task :spring-aop:processTestFixturesResources NO-SOURCE
> Task :spring-webflux:processResources
> Task :spring-web:processResources
> Task :framework-platform:build UP-TO-DATE
> Task :spring-websocket:processResources
> Task :spring-tx:processTestFixturesResources NO-SOURCE
> Task :spring-beans:processTestFixturesResources
> Task :framework-bom:check UP-TO-DATE
> Task :integration-tests:compileKotlin NO-SOURCE
> Task :spring-core:processTestFixturesResources NO-SOURCE
> Task :framework-bom:build UP-TO-DATE
> Task :spring-webmvc:processResources
> Task :spring-core:processJava21TestResources NO-SOURCE
> Task :integration-tests:compileJava NO-SOURCE
> Task :integration-tests:processResources NO-SOURCE
> Task :integration-tests:classes UP-TO-DATE
> Task :spring-aspects:processTestResources
> Task :spring-aop:processTestResources
> Task :integration-tests:jar UP-TO-DATE
> Task :spring-aspects:processJmhResources NO-SOURCE
> Task :spring-aop:processJmhResources NO-SOURCE
> Task :spring-context-support:processTestResources
> Task :spring-expression:processTestResources UP-TO-DATE
> Task :integration-tests:assemble UP-TO-DATE
> Task :spring-context-support:processJmhResources NO-SOURCE
> Task :spring-aspects:processTestFixturesResources NO-SOURCE
> Task :spring-context-support:processTestFixturesResources NO-SOURCE
> Task :integration-tests:checkstyleMain NO-SOURCE
> Task :spring-expression:processJmhResources NO-SOURCE
> Task :integration-tests:compileTestFixturesKotlin NO-SOURCE
> Task :spring-expression:processTestFixturesResources NO-SOURCE
> Task :integration-tests:compileTestFixturesJava NO-SOURCE
> Task :spring-jms:processTestResources
> Task :spring-core:processTestResources
> Task :spring-jms:processJmhResources NO-SOURCE
> Task :spring-core:processJmhResources NO-SOURCE
> Task :spring-jms:processTestFixturesResources NO-SOURCE
> Task :spring-beans:processTestResources
> Task :spring-beans:processJmhResources
> Task :integration-tests:processTestResources
> Task :integration-tests:processTestFixturesResources NO-SOURCE
> Task :spring-core-test:processTestResources UP-TO-DATE
> Task :integration-tests:testFixturesClasses UP-TO-DATE
> Task :spring-core-test:processJmhResources NO-SOURCE
> Task :integration-tests:checkstyleTestFixtures NO-SOURCE
> Task :spring-messaging:processTestResources UP-TO-DATE
> Task :spring-core-test:processTestFixturesResources NO-SOURCE
> Task :spring-messaging:processJmhResources NO-SOURCE
> Task :spring-r2dbc:processTestResources
> Task :spring-messaging:processTestFixturesResources NO-SOURCE
> Task :spring-r2dbc:processJmhResources NO-SOURCE
> Task :spring-r2dbc:processTestFixturesResources NO-SOURCE
> Task :spring-tx:processTestResources
> Task :spring-orm:processTestResources
> Task :spring-tx:processJmhResources NO-SOURCE
> Task :spring-orm:processJmhResources NO-SOURCE
> Task :spring-orm:processTestFixturesResources NO-SOURCE
> Task :spring-jdbc:processTestResources
> Task :spring-jdbc:processJmhResources NO-SOURCE
> Task :spring-jdbc:processTestFixturesResources NO-SOURCE
> Task :integration-tests:testFixturesJar UP-TO-DATE
> Task :spring-websocket:processTestResources
> Task :spring-websocket:processJmhResources NO-SOURCE
> Task :spring-websocket:processTestFixturesResources NO-SOURCE
> Task :spring-web:processTestResources
> Task :spring-web:processJmhResources NO-SOURCE
> Task :spring-webflux:processTestResources
> Task :spring-webflux:processJmhResources NO-SOURCE
> Task :spring-web:processTestFixturesResources
> Task :spring-webflux:processTestFixturesResources NO-SOURCE
> Task :spring-test:processTestResources
> Task :spring-test:processJmhResources NO-SOURCE
> Task :spring-test:processTestFixturesResources NO-SOURCE
> Task :spring-context:processTestResources
> Task :spring-webmvc:processTestResources
> Task :spring-context:processJmhResources NO-SOURCE
> Task :spring-webmvc:processJmhResources NO-SOURCE
> Task :spring-context:processTestFixturesResources NO-SOURCE
> Task :spring-webmvc:processTestFixturesResources NO-SOURCE
> Task :spring-instrument:compileJava UP-TO-DATE
> Task :spring-context-indexer:compileJava UP-TO-DATE
> Task :spring-instrument:processResources NO-SOURCE
> Task :spring-instrument:classes UP-TO-DATE
> Task :spring-context-indexer:processResources
> Task :spring-context-indexer:classes
> Task :spring-instrument:jar UP-TO-DATE
> Task :spring-instrument:assemble UP-TO-DATE
> Task :spring-context-indexer:jar UP-TO-DATE
> Task :spring-context-indexer:assemble UP-TO-DATE
> Task :spring-instrument:compileTestFixturesJava NO-SOURCE
> Task :spring-context-indexer:compileTestFixturesJava NO-SOURCE
> Task :spring-context-indexer:processTestResources NO-SOURCE
> Task :spring-instrument:compileTestJava NO-SOURCE
> Task :spring-instrument:processTestResources NO-SOURCE
> Task :spring-context-indexer:processJmhResources NO-SOURCE
> Task :spring-instrument:testClasses UP-TO-DATE
> Task :spring-instrument:compileJmhJava NO-SOURCE
> Task :spring-instrument:processJmhResources NO-SOURCE
> Task :spring-instrument:jmhClasses UP-TO-DATE
> Task :spring-instrument:checkstyleJmh NO-SOURCE
> Task :spring-oxm:xjc UP-TO-DATE
> Task :spring-oxm:processResources
> Task :spring-oxm:processTestResources
> Task :spring-oxm:processJmhResources NO-SOURCE
> Task :spring-oxm:processTestFixturesResources NO-SOURCE
> Task :spring-instrument:checkstyleMain UP-TO-DATE
> Task :spring-context-indexer:checkstyleMain UP-TO-DATE
> Task :spring-instrument:checkstyleTest NO-SOURCE
> Task :spring-context-indexer:processTestFixturesResources NO-SOURCE
> Task :spring-instrument:processTestFixturesResources NO-SOURCE
> Task :spring-context-indexer:testFixturesClasses UP-TO-DATE
> Task :spring-instrument:testFixturesClasses UP-TO-DATE
> Task :spring-instrument:checkstyleTestFixtures NO-SOURCE
> Task :spring-context-indexer:checkstyleTestFixtures NO-SOURCE
> Task :spring-instrument:check
> Task :spring-instrument:build
> Task :spring-jcl:compileJava UP-TO-DATE
> Task :spring-jcl:processResources
> Task :spring-jcl:classes
> Task :spring-jcl:jar UP-TO-DATE
> Task :spring-jcl:assemble UP-TO-DATE
> Task :spring-jcl:compileTestFixturesJava NO-SOURCE
> Task :spring-jcl:compileTestJava NO-SOURCE
> Task :spring-jcl:processTestResources NO-SOURCE
> Task :spring-jcl:testClasses UP-TO-DATE
> Task :spring-jcl:compileJmhJava NO-SOURCE
> Task :spring-jcl:processJmhResources NO-SOURCE
> Task :spring-jcl:jmhClasses UP-TO-DATE
> Task :spring-jcl:checkstyleJmh NO-SOURCE
> Task :spring-jcl:checkstyleMain UP-TO-DATE
> Task :spring-jcl:checkstyleTest NO-SOURCE
> Task :spring-jcl:processTestFixturesResources NO-SOURCE
> Task :spring-jcl:testFixturesClasses UP-TO-DATE
> Task :spring-jcl:checkstyleTestFixtures NO-SOURCE
> Task :spring-jcl:check
> Task :spring-jcl:build
> Task :spring-core:compileKotlin UP-TO-DATE
> Task :spring-core:compileJava UP-TO-DATE
> Task :spring-core:classes
> Task :spring-core:compileJava21Kotlin NO-SOURCE
> Task :spring-expression:compileKotlin NO-SOURCE
> Task :spring-core:compileJava21Java UP-TO-DATE
> Task :spring-core:java21Classes UP-TO-DATE
> Task :spring-core:jar UP-TO-DATE
> Task :spring-core:compileTestFixturesKotlin NO-SOURCE
> Task :spring-expression:compileJava UP-TO-DATE
> Task :spring-expression:classes UP-TO-DATE
> Task :spring-expression:jar UP-TO-DATE
> Task :spring-expression:assemble UP-TO-DATE
> Task :spring-expression:compileTestFixturesKotlin NO-SOURCE
> Task :spring-expression:compileTestFixturesJava NO-SOURCE
> Task :spring-expression:checkstyleMain UP-TO-DATE
> Task :spring-expression:testFixturesClasses UP-TO-DATE
> Task :spring-expression:checkstyleTestFixtures NO-SOURCE
> Task :spring-core-test:compileJava UP-TO-DATE
> Task :spring-core-test:classes UP-TO-DATE
> Task :spring-core:compileTestFixturesJava UP-TO-DATE
> Task :spring-core:testFixturesClasses UP-TO-DATE
> Task :spring-core-test:jar UP-TO-DATE
> Task :spring-core:testFixturesJar UP-TO-DATE
> Task :spring-core-test:assemble UP-TO-DATE
> Task :spring-core:assemble UP-TO-DATE
> Task :spring-core-test:compileTestFixturesJava NO-SOURCE
> Task :spring-core:checkstyleJava21 UP-TO-DATE
> Task :spring-core:compileJava21TestKotlin NO-SOURCE
> Task :spring-beans:compileKotlin UP-TO-DATE
> Task :spring-beans:compileJava UP-TO-DATE
> Task :spring-beans:classes
> Task :spring-aop:compileKotlin NO-SOURCE
> Task :spring-beans:jar UP-TO-DATE
> Task :spring-oxm:compileJava UP-TO-DATE
> Task :spring-oxm:classes
> Task :spring-aop:compileJava UP-TO-DATE
> Task :spring-aop:classes
> Task :spring-oxm:jar UP-TO-DATE
> Task :spring-oxm:assemble UP-TO-DATE
> Task :spring-aop:jar UP-TO-DATE
> Task :spring-oxm:compileTestFixturesJava NO-SOURCE
> Task :spring-aop:assemble UP-TO-DATE
> Task :spring-oxm:checkstyleMain UP-TO-DATE
> Task :spring-oxm:testFixturesClasses UP-TO-DATE
> Task :spring-oxm:checkstyleTestFixtures NO-SOURCE
> Task :spring-aop:checkstyleMain UP-TO-DATE
> Task :spring-core-test:compileTestJava UP-TO-DATE
> Task :spring-core-test:testClasses UP-TO-DATE
> Task :spring-core-test:compileJmhJava NO-SOURCE
> Task :spring-core-test:jmhClasses UP-TO-DATE
> Task :spring-core-test:checkstyleJmh NO-SOURCE
> Task :spring-core-test:checkstyleMain UP-TO-DATE
> Task :spring-core-test:checkstyleTest UP-TO-DATE
> Task :spring-core-test:testFixturesClasses UP-TO-DATE
> Task :spring-core-test:checkstyleTestFixtures NO-SOURCE
> Task :spring-core-test:check
> Task :spring-core-test:build
> Task :spring-beans:compileTestFixturesKotlin UP-TO-DATE
> Task :spring-beans:compileTestFixturesJava UP-TO-DATE
> Task :spring-aop:compileTestFixturesKotlin NO-SOURCE
> Task :spring-aop:compileTestFixturesJava UP-TO-DATE
> Task :spring-aop:testFixturesClasses UP-TO-DATE
> Task :spring-aop:testFixturesJar UP-TO-DATE
> Task :spring-beans:testFixturesClasses
> Task :spring-beans:testFixturesJar UP-TO-DATE
> Task :spring-beans:assemble UP-TO-DATE
> Task :spring-core:compileJava21TestJava UP-TO-DATE
> Task :spring-core:java21TestClasses UP-TO-DATE
> Task :spring-core:checkstyleJava21Test UP-TO-DATE
> Task :spring-beans:compileTestKotlin UP-TO-DATE
> Task :spring-expression:compileTestKotlin UP-TO-DATE
> Task :spring-aop:compileTestKotlin UP-TO-DATE
> Task :spring-expression:compileTestJava UP-TO-DATE
> Task :spring-expression:testClasses UP-TO-DATE
> Task :spring-beans:compileTestJava UP-TO-DATE
> Task :spring-beans:testClasses
> Task :spring-expression:compileJmhKotlin NO-SOURCE
> Task :spring-aop:compileTestJava UP-TO-DATE
> Task :spring-aop:testClasses
> Task :spring-aop:compileJmhKotlin NO-SOURCE
> Task :spring-aop:compileJmhJava NO-SOURCE
> Task :spring-aop:jmhClasses UP-TO-DATE
> Task :spring-aop:checkstyleJmh NO-SOURCE
> Task :spring-aop:checkstyleTest UP-TO-DATE
> Task :spring-aop:checkstyleTestFixtures UP-TO-DATE
> Task :spring-aop:check
> Task :spring-aop:build
> Task :spring-core:compileTestKotlin UP-TO-DATE
> Task :spring-expression:compileJmhJava UP-TO-DATE
> Task :spring-expression:jmhClasses UP-TO-DATE
> Task :spring-expression:checkstyleJmh UP-TO-DATE
> Task :spring-expression:checkstyleTest UP-TO-DATE
> Task :spring-expression:check
> Task :spring-expression:build
> Task :spring-core:compileTestJava UP-TO-DATE
> Task :spring-core:testClasses
> Task :spring-core:compileJmhKotlin NO-SOURCE
> Task :spring-beans:compileJmhKotlin UP-TO-DATE
> Task :spring-beans:compileJmhJava UP-TO-DATE
> Task :spring-beans:jmhClasses
> Task :spring-core:compileJmhJava UP-TO-DATE
> Task :spring-core:jmhClasses UP-TO-DATE
> Task :spring-context:compileKotlin UP-TO-DATE
> Task :spring-beans:checkstyleJmh UP-TO-DATE
> Task :spring-core:checkstyleJmh UP-TO-DATE
> Task :spring-beans:checkstyleMain UP-TO-DATE
> Task :spring-core:checkstyleMain UP-TO-DATE
> Task :spring-core:checkstyleTest UP-TO-DATE
> Task :spring-core:checkstyleTestFixtures UP-TO-DATE
> Task :spring-context:compileJava UP-TO-DATE
> Task :spring-beans:checkstyleTest UP-TO-DATE
> Task :spring-context:classes
> Task :spring-context:jar UP-TO-DATE
> Task :spring-context:compileTestFixturesKotlin NO-SOURCE
> Task :spring-context:compileTestFixturesJava UP-TO-DATE
> Task :spring-context:assemble UP-TO-DATE
> Task :spring-oxm:compileTestJava UP-TO-DATE
> Task :spring-oxm:testClasses
> Task :spring-context-indexer:compileTestJava UP-TO-DATE
> Task :spring-oxm:compileJmhJava NO-SOURCE
> Task :spring-context-indexer:testClasses UP-TO-DATE
> Task :spring-oxm:jmhClasses UP-TO-DATE
> Task :spring-oxm:checkstyleJmh NO-SOURCE
> Task :spring-context-indexer:compileJmhJava NO-SOURCE
> Task :spring-context-indexer:jmhClasses UP-TO-DATE
> Task :spring-context-indexer:checkstyleJmh NO-SOURCE
> Task :spring-oxm:checkstyleTest UP-TO-DATE
> Task :spring-oxm:check
> Task :spring-oxm:build
> Task :spring-context-indexer:checkstyleTest UP-TO-DATE
> Task :spring-context-indexer:check
> Task :spring-context-indexer:build
> Task :spring-beans:checkstyleTestFixtures UP-TO-DATE
> Task :spring-beans:check
> Task :spring-beans:build
> Task :spring-core:java21Test UP-TO-DATE
> Task :spring-core:check
> Task :spring-core:build
> Task :spring-tx:compileKotlin UP-TO-DATE
> Task :spring-context:compileTestKotlin UP-TO-DATE
> Task :spring-tx:compileJava UP-TO-DATE
> Task :spring-tx:classes
> Task :spring-tx:jar UP-TO-DATE
> Task :spring-tx:compileTestFixturesKotlin NO-SOURCE
> Task :spring-tx:compileTestFixturesJava UP-TO-DATE
> Task :spring-tx:testFixturesClasses UP-TO-DATE
> Task :spring-tx:testFixturesJar UP-TO-DATE
> Task :spring-tx:assemble UP-TO-DATE
> Task :spring-tx:compileTestKotlin UP-TO-DATE
> Task :spring-r2dbc:compileKotlin UP-TO-DATE
> Task :spring-r2dbc:compileJava UP-TO-DATE
> Task :spring-r2dbc:classes
> Task :spring-r2dbc:jar UP-TO-DATE
> Task :spring-r2dbc:assemble UP-TO-DATE
> Task :spring-r2dbc:compileTestFixturesKotlin NO-SOURCE
> Task :spring-r2dbc:compileTestFixturesJava NO-SOURCE
> Task :spring-tx:compileTestJava UP-TO-DATE
> Task :spring-tx:testClasses
> Task :spring-tx:compileJmhKotlin NO-SOURCE
> Task :spring-tx:compileJmhJava NO-SOURCE
> Task :spring-tx:jmhClasses UP-TO-DATE
> Task :spring-tx:checkstyleJmh NO-SOURCE
> Task :spring-tx:checkstyleMain UP-TO-DATE
> Task :spring-tx:checkstyleTest UP-TO-DATE
> Task :spring-tx:checkstyleTestFixtures UP-TO-DATE
> Task :spring-tx:check
> Task :spring-tx:build
> Task :spring-jdbc:compileKotlin UP-TO-DATE
> Task :spring-jdbc:compileJava UP-TO-DATE
> Task :spring-context:compileTestJava UP-TO-DATE
> Task :spring-jdbc:classes
> Task :spring-context:testClasses
> Task :spring-context:compileJmhKotlin NO-SOURCE
> Task :spring-jdbc:jar UP-TO-DATE
> Task :spring-jdbc:assemble UP-TO-DATE
> Task :spring-jdbc:compileTestFixturesKotlin NO-SOURCE
> Task :spring-jdbc:compileTestFixturesJava NO-SOURCE
> Task :spring-context:compileJmhJava UP-TO-DATE
> Task :spring-context:jmhClasses UP-TO-DATE
> Task :spring-context:checkstyleJmh UP-TO-DATE
> Task :spring-context:checkstyleMain UP-TO-DATE
> Task :spring-context:checkstyleTest UP-TO-DATE
> Task :spring-context:testFixturesClasses UP-TO-DATE
> Task :spring-context:checkstyleTestFixtures UP-TO-DATE
> Task :spring-context:testFixturesJar UP-TO-DATE
> Task :spring-r2dbc:compileTestKotlin UP-TO-DATE
> Task :spring-r2dbc:compileTestJava UP-TO-DATE
> Task :spring-r2dbc:testClasses
> Task :spring-r2dbc:compileJmhKotlin NO-SOURCE
> Task :spring-r2dbc:compileJmhJava NO-SOURCE
> Task :spring-r2dbc:jmhClasses UP-TO-DATE
> Task :spring-jdbc:compileTestKotlin UP-TO-DATE
> Task :spring-r2dbc:checkstyleJmh NO-SOURCE
> Task :spring-r2dbc:checkstyleMain UP-TO-DATE
> Task :spring-r2dbc:checkstyleTest UP-TO-DATE
> Task :spring-r2dbc:testFixturesClasses UP-TO-DATE
> Task :spring-r2dbc:checkstyleTestFixtures NO-SOURCE
> Task :spring-r2dbc:check
> Task :spring-r2dbc:build
> Task :spring-jdbc:compileTestJava UP-TO-DATE
> Task :spring-jdbc:testClasses
> Task :spring-jdbc:compileJmhKotlin NO-SOURCE
> Task :spring-jdbc:compileJmhJava NO-SOURCE
> Task :spring-jdbc:jmhClasses UP-TO-DATE
> Task :spring-jdbc:checkstyleJmh NO-SOURCE
> Task :spring-jdbc:checkstyleMain UP-TO-DATE
> Task :spring-jdbc:checkstyleTest UP-TO-DATE
> Task :spring-jdbc:testFixturesClasses UP-TO-DATE
> Task :spring-jdbc:checkstyleTestFixtures NO-SOURCE
> Task :spring-jdbc:check
> Task :spring-jdbc:build
> Task :spring-messaging:compileKotlin UP-TO-DATE
> Task :spring-messaging:compileJava UP-TO-DATE
> Task :spring-messaging:classes
> Task :spring-messaging:jar UP-TO-DATE
> Task :spring-messaging:assemble UP-TO-DATE
> Task :spring-messaging:compileTestFixturesKotlin NO-SOURCE
> Task :spring-messaging:compileTestFixturesJava NO-SOURCE
> Task :spring-context:runtimeHintsTest UP-TO-DATE
> Task :spring-context:check
> Task :spring-context:build
> Task :spring-context-support:compileJava UP-TO-DATE
> Task :spring-jms:compileJava UP-TO-DATE
> Task :spring-context-support:classes
> Task :spring-jms:classes
> Task :spring-jms:jar UP-TO-DATE
> Task :spring-context-support:jar UP-TO-DATE
> Task :spring-jms:assemble UP-TO-DATE
> Task :spring-jms:compileTestFixturesJava NO-SOURCE
> Task :spring-context-support:compileTestFixturesJava UP-TO-DATE
> Task :spring-context-support:assemble UP-TO-DATE
> Task :spring-context-support:compileTestJava UP-TO-DATE
> Task :spring-context-support:testClasses
> Task :spring-context-support:compileJmhJava NO-SOURCE
> Task :spring-context-support:jmhClasses UP-TO-DATE
> Task :spring-context-support:checkstyleJmh NO-SOURCE
> Task :spring-context-support:checkstyleMain UP-TO-DATE
> Task :spring-context-support:checkstyleTest UP-TO-DATE
> Task :spring-context-support:testFixturesClasses UP-TO-DATE
> Task :spring-context-support:checkstyleTestFixtures UP-TO-DATE
> Task :spring-context-support:check
> Task :spring-context-support:build
> Task :spring-messaging:compileTestKotlin UP-TO-DATE
> Task :spring-messaging:compileTestJava UP-TO-DATE
> Task :spring-messaging:testClasses UP-TO-DATE
> Task :spring-messaging:compileJmhKotlin NO-SOURCE
> Task :spring-messaging:compileJmhJava UP-TO-DATE
> Task :spring-messaging:jmhClasses UP-TO-DATE
> Task :spring-messaging:checkstyleJmh UP-TO-DATE
> Task :spring-messaging:checkstyleMain UP-TO-DATE
> Task :spring-messaging:checkstyleTest UP-TO-DATE
> Task :spring-messaging:testFixturesClasses UP-TO-DATE
> Task :spring-messaging:checkstyleTestFixtures NO-SOURCE
> Task :spring-messaging:check
> Task :spring-messaging:build
> Task :spring-jms:compileTestJava UP-TO-DATE
> Task :spring-jms:testClasses
> Task :spring-jms:compileJmhJava NO-SOURCE
> Task :spring-jms:jmhClasses UP-TO-DATE
> Task :spring-jms:checkstyleJmh NO-SOURCE
> Task :spring-jms:checkstyleMain UP-TO-DATE
> Task :spring-jms:checkstyleTest UP-TO-DATE
> Task :spring-jms:testFixturesClasses UP-TO-DATE
> Task :spring-jms:checkstyleTestFixtures NO-SOURCE
> Task :spring-jms:check
> Task :spring-jms:build
> Task :spring-web:compileKotlin
> Task :spring-web:compileJava
> Task :spring-web:classes
> Task :spring-web:jar
> Task :spring-web:compileTestFixturesKotlin NO-SOURCE
> Task :spring-orm:compileJava UP-TO-DATE
> Task :spring-aspects:compileJava SKIPPED
> Task :spring-orm:classes
> Task :spring-orm:jar UP-TO-DATE
> Task :spring-orm:assemble UP-TO-DATE
> Task :spring-orm:compileTestFixturesJava NO-SOURCE
> Task :spring-webmvc:compileKotlin UP-TO-DATE
> Task :spring-aspects:compileAspectj UP-TO-DATE
> Task :spring-aspects:classes
> Task :spring-aspects:jar UP-TO-DATE
> Task :spring-aspects:assemble UP-TO-DATE
> Task :spring-aspects:compileTestFixturesJava SKIPPED
> Task :spring-aspects:compileTestFixturesAspectj NO-SOURCE
> Task :spring-aspects:checkstyleMain UP-TO-DATE
> Task :spring-aspects:testFixturesClasses UP-TO-DATE
> Task :spring-aspects:checkstyleTestFixtures NO-SOURCE
> Task :spring-orm:testFixturesClasses UP-TO-DATE
> Task :spring-orm:checkstyleTestFixtures NO-SOURCE
> Task :spring-webflux:compileKotlin UP-TO-DATE
> Task :spring-webflux:compileJava UP-TO-DATE
> Task :spring-webflux:classes
> Task :spring-webflux:jar UP-TO-DATE
> Task :spring-webflux:assemble UP-TO-DATE
> Task :spring-webflux:compileTestFixturesKotlin NO-SOURCE
> Task :spring-webflux:compileTestFixturesJava NO-SOURCE
> Task :spring-webmvc:compileJava UP-TO-DATE
> Task :spring-webmvc:classes
> Task :spring-webmvc:jar UP-TO-DATE
> Task :spring-webmvc:assemble UP-TO-DATE
> Task :spring-webmvc:compileTestFixturesKotlin NO-SOURCE
> Task :spring-webmvc:compileTestFixturesJava NO-SOURCE
> Task :spring-web:compileTestFixturesJava UP-TO-DATE
> Task :spring-web:assemble
> Task :framework-docs:compileKotlin UP-TO-DATE
> Task :spring-orm:compileTestJava UP-TO-DATE
> Task :spring-orm:testClasses
> Task :spring-orm:compileJmhJava NO-SOURCE
> Task :spring-orm:jmhClasses UP-TO-DATE
> Task :spring-orm:checkstyleJmh NO-SOURCE
> Task :framework-docs:compileJava UP-TO-DATE
> Task :framework-docs:classes UP-TO-DATE
> Task :framework-docs:jar SKIPPED
> Task :framework-docs:assemble UP-TO-DATE
> Task :framework-docs:build
> Task :spring-websocket:compileJava UP-TO-DATE
> Task :spring-websocket:classes
> Task :spring-websocket:jar UP-TO-DATE
> Task :spring-websocket:assemble UP-TO-DATE
> Task :spring-websocket:compileTestFixturesJava NO-SOURCE
> Task :spring-webflux:compileTestKotlin UP-TO-DATE
> Task :spring-websocket:compileTestJava UP-TO-DATE
> Task :spring-websocket:testClasses
> Task :spring-websocket:compileJmhJava NO-SOURCE
> Task :spring-websocket:jmhClasses UP-TO-DATE
> Task :spring-websocket:checkstyleJmh NO-SOURCE
> Task :spring-webmvc:compileTestKotlin UP-TO-DATE
> Task :spring-websocket:testFixturesClasses UP-TO-DATE
> Task :spring-webflux:compileTestJava UP-TO-DATE
> Task :spring-websocket:checkstyleTestFixtures NO-SOURCE
> Task :spring-webflux:testClasses
> Task :spring-webflux:compileJmhKotlin NO-SOURCE
> Task :spring-webflux:compileJmhJava NO-SOURCE
> Task :spring-webflux:jmhClasses UP-TO-DATE
> Task :spring-webflux:checkstyleJmh NO-SOURCE
> Task :spring-web:testFixturesClasses
> Task :spring-webmvc:compileTestJava UP-TO-DATE
> Task :spring-webflux:testFixturesClasses UP-TO-DATE
> Task :spring-webflux:checkstyleTestFixtures NO-SOURCE
> Task :spring-webmvc:testClasses
> Task :spring-webmvc:compileJmhKotlin NO-SOURCE
> Task :spring-webmvc:compileJmhJava NO-SOURCE
> Task :spring-webmvc:jmhClasses UP-TO-DATE
> Task :spring-webmvc:checkstyleJmh NO-SOURCE
> Task :spring-web:compileTestKotlin
> Task :spring-orm:checkstyleMain
> Task :spring-webmvc:testFixturesClasses UP-TO-DATE
> Task :spring-webmvc:checkstyleTestFixtures NO-SOURCE
> Task :spring-test:compileKotlin UP-TO-DATE
> Task :spring-test:compileJava UP-TO-DATE
> Task :spring-test:classes
> Task :spring-test:jar UP-TO-DATE
> Task :spring-orm:checkstyleTest
> Task :spring-aspects:compileTestJava SKIPPED
> Task :spring-aspects:compileTestAspectj UP-TO-DATE
> Task :spring-aspects:testClasses
> Task :spring-aspects:compileJmhJava SKIPPED
> Task :spring-aspects:compileJmhAspectj NO-SOURCE
> Task :spring-aspects:jmhClasses UP-TO-DATE
> Task :spring-aspects:checkstyleJmh NO-SOURCE
> Task :spring-aspects:checkstyleTest UP-TO-DATE
> Task :spring-aspects:check
> Task :spring-aspects:build
> Task :spring-orm:check
> Task :spring-orm:build
> Task :spring-test:assemble UP-TO-DATE
> Task :spring-test:compileTestFixturesKotlin NO-SOURCE
> Task :spring-test:compileTestFixturesJava NO-SOURCE
> Task :integration-tests:compileTestKotlin UP-TO-DATE
> Task :integration-tests:compileTestJava UP-TO-DATE
> Task :integration-tests:testClasses
> Task :spring-websocket:checkstyleTest
> Task :spring-webflux:checkstyleMain
> Task :spring-webmvc:checkstyleMain
> Task :integration-tests:checkstyleTest
> Task :spring-test:compileTestKotlin
> Task :spring-websocket:checkstyleMain
> Task :spring-web:checkstyleMain
> Task :spring-webflux:checkstyleTest
> Task :spring-web:checkstyleTestFixtures
> Task :spring-webmvc:checkstyleTest
> Task :spring-web:compileTestJava
> Task :spring-websocket:check
> Task :spring-websocket:build
> Task :spring-web:testClasses
> Task :spring-web:compileJmhKotlin NO-SOURCE
> Task :spring-webflux:check
> Task :spring-webflux:build
> Task :integration-tests:runtimeHintsTest
> Task :integration-tests:check
> Task :integration-tests:build
> Task :spring-web:compileJmhJava UP-TO-DATE
> Task :spring-web:jmhClasses UP-TO-DATE
> Task :spring-web:checkstyleJmh
> Task :spring-test:compileTestJava
> Task :spring-test:testClasses
> Task :spring-test:compileJmhKotlin NO-SOURCE
> Task :spring-test:compileJmhJava NO-SOURCE
> Task :spring-test:jmhClasses UP-TO-DATE
> Task :spring-test:checkstyleJmh NO-SOURCE
> Task :spring-test:testFixturesClasses UP-TO-DATE
> Task :spring-test:checkstyleTestFixtures NO-SOURCE
> Task :spring-test:checkstyleMain
> Task :framework-api:javadoc
> Task :spring-web:checkstyleTest
> Task :spring-webmvc:check
> Task :spring-webmvc:build
warning: URL https://docs.jboss.org/hibernate/orm/5.6/javadocs/element-list was redirected to https://docs.hibernate.org/orm/5.6/javadocs/element-list -- Update the command-line options to suppress this warning.

> Task :framework-api:javadoc

> Task :spring-web:check
> Task :spring-web:build
> Task :spring-test:checkstyleTest
> Task :spring-test:check
> Task :spring-test:build

> Task :framework-api:javadoc
warning: URL https://eclipse.dev/aspectj/doc/released/aspectj5rt-api/element-list was redirected to https://www.eclipse.org/errors/404.html -- Update the command-line options to suppress this warning.
warning: URL https://hc.apache.org/httpcomponents-client-5.4.x/current/httpclient5/apidocs/package-list was redirected to https://hc.apache.org/httpcomponents-client-5.6.x/current/httpclient5/apidocs/package-list -- Update the command-line options to suppress this warning.
error: warnings found and -Werror specified
1 error
3 warnings

> Task :framework-api:javadocJar UP-TO-DATE
> Task :framework-api:assemble UP-TO-DATE
> Task :framework-api:build UP-TO-DATE

BUILD SUCCESSFUL in 3m 28s
251 actionable tasks: 80 executed, 171 up-to-date
--- Build complete for b5c89c9 ---