--- Building Spring Framework for 7460be6 ---
--- Worktree mode: skipping git checkout ---
gradle-cache-spring
gradle-wrapper-spring
--- Compiling with Gradle (build -x test) ---

Welcome to Gradle 8.11.1!

Here are the highlights of this release:
 - Parallel load and store for Configuration Cache
 - Java compilation errors at the end of the build output
 - Consolidated report for warnings and deprecations

For more details see https://docs.gradle.org/8.11.1/release-notes.html

To honour the JVM settings for this build a single-use Daemon process will be forked. For more on this, please refer to https://docs.gradle.org/8.11.1/userguide/gradle_daemon.html#sec:disabling_the_daemon in the Gradle documentation.
Daemon will be stopped at the end of the build 
> Task :buildSrc:compileJava
> Task :buildSrc:compileGroovy NO-SOURCE
> Task :buildSrc:pluginDescriptors UP-TO-DATE
> Task :buildSrc:processResources UP-TO-DATE
> Task :buildSrc:classes
> Task :buildSrc:jar

> Configure project :integration-tests
Invalid Java installation found at '/home/gradle/.gradle/.tmp/jdks/bellsoft-jdk177520411503599147481.tmp' (provisioned toolchain) auto-detected auto-provisioned. It will be re-checked in the next build. This might have performance impact if it keeps failing. Run the 'javaToolchains' task for more details.
Invalid Java installation found at '/home/gradle/.gradle/.tmp/jdks/OpenJDK21U-jdk_x64_linux_hotspot_214380148423768752530.tmp' (provisioned toolchain) auto-detected auto-provisioned. It will be re-checked in the next build. This might have performance impact if it keeps failing. Run the 'javaToolchains' task for more details.

> Task :spring-jdbc:checkKotlinGradlePluginConfigurationErrors
> Task :spring-tx:checkKotlinGradlePluginConfigurationErrors
> Task :spring-context:checkKotlinGradlePluginConfigurationErrors
> Task :spring-aop:checkKotlinGradlePluginConfigurationErrors
> Task :spring-core:checkKotlinGradlePluginConfigurationErrors
> Task :spring-expression:checkKotlinGradlePluginConfigurationErrors
> Task :spring-beans:checkKotlinGradlePluginConfigurationErrors
> Task :spring-web:checkKotlinGradlePluginConfigurationErrors
> Task :spring-core-test:processResources NO-SOURCE
> Task :spring-expression:processResources NO-SOURCE
> Task :spring-aspects:processResources
> Task :spring-context-support:processResources
> Task :spring-messaging:checkKotlinGradlePluginConfigurationErrors
> Task :spring-aop:processResources
> Task :spring-beans:processResources
> Task :spring-r2dbc:checkKotlinGradlePluginConfigurationErrors
> Task :spring-context:processResources
> Task :spring-messaging:processResources
> Task :spring-test:checkKotlinGradlePluginConfigurationErrors
> Task :compileJava NO-SOURCE
> Task :spring-context-indexer:compileJava UP-TO-DATE
> Task :spring-instrument:compileJava UP-TO-DATE
> Task :spring-webflux:checkKotlinGradlePluginConfigurationErrors
> Task :spring-webmvc:checkKotlinGradlePluginConfigurationErrors
> Task :spring-jdbc:processResources
> Task :spring-instrument:processResources NO-SOURCE
> Task :spring-instrument:classes UP-TO-DATE
> Task :processResources NO-SOURCE
> Task :spring-r2dbc:processResources
> Task :classes UP-TO-DATE
> Task :spring-jms:processResources
> Task :spring-orm:processResources
> Task :spring-test:processResources
> Task :spring-context-indexer:processResources
> Task :framework-api:check UP-TO-DATE
> Task :spring-context-indexer:classes
> Task :framework-bom:assemble UP-TO-DATE
> Task :framework-bom:check UP-TO-DATE
> Task :spring-tx:processResources
> Task :framework-bom:build UP-TO-DATE
> Task :spring-webflux:processResources
> Task :framework-platform:assemble UP-TO-DATE
> Task :framework-platform:check UP-TO-DATE
> Task :jar
> Task :framework-platform:build UP-TO-DATE
> Task :assemble
> Task :integration-tests:checkKotlinGradlePluginConfigurationErrors
> Task :framework-docs:checkKotlinGradlePluginConfigurationErrors
> Task :spring-websocket:processResources
> Task :spring-aop:processTestFixturesResources NO-SOURCE
> Task :checkstyleMain NO-SOURCE
> Task :spring-web:processResources
> Task :spring-webmvc:processResources
> Task :framework-docs:processResources NO-SOURCE
> Task :framework-docs:check
> Task :integration-tests:compileKotlin NO-SOURCE
> Task :spring-tx:processTestFixturesResources NO-SOURCE
> Task :compileTestFixturesJava NO-SOURCE
> Task :spring-beans:processTestFixturesResources
> Task :integration-tests:compileJava NO-SOURCE
> Task :compileTestJava NO-SOURCE
> Task :spring-aspects:processTestResources
> Task :processTestResources NO-SOURCE
> Task :integration-tests:processResources NO-SOURCE
> Task :integration-tests:classes UP-TO-DATE
> Task :spring-aspects:processJmhResources NO-SOURCE
> Task :spring-aspects:processTestFixturesResources NO-SOURCE
> Task :testClasses UP-TO-DATE
> Task :checkstyleTest NO-SOURCE
> Task :processTestFixturesResources NO-SOURCE
> Task :testFixturesClasses UP-TO-DATE
> Task :checkstyleTestFixtures NO-SOURCE
> Task :check
> Task :build
> Task :spring-context-support:processTestResources
> Task :spring-aop:processTestResources
> Task :spring-context-support:processJmhResources NO-SOURCE
> Task :spring-expression:processTestResources UP-TO-DATE
> Task :spring-aop:processJmhResources NO-SOURCE
> Task :spring-context-support:processTestFixturesResources NO-SOURCE
> Task :spring-expression:processJmhResources NO-SOURCE
> Task :spring-expression:processTestFixturesResources NO-SOURCE
> Task :integration-tests:jar
> Task :integration-tests:assemble
> Task :integration-tests:checkstyleMain NO-SOURCE
> Task :integration-tests:compileTestFixturesKotlin NO-SOURCE
> Task :integration-tests:compileTestFixturesJava NO-SOURCE
> Task :spring-jms:processTestResources
> Task :spring-jms:processJmhResources NO-SOURCE
> Task :spring-jms:processTestFixturesResources NO-SOURCE
> Task :integration-tests:processTestResources
> Task :spring-beans:processTestResources
> Task :integration-tests:processTestFixturesResources NO-SOURCE
> Task :integration-tests:testFixturesClasses UP-TO-DATE
> Task :integration-tests:checkstyleTestFixtures NO-SOURCE
> Task :spring-core-test:processTestResources UP-TO-DATE
> Task :spring-beans:processJmhResources
> Task :spring-messaging:processTestResources UP-TO-DATE
> Task :integration-tests:testFixturesJar
> Task :spring-core-test:processJmhResources NO-SOURCE
> Task :spring-messaging:processJmhResources NO-SOURCE
> Task :spring-core-test:processTestFixturesResources NO-SOURCE
> Task :spring-messaging:processTestFixturesResources NO-SOURCE
> Task :spring-orm:processTestResources
> Task :spring-orm:processJmhResources NO-SOURCE
> Task :spring-orm:processTestFixturesResources NO-SOURCE
> Task :spring-jdbc:processTestResources
> Task :spring-r2dbc:processTestResources
> Task :spring-r2dbc:processJmhResources NO-SOURCE
> Task :spring-jdbc:processJmhResources NO-SOURCE
> Task :spring-tx:processTestResources
> Task :spring-r2dbc:processTestFixturesResources NO-SOURCE
> Task :spring-tx:processJmhResources NO-SOURCE
> Task :spring-jdbc:processTestFixturesResources NO-SOURCE
> Task :spring-websocket:processTestResources
> Task :spring-web:processTestResources
> Task :spring-web:processJmhResources NO-SOURCE
> Task :spring-websocket:processJmhResources NO-SOURCE
> Task :spring-websocket:processTestFixturesResources NO-SOURCE
> Task :spring-web:processTestFixturesResources
> Task :spring-webflux:processTestResources
> Task :spring-webflux:processJmhResources NO-SOURCE
> Task :spring-webflux:processTestFixturesResources NO-SOURCE
> Task :spring-test:processTestResources
> Task :spring-oxm:processJmhResources NO-SOURCE
> Task :spring-oxm:processTestFixturesResources NO-SOURCE
> Task :spring-test:processJmhResources NO-SOURCE
> Task :spring-test:processTestFixturesResources NO-SOURCE
> Task :spring-webmvc:processTestResources
> Task :spring-webmvc:processJmhResources NO-SOURCE
> Task :spring-webmvc:processTestFixturesResources NO-SOURCE
> Task :spring-context:processTestResources
> Task :spring-context:processJmhResources NO-SOURCE
> Task :spring-context:processTestFixturesResources NO-SOURCE
> Task :spring-context-indexer:jar
> Task :spring-context-indexer:assemble
> Task :spring-context-indexer:compileTestFixturesJava NO-SOURCE
> Task :spring-instrument:jar
> Task :spring-instrument:assemble
> Task :spring-context-indexer:processTestResources NO-SOURCE
> Task :spring-context-indexer:processJmhResources NO-SOURCE
> Task :spring-instrument:compileTestFixturesJava NO-SOURCE
> Task :spring-instrument:compileTestJava NO-SOURCE
> Task :spring-instrument:processTestResources NO-SOURCE
> Task :spring-core:javapoetRepackJar
> Task :spring-instrument:testClasses UP-TO-DATE
> Task :spring-instrument:compileJmhJava NO-SOURCE
> Task :spring-instrument:processJmhResources NO-SOURCE
> Task :spring-instrument:jmhClasses UP-TO-DATE
> Task :spring-instrument:checkstyleJmh NO-SOURCE
> Task :spring-context-indexer:checkstyleMain UP-TO-DATE
> Task :spring-context-indexer:processTestFixturesResources NO-SOURCE
> Task :spring-context-indexer:testFixturesClasses UP-TO-DATE
> Task :spring-context-indexer:checkstyleTestFixtures NO-SOURCE
> Task :spring-instrument:checkstyleMain UP-TO-DATE
> Task :spring-instrument:checkstyleTest NO-SOURCE
> Task :spring-instrument:processTestFixturesResources NO-SOURCE
> Task :spring-instrument:testFixturesClasses UP-TO-DATE
> Task :spring-instrument:checkstyleTestFixtures NO-SOURCE
> Task :spring-instrument:check
> Task :spring-instrument:build
> Task :spring-core:objenesisRepackJar
> Task :spring-core:processResources
> Task :spring-core:processJava21Resources NO-SOURCE
> Task :spring-core:processTestFixturesResources NO-SOURCE
> Task :spring-core:processJava21TestResources NO-SOURCE
> Task :spring-core:processTestResources
> Task :spring-core:processJmhResources NO-SOURCE

> Task :spring-oxm:xjc
org/springframework/oxm/jaxb/test/FlightType.java
org/springframework/oxm/jaxb/test/Flights.java
org/springframework/oxm/jaxb/test/ObjectFactory.java
org/springframework/oxm/jaxb/test/package-info.java

> Task :spring-oxm:processResources
> Task :spring-oxm:processTestResources
> Task :spring-jcl:compileJava
> Task :spring-jcl:processResources
> Task :spring-jcl:classes
> Task :spring-jcl:jar
> Task :spring-jcl:assemble
> Task :spring-jcl:compileTestFixturesJava NO-SOURCE
> Task :spring-jcl:compileTestJava NO-SOURCE
> Task :spring-jcl:processTestResources NO-SOURCE
> Task :spring-jcl:testClasses UP-TO-DATE
> Task :spring-jcl:compileJmhJava NO-SOURCE
> Task :spring-jcl:processJmhResources NO-SOURCE
> Task :spring-jcl:jmhClasses UP-TO-DATE
> Task :spring-jcl:checkstyleJmh NO-SOURCE
> Task :spring-jcl:checkstyleTest NO-SOURCE
> Task :spring-jcl:processTestFixturesResources NO-SOURCE
> Task :spring-jcl:testFixturesClasses UP-TO-DATE
> Task :spring-jcl:checkstyleTestFixtures NO-SOURCE
> Task :spring-jcl:checkstyleMain
> Task :spring-jcl:check
> Task :spring-jcl:build
> Task :spring-core:compileKotlin
> Task :spring-core:compileJava
> Task :spring-core:classes
> Task :spring-core:compileJava21Kotlin NO-SOURCE
> Task :spring-expression:compileKotlin NO-SOURCE
> Task :spring-core-test:compileJava UP-TO-DATE
> Task :spring-core-test:classes UP-TO-DATE
> Task :spring-core:compileJava21Java UP-TO-DATE
> Task :spring-core:java21Classes UP-TO-DATE
> Task :spring-core-test:jar
> Task :spring-core-test:assemble
> Task :spring-core-test:compileTestFixturesJava NO-SOURCE
> Task :spring-expression:compileJava
> Task :spring-expression:classes
> Task :spring-expression:jar
> Task :spring-expression:assemble
> Task :spring-expression:compileTestFixturesKotlin NO-SOURCE
> Task :spring-expression:compileTestFixturesJava NO-SOURCE
> Task :spring-core-test:compileTestJava UP-TO-DATE
> Task :spring-core-test:testClasses UP-TO-DATE
> Task :spring-core-test:compileJmhJava NO-SOURCE
> Task :spring-core-test:jmhClasses UP-TO-DATE
> Task :spring-core-test:checkstyleJmh NO-SOURCE
> Task :spring-expression:testFixturesClasses UP-TO-DATE
> Task :spring-expression:checkstyleTestFixtures NO-SOURCE
> Task :spring-core:jar
> Task :spring-core:compileTestFixturesKotlin NO-SOURCE
> Task :spring-core-test:testFixturesClasses UP-TO-DATE
> Task :spring-core-test:checkstyleTestFixtures NO-SOURCE
> Task :spring-core:compileTestFixturesJava
> Task :spring-core:testFixturesClasses
> Task :spring-core:testFixturesJar
> Task :spring-core:assemble
> Task :spring-core:compileJava21TestKotlin NO-SOURCE
> Task :spring-core:compileJava21TestJava UP-TO-DATE
> Task :spring-core:java21TestClasses UP-TO-DATE
> Task :spring-beans:compileKotlin
> Task :spring-expression:compileTestKotlin
> Task :spring-expression:compileTestJava UP-TO-DATE
> Task :spring-expression:testClasses UP-TO-DATE
> Task :spring-expression:compileJmhKotlin NO-SOURCE
> Task :spring-expression:compileJmhJava UP-TO-DATE
> Task :spring-expression:jmhClasses UP-TO-DATE
> Task :spring-expression:checkstyleMain
> Task :spring-beans:compileJava
> Task :spring-beans:classes
> Task :spring-aop:compileKotlin NO-SOURCE
> Task :spring-beans:jar
> Task :spring-core:checkstyleJava21
> Task :spring-beans:assemble
> Task :spring-oxm:compileJava
> Task :spring-oxm:classes
> Task :spring-oxm:jar
> Task :spring-oxm:assemble
> Task :spring-oxm:compileTestFixturesJava NO-SOURCE
> Task :spring-beans:compileTestFixturesKotlin
> Task :spring-core-test:checkstyleMain
> Task :spring-oxm:testFixturesClasses UP-TO-DATE
> Task :spring-oxm:checkstyleTestFixtures NO-SOURCE
> Task :spring-core-test:checkstyleTest
> Task :spring-core-test:check
> Task :spring-core-test:build
> Task :spring-core:checkstyleJava21Test
> Task :spring-beans:compileTestFixturesJava
> Task :spring-beans:testFixturesClasses
> Task :spring-beans:testFixturesJar
> Task :spring-core:checkstyleTestFixtures
> Task :spring-beans:checkstyleTestFixtures
> Task :spring-expression:checkstyleJmh
> Task :spring-aop:compileJava
> Task :spring-aop:classes
> Task :spring-aop:jar
> Task :spring-aop:compileTestFixturesKotlin NO-SOURCE
> Task :spring-aop:compileTestFixturesJava UP-TO-DATE
> Task :spring-aop:testFixturesClasses UP-TO-DATE
> Task :spring-aop:testFixturesJar
> Task :spring-aop:assemble
> Task :spring-aop:checkstyleTestFixtures
> Task :spring-aop:compileTestKotlin
> Task :spring-oxm:checkstyleMain
> Task :spring-aop:compileTestJava
> Task :spring-aop:testClasses
> Task :spring-aop:compileJmhKotlin NO-SOURCE
> Task :spring-aop:compileJmhJava NO-SOURCE
> Task :spring-aop:jmhClasses UP-TO-DATE
> Task :spring-aop:checkstyleJmh NO-SOURCE
> Task :spring-beans:compileTestKotlin
> Task :spring-beans:checkstyleMain
> Task :spring-core:compileTestKotlin
> Task :spring-expression:checkstyleTest
> Task :spring-expression:check
> Task :spring-expression:build
> Task :spring-core:checkstyleMain
> Task :spring-aop:checkstyleMain
> Task :spring-aop:checkstyleTest
> Task :spring-aop:check
> Task :spring-aop:build
> Task :spring-context:compileKotlin
> Task :spring-core:compileTestJava
> Task :spring-core:testClasses
> Task :spring-core:compileJmhKotlin NO-SOURCE
> Task :spring-core:compileJmhJava
> Task :spring-core:jmhClasses
> Task :spring-core:checkstyleJmh
> Task :spring-context:compileJava
> Task :spring-context:classes
> Task :spring-context:jar
> Task :spring-context:compileTestFixturesKotlin NO-SOURCE
> Task :spring-oxm:compileTestJava UP-TO-DATE
> Task :spring-oxm:testClasses
> Task :spring-oxm:compileJmhJava NO-SOURCE
> Task :spring-oxm:jmhClasses UP-TO-DATE
> Task :spring-oxm:checkstyleJmh NO-SOURCE
> Task :spring-context-indexer:compileTestJava UP-TO-DATE
> Task :spring-context-indexer:testClasses UP-TO-DATE
> Task :spring-context-indexer:compileJmhJava NO-SOURCE
> Task :spring-context-indexer:jmhClasses UP-TO-DATE
> Task :spring-context-indexer:checkstyleJmh NO-SOURCE
> Task :spring-web:compileKotlin FROM-CACHE
> Task :spring-web:compileJava FROM-CACHE
> Task :spring-web:classes
> Task :spring-context-indexer:checkstyleTest
> Task :spring-context-indexer:check
> Task :spring-context-indexer:build

> Task :spring-beans:compileTestJava
Note: Some input files use or override a deprecated API.

> Task :spring-tx:compileKotlin
> Task :spring-context:compileTestFixturesJava
> Task :spring-context:assemble
> Task :spring-web:jar
> Task :spring-web:compileTestFixturesKotlin NO-SOURCE
> Task :spring-oxm:checkstyleTest
> Task :spring-oxm:check
> Task :spring-oxm:build

> Task :spring-beans:compileTestJava
Note: Recompile with -Xlint:deprecation for details.
Note: Some input files use unchecked or unsafe operations.
Note: Recompile with -Xlint:unchecked for details.

> Task :spring-beans:testClasses
> Task :spring-context:testFixturesClasses
> Task :spring-context:testFixturesJar
> Task :spring-messaging:compileKotlin
> Task :spring-tx:compileJava
> Task :spring-tx:classes
> Task :spring-tx:jar
> Task :spring-tx:compileTestFixturesKotlin NO-SOURCE
> Task :spring-tx:compileTestFixturesJava
> Task :spring-tx:testFixturesClasses
> Task :spring-tx:testFixturesJar
> Task :spring-tx:assemble
> Task :spring-beans:compileJmhKotlin
> Task :spring-context:checkstyleTestFixtures
> Task :spring-beans:compileJmhJava
> Task :spring-beans:jmhClasses
> Task :spring-r2dbc:compileKotlin
> Task :spring-web:compileTestFixturesJava
> Task :spring-jdbc:compileKotlin
> Task :spring-beans:checkstyleJmh
> Task :spring-web:assemble
> Task :spring-tx:checkstyleTestFixtures
> Task :spring-web:compileTestKotlin FROM-CACHE
> Task :spring-r2dbc:compileJava
> Task :spring-r2dbc:classes
> Task :spring-r2dbc:jar
> Task :spring-r2dbc:assemble
> Task :spring-r2dbc:compileTestFixturesKotlin NO-SOURCE
> Task :spring-r2dbc:compileTestFixturesJava NO-SOURCE
> Task :spring-web:compileTestJava FROM-CACHE
> Task :spring-r2dbc:testFixturesClasses UP-TO-DATE
> Task :spring-r2dbc:checkstyleTestFixtures NO-SOURCE
> Task :spring-web:testClasses
> Task :spring-web:compileJmhKotlin NO-SOURCE
> Task :spring-core:checkstyleTest
> Task :spring-web:compileJmhJava FROM-CACHE
> Task :spring-web:jmhClasses UP-TO-DATE
> Task :spring-jdbc:compileJava
> Task :spring-messaging:compileJava
> Task :spring-jdbc:classes
> Task :spring-jdbc:jar
> Task :spring-tx:checkstyleMain
> Task :spring-messaging:classes
> Task :spring-jms:compileJava
> Task :spring-jms:classes
> Task :spring-messaging:jar
> Task :spring-jdbc:assemble
> Task :spring-jdbc:compileTestFixturesKotlin NO-SOURCE
> Task :spring-jdbc:compileTestFixturesJava NO-SOURCE
> Task :spring-context-support:compileJava
> Task :spring-context-support:classes
> Task :spring-jms:jar
> Task :spring-context-support:jar
> Task :spring-orm:compileJava
> Task :spring-aspects:compileJava SKIPPED
> Task :spring-web:checkstyleJmh
> Task :spring-orm:classes
> Task :spring-orm:jar
> Task :spring-r2dbc:compileTestKotlin
> Task :spring-context-support:compileTestFixturesJava
> Task :spring-context-support:assemble
> Task :spring-r2dbc:checkstyleMain
> Task :spring-jdbc:testFixturesClasses UP-TO-DATE
> Task :spring-beans:checkstyleTest
> Task :spring-beans:check
> Task :spring-beans:build
> Task :spring-jms:assemble
> Task :spring-jdbc:checkstyleTestFixtures NO-SOURCE
> Task :spring-messaging:assemble
> Task :spring-jms:compileTestFixturesJava NO-SOURCE
> Task :spring-messaging:compileTestFixturesKotlin NO-SOURCE
> Task :spring-messaging:compileTestFixturesJava NO-SOURCE
> Task :spring-tx:compileTestKotlin
> Task :spring-orm:assemble
> Task :spring-orm:compileTestFixturesJava NO-SOURCE
> Task :spring-orm:compileTestJava
> Task :spring-context-support:compileTestJava
> Task :spring-context-support:testClasses
> Task :spring-context-support:compileJmhJava NO-SOURCE
> Task :spring-context-support:jmhClasses UP-TO-DATE
> Task :spring-context-support:checkstyleJmh NO-SOURCE
> Task :spring-jdbc:compileTestKotlin
> Task :spring-context:compileTestKotlin
> Task :spring-core:java21Test
> Task :spring-webmvc:compileKotlin
> Task :spring-aspects:compileAspectj
> Task :spring-aspects:classes
> Task :spring-aspects:jar
> Task :spring-aspects:assemble
> Task :spring-aspects:compileTestFixturesJava SKIPPED
> Task :spring-aspects:compileTestFixturesAspectj NO-SOURCE
> Task :spring-jms:compileTestJava
> Task :spring-context-support:testFixturesClasses
> Task :spring-context-support:checkstyleTest
> Task :spring-aspects:testFixturesClasses UP-TO-DATE
> Task :spring-aspects:checkstyleTestFixtures NO-SOURCE
> Task :spring-aspects:checkstyleMain
> Task :spring-jms:testClasses
> Task :spring-context-support:checkstyleTestFixtures
> Task :spring-messaging:testFixturesClasses UP-TO-DATE
> Task :spring-jms:compileJmhJava NO-SOURCE
> Task :spring-jms:jmhClasses UP-TO-DATE
> Task :spring-jms:checkstyleJmh NO-SOURCE
> Task :spring-messaging:checkstyleTestFixtures NO-SOURCE
> Task :spring-orm:testClasses
> Task :spring-orm:compileJmhJava NO-SOURCE
> Task :spring-orm:jmhClasses UP-TO-DATE
> Task :spring-orm:checkstyleJmh NO-SOURCE
> Task :spring-context-support:checkstyleMain
> Task :spring-context-support:check
> Task :spring-context-support:build
> Task :spring-jdbc:checkstyleMain
> Task :spring-jms:testFixturesClasses UP-TO-DATE
> Task :spring-jms:checkstyleTestFixtures NO-SOURCE
> Task :spring-jdbc:compileTestJava
> Task :spring-jdbc:testClasses
> Task :spring-jdbc:compileJmhKotlin NO-SOURCE
> Task :spring-jdbc:compileJmhJava NO-SOURCE
> Task :spring-jdbc:jmhClasses UP-TO-DATE
> Task :spring-jdbc:checkstyleJmh NO-SOURCE
> Task :spring-jms:checkstyleTest
> Task :spring-orm:testFixturesClasses UP-TO-DATE
> Task :spring-orm:checkstyleTestFixtures NO-SOURCE
> Task :spring-orm:checkstyleTest
> Task :spring-context:checkstyleMain
> Task :spring-jms:checkstyleMain
> Task :spring-jms:check
> Task :spring-jms:build
> Task :spring-orm:checkstyleMain
> Task :spring-orm:check
> Task :spring-orm:build
> Task :spring-web:testFixturesClasses
> Task :spring-webflux:compileKotlin
> Task :spring-messaging:compileTestKotlin
> Task :spring-messaging:checkstyleMain
> Task :spring-webmvc:compileJava
> Task :spring-webmvc:classes
> Task :spring-webmvc:jar
> Task :spring-webmvc:assemble
> Task :spring-webmvc:compileTestFixturesKotlin NO-SOURCE
> Task :spring-webmvc:compileTestFixturesJava NO-SOURCE
> Task :spring-web:checkstyleTestFixtures
> Task :spring-jdbc:checkstyleTest
> Task :spring-jdbc:check
> Task :spring-jdbc:build
> Task :spring-webmvc:testFixturesClasses UP-TO-DATE
> Task :spring-webmvc:checkstyleTestFixtures NO-SOURCE
> Task :spring-webflux:compileJava
> Task :spring-webflux:classes
> Task :spring-context:compileTestJava
> Task :spring-webflux:jar
> Task :spring-webflux:assemble
> Task :spring-webflux:compileTestFixturesKotlin NO-SOURCE
> Task :spring-webflux:compileTestFixturesJava NO-SOURCE
> Task :framework-docs:compileKotlin
> Task :spring-webmvc:compileTestKotlin
> Task :framework-docs:compileJava
> Task :framework-docs:classes
> Task :framework-docs:jar SKIPPED
> Task :framework-docs:assemble UP-TO-DATE
> Task :framework-docs:build
> Task :spring-webflux:testFixturesClasses UP-TO-DATE
> Task :spring-webflux:checkstyleTestFixtures NO-SOURCE
> Task :spring-r2dbc:compileTestJava
> Task :spring-tx:compileTestJava
> Task :spring-web:checkstyleMain
> Task :spring-web:checkstyleTest
> Task :spring-websocket:compileJava

> Task :spring-webmvc:compileTestJava
/home/gradle/.gradle/caches/modules-2/files-2.1/org.apache.groovy/groovy-templates/4.0.24/5dd5db2585048581fdf96023253e596c381d161c/groovy-templates-4.0.24.jar(/groovy/text/TemplateEngine.class): warning: Cannot find annotation method 'value()' in type 'SuppressFBWarnings': class file for edu.umd.cs.findbugs.annotations.SuppressFBWarnings not found
/home/gradle/.gradle/caches/modules-2/files-2.1/org.apache.groovy/groovy-templates/4.0.24/5dd5db2585048581fdf96023253e596c381d161c/groovy-templates-4.0.24.jar(/groovy/text/TemplateEngine.class): warning: Cannot find annotation method 'justification()' in type 'SuppressFBWarnings'

> Task :spring-websocket:classes
> Task :spring-websocket:jar
> Task :spring-tx:testClasses
> Task :spring-tx:compileJmhKotlin NO-SOURCE
> Task :spring-tx:compileJmhJava NO-SOURCE
> Task :spring-tx:jmhClasses UP-TO-DATE
> Task :spring-tx:checkstyleJmh NO-SOURCE
> Task :spring-messaging:compileTestJava
> Task :spring-websocket:assemble
> Task :spring-websocket:compileTestFixturesJava NO-SOURCE
> Task :spring-core:check
> Task :spring-core:build
> Task :spring-tx:checkstyleTest
> Task :spring-tx:check
> Task :spring-tx:build
> Task :spring-webmvc:checkstyleMain
> Task :spring-webflux:checkstyleMain
> Task :spring-test:compileKotlin
> Task :spring-messaging:testClasses
> Task :spring-messaging:compileJmhKotlin NO-SOURCE
> Task :spring-websocket:compileTestJava
> Task :spring-websocket:testClasses
> Task :spring-websocket:compileJmhJava NO-SOURCE
> Task :spring-websocket:jmhClasses UP-TO-DATE
> Task :spring-websocket:checkstyleJmh NO-SOURCE
> Task :spring-websocket:testFixturesClasses UP-TO-DATE
> Task :spring-websocket:checkstyleTestFixtures NO-SOURCE
> Task :spring-messaging:compileJmhJava
> Task :spring-messaging:jmhClasses
> Task :spring-messaging:checkstyleJmh
> Task :spring-websocket:checkstyleTest

> Task :spring-context:compileTestJava
Note: Some input files use unchecked or unsafe operations.
Note: Recompile with -Xlint:unchecked for details.

> Task :spring-web:check
> Task :spring-web:build
> Task :spring-websocket:checkstyleMain
> Task :spring-websocket:check
> Task :spring-websocket:build
> Task :spring-context:testClasses
> Task :spring-context:compileJmhKotlin NO-SOURCE
> Task :spring-messaging:checkstyleTest
> Task :spring-messaging:check
> Task :spring-messaging:build
> Task :spring-context:compileJmhJava
> Task :spring-context:jmhClasses
> Task :spring-test:compileJava
> Task :spring-test:classes
> Task :spring-aspects:compileTestJava SKIPPED
> Task :spring-test:jar
> Task :spring-test:assemble
> Task :spring-test:compileTestFixturesKotlin NO-SOURCE
> Task :spring-test:compileTestFixturesJava NO-SOURCE
> Task :spring-context:checkstyleJmh
> Task :spring-webflux:compileTestKotlin
> Task :spring-test:testFixturesClasses UP-TO-DATE
> Task :spring-test:checkstyleTestFixtures NO-SOURCE

> Task :spring-webmvc:compileTestJava
Note: Some input files use or override a deprecated API.
Note: Recompile with -Xlint:deprecation for details.
2 warnings

> Task :integration-tests:compileTestKotlin
> Task :integration-tests:compileTestJava UP-TO-DATE
> Task :integration-tests:testClasses
> Task :spring-webmvc:testClasses
> Task :spring-webmvc:compileJmhKotlin NO-SOURCE
> Task :spring-webmvc:compileJmhJava NO-SOURCE
> Task :spring-webmvc:jmhClasses UP-TO-DATE
> Task :spring-webmvc:checkstyleJmh NO-SOURCE
> Task :integration-tests:checkstyleTest
> Task :spring-test:compileTestKotlin
> Task :integration-tests:runtimeHintsTest
> Task :integration-tests:check
> Task :integration-tests:build
> Task :spring-aspects:compileTestAspectj
> Task :spring-aspects:testClasses
> Task :spring-aspects:compileJmhJava SKIPPED
> Task :spring-aspects:compileJmhAspectj NO-SOURCE
> Task :spring-aspects:jmhClasses UP-TO-DATE
> Task :spring-aspects:checkstyleJmh NO-SOURCE
> Task :spring-aspects:checkstyleTest
> Task :spring-aspects:check
> Task :spring-aspects:build
> Task :spring-context:checkstyleTest
> Task :spring-test:checkstyleMain
> Task :spring-webmvc:checkstyleTest
> Task :spring-webmvc:check
> Task :spring-webmvc:build
> Task :spring-context:runtimeHintsTest
> Task :spring-context:check
> Task :spring-context:build
> Task :spring-test:compileTestJava
> Task :spring-test:testClasses
> Task :spring-test:compileJmhKotlin NO-SOURCE
> Task :spring-test:compileJmhJava NO-SOURCE
> Task :spring-test:jmhClasses UP-TO-DATE
> Task :spring-test:checkstyleJmh NO-SOURCE
> Task :spring-webflux:compileTestJava
> Task :spring-webflux:testClasses
> Task :spring-webflux:compileJmhKotlin NO-SOURCE
> Task :spring-webflux:compileJmhJava NO-SOURCE
> Task :spring-webflux:jmhClasses UP-TO-DATE
> Task :spring-webflux:checkstyleJmh NO-SOURCE

> Task :framework-api:javadoc
warning: URL https://docs.jboss.org/hibernate/orm/5.6/javadocs/element-list was redirected to https://docs.hibernate.org/orm/5.6/javadocs/element-list -- Update the command-line options to suppress this warning.
warning: URL https://eclipse.dev/aspectj/doc/released/aspectj5rt-api/element-list was redirected to https://www.eclipse.org/errors/404.html -- Update the command-line options to suppress this warning.
warning: URL https://hc.apache.org/httpcomponents-client-5.4.x/current/httpclient5/apidocs/package-list was redirected to https://hc.apache.org/httpcomponents-client-5.6.x/current/httpclient5/apidocs/package-list -- Update the command-line options to suppress this warning.

> Task :spring-webflux:checkstyleTest
> Task :spring-webflux:check
> Task :spring-webflux:build
> Task :spring-test:checkstyleTest
> Task :spring-test:check
> Task :spring-test:build

> Task :framework-api:javadoc
error: warnings found and -Werror specified
1 error
3 warnings

> Task :framework-api:javadocJar
> Task :framework-api:assemble
> Task :framework-api:build
> Task :spring-r2dbc:testClasses
> Task :spring-r2dbc:compileJmhKotlin NO-SOURCE
> Task :spring-r2dbc:compileJmhJava NO-SOURCE
> Task :spring-r2dbc:jmhClasses UP-TO-DATE
> Task :spring-r2dbc:checkstyleJmh NO-SOURCE
> Task :spring-r2dbc:checkstyleTest
> Task :spring-r2dbc:check
> Task :spring-r2dbc:build
[Incubating] Problems report is available at: file:///repo/build/reports/problems/problems-report.html

BUILD SUCCESSFUL in 4m 53s
251 actionable tasks: 227 executed, 5 from cache, 19 up-to-date
--- Build complete for 7460be6 ---