2026-04-29 03:03:13,267 - backport - INFO - Row 232 [graylog]: extracting original.patch
2026-04-29 03:03:13,278 - backport - INFO - Row 232: 11 total hunks, 4 after filtering (test/non-Java removed)
2026-04-29 03:03:13,280 - backport - INFO - Row 232 [graylog]: extracting developer.patch
2026-04-29 03:03:13,371 - backport - INFO - Row 232: detected 1 test target(s) from developer.patch
2026-04-29 03:03:13,690 - backport - INFO - Row 232: starting PortGPT backport agent
2026-04-29 03:03:16,379 - backport - WARNING - Row 232: could not apply developer non-source changes — Cmd('git') failed due to: exit code(128)
  cmdline: git apply /tmp/tmps56lesh0.patch
  stderr: 'error: corrupt patch at line 86'
2026-04-29 03:03:16,382 - backport - INFO - Row 232: running build/test validation via helpers/
2026-04-29 03:03:16,384 - backport - INFO -   Running build for graylog (helper: graylog2-server)
2026-04-29 03:09:51,441 - backport - INFO -   Running 1 test target(s) for graylog
2026-04-29 03:10:13,645 - backport - INFO - Row 232: SUCCESS (direct)
2026-04-29 03:42:40,240 - backport - INFO - Row 232 [graylog]: extracting original.patch
2026-04-29 03:42:40,249 - backport - INFO - Row 232: 11 total hunks, 4 after filtering (test/non-Java removed)
2026-04-29 03:42:40,251 - backport - INFO - Row 232 [graylog]: extracting developer.patch
2026-04-29 03:42:40,309 - backport - INFO - Row 232: detected 1 test target(s) from developer.patch
2026-04-29 03:42:40,714 - backport - INFO - Row 232: starting PortGPT backport agent
2026-04-29 03:42:43,503 - backport - WARNING - Row 232: could not apply developer non-source changes — Cmd('git') failed due to: exit code(128)
  cmdline: git apply /tmp/tmp8zgwmrwh.patch
  stderr: 'error: corrupt patch at line 86'
2026-04-29 03:42:43,505 - backport - INFO - Row 232: running build/test validation via helpers/
2026-04-29 03:42:43,506 - backport - INFO -   Running build for graylog (helper: graylog2-server)
2026-04-29 03:52:33,482 - backport - INFO -   Running 1 test target(s) for graylog
2026-04-29 03:52:55,906 - backport - INFO - Row 232: SUCCESS (direct)
