--- Building code for 8789b7c --- (WORKTREE_MODE=1)
--- Changing directory to /home/hasangaranasinghe/patch-backporting/my_java_dataset/repos/graylog ---
--- Building Docker image... ---
#0 building with "default" instance using docker driver

#1 [internal] load build definition from Dockerfile
#1 transferring dockerfile: 2.04kB done
#1 DONE 0.0s

#2 [internal] load metadata for docker.io/library/eclipse-temurin:21-jdk
#2 DONE 0.4s

#3 [internal] load .dockerignore
#3 transferring context: 2B done
#3 DONE 0.0s

#4 [ 1/10] FROM docker.io/library/eclipse-temurin:21-jdk@sha256:e58e492628c1428ceb838afc1a1b8762673d5eaa09296f560c363daea0fdcf3b
#4 resolve docker.io/library/eclipse-temurin:21-jdk@sha256:e58e492628c1428ceb838afc1a1b8762673d5eaa09296f560c363daea0fdcf3b 0.0s done
#4 DONE 0.0s

#5 [ 3/10] RUN curl -fsSL -o /tmp/docker.tgz https://download.docker.com/linux/static/stable/x86_64/docker-27.4.0.tgz     && tar -xzf /tmp/docker.tgz -C /tmp     && mv /tmp/docker/docker /usr/bin/docker     && rm -rf /tmp/docker /tmp/docker.tgz     && groupadd -g 999 docker || true
#5 CACHED

#6 [ 4/10] RUN mkdir -p /usr/share/maven /usr/share/maven/ref     && curl -fsSL -o /tmp/apache-maven.tar.gz https://archive.apache.org/dist/maven/maven-3/3.9.9/binaries/apache-maven-3.9.9-bin.tar.gz     && tar -xzf /tmp/apache-maven.tar.gz -C /usr/share/maven --strip-components=1     && rm -f /tmp/apache-maven.tar.gz     && ln -s /usr/share/maven/bin/mvn /usr/bin/mvn
#6 CACHED

#7 [ 6/10] RUN apt-get install -y nodejs
#7 CACHED

#8 [ 7/10] RUN npm install -g yarn
#8 CACHED

#9 [ 5/10] RUN curl -sL https://deb.nodesource.com/setup_18.x | bash -
#9 CACHED

#10 [ 8/10] WORKDIR /repo
#10 CACHED

#11 [ 9/10] RUN git config --global --add safe.directory /repo
#11 CACHED

#12 [ 2/10] RUN apt-get update && apt-get install -y --no-install-recommends     build-essential     curl     git     git-lfs     && rm -rf /var/lib/apt/lists/*
#12 CACHED

#13 [10/10] RUN git lfs install --system
#13 CACHED

#14 exporting to image
#14 exporting layers 0.0s done
#14 exporting manifest sha256:01a1dcb6259434f2c107c0c1f86669a484166a3557e038d3e6de16fd06ac34b4
#14 exporting manifest sha256:01a1dcb6259434f2c107c0c1f86669a484166a3557e038d3e6de16fd06ac34b4 done
#14 exporting config sha256:3bd9d559ce669db8c9da90500a3662a8a4fe46258c4215592e1a0b21ad665d68 done
#14 exporting attestation manifest sha256:94fddac49c7a16f04c776296da40c149fd8648fd4586341fe11b2b0b429b582c 0.0s done
#14 exporting manifest list sha256:3b1b3aaef5bf36a7bd2ce9ce75ef0ca5605bbf87e6ee34a82da12840f5518d03 0.0s done
#14 naming to docker.io/library/retrofit-graylog2-server-builder:b3d39b0e done
#14 unpacking to docker.io/library/retrofit-graylog2-server-builder:b3d39b0e 0.0s done
#14 DONE 0.2s
--- Running Maven Build... ---
maven-repo
[INFO] Scanning for projects...
[INFO] ------------------------------------------------------------------------
[INFO] Reactor Build Order:
[INFO] 
[INFO] Graylog Parent POM                                                 [pom]
[INFO] Graylog Project Parent POM                                         [pom]
[INFO] Graylog                                                            [jar]
[INFO] Graylog Plugin Parent POM                                          [pom]
[INFO] graylog-storage-elasticsearch7                                     [jar]
[INFO] graylog-storage-opensearch2                                        [jar]
[INFO] DataNode                                                           [jar]
[INFO] full-backend-tests                                                 [jar]
[INFO] Graylog Plugin with Web support Parent POM                         [pom]
[INFO] graylog-plugin-archetype                               [maven-archetype]
[INFO] Graylog Binary Distribution Tarball                                [jar]
[INFO] 
[INFO] Using the MultiThreadedBuilder implementation with a thread count of 12
[INFO] 
[INFO] ---------------------< org.graylog:graylog-parent >---------------------
[INFO] Building Graylog Parent POM 6.0.15-SNAPSHOT                       [1/11]
[INFO]   from pom.xml
[INFO] --------------------------------[ pom ]---------------------------------
[INFO] 
[INFO] --- clean:3.3.2:clean (default-clean) @ graylog-parent ---
[INFO] Deleting /repo/target
[INFO] 
[INFO] --- enforcer:3.5.0:enforce (enforce-versions) @ graylog-parent ---
[INFO] Skipping Rule Enforcement.
[INFO] 
[INFO] --- forbiddenapis:3.7:check (forbidden-apis-src) @ graylog-parent ---
[INFO] Skipping forbidden-apis checks.
[INFO] 
[INFO] --- forbiddenapis:3.7:testCheck (forbidden-apis-test) @ graylog-parent ---
[INFO] Skipping forbidden-apis checks.
[INFO] 
[INFO] --- failsafe:3.2.5:integration-test (default) @ graylog-parent ---
[INFO] Tests are skipped.
[INFO] 
[INFO] --- failsafe:3.2.5:verify (default) @ graylog-parent ---
[INFO] Tests are skipped.
[INFO] 
[INFO] --- license:4.3:check (default) @ graylog-parent ---
[INFO] Checking licenses...
[INFO] 
[INFO] --- install:3.1.1:install (default-install) @ graylog-parent ---
[INFO] Installing /repo/pom.xml to /root/.m2/repository/org/graylog/graylog-parent/6.0.15-SNAPSHOT/graylog-parent-6.0.15-SNAPSHOT.pom
[INFO] 
[INFO] -----------------< org.graylog:graylog-project-parent >-----------------
[INFO] Building Graylog Project Parent POM 6.0.15-SNAPSHOT               [2/11]
[INFO]   from graylog-project-parent/pom.xml
[INFO] --------------------------------[ pom ]---------------------------------
[INFO] 
[INFO] --- clean:3.3.2:clean (default-clean) @ graylog-project-parent ---
[INFO] Deleting /repo/graylog-project-parent/target
[INFO] 
[INFO] --- enforcer:3.5.0:enforce (enforce-versions) @ graylog-project-parent ---
[INFO] Skipping Rule Enforcement.
[INFO] 
[INFO] --- forbiddenapis:3.7:check (forbidden-apis-src) @ graylog-project-parent ---
[INFO] Skipping forbidden-apis checks.
[INFO] 
[INFO] --- forbiddenapis:3.7:testCheck (forbidden-apis-test) @ graylog-project-parent ---
[INFO] Skipping forbidden-apis checks.
[INFO] 
[INFO] --- failsafe:3.2.5:integration-test (default) @ graylog-project-parent ---
[INFO] Tests are skipped.
[INFO] 
[INFO] --- failsafe:3.2.5:verify (default) @ graylog-project-parent ---
[INFO] Tests are skipped.
[INFO] 
[INFO] --- license:4.3:check (default) @ graylog-project-parent ---
[INFO] Checking licenses...
[INFO] 
[INFO] --- install:3.1.1:install (default-install) @ graylog-project-parent ---
[INFO] Installing /repo/graylog-project-parent/pom.xml to /root/.m2/repository/org/graylog/graylog-project-parent/6.0.15-SNAPSHOT/graylog-project-parent-6.0.15-SNAPSHOT.pom
[INFO] 
[INFO] --------------------< org.graylog2:graylog2-server >--------------------
[INFO] Building Graylog 6.0.15-SNAPSHOT                                  [3/11]
[INFO]   from graylog2-server/pom.xml
[INFO] 
[INFO] --------------------------------[ jar ]---------------------------------
[INFO] ----------------< org.graylog:graylog-plugin-archetype >----------------
[INFO] Building graylog-plugin-archetype 6.0.15-SNAPSHOT                 [4/11]
[INFO]   from graylog-plugin-archetype/pom.xml
[INFO] --------------------------[ maven-archetype ]---------------------------
[WARNING] *****************************************************************
[WARNING] * Your build is requesting parallel execution, but this         *
[WARNING] * project contains the following plugin(s) that have goals not  *
[WARNING] * marked as thread-safe to support parallel execution.          *
[WARNING] * While this /may/ work fine, please look for plugin updates    *
[WARNING] * and/or request plugins be made thread-safe.                   *
[WARNING] * If reporting an issue, report it against the plugin in        *
[WARNING] * question, not against Apache Maven.                           *
[WARNING] *****************************************************************
[WARNING] The following plugins are not marked as thread-safe in graylog-plugin-archetype:
[WARNING]   org.apache.maven.plugins:maven-archetype-plugin:3.2.1
[WARNING] 
[WARNING] Enable debug to see precisely which goals are not marked as thread-safe.
[WARNING] *****************************************************************
[INFO] 
[INFO] --- clean:3.3.2:clean (default-clean) @ graylog-plugin-archetype ---
[INFO] Deleting /repo/graylog-plugin-archetype/target
[INFO] 
[INFO] --- enforcer:3.5.0:enforce (enforce-versions) @ graylog-plugin-archetype ---
[INFO] Skipping Rule Enforcement.
[INFO] 
[INFO] --- resources:3.3.1:resources (default-resources) @ graylog-plugin-archetype ---
[INFO] Copying 17 resources from src/main/resources to target/classes
[INFO] 
[INFO] --- forbiddenapis:3.7:check (forbidden-apis-src) @ graylog-plugin-archetype ---
[INFO] Skipping forbidden-apis checks.
[INFO] 
[INFO] --- resources:3.3.1:testResources (default-testResources) @ graylog-plugin-archetype ---
[INFO] skip non existing resourceDirectory /repo/graylog-plugin-archetype/src/test/resources
[INFO] 
[INFO] --- forbiddenapis:3.7:testCheck (forbidden-apis-test) @ graylog-plugin-archetype ---
[INFO] Skipping forbidden-apis checks.
[INFO] 
[INFO] --- archetype:3.2.1:jar (default-jar) @ graylog-plugin-archetype ---
[INFO] Building archetype jar: /repo/graylog-plugin-archetype/target/graylog-plugin-archetype-6.0.15-SNAPSHOT.jar
[INFO] Building jar: /repo/graylog-plugin-archetype/target/graylog-plugin-archetype-6.0.15-SNAPSHOT.jar
[INFO] 
[INFO] --- archetype:3.2.1:integration-test (default-integration-test) @ graylog-plugin-archetype ---
[WARNING] No Archetype IT projects: root 'projects' directory not found.
[INFO] 
[INFO] --- failsafe:3.2.5:integration-test (default) @ graylog-plugin-archetype ---
[INFO] Tests are skipped.
[INFO] 
[INFO] --- failsafe:3.2.5:verify (default) @ graylog-plugin-archetype ---
[INFO] Tests are skipped.
[INFO] 
[INFO] --- license:4.3:check (default) @ graylog-plugin-archetype ---
[INFO] Checking licenses...
[INFO] 
[INFO] --- install:3.1.1:install (default-install) @ graylog-plugin-archetype ---
[INFO] Installing /repo/graylog-plugin-archetype/pom.xml to /root/.m2/repository/org/graylog/graylog-plugin-archetype/6.0.15-SNAPSHOT/graylog-plugin-archetype-6.0.15-SNAPSHOT.pom
[INFO] Installing /repo/graylog-plugin-archetype/target/graylog-plugin-archetype-6.0.15-SNAPSHOT.jar to /root/.m2/repository/org/graylog/graylog-plugin-archetype/6.0.15-SNAPSHOT/graylog-plugin-archetype-6.0.15-SNAPSHOT.jar
[INFO] 
[INFO] --- archetype:3.2.1:update-local-catalog (default-update-local-catalog) @ graylog-plugin-archetype ---
[INFO] 
[INFO] --- clean:3.3.2:clean (default-clean) @ graylog2-server ---
[INFO] Deleting /repo/graylog2-server/target
[INFO] Deleting /repo/graylog2-web-interface (includes = [target/**/*, node_modules/**/*], excludes = [])
[INFO] 
[INFO] --- enforcer:3.5.0:enforce (enforce-versions) @ graylog2-server ---
[INFO] Skipping Rule Enforcement.
[INFO] 
[INFO] --- buildnumber:3.2.0:create (default) @ graylog2-server ---
[INFO] Executing: /bin/sh -c cd '/repo/graylog2-server' && 'git' 'rev-parse' '--verify' 'HEAD'
[INFO] Working directory: /repo/graylog2-server
[INFO] Storing buildNumber: 8789b7cb58efc05a5f9cab7868745484c6139949 at timestamp: 1777444206229
[INFO] Executing: /bin/sh -c cd '/repo/graylog2-server' && 'git' 'symbolic-ref' 'HEAD'
[INFO] Working directory: /repo/graylog2-server
[WARNING] Cannot get the branch information from the git repository: 
Detecting the current branch failed: fatal: ref HEAD is not a symbolic ref

[INFO] Executing: /bin/sh -c cd '/repo/graylog2-server' && 'git' 'rev-parse' '--verify' 'HEAD'
[INFO] Working directory: /repo/graylog2-server
[INFO] Storing scmBranch: UNKNOWN
[INFO] 
[INFO] --- antlr4:4.13.1:antlr4 (antlr) @ graylog2-server ---
[INFO] ANTLR 4: Processing source directory /repo/graylog2-server/src/main/antlr4
[INFO] Processing grammar: org/graylog/plugins/pipelineprocessor/parser/RuleLang.g4
[INFO] 
[INFO] --- build-helper:3.5.0:parse-version (parse-version) @ graylog2-server ---
[INFO] 
[INFO] --- frontend:1.15.0:install-node-and-yarn (install node and yarn) @ graylog2-server ---
[INFO] Node v20.17.0 was installed, but we need version v18.18.0
[INFO] Installing node version v18.18.0
[INFO] Unpacking /root/.m2/repository/com/github/eirslett/node/18.18.0/node-18.18.0-linux-x64.tar.gz into /repo/graylog2-web-interface/node/tmp
[INFO] Copying node binary from /repo/graylog2-web-interface/node/tmp/node-v18.18.0-linux-x64/bin/node to /repo/graylog2-web-interface/node/node
[INFO] Installed node locally.
[INFO] Yarn 1.22.22 was installed, but we need version v1.22.19
[INFO] Installing Yarn version v1.22.19
[INFO] Unpacking /root/.m2/repository/com/github/eirslett/yarn/1.22.19/yarn-1.22.19.tar.gz into /repo/graylog2-web-interface/node/yarn
[INFO] Installed Yarn locally.
[INFO] 
[INFO] --- resources:3.3.1:resources (default-resources) @ graylog2-server ---
[INFO] skip non existing resourceDirectory /repo/graylog2-web-interface/target/web/build
[INFO] skip non existing resourceDirectory /repo/graylog2-web-interface/target/preflight/build
[INFO] Copying 124 resources from src/main/resources to target/classes
[INFO] Copying 3 resources from src/main/resources to target/classes
[INFO] The encoding used to copy filtered properties files have not been set. This means that the same encoding will be used to copy filtered properties files as when copying other filtered resources. This might not be what you want! Run your build with --debug to see which files might be affected. Read more at https://maven.apache.org/plugins/maven-resources-plugin/examples/filtering-properties-files.html
[INFO] 
[INFO] --- compiler:3.13.0:compile (default-compile) @ graylog2-server ---
[WARNING]  Parameter 'forceJavacCompilerUse' (user property 'maven.compiler.forceJavacCompilerUse') is deprecated: Use forceLegacyJavacApi instead
[INFO] Compiling 3465 source files with javac [debug deprecation release 17] to target/classes
[INFO] -------------------------------------------------------------
[WARNING] COMPILATION WARNING : 
[INFO] -------------------------------------------------------------
[WARNING] /repo/graylog2-server/src/main/java/org/graylog/scheduler/DBJobTriggerService.java:[44,20] [deprecation] DBQuery in org.mongojack has been deprecated
[WARNING] /repo/graylog2-server/src/main/java/org/graylog2/plugin/Message.java:[71,32] [deprecation] GraylogSchemaFields in org.graylog.schema has been deprecated
[WARNING] /repo/graylog2-server/src/main/java/org/graylog2/plugin/Message.java:[72,32] [deprecation] GraylogSchemaFields in org.graylog.schema has been deprecated
[WARNING] /repo/graylog2-server/src/main/java/org/graylog2/plugin/Message.java:[73,32] [deprecation] GraylogSchemaFields in org.graylog.schema has been deprecated
[WARNING] /repo/graylog2-server/src/main/java/org/graylog2/plugin/Message.java:[74,32] [deprecation] GraylogSchemaFields in org.graylog.schema has been deprecated
[WARNING] /repo/graylog2-server/src/main/java/org/graylog2/plugin/Message.java:[75,32] [deprecation] GraylogSchemaFields in org.graylog.schema has been deprecated
[WARNING] /repo/graylog2-server/src/main/java/org/graylog2/plugin/Message.java:[76,32] [deprecation] GraylogSchemaFields in org.graylog.schema has been deprecated
[WARNING] /repo/graylog2-server/src/main/java/org/graylog2/plugin/Message.java:[77,32] [deprecation] GraylogSchemaFields in org.graylog.schema has been deprecated
[WARNING] /repo/graylog2-server/src/main/java/org/graylog2/plugin/Message.java:[78,32] [deprecation] GraylogSchemaFields in org.graylog.schema has been deprecated
[WARNING] /repo/graylog2-server/src/main/java/org/graylog2/plugin/Message.java:[79,32] [deprecation] GraylogSchemaFields in org.graylog.schema has been deprecated
[WARNING] /repo/graylog2-server/src/main/java/org/graylog2/plugin/Message.java:[80,32] [deprecation] GraylogSchemaFields in org.graylog.schema has been deprecated
[WARNING] /repo/graylog2-server/src/main/java/org/graylog2/plugin/Message.java:[81,32] [deprecation] GraylogSchemaFields in org.graylog.schema has been deprecated
[WARNING] /repo/graylog2-server/src/main/java/org/graylog2/users/RoleServiceImpl.java:[50,27] [deprecation] DBQuery in org.mongojack has been deprecated
[WARNING] /repo/graylog2-server/src/main/java/org/graylog2/users/RoleServiceImpl.java:[51,27] [deprecation] DBQuery in org.mongojack has been deprecated
[WARNING] /repo/graylog2-server/src/main/java/org/graylog/plugins/views/migrations/V20191125144500_MigrateDashboardsToViewsSupport/AggregationWidget.java:[111,32] [AutoValueBuilderSetterNullable] Setter methods always return the Builder so @Nullable is not appropriate
[WARNING] /repo/graylog2-server/src/main/java/org/graylog/plugins/views/search/QueryResult.java:[98,32] [AutoValueBuilderSetterNullable] Setter methods always return the Builder so @Nullable is not appropriate
[WARNING] /repo/graylog2-server/src/main/java/org/graylog/plugins/views/search/engine/suggestions/SuggestionRequest.java:[61,48] [AutoValueBuilderInBuilder] Static builder() method should be in the containing class
[WARNING] /repo/graylog2-server/src/main/java/org/graylog/plugins/views/search/rest/ValidationMessageDTO.java:[73,32] [AutoValueBuilderSetterNullable] Setter methods always return the Builder so @Nullable is not appropriate
[WARNING] /repo/graylog2-server/src/main/java/org/graylog/plugins/views/search/rest/ValidationMessageDTO.java:[76,32] [AutoValueBuilderSetterNullable] Setter methods always return the Builder so @Nullable is not appropriate
[WARNING] /repo/graylog2-server/src/main/java/org/graylog/plugins/views/search/rest/ValidationMessageDTO.java:[79,32] [AutoValueBuilderSetterNullable] Setter methods always return the Builder so @Nullable is not appropriate
[WARNING] /repo/graylog2-server/src/main/java/org/graylog/plugins/views/search/rest/ValidationMessageDTO.java:[82,32] [AutoValueBuilderSetterNullable] Setter methods always return the Builder so @Nullable is not appropriate
[WARNING] /repo/graylog2-server/src/main/java/org/graylog/plugins/views/search/rest/ValidationMessageDTO.java:[87,32] [AutoValueBuilderSetterNullable] Setter methods always return the Builder so @Nullable is not appropriate
[WARNING] /repo/graylog2-server/src/main/java/org/graylog/plugins/views/search/validation/ValidationRequest.java:[98,30] [AutoValueBuilderInBuilder] Static builder() method should be in the containing class
[WARNING] /repo/graylog2-server/src/main/java/org/graylog/plugins/views/search/views/ViewStateDTO.java:[93,32] [AutoValueBuilderSetterNullable] Setter methods always return the Builder so @Nullable is not appropriate
[WARNING] /repo/graylog2-server/src/main/java/org/graylog/plugins/views/search/views/ViewStateDTO.java:[97,32] [AutoValueBuilderSetterNullable] Setter methods always return the Builder so @Nullable is not appropriate
[WARNING] /repo/graylog2-server/src/main/java/org/graylog/plugins/views/search/views/widgets/aggregation/SeriesConfigDTO.java:[45,32] [AutoValueBuilderSetterNullable] Setter methods always return the Builder so @Nullable is not appropriate
[WARNING] /repo/graylog2-server/src/main/java/org/graylog/plugins/views/search/views/widgets/messagelist/MessageListConfigDTO.java:[72,32] [AutoValueBuilderSetterNullable] Setter methods always return the Builder so @Nullable is not appropriate
[WARNING] /repo/graylog2-server/src/main/java/org/graylog2/contentpacks/model/ContentPackInstallation.java:[79,25] [AutoValueBuilderSetterNullable] Setter methods always return the Builder so @Nullable is not appropriate
[WARNING] /repo/graylog2-server/src/main/java/org/graylog2/contentpacks/model/entities/ViewStateEntity.java:[87,32] [AutoValueBuilderSetterNullable] Setter methods always return the Builder so @Nullable is not appropriate
[WARNING] /repo/graylog2-server/src/main/java/org/graylog2/contentpacks/model/entities/ViewStateEntity.java:[91,32] [AutoValueBuilderSetterNullable] Setter methods always return the Builder so @Nullable is not appropriate
[WARNING] /repo/graylog2-server/src/main/java/org/graylog2/lookup/adapters/dnslookup/ADnsAnswer.java:[79,43] [AutoValueBuilderSetterNullable] Setter methods always return the Builder so @Nullable is not appropriate
[WARNING] /repo/graylog2-server/src/main/java/org/graylog2/rest/resources/entities/EntityAttribute.java:[89,30] [AutoValueBuilderInBuilder] Static builder() method should be in the containing class
[WARNING] /repo/graylog2-server/src/main/java/org/graylog2/rest/resources/entities/EntityDefaults.java:[39,30] [AutoValueBuilderInBuilder] Static builder() method should be in the containing class
[WARNING] /repo/graylog2-server/src/main/java/org/graylog/scheduler/DBJobTriggerService.java:[44,20] [deprecation] DBQuery in org.mongojack has been deprecated
[WARNING] /repo/graylog2-server/src/main/java/org/graylog2/plugin/Message.java:[71,32] [deprecation] GraylogSchemaFields in org.graylog.schema has been deprecated
[WARNING] /repo/graylog2-server/src/main/java/org/graylog2/plugin/Message.java:[72,32] [deprecation] GraylogSchemaFields in org.graylog.schema has been deprecated
[WARNING] /repo/graylog2-server/src/main/java/org/graylog2/plugin/Message.java:[73,32] [deprecation] GraylogSchemaFields in org.graylog.schema has been deprecated
[WARNING] /repo/graylog2-server/src/main/java/org/graylog2/plugin/Message.java:[74,32] [deprecation] GraylogSchemaFields in org.graylog.schema has been deprecated
[WARNING] /repo/graylog2-server/src/main/java/org/graylog2/plugin/Message.java:[75,32] [deprecation] GraylogSchemaFields in org.graylog.schema has been deprecated
[WARNING] /repo/graylog2-server/src/main/java/org/graylog2/plugin/Message.java:[76,32] [deprecation] GraylogSchemaFields in org.graylog.schema has been deprecated
[WARNING] /repo/graylog2-server/src/main/java/org/graylog2/plugin/Message.java:[77,32] [deprecation] GraylogSchemaFields in org.graylog.schema has been deprecated
[WARNING] /repo/graylog2-server/src/main/java/org/graylog2/plugin/Message.java:[78,32] [deprecation] GraylogSchemaFields in org.graylog.schema has been deprecated
[WARNING] /repo/graylog2-server/src/main/java/org/graylog2/plugin/Message.java:[79,32] [deprecation] GraylogSchemaFields in org.graylog.schema has been deprecated
[WARNING] /repo/graylog2-server/src/main/java/org/graylog2/plugin/Message.java:[80,32] [deprecation] GraylogSchemaFields in org.graylog.schema has been deprecated
[WARNING] /repo/graylog2-server/src/main/java/org/graylog2/plugin/Message.java:[81,32] [deprecation] GraylogSchemaFields in org.graylog.schema has been deprecated
[WARNING] /repo/graylog2-server/src/main/java/org/graylog2/users/RoleServiceImpl.java:[50,27] [deprecation] DBQuery in org.mongojack has been deprecated
[WARNING] /repo/graylog2-server/src/main/java/org/graylog2/users/RoleServiceImpl.java:[51,27] [deprecation] DBQuery in org.mongojack has been deprecated
[WARNING] /repo/graylog2-server/src/main/java/org/graylog/scheduler/DBJobTriggerService.java:[44,20] [deprecation] DBQuery in org.mongojack has been deprecated
[WARNING] /repo/graylog2-server/src/main/java/org/graylog2/plugin/Message.java:[71,32] [deprecation] GraylogSchemaFields in org.graylog.schema has been deprecated
[WARNING] /repo/graylog2-server/src/main/java/org/graylog2/plugin/Message.java:[72,32] [deprecation] GraylogSchemaFields in org.graylog.schema has been deprecated
[WARNING] /repo/graylog2-server/src/main/java/org/graylog2/plugin/Message.java:[73,32] [deprecation] GraylogSchemaFields in org.graylog.schema has been deprecated
[WARNING] /repo/graylog2-server/src/main/java/org/graylog2/plugin/Message.java:[74,32] [deprecation] GraylogSchemaFields in org.graylog.schema has been deprecated
[WARNING] /repo/graylog2-server/src/main/java/org/graylog2/plugin/Message.java:[75,32] [deprecation] GraylogSchemaFields in org.graylog.schema has been deprecated
[WARNING] /repo/graylog2-server/src/main/java/org/graylog2/plugin/Message.java:[76,32] [deprecation] GraylogSchemaFields in org.graylog.schema has been deprecated
[WARNING] /repo/graylog2-server/src/main/java/org/graylog2/plugin/Message.java:[77,32] [deprecation] GraylogSchemaFields in org.graylog.schema has been deprecated
[WARNING] /repo/graylog2-server/src/main/java/org/graylog2/plugin/Message.java:[78,32] [deprecation] GraylogSchemaFields in org.graylog.schema has been deprecated
[WARNING] /repo/graylog2-server/src/main/java/org/graylog2/plugin/Message.java:[79,32] [deprecation] GraylogSchemaFields in org.graylog.schema has been deprecated
[WARNING] /repo/graylog2-server/src/main/java/org/graylog2/plugin/Message.java:[80,32] [deprecation] GraylogSchemaFields in org.graylog.schema has been deprecated
[WARNING] /repo/graylog2-server/src/main/java/org/graylog2/plugin/Message.java:[81,32] [deprecation] GraylogSchemaFields in org.graylog.schema has been deprecated
[WARNING] /repo/graylog2-server/src/main/java/org/graylog2/users/RoleServiceImpl.java:[50,27] [deprecation] DBQuery in org.mongojack has been deprecated
[WARNING] /repo/graylog2-server/src/main/java/org/graylog2/users/RoleServiceImpl.java:[51,27] [deprecation] DBQuery in org.mongojack has been deprecated
[WARNING] /repo/graylog2-server/src/main/java/org/graylog/scheduler/DBJobTriggerService.java:[44,20] [deprecation] DBQuery in org.mongojack has been deprecated
[WARNING] /repo/graylog2-server/src/main/java/org/graylog2/plugin/Message.java:[71,32] [deprecation] GraylogSchemaFields in org.graylog.schema has been deprecated
[WARNING] /repo/graylog2-server/src/main/java/org/graylog2/plugin/Message.java:[72,32] [deprecation] GraylogSchemaFields in org.graylog.schema has been deprecated
[WARNING] /repo/graylog2-server/src/main/java/org/graylog2/plugin/Message.java:[73,32] [deprecation] GraylogSchemaFields in org.graylog.schema has been deprecated
[WARNING] /repo/graylog2-server/src/main/java/org/graylog2/plugin/Message.java:[74,32] [deprecation] GraylogSchemaFields in org.graylog.schema has been deprecated
[WARNING] /repo/graylog2-server/src/main/java/org/graylog2/plugin/Message.java:[75,32] [deprecation] GraylogSchemaFields in org.graylog.schema has been deprecated
[WARNING] /repo/graylog2-server/src/main/java/org/graylog2/plugin/Message.java:[76,32] [deprecation] GraylogSchemaFields in org.graylog.schema has been deprecated
[WARNING] /repo/graylog2-server/src/main/java/org/graylog2/plugin/Message.java:[77,32] [deprecation] GraylogSchemaFields in org.graylog.schema has been deprecated
[WARNING] /repo/graylog2-server/src/main/java/org/graylog2/plugin/Message.java:[78,32] [deprecation] GraylogSchemaFields in org.graylog.schema has been deprecated
[WARNING] /repo/graylog2-server/src/main/java/org/graylog2/plugin/Message.java:[79,32] [deprecation] GraylogSchemaFields in org.graylog.schema has been deprecated
[WARNING] /repo/graylog2-server/src/main/java/org/graylog2/plugin/Message.java:[80,32] [deprecation] GraylogSchemaFields in org.graylog.schema has been deprecated
[WARNING] /repo/graylog2-server/src/main/java/org/graylog2/plugin/Message.java:[81,32] [deprecation] GraylogSchemaFields in org.graylog.schema has been deprecated
[WARNING] /repo/graylog2-server/src/main/java/org/graylog2/users/RoleServiceImpl.java:[50,27] [deprecation] DBQuery in org.mongojack has been deprecated
[WARNING] /repo/graylog2-server/src/main/java/org/graylog2/users/RoleServiceImpl.java:[51,27] [deprecation] DBQuery in org.mongojack has been deprecated
[WARNING] /repo/graylog2-server/src/main/java/org/graylog2/plugin/BaseConfiguration.java:[48,43] [deprecation] validator() in Parameter has been deprecated
[WARNING] /repo/graylog2-server/src/main/java/org/graylog2/plugin/BaseConfiguration.java:[48,43] [deprecation] validator() in Parameter has been deprecated
[WARNING] /repo/graylog2-server/src/main/java/org/graylog2/plugin/BaseConfiguration.java:[48,43] [deprecation] validator() in Parameter has been deprecated
[WARNING] /repo/graylog2-server/src/main/java/org/graylog2/plugin/BaseConfiguration.java:[48,43] [deprecation] validator() in Parameter has been deprecated
[WARNING] /repo/graylog2-server/src/main/java/org/graylog2/plugin/BaseConfiguration.java:[51,68] [deprecation] validator() in Parameter has been deprecated
[WARNING] /repo/graylog2-server/src/main/java/org/graylog2/plugin/BaseConfiguration.java:[51,68] [deprecation] validator() in Parameter has been deprecated
[WARNING] /repo/graylog2-server/src/main/java/org/graylog2/plugin/BaseConfiguration.java:[51,68] [deprecation] validator() in Parameter has been deprecated
[WARNING] /repo/graylog2-server/src/main/java/org/graylog2/plugin/BaseConfiguration.java:[51,68] [deprecation] validator() in Parameter has been deprecated
[WARNING] /repo/graylog2-server/src/main/java/org/graylog2/plugin/BaseConfiguration.java:[57,53] [deprecation] validator() in Parameter has been deprecated
[WARNING] /repo/graylog2-server/src/main/java/org/graylog2/plugin/BaseConfiguration.java:[57,53] [deprecation] validator() in Parameter has been deprecated
[WARNING] /repo/graylog2-server/src/main/java/org/graylog2/plugin/BaseConfiguration.java:[57,53] [deprecation] validator() in Parameter has been deprecated
[WARNING] /repo/graylog2-server/src/main/java/org/graylog2/plugin/BaseConfiguration.java:[57,53] [deprecation] validator() in Parameter has been deprecated
[WARNING] /repo/graylog2-server/src/main/java/org/graylog2/plugin/BaseConfiguration.java:[60,65] [deprecation] validator() in Parameter has been deprecated
[WARNING] /repo/graylog2-server/src/main/java/org/graylog2/plugin/BaseConfiguration.java:[60,65] [deprecation] validator() in Parameter has been deprecated
[WARNING] /repo/graylog2-server/src/main/java/org/graylog2/plugin/BaseConfiguration.java:[60,65] [deprecation] validator() in Parameter has been deprecated
[WARNING] /repo/graylog2-server/src/main/java/org/graylog2/plugin/BaseConfiguration.java:[60,65] [deprecation] validator() in Parameter has been deprecated
[WARNING] /repo/graylog2-server/src/main/java/org/graylog2/plugin/BaseConfiguration.java:[69,64] [deprecation] validator() in Parameter has been deprecated
[WARNING] /repo/graylog2-server/src/main/java/org/graylog2/plugin/BaseConfiguration.java:[69,64] [deprecation] validator() in Parameter has been deprecated
[WARNING] /repo/graylog2-server/src/main/java/org/graylog2/plugin/BaseConfiguration.java:[69,64] [deprecation] validator() in Parameter has been deprecated
[WARNING] /repo/graylog2-server/src/main/java/org/graylog2/plugin/BaseConfiguration.java:[69,64] [deprecation] validator() in Parameter has been deprecated
[WARNING] /repo/graylog2-server/src/main/java/org/graylog2/plugin/BaseConfiguration.java:[93,47] [deprecation] validator() in Parameter has been deprecated
[WARNING] /repo/graylog2-server/src/main/java/org/graylog2/plugin/BaseConfiguration.java:[93,47] [deprecation] validator() in Parameter has been deprecated
[WARNING] /repo/graylog2-server/src/main/java/org/graylog2/plugin/BaseConfiguration.java:[93,47] [deprecation] validator() in Parameter has been deprecated
[WARNING] /repo/graylog2-server/src/main/java/org/graylog2/plugin/BaseConfiguration.java:[93,47] [deprecation] validator() in Parameter has been deprecated
[WARNING] /repo/graylog2-server/src/main/java/org/graylog2/plugin/BaseConfiguration.java:[96,45] [deprecation] validator() in Parameter has been deprecated
[INFO] 100 warnings 
[INFO] -------------------------------------------------------------
[INFO] -------------------------------------------------------------
[ERROR] COMPILATION ERROR : 
[INFO] -------------------------------------------------------------
[ERROR] /repo/graylog2-server/src/main/java/org/graylog/events/processor/aggregation/PivotAggregationSearch.java:[132,4] error: variable searchNormalization might not have been initialized
[INFO] 1 error
[INFO] -------------------------------------------------------------
[INFO] ------------------------------------------------------------------------
[INFO] Reactor Summary for Graylog Parent POM 6.0.15-SNAPSHOT:
[INFO] 
[INFO] Graylog Parent POM ................................. SUCCESS [  4.565 s]
[INFO] Graylog Project Parent POM ......................... SUCCESS [  0.069 s]
[INFO] Graylog ............................................ FAILURE [ 52.337 s]
[INFO] Graylog Plugin Parent POM .......................... SKIPPED
[INFO] graylog-storage-elasticsearch7 ..................... SKIPPED
[INFO] graylog-storage-opensearch2 ........................ SKIPPED
[INFO] DataNode ........................................... SKIPPED
[INFO] full-backend-tests ................................. SKIPPED
[INFO] Graylog Plugin with Web support Parent POM ......... SKIPPED
[INFO] graylog-plugin-archetype ........................... SUCCESS [  2.172 s]
[INFO] Graylog Binary Distribution Tarball ................ SKIPPED
[INFO] ------------------------------------------------------------------------
[INFO] BUILD FAILURE
[INFO] ------------------------------------------------------------------------
[INFO] Total time:  57.624 s (Wall Clock)
[INFO] Finished at: 2026-04-29T06:30:54Z
[INFO] ------------------------------------------------------------------------
[ERROR] Failed to execute goal org.apache.maven.plugins:maven-compiler-plugin:3.13.0:compile (default-compile) on project graylog2-server: Compilation failure
[ERROR] /repo/graylog2-server/src/main/java/org/graylog/events/processor/aggregation/PivotAggregationSearch.java:[132,4] error: variable searchNormalization might not have been initialized
[ERROR] 
[ERROR] -> [Help 1]
[ERROR] 
[ERROR] To see the full stack trace of the errors, re-run Maven with the -e switch.
[ERROR] Re-run Maven using the -X switch to enable full debug logging.
[ERROR] 
[ERROR] For more information about the errors and possible solutions, please read the following articles:
[ERROR] [Help 1] http://cwiki.apache.org/confluence/display/MAVEN/MojoFailureException
[ERROR] 
[ERROR] After correcting the problems, you can resume the build with the command
[ERROR]   mvn <args> -rf :graylog2-server
--- Build complete for 8789b7c ---