--- Building Spring Framework for c668473 ---
--- Worktree mode: skipping git checkout ---
gradle-cache-spring
gradle-wrapper-spring
--- Compiling with Gradle (build -x test) ---
Downloading https://services.gradle.org/distributions/gradle-8.5-bin.zip
............10%.............20%............30%.............40%.............50%............60%.............70%.............80%............90%.............100%

Welcome to Gradle 8.5!

Here are the highlights of this release:
 - Support for running on Java 21
 - Faster first use with Kotlin DSL
 - Improved error and warning messages

For more details see https://docs.gradle.org/8.5/release-notes.html

To honour the JVM settings for this build a single-use Daemon process will be forked. For more on this, please refer to https://docs.gradle.org/8.5/userguide/gradle_daemon.html#sec:disabling_the_daemon in the Gradle documentation.
Daemon will be stopped at the end of the build 
> Task :buildSrc:compileJava
> Task :buildSrc:compileGroovy NO-SOURCE
> Task :buildSrc:pluginDescriptors
> Task :buildSrc:processResources
> Task :buildSrc:classes
> Task :buildSrc:jar
> Task :framework-platform:assemble UP-TO-DATE
> Task :framework-bom:assemble UP-TO-DATE
> Task :framework-bom:check UP-TO-DATE
> Task :framework-bom:build UP-TO-DATE
> Task :framework-platform:check UP-TO-DATE
> Task :framework-docs:processResources NO-SOURCE
> Task :framework-platform:build UP-TO-DATE
> Task :spring-expression:processResources NO-SOURCE
> Task :spring-core-test:processResources NO-SOURCE
> Task :compileJava NO-SOURCE
> Task :framework-docs:processTestResources NO-SOURCE
> Task :integration-tests:compileJava NO-SOURCE
> Task :processResources NO-SOURCE
> Task :framework-docs:processTestFixturesResources NO-SOURCE
> Task :classes UP-TO-DATE
> Task :integration-tests:processResources NO-SOURCE
> Task :integration-tests:classes UP-TO-DATE
> Task :jar
> Task :integration-tests:jar
> Task :spring-orm:processResources
> Task :spring-test:processResources
> Task :spring-aop:processResources
> Task :assemble
> Task :integration-tests:assemble
> Task :spring-aop:processTestFixturesResources NO-SOURCE
> Task :checkstyleMain NO-SOURCE
> Task :integration-tests:checkstyleMain NO-SOURCE
> Task :spring-tx:processResources
> Task :spring-beans:processResources
> Task :spring-jdbc:processResources
> Task :spring-tx:processTestFixturesResources NO-SOURCE
> Task :spring-aspects:processResources
> Task :spring-beans:processTestFixturesResources NO-SOURCE
> Task :compileTestFixturesJava NO-SOURCE
> Task :integration-tests:compileTestFixturesJava NO-SOURCE
> Task :spring-context:processResources
> Task :compileTestJava NO-SOURCE
> Task :processTestResources NO-SOURCE
> Task :testClasses UP-TO-DATE
> Task :spring-context-support:processResources
> Task :checkstyleTest NO-SOURCE
> Task :spring-web:processResources
> Task :processTestFixturesResources NO-SOURCE
> Task :testFixturesClasses UP-TO-DATE
> Task :checkstyleTestFixtures NO-SOURCE
> Task :check
> Task :build
> Task :spring-aspects:processTestResources
> Task :spring-aspects:processJmhResources NO-SOURCE
> Task :spring-aspects:processTestFixturesResources NO-SOURCE
> Task :spring-expression:processTestResources
> Task :integration-tests:processTestResources
> Task :spring-expression:processJmhResources NO-SOURCE
> Task :spring-aop:processTestResources
> Task :spring-expression:processTestFixturesResources NO-SOURCE
> Task :integration-tests:processTestFixturesResources NO-SOURCE
> Task :spring-context-support:processTestResources
> Task :spring-aop:processJmhResources NO-SOURCE
> Task :integration-tests:testFixturesClasses UP-TO-DATE
> Task :spring-context-support:processJmhResources NO-SOURCE
> Task :integration-tests:checkstyleTestFixtures NO-SOURCE
> Task :spring-context-support:processTestFixturesResources NO-SOURCE
> Task :spring-messaging:processResources
> Task :spring-jms:processResources
> Task :integration-tests:testFixturesJar
> Task :spring-r2dbc:processResources
> Task :spring-jms:processTestResources
> Task :spring-jms:processJmhResources NO-SOURCE
> Task :spring-orm:processTestResources
> Task :spring-jms:processTestFixturesResources NO-SOURCE
> Task :spring-orm:processJmhResources NO-SOURCE
> Task :spring-orm:processTestFixturesResources NO-SOURCE
> Task :spring-r2dbc:processTestResources
> Task :spring-r2dbc:processJmhResources NO-SOURCE
> Task :spring-r2dbc:processTestFixturesResources NO-SOURCE
> Task :spring-beans:processTestResources
> Task :spring-tx:processTestResources
> Task :spring-tx:processJmhResources NO-SOURCE
> Task :spring-beans:processJmhResources
> Task :spring-jdbc:processTestResources
> Task :spring-webflux:processResources
> Task :spring-jdbc:processJmhResources NO-SOURCE
> Task :spring-jdbc:processTestFixturesResources NO-SOURCE
> Task :spring-webmvc:processResources
> Task :spring-web:processTestResources
> Task :spring-web:processJmhResources NO-SOURCE
> Task :spring-websocket:processResources
> Task :spring-websocket:processTestResources
> Task :spring-websocket:processJmhResources NO-SOURCE
> Task :spring-websocket:processTestFixturesResources NO-SOURCE
> Task :spring-messaging:processTestResources
> Task :spring-messaging:processJmhResources NO-SOURCE
> Task :spring-web:processTestFixturesResources
> Task :spring-messaging:processTestFixturesResources NO-SOURCE
> Task :spring-core-test:processTestResources
> Task :spring-webflux:processTestResources
> Task :spring-core-test:processJmhResources NO-SOURCE
> Task :spring-webflux:processJmhResources NO-SOURCE
> Task :spring-core-test:processTestFixturesResources NO-SOURCE
> Task :spring-webflux:processTestFixturesResources NO-SOURCE
> Task :spring-test:processTestResources
> Task :spring-test:processJmhResources NO-SOURCE
> Task :spring-test:processTestFixturesResources NO-SOURCE
> Task :spring-webmvc:processTestResources
> Task :spring-webmvc:processJmhResources NO-SOURCE
> Task :spring-webmvc:processTestFixturesResources NO-SOURCE
> Task :spring-context:processTestResources
> Task :spring-context:processJmhResources NO-SOURCE
> Task :spring-context:processTestFixturesResources NO-SOURCE
> Task :spring-instrument:compileJava
> Task :spring-instrument:processResources NO-SOURCE
> Task :spring-instrument:classes
> Task :spring-instrument:jar
> Task :spring-instrument:assemble
> Task :spring-instrument:compileTestFixturesJava NO-SOURCE
> Task :spring-instrument:compileTestJava NO-SOURCE
> Task :spring-instrument:processTestResources NO-SOURCE
> Task :spring-instrument:testClasses UP-TO-DATE
> Task :spring-instrument:compileJmhJava NO-SOURCE
> Task :spring-instrument:processJmhResources NO-SOURCE
> Task :spring-instrument:jmhClasses UP-TO-DATE
> Task :spring-instrument:checkstyleJmh NO-SOURCE
> Task :spring-core:javapoetRepackJar
> Task :spring-context-indexer:compileJava
> Task :spring-context-indexer:processResources
> Task :spring-context-indexer:classes
> Task :spring-context-indexer:jar
> Task :spring-context-indexer:assemble
> Task :spring-context-indexer:compileTestFixturesJava NO-SOURCE
> Task :spring-context-indexer:processTestResources NO-SOURCE
> Task :spring-context-indexer:processJmhResources NO-SOURCE
> Task :spring-core:objenesisRepackJar
> Task :spring-jcl:compileJava
> Task :spring-core:processResources
> Task :spring-jcl:processResources
> Task :spring-jcl:classes
> Task :spring-jcl:jar
> Task :spring-jcl:assemble
> Task :spring-jcl:compileTestFixturesJava NO-SOURCE
> Task :spring-jcl:compileTestJava NO-SOURCE
> Task :spring-jcl:processTestResources NO-SOURCE
> Task :spring-jcl:testClasses UP-TO-DATE
> Task :spring-jcl:compileJmhJava NO-SOURCE
> Task :spring-jcl:processJmhResources NO-SOURCE
> Task :spring-jcl:jmhClasses UP-TO-DATE
> Task :spring-jcl:checkstyleJmh NO-SOURCE
> Task :spring-context-indexer:processTestFixturesResources NO-SOURCE
> Task :spring-instrument:checkstyleTest NO-SOURCE
> Task :spring-context-indexer:testFixturesClasses UP-TO-DATE
> Task :spring-instrument:processTestFixturesResources NO-SOURCE
> Task :spring-context-indexer:checkstyleTestFixtures NO-SOURCE
> Task :spring-instrument:testFixturesClasses UP-TO-DATE
> Task :spring-instrument:checkstyleTestFixtures NO-SOURCE
> Task :spring-jcl:checkstyleTest NO-SOURCE
> Task :spring-jcl:processTestFixturesResources NO-SOURCE
> Task :spring-jcl:testFixturesClasses UP-TO-DATE
> Task :spring-jcl:checkstyleTestFixtures NO-SOURCE
> Task :spring-core:processTestFixturesResources NO-SOURCE
> Task :spring-core:processTestResources
> Task :spring-core:processJmhResources NO-SOURCE
> Task :spring-instrument:checkstyleMain
> Task :spring-instrument:check
> Task :spring-instrument:build
> Task :spring-jcl:checkstyleMain
> Task :spring-jcl:check
> Task :spring-jcl:build
> Task :spring-context-indexer:checkstyleMain
> Task :spring-core:compileKotlin
> Task :spring-core:compileJava
> Task :spring-core:classes
> Task :spring-expression:compileKotlin NO-SOURCE
> Task :spring-core:jar
> Task :spring-core:inspectClassesForKotlinIC
> Task :spring-core:compileTestFixturesKotlin NO-SOURCE
> Task :spring-expression:compileJava
> Task :spring-expression:classes
> Task :spring-expression:jar
> Task :spring-expression:inspectClassesForKotlinIC
> Task :spring-expression:assemble
> Task :spring-expression:compileTestFixturesKotlin NO-SOURCE
> Task :spring-expression:compileTestFixturesJava NO-SOURCE
> Task :spring-expression:testFixturesClasses UP-TO-DATE
> Task :spring-expression:checkstyleTestFixtures NO-SOURCE
> Task :spring-beans:compileKotlin
> Task :spring-core-test:compileJava
> Task :spring-core-test:classes
> Task :spring-core:compileTestFixturesJava
> Task :spring-core:testFixturesClasses
> Task :spring-core:testFixturesJar
> Task :spring-core:assemble
> Task :spring-core-test:jar
> Task :spring-core-test:assemble
> Task :spring-core-test:compileTestFixturesJava NO-SOURCE
> Task :spring-core:checkstyleTestFixtures
> Task :spring-expression:compileTestKotlin
> Task :spring-core-test:compileTestJava
> Task :spring-core-test:testClasses
> Task :spring-core-test:compileJmhJava NO-SOURCE
> Task :spring-core-test:jmhClasses UP-TO-DATE
> Task :spring-core-test:checkstyleJmh NO-SOURCE
> Task :spring-core-test:testFixturesClasses UP-TO-DATE
> Task :spring-core-test:checkstyleTestFixtures NO-SOURCE
> Task :spring-expression:checkstyleMain
> Task :spring-core-test:checkstyleMain
> Task :spring-beans:compileJava
> Task :spring-beans:classes
> Task :spring-beans:jar
> Task :spring-beans:inspectClassesForKotlinIC
> Task :spring-beans:compileTestFixturesKotlin NO-SOURCE
> Task :spring-oxm:xjcGenerate
> Task :spring-beans:compileTestFixturesJava
> Task :spring-beans:testFixturesClasses
> Task :spring-beans:testFixturesJar
> Task :spring-beans:assemble
> Task :spring-oxm:compileJava
> Task :spring-oxm:processResources
> Task :spring-oxm:classes
> Task :spring-oxm:jar
> Task :spring-oxm:assemble
> Task :spring-oxm:xjcGenerateTestFixtures
> Task :spring-oxm:compileTestFixturesJava NO-SOURCE
> Task :spring-oxm:processTestFixturesResources NO-SOURCE
> Task :spring-oxm:testFixturesClasses UP-TO-DATE
> Task :spring-oxm:testFixturesJar
> Task :spring-oxm:xjcGenerateJmh
> Task :spring-oxm:processJmhResources NO-SOURCE
> Task :spring-aop:compileJava
> Task :spring-oxm:checkstyleTestFixtures NO-SOURCE
> Task :spring-aop:compileTestFixturesJava
> Task :spring-aop:classes
> Task :spring-aop:jar
> Task :spring-aop:testFixturesClasses
> Task :spring-aop:testFixturesJar
> Task :spring-aop:assemble
> Task :spring-beans:checkstyleTestFixtures
> Task :spring-aop:compileTestJava
> Task :spring-aop:testClasses
> Task :spring-aop:compileJmhJava NO-SOURCE
> Task :spring-aop:jmhClasses UP-TO-DATE
> Task :spring-aop:checkstyleJmh NO-SOURCE
> Task :spring-beans:compileTestKotlin
> Task :spring-core-test:checkstyleTest
> Task :spring-core-test:check
> Task :spring-core-test:build
> Task :spring-core:compileTestKotlin
> Task :spring-expression:compileTestJava
> Task :spring-expression:testClasses
> Task :spring-expression:compileJmhKotlin NO-SOURCE
> Task :spring-expression:compileJmhJava
> Task :spring-expression:jmhClasses
> Task :spring-context:compileKotlin
> Task :spring-aop:checkstyleMain
> Task :spring-expression:checkstyleJmh
> Task :spring-oxm:checkstyleMain
> Task :spring-beans:checkstyleMain
> Task :spring-core:checkstyleMain
> Task :spring-aop:checkstyleTestFixtures
> Task :spring-context:compileJava
> Task :spring-context:classes
> Task :spring-context:jar
> Task :spring-context:inspectClassesForKotlinIC
> Task :spring-context:compileTestFixturesKotlin NO-SOURCE
> Task :spring-context-indexer:compileTestJava
> Task :spring-context-indexer:testClasses
> Task :spring-context-indexer:compileJmhJava NO-SOURCE
> Task :spring-context-indexer:jmhClasses UP-TO-DATE
> Task :spring-context-indexer:checkstyleJmh NO-SOURCE
> Task :spring-tx:compileKotlin
> Task :spring-context:compileTestFixturesJava
> Task :spring-context:assemble
> Task :spring-aop:checkstyleTest
> Task :spring-aop:check
> Task :spring-aop:build
> Task :spring-oxm:xjcGenerateTest
> Task :spring-context-indexer:checkstyleTest
> Task :spring-context-indexer:check
> Task :spring-context-indexer:build
> Task :spring-context:testFixturesClasses
> Task :spring-context:testFixturesJar
> Task :spring-oxm:compileTestJava
> Task :spring-oxm:processTestResources
> Task :spring-oxm:testClasses
> Task :spring-oxm:compileJmhJava NO-SOURCE
> Task :spring-oxm:jmhClasses UP-TO-DATE
> Task :spring-oxm:checkstyleJmh NO-SOURCE
> Task :spring-tx:compileJava
> Task :spring-tx:compileTestFixturesKotlin NO-SOURCE
> Task :spring-oxm:checkstyleTest
> Task :spring-oxm:check
> Task :spring-oxm:build
> Task :spring-tx:compileTestFixturesJava
> Task :spring-tx:classes
> Task :spring-tx:jar
> Task :spring-tx:inspectClassesForKotlinIC
> Task :spring-tx:testFixturesClasses
> Task :spring-tx:testFixturesJar
> Task :spring-tx:assemble
> Task :spring-messaging:compileKotlin
> Task :spring-context:checkstyleTestFixtures
> Task :spring-r2dbc:compileKotlin
> Task :spring-tx:checkstyleTestFixtures
> Task :spring-jdbc:compileKotlin
> Task :spring-r2dbc:compileJava
> Task :spring-r2dbc:classes
> Task :spring-r2dbc:jar
> Task :spring-r2dbc:inspectClassesForKotlinIC
> Task :spring-r2dbc:assemble
> Task :spring-r2dbc:compileTestFixturesKotlin NO-SOURCE
> Task :spring-r2dbc:compileTestFixturesJava NO-SOURCE
> Task :spring-web:compileKotlin
> Task :spring-r2dbc:checkstyleMain
> Task :spring-r2dbc:testFixturesClasses UP-TO-DATE
> Task :spring-r2dbc:checkstyleTestFixtures NO-SOURCE
> Task :spring-r2dbc:compileTestKotlin
> Task :spring-tx:checkstyleMain
> Task :spring-context:compileTestKotlin
> Task :spring-beans:compileTestJava
> Task :spring-tx:compileTestKotlin
> Task :spring-expression:checkstyleTest
> Task :spring-expression:check
> Task :spring-expression:build
> Task :spring-messaging:compileJava
> Task :spring-messaging:classes
> Task :spring-messaging:jar
> Task :spring-messaging:inspectClassesForKotlinIC
> Task :spring-jdbc:compileJava
> Task :spring-messaging:assemble
> Task :spring-jdbc:classes
> Task :spring-messaging:compileTestFixturesKotlin NO-SOURCE
> Task :spring-messaging:compileTestFixturesJava NO-SOURCE
> Task :spring-jdbc:jar
> Task :spring-jdbc:inspectClassesForKotlinIC
> Task :spring-jdbc:assemble
> Task :spring-jdbc:compileTestFixturesKotlin NO-SOURCE
> Task :spring-jdbc:compileTestFixturesJava NO-SOURCE
> Task :spring-core:compileTestJava
> Task :spring-beans:testClasses
> Task :spring-jms:compileJava
> Task :spring-jdbc:testFixturesClasses UP-TO-DATE
> Task :spring-jdbc:checkstyleTestFixtures NO-SOURCE
> Task :spring-jms:classes
> Task :spring-jms:jar
> Task :spring-context:checkstyleMain
> Task :spring-jms:assemble
> Task :spring-jms:compileTestFixturesJava NO-SOURCE
> Task :spring-jdbc:compileTestKotlin
> Task :spring-beans:compileJmhKotlin
> Task :spring-tx:compileTestJava
> Task :spring-context-support:compileJava
> Task :spring-beans:compileJmhJava
> Task :spring-beans:jmhClasses
> Task :spring-jdbc:checkstyleMain
> Task :spring-messaging:testFixturesClasses UP-TO-DATE
> Task :spring-messaging:checkstyleTestFixtures NO-SOURCE
> Task :spring-tx:testClasses
> Task :spring-tx:compileJmhKotlin NO-SOURCE
> Task :spring-tx:compileJmhJava NO-SOURCE
> Task :spring-tx:jmhClasses UP-TO-DATE
> Task :spring-tx:checkstyleJmh NO-SOURCE
> Task :spring-context-support:compileTestFixturesJava
> Task :spring-context-support:classes
> Task :spring-context-support:jar
> Task :spring-context-support:assemble
> Task :spring-web:compileJava
> Task :framework-docs:compileKotlin NO-SOURCE
> Task :spring-beans:checkstyleJmh
> Task :spring-beans:checkstyleTest
> Task :framework-docs:compileJava
> Task :framework-docs:classes
> Task :framework-docs:jar SKIPPED
> Task :framework-docs:inspectClassesForKotlinIC
> Task :framework-docs:assemble UP-TO-DATE
> Task :spring-messaging:compileTestKotlin
> Task :spring-jms:compileTestJava
> Task :framework-docs:compileTestFixturesKotlin NO-SOURCE
> Task :framework-docs:compileTestFixturesJava NO-SOURCE
> Task :framework-docs:compileTestKotlin NO-SOURCE
> Task :framework-docs:compileTestJava NO-SOURCE
> Task :framework-docs:testClasses UP-TO-DATE
> Task :framework-docs:checkstyleTest NO-SOURCE
> Task :framework-docs:testFixturesClasses UP-TO-DATE
> Task :framework-docs:checkstyleTestFixtures NO-SOURCE
> Task :spring-web:classes
> Task :framework-docs:checkstyleMain
> Task :framework-docs:check
> Task :framework-docs:build
> Task :spring-beans:check
> Task :spring-beans:build
> Task :spring-jms:testClasses
> Task :spring-jms:compileJmhJava NO-SOURCE
> Task :spring-jms:jmhClasses UP-TO-DATE
> Task :spring-jms:checkstyleJmh NO-SOURCE
> Task :spring-tx:checkstyleTest
> Task :spring-context-support:compileTestJava
> Task :spring-context-support:testClasses
> Task :spring-context-support:compileJmhJava NO-SOURCE
> Task :spring-context-support:jmhClasses UP-TO-DATE
> Task :spring-context-support:checkstyleJmh NO-SOURCE
> Task :spring-web:jar
> Task :spring-web:inspectClassesForKotlinIC
> Task :spring-context-support:checkstyleMain
> Task :spring-jms:checkstyleTest
> Task :spring-context-support:testFixturesClasses
> Task :spring-context-support:checkstyleTest
> Task :spring-jms:testFixturesClasses UP-TO-DATE
> Task :spring-jms:checkstyleTestFixtures NO-SOURCE
> Task :spring-web:compileTestFixturesKotlin NO-SOURCE
> Task :spring-jms:checkstyleMain
> Task :spring-jms:check
> Task :spring-jms:build
> Task :spring-tx:check
> Task :spring-tx:build
> Task :spring-context-support:checkstyleTestFixtures
> Task :spring-context-support:check
> Task :spring-context-support:build
> Task :spring-orm:compileJava
> Task :spring-orm:classes
> Task :spring-aspects:compileJava NO-SOURCE
> Task :spring-orm:jar
> Task :spring-orm:assemble
> Task :spring-orm:compileTestFixturesJava NO-SOURCE
> Task :spring-messaging:checkstyleMain
> Task :spring-webmvc:compileKotlin
> Task :spring-jdbc:compileTestJava
> Task :spring-jdbc:testClasses
> Task :spring-jdbc:compileJmhKotlin NO-SOURCE
> Task :spring-jdbc:compileJmhJava NO-SOURCE
> Task :spring-jdbc:jmhClasses UP-TO-DATE
> Task :spring-jdbc:checkstyleJmh NO-SOURCE
> Task :spring-orm:testFixturesClasses UP-TO-DATE
> Task :spring-orm:checkstyleTestFixtures NO-SOURCE
> Task :spring-webflux:compileKotlin
> Task :spring-web:compileTestFixturesJava
> Task :spring-web:assemble
> Task :spring-jdbc:checkstyleTest
> Task :spring-jdbc:check
> Task :spring-jdbc:build
> Task :spring-web:testFixturesClasses
> Task :spring-orm:checkstyleMain
> Task :spring-web:checkstyleTestFixtures
> Task :spring-r2dbc:compileTestJava
> Task :spring-context:compileTestJava
> Task :spring-aspects:compileAspectj
> Task :spring-aspects:classes
> Task :spring-aspects:jar
> Task :spring-aspects:assemble
> Task :spring-aspects:compileTestFixturesJava NO-SOURCE
> Task :spring-aspects:compileTestFixturesAspectj NO-SOURCE
> Task :spring-aspects:testFixturesClasses UP-TO-DATE
> Task :spring-aspects:checkstyleTestFixtures NO-SOURCE
> Task :spring-core:testClasses
> Task :spring-core:compileJmhKotlin NO-SOURCE
> Task :spring-aspects:checkstyleMain
> Task :spring-core:compileJmhJava
> Task :spring-core:jmhClasses
> Task :spring-webflux:compileJava
> Task :spring-webflux:classes
> Task :spring-webflux:jar
> Task :spring-webflux:inspectClassesForKotlinIC
> Task :spring-webflux:assemble
> Task :spring-webflux:compileTestFixturesKotlin NO-SOURCE
> Task :spring-webflux:compileTestFixturesJava NO-SOURCE
> Task :spring-webflux:testFixturesClasses UP-TO-DATE
> Task :spring-webflux:checkstyleTestFixtures NO-SOURCE
> Task :spring-core:checkstyleJmh
> Task :spring-messaging:compileTestJava
> Task :spring-messaging:testClasses
> Task :spring-messaging:compileJmhKotlin NO-SOURCE
> Task :spring-orm:compileTestJava
> Task :spring-orm:testClasses
> Task :spring-orm:compileJmhJava NO-SOURCE
> Task :spring-orm:jmhClasses UP-TO-DATE
> Task :spring-orm:checkstyleJmh NO-SOURCE
> Task :spring-messaging:compileJmhJava
> Task :spring-messaging:jmhClasses
> Task :spring-webmvc:compileJava
> Task :spring-webmvc:classes
> Task :spring-messaging:checkstyleJmh
> Task :spring-webmvc:jar
> Task :spring-webmvc:inspectClassesForKotlinIC
> Task :spring-webmvc:assemble
> Task :spring-webmvc:compileTestFixturesKotlin NO-SOURCE
> Task :spring-webmvc:compileTestFixturesJava NO-SOURCE
> Task :spring-orm:checkstyleTest
> Task :spring-orm:check
> Task :spring-orm:build
> Task :spring-webmvc:testFixturesClasses UP-TO-DATE
> Task :spring-webmvc:checkstyleTestFixtures NO-SOURCE
> Task :spring-context:testClasses
> Task :spring-context:compileJmhKotlin NO-SOURCE
> Task :spring-websocket:compileJava
> Task :spring-websocket:classes
> Task :spring-websocket:jar
> Task :spring-websocket:assemble
> Task :spring-websocket:compileTestFixturesJava NO-SOURCE
> Task :spring-messaging:checkstyleTest
> Task :spring-messaging:check
> Task :spring-messaging:build
> Task :spring-context:compileJmhJava
> Task :spring-context:jmhClasses
> Task :spring-context:checkstyleJmh
> Task :spring-webmvc:compileTestKotlin

> Task :spring-webmvc:compileTestJava
/home/gradle/.gradle/caches/modules-2/files-2.1/org.apache.groovy/groovy-templates/4.0.17/35c9685595107b77358dbc04d337d6719af58958/groovy-templates-4.0.17.jar(/groovy/text/TemplateEngine.class): warning: Cannot find annotation method 'value()' in type 'SuppressFBWarnings': class file for edu.umd.cs.findbugs.annotations.SuppressFBWarnings not found
/home/gradle/.gradle/caches/modules-2/files-2.1/org.apache.groovy/groovy-templates/4.0.17/35c9685595107b77358dbc04d337d6719af58958/groovy-templates-4.0.17.jar(/groovy/text/TemplateEngine.class): warning: Cannot find annotation method 'justification()' in type 'SuppressFBWarnings'

> Task :spring-webflux:checkstyleMain
> Task :spring-core:checkstyleTest
> Task :spring-core:check
> Task :spring-core:build
> Task :spring-websocket:compileTestJava
> Task :spring-websocket:testClasses
> Task :spring-websocket:compileJmhJava NO-SOURCE
> Task :spring-websocket:jmhClasses UP-TO-DATE
> Task :spring-websocket:checkstyleJmh NO-SOURCE
> Task :spring-websocket:testFixturesClasses UP-TO-DATE
> Task :spring-websocket:checkstyleTestFixtures NO-SOURCE
> Task :spring-web:compileTestKotlin
> Task :spring-web:checkstyleMain
> Task :spring-websocket:checkstyleTest
> Task :spring-test:compileKotlin
> Task :spring-webflux:compileTestKotlin
> Task :spring-websocket:checkstyleMain
> Task :spring-websocket:check
> Task :spring-websocket:build
> Task :spring-context:checkstyleTest
> Task :spring-test:compileJava
> Task :spring-test:classes
> Task :spring-aspects:compileTestJava NO-SOURCE
> Task :spring-test:jar
> Task :spring-test:inspectClassesForKotlinIC
> Task :spring-test:assemble
> Task :spring-test:compileTestFixturesKotlin NO-SOURCE
> Task :spring-test:compileTestFixturesJava NO-SOURCE
> Task :spring-test:testFixturesClasses UP-TO-DATE
> Task :spring-test:checkstyleTestFixtures NO-SOURCE
> Task :integration-tests:compileTestJava
> Task :integration-tests:testClasses
> Task :spring-context:runtimeHintsTest
> Task :spring-context:check
> Task :spring-context:build
> Task :integration-tests:checkstyleTest
> Task :spring-test:compileTestKotlin
> Task :spring-webmvc:checkstyleMain
> Task :integration-tests:runtimeHintsTest
> Task :integration-tests:check
> Task :integration-tests:build
> Task :spring-aspects:compileTestAspectj
> Task :spring-aspects:testClasses
> Task :spring-aspects:compileJmhJava NO-SOURCE
> Task :spring-aspects:compileJmhAspectj NO-SOURCE
> Task :spring-aspects:jmhClasses UP-TO-DATE
> Task :spring-aspects:checkstyleJmh NO-SOURCE
> Task :spring-aspects:checkstyleTest
> Task :spring-aspects:check
> Task :spring-aspects:build
> Task :spring-test:checkstyleMain
2 warnings

> Task :spring-webmvc:compileTestJava

> Task :spring-webmvc:testClasses
> Task :spring-webmvc:compileJmhKotlin NO-SOURCE
> Task :spring-webmvc:compileJmhJava NO-SOURCE
> Task :spring-webmvc:jmhClasses UP-TO-DATE
> Task :spring-webmvc:checkstyleJmh NO-SOURCE
> Task :spring-test:compileTestJava
> Task :spring-test:testClasses
> Task :spring-test:compileJmhKotlin NO-SOURCE
> Task :spring-test:compileJmhJava NO-SOURCE
> Task :spring-test:jmhClasses UP-TO-DATE
> Task :spring-test:checkstyleJmh NO-SOURCE
> Task :spring-web:compileTestJava
> Task :spring-web:testClasses
> Task :spring-web:compileJmhKotlin NO-SOURCE
> Task :spring-webmvc:checkstyleTest
> Task :spring-webmvc:check
> Task :spring-webmvc:build
> Task :spring-web:compileJmhJava
> Task :spring-web:jmhClasses
> Task :spring-web:checkstyleJmh
> Task :spring-webflux:compileTestJava
> Task :spring-webflux:testClasses
> Task :spring-webflux:compileJmhKotlin NO-SOURCE
> Task :spring-webflux:compileJmhJava NO-SOURCE
> Task :spring-webflux:jmhClasses UP-TO-DATE
> Task :spring-webflux:checkstyleJmh NO-SOURCE
> Task :spring-test:checkstyleTest
> Task :spring-test:check
> Task :spring-test:build
> Task :spring-web:checkstyleTest
> Task :spring-web:check
> Task :spring-web:build
> Task :spring-webflux:checkstyleTest
> Task :spring-webflux:check
> Task :spring-webflux:build
> Task :spring-r2dbc:testClasses
> Task :spring-r2dbc:compileJmhKotlin NO-SOURCE
> Task :spring-r2dbc:compileJmhJava NO-SOURCE
> Task :spring-r2dbc:jmhClasses UP-TO-DATE
> Task :spring-r2dbc:checkstyleJmh NO-SOURCE
> Task :spring-r2dbc:checkstyleTest
> Task :spring-r2dbc:check
> Task :spring-r2dbc:build

Deprecated Gradle features were used in this build, making it incompatible with Gradle 9.0.

You can use '--warning-mode all' to show the individual deprecation warnings and determine if they come from your own scripts or plugins.

For more on this, please refer to https://docs.gradle.org/8.5/userguide/command_line_interface.html#sec:command_line_warnings in the Gradle documentation.

BUILD SUCCESSFUL in 4m 38s
242 actionable tasks: 242 executed

A build scan was not published as you have not authenticated with server 'ge.spring.io'.
For more information, please see https://gradle.com/help/gradle-authenticating-with-gradle-enterprise.
--- Build complete for c668473 ---