--- Building Hibernate ORM for 275387e ---
DEBUG: TOOLKIT_DIR=/home/hasangaranasinghe/patch-backporting/helpers/hibernate-orm
DEBUG: PROJECT_DIR=/home/hasangaranasinghe/patch-backporting/my_java_dataset/repos/hibernate-orm
--- WORKTREE_MODE=1: skipping checkout/clean (agent changes preserved) ---
gradle-cache-hibernate
gradle-wrapper-hibernate
--- Building Docker image ---
DEBUG: Image Tag=retrofit-hibernate-orm-builder:local
#0 building with "default" instance using docker driver

#1 [internal] load build definition from Dockerfile
#1 transferring dockerfile: 2.20kB done
#1 DONE 0.0s

#2 [internal] load metadata for docker.io/library/eclipse-temurin:21-jdk-jammy
#2 DONE 0.3s

#3 [internal] load .dockerignore
#3 transferring context: 2B done
#3 DONE 0.0s

#4 [1/9] FROM docker.io/library/eclipse-temurin:21-jdk-jammy@sha256:25d1276565738d3c805e632a4542c3a7598866ef967f4def6544c15de3a74b14
#4 resolve docker.io/library/eclipse-temurin:21-jdk-jammy@sha256:25d1276565738d3c805e632a4542c3a7598866ef967f4def6544c15de3a74b14 0.0s done
#4 DONE 0.0s

#5 [2/9] RUN apt-get update && apt-get install -y     git     python3     unzip     curl     && rm -rf /var/lib/apt/lists/*
#5 CACHED

#6 [3/9] RUN curl -L "https://download.java.net/java/GA/jdk25.0.1/2fbf10d8c78e40bd87641c434705079d/8/GPL/openjdk-25.0.1_linux-x64_bin.tar.gz" -o /tmp/jdk25.tar.gz &&     mkdir -p /opt/java &&     tar -xzf /tmp/jdk25.tar.gz -C /opt/java &&     mv /opt/java/jdk-25.0.1 /opt/java/jdk-25 &&     rm /tmp/jdk25.tar.gz
#6 CACHED

#7 [6/9] RUN echo "org.gradle.daemon=true" >> /home/gradle/.gradle/gradle.properties &&     echo "org.gradle.parallel=true" >> /home/gradle/.gradle/gradle.properties &&     echo "org.gradle.caching=true" >> /home/gradle/.gradle/gradle.properties &&     echo "org.gradle.jvmargs=-Xmx4g" >> /home/gradle/.gradle/gradle.properties &&     echo "org.gradle.console=plain" >> /home/gradle/.gradle/gradle.properties &&     chown gradle:gradle /home/gradle/.gradle/gradle.properties
#7 CACHED

#8 [7/9] RUN mkdir -p /home/gradle/.gradle/init.d &&     echo "gradle.rootProject { root ->" >> /home/gradle/.gradle/init.d/disable-scans.gradle &&     echo "  root.extensions.findByName('buildScan')?.publishOnFailure()" >> /home/gradle/.gradle/init.d/disable-scans.gradle &&     echo "  root.extensions.findByName('buildScan')?.publishAlways()" >> /home/gradle/.gradle/init.d/disable-scans.gradle &&     echo "}" >> /home/gradle/.gradle/init.d/disable-scans.gradle &&     chown -R gradle:gradle /home/gradle/.gradle/init.d
#8 CACHED

#9 [8/9] RUN mkdir -p /repo && chown gradle:gradle /repo
#9 CACHED

#10 [4/9] RUN groupadd --gid 1000 gradle &&     useradd --uid 1000 --gid 1000 --shell /bin/bash --create-home gradle
#10 CACHED

#11 [5/9] RUN mkdir -p /home/gradle/.gradle &&     chown -R gradle:gradle /home/gradle/.gradle
#11 CACHED

#12 [9/9] WORKDIR /repo
#12 CACHED

#13 exporting to image
#13 exporting layers done
#13 exporting manifest sha256:c8e56d502f7e5886261103cbd3e5a3b21c09352bf8e7dbcda287d3ebbf5d9ca0 done
#13 exporting config sha256:2e37fa2f4fee9671e16e0f3a71d7eb81c9e81b4903ce34f67ac3fdded4001788 done
#13 exporting attestation manifest sha256:77aeca5ca735ad8b36ba717e42a611e78630657077f53f838dd917ee7409f357 0.0s done
#13 exporting manifest list sha256:87625cbbddd903fca2d74f56bb2637b345a40531f0b437f5d34caeb81f961ba2
#13 exporting manifest list sha256:87625cbbddd903fca2d74f56bb2637b345a40531f0b437f5d34caeb81f961ba2 0.0s done
#13 naming to docker.io/library/retrofit-hibernate-orm-builder:local done
#13 unpacking to docker.io/library/retrofit-hibernate-orm-builder:local 0.0s done
#13 DONE 0.1s
--- Running Gradle build (compile only, no tests) ---
--- Full build (no SOURCE_MODULES specified) ---
--- Attempting build with default JDK ---
Downloading https://services.gradle.org/distributions/gradle-8.14.3-bin.zip
.............10%.............20%.............30%.............40%.............50%.............60%.............70%.............80%.............90%..............100%

Welcome to Gradle 8.14.3!

Here are the highlights of this release:
 - Java 24 support
 - GraalVM Native Image toolchain selection
 - Enhancements to test reporting
 - Build Authoring improvements

For more details see https://docs.gradle.org/8.14.3/release-notes.html

To honour the JVM settings for this build a single-use Daemon process will be forked. For more on this, please refer to https://docs.gradle.org/8.14.3/userguide/gradle_daemon.html#sec:disabling_the_daemon in the Gradle documentation.
Daemon will be stopped at the end of the build 
> Task :local-build-plugins:extractPluginRequests
> Task :local-build-plugins:generatePluginAdapters
> Task :local-build-plugins:spotlessInternalRegisterDependencies UP-TO-DATE
> Task :local-build-plugins:spotlessJava
> Task :local-build-plugins:spotlessJavaApply

> Task :local-build-plugins:compileJava
Note: Some input files use or override a deprecated API.
Note: Recompile with -Xlint:deprecation for details.

> Task :local-build-plugins:compileGroovy
Note: /repo/local-build-plugins/src/main/groovy/org/hibernate/build/xjc/XjcPlugin.java uses or overrides a deprecated API.
Note: Recompile with -Xlint:deprecation for details.

> Task :local-build-plugins:compileGroovyPlugins
> Task :local-build-plugins:pluginDescriptors
> Task :local-build-plugins:processResources
> Task :local-build-plugins:classes

> Task :local-build-plugins:jar
:jar: A valid plugin descriptor was found for org.hibernate.orm.build.doc-pub.properties but the implementation class org.hibernate.orm.docs.DocumentationPublishingPlugin was not found in the jar.
Java versions for main code: [compiler: 21, release:17, explicit: false]
Java versions for test code: [compiler: 21, release:17, launcher: 21, explicit: false]

> Configure project :
No android or java plugins found in the project hibernate-orm, checker compiler options will not be applied.

> Task :hibernate-community-dialects:cleanClasses UP-TO-DATE
> Task :hibernate-graalvm:cleanClasses UP-TO-DATE
> Task :hibernate-jfr:cleanClasses UP-TO-DATE
> Task :hibernate-jcache:cleanClasses UP-TO-DATE
> Task :hibernate-integrationtest-java-modules:cleanClasses UP-TO-DATE
> Task :hibernate-agroal:cleanClasses UP-TO-DATE
> Task :hibernate-gradle-plugin:cleanClasses UP-TO-DATE
> Task :hibernate-c3p0:cleanClasses UP-TO-DATE
> Task :hibernate-envers:cleanClasses UP-TO-DATE
> Task :hibernate-ant:cleanClasses UP-TO-DATE
> Task :hibernate-core:cleanClasses UP-TO-DATE
> Task :hibernate-hikaricp:cleanClasses UP-TO-DATE
> Task :hibernate-maven-plugin:cleanClasses UP-TO-DATE
> Task :hibernate-vector:cleanClasses UP-TO-DATE
> Task :hibernate-micrometer:cleanClasses UP-TO-DATE
> Task :hibernate-testing:cleanClasses UP-TO-DATE
> Task :hibernate-spatial:cleanClasses UP-TO-DATE
> Task :hibernate-scan-jandex:cleanClasses UP-TO-DATE
> Task :hibernate-processor:cleanClasses UP-TO-DATE
> Task :hibernate-integrationtest-java-modules:processResources NO-SOURCE
> Task :hibernate-ant:processResources NO-SOURCE
> Task :hibernate-graalvm:processResources NO-SOURCE
> Task :hibernate-gradle-plugin:pluginDescriptors
> Task :hibernate-maven-plugin:generateMavenPluginHelpMojoSources SKIPPED
> Task :hibernate-processor:processResources
> Task :hibernate-community-dialects:processResources
> Task :hibernate-hikaricp:processResources
> Task :hibernate-envers:processResources
> Task :hibernate-c3p0:processResources
> Task :hibernate-agroal:processResources
> Task :hibernate-jcache:processResources
> Task :hibernate-maven-plugin:processResources NO-SOURCE
> Task :hibernate-micrometer:processResources NO-SOURCE
> Task :spotlessInternalRegisterDependencies
> Task :hibernate-jfr:processResources
> Task :hibernate-scan-jandex:processResources
> Task :hibernate-vector:processResources
> Task :hibernate-testing:processResources
> Task :hibernate-gradle-plugin:processResources
> Task :hibernate-spatial:processResources
> Task :hibernate-ant:processTestResources
> Task :hibernate-c3p0:processTestResources
> Task :hibernate-agroal:processTestResources
> Task :hibernate-graalvm:spotlessJava
> Task :hibernate-graalvm:spotlessJavaApply
> Task :hibernate-hikaricp:spotlessJava
> Task :hibernate-hikaricp:spotlessJavaApply
> Task :hibernate-agroal:spotlessJava
> Task :hibernate-agroal:spotlessJavaApply
> Task :hibernate-scan-jandex:spotlessJava
> Task :hibernate-scan-jandex:spotlessJavaApply
> Task :hibernate-c3p0:spotlessJava
> Task :hibernate-gradle-plugin:spotlessJava
> Task :hibernate-gradle-plugin:spotlessJavaApply
> Task :hibernate-c3p0:spotlessJavaApply
> Task :hibernate-ant:spotlessJava
> Task :hibernate-ant:spotlessJavaApply
> Task :hibernate-graalvm:processTestResources NO-SOURCE
> Task :hibernate-jcache:spotlessJava
> Task :hibernate-jcache:spotlessJavaApply
> Task :hibernate-hikaricp:processTestResources
> Task :hibernate-gradle-plugin:processTestResources
> Task :hibernate-integrationtest-java-modules:processTestResources
> Task :hibernate-micrometer:spotlessJava
> Task :hibernate-scan-jandex:processTestResources NO-SOURCE
> Task :hibernate-micrometer:spotlessJavaApply
> Task :hibernate-maven-plugin:spotlessJava
> Task :hibernate-maven-plugin:spotlessJavaApply
> Task :hibernate-maven-plugin:processTestResources NO-SOURCE
> Task :hibernate-jcache:processTestResources
> Task :hibernate-micrometer:processTestResources
> Task :hibernate-vector:spotlessJava
> Task :hibernate-jfr:spotlessJava
> Task :hibernate-jfr:spotlessJavaApply
> Task :hibernate-vector:spotlessJavaApply
> Task :hibernate-vector:processTestResources
> Task :hibernate-jfr:processTestResources
> Task :hibernate-spatial:spotlessJava
> Task :hibernate-spatial:spotlessJavaApply
> Task :hibernate-spatial:processTestResources
> Task :hibernate-community-dialects:spotlessJava
> Task :hibernate-community-dialects:spotlessJavaApply
> Task :hibernate-community-dialects:processTestResources
> Task :hibernate-testing:spotlessJava
> Task :hibernate-testing:spotlessJavaApply
> Task :hibernate-testing:processTestResources
> Task :hibernate-processor:spotlessJava
> Task :hibernate-processor:spotlessJavaApply
> Task :hibernate-processor:processTestResources
> Task :hibernate-core:generateGraphParser
> Task :hibernate-envers:spotlessJava
> Task :hibernate-envers:spotlessJavaApply
> Task :hibernate-envers:processTestResources
> Task :hibernate-core:generateHqlParser
> Task :hibernate-core:generateOrderingParser
> Task :hibernate-core:generateSqlScriptParser
> Task :hibernate-core:generateParsers
> Task :hibernate-core:xjcCfg
> Task :hibernate-core:xjcConfiguration
> Task :hibernate-core:xjcHbm
> Task :hibernate-core:xjcMapping
> Task :hibernate-core:spotlessJava
> Task :hibernate-core:spotlessJavaApply
> Task :hibernate-core:compileJava
Note: Some input files use or override a deprecated API.
Note: Recompile with -Xlint:deprecation for details.
Note: Some input files use or override a deprecated API that is marked for removal.
Note: Recompile with -Xlint:removal for details.
Note: Some input files use unchecked or unsafe operations.
Note: Recompile with -Xlint:unchecked for details.

> Task :hibernate-core:processResources
> Task :hibernate-core:classes

> Task :hibernate-ant:compileJava
Note: Some input files use or override a deprecated API.
Note: Recompile with -Xlint:deprecation for details.
Note: Some input files use unchecked or unsafe operations.
Note: Recompile with -Xlint:unchecked for details.

> Task :hibernate-ant:classes

> Task :hibernate-hikaricp:compileJava
Note: /repo/hibernate-hikaricp/src/main/java/org/hibernate/hikaricp/internal/HikariConfigurationUtil.java uses or overrides a deprecated API.
Note: Recompile with -Xlint:deprecation for details.

> Task :hibernate-hikaricp:classes

> Task :hibernate-graalvm:compileJava
Note: /repo/hibernate-graalvm/src/main/java/org/hibernate/graalvm/internal/StaticClassLists.java uses or overrides a deprecated API.
Note: Recompile with -Xlint:deprecation for details.

> Task :hibernate-graalvm:classes

> Task :hibernate-scan-jandex:compileJava
Note: /repo/hibernate-scan-jandex/src/main/java/org/hibernate/archive/scan/internal/ScanResultCollector.java uses or overrides a deprecated API.
Note: Recompile with -Xlint:deprecation for details.

> Task :hibernate-scan-jandex:classes

> Task :hibernate-agroal:compileJava
Note: /repo/hibernate-agroal/src/main/java/org/hibernate/agroal/internal/AgroalConnectionProvider.java uses or overrides a deprecated API.
Note: Recompile with -Xlint:deprecation for details.

> Task :hibernate-jcache:compileJava
Note: /repo/hibernate-jcache/src/main/java/org/hibernate/cache/jcache/internal/JCacheRegionFactory.java uses or overrides a deprecated API.
Note: Recompile with -Xlint:deprecation for details.

> Task :hibernate-agroal:classes
> Task :hibernate-jcache:classes
> Task :hibernate-jfr:compileJava
> Task :hibernate-jfr:classes
> Task :hibernate-scan-jandex:compileTestJava NO-SOURCE
> Task :hibernate-scan-jandex:testClasses UP-TO-DATE

> Task :hibernate-c3p0:compileJava
Note: /repo/hibernate-c3p0/src/main/java/org/hibernate/c3p0/internal/C3P0ConnectionProvider.java uses or overrides a deprecated API.
Note: Recompile with -Xlint:deprecation for details.
Note: Some input files use or override a deprecated API.
Note: Recompile with -Xlint:deprecation for details.

> Task :hibernate-micrometer:compileJava

> Task :hibernate-micrometer:classes
> Task :hibernate-c3p0:classes
> Task :hibernate-gradle-plugin:compileJava
> Task :hibernate-gradle-plugin:classes

> Task :hibernate-vector:compileJava
Note: Some input files use or override a deprecated API.
Note: Recompile with -Xlint:deprecation for details.
Note: Some input files use unchecked or unsafe operations.
Note: Recompile with -Xlint:unchecked for details.

> Task :hibernate-vector:classes

> Task :hibernate-graalvm:compileTestJava
Note: /repo/hibernate-graalvm/src/test/java/org/hibernate/graalvm/internal/StaticClassListsTest.java uses unchecked or unsafe operations.
Note: Recompile with -Xlint:unchecked for details.

> Task :hibernate-core:jar
> Task :hibernate-core:copyBundleResourcesNonXml
> Task :hibernate-core:copyBundleResourcesXml
> Task :hibernate-core:copyBundleResources NO-SOURCE
> Task :hibernate-gradle-plugin:compileTestJava
> Task :hibernate-gradle-plugin:testClasses

> Task :hibernate-spatial:compileJava
Note: Some input files use or override a deprecated API.
Note: Recompile with -Xlint:deprecation for details.
Note: Some input files use unchecked or unsafe operations.
Note: Recompile with -Xlint:unchecked for details.

> Task :hibernate-scan-jandex:jar
> Task :hibernate-ant:compileTestJava
> Task :hibernate-ant:testClasses
> Task :hibernate-graalvm:testClasses
> Task :hibernate-spatial:classes
> Task :hibernate-maven-plugin:compileJava
> Task :hibernate-maven-plugin:classes

> Task :hibernate-processor:compileJava
Note: Some input files use or override a deprecated API.
Note: Recompile with -Xlint:deprecation for details.
Note: Some input files use or override a deprecated API that is marked for removal.
Note: Recompile with -Xlint:removal for details.
Note: Some input files use unchecked or unsafe operations.
Note: Recompile with -Xlint:unchecked for details.

> Task :hibernate-core:processTestResources
> Task :hibernate-processor:classes
> Task :hibernate-maven-plugin:compileTestJava
> Task :hibernate-maven-plugin:testClasses
> Task :hibernate-processor:jar
Note: Some input files use or override a deprecated API.
Note: Recompile with -Xlint:deprecation for details.
Note: Some input files use or override a deprecated API that is marked for removal.
Note: Recompile with -Xlint:removal for details.
Note: /repo/hibernate-community-dialects/src/main/java/org/hibernate/community/dialect/SingleStoreDialect.java uses unchecked or unsafe operations.
Note: Recompile with -Xlint:unchecked for details.
> Task :hibernate-community-dialects:compileJava


> Task :hibernate-community-dialects:classes
Note: Some input files use unchecked or unsafe operations.
Note: Recompile with -Xlint:unchecked for details.

> Task :hibernate-processor:compileTestJava

> Task :hibernate-processor:testClasses
Note: Some input files use or override a deprecated API.
Note: Recompile with -Xlint:deprecation for details.
Note: Some input files use or override a deprecated API that is marked for removal.
Note: Recompile with -Xlint:removal for details.
Note: Some input files use unchecked or unsafe operations.
Note: Recompile with -Xlint:unchecked for details.

> Task :hibernate-envers:compileJava

> Task :hibernate-envers:classes
> Task :hibernate-integrationtest-java-modules:compileJava NO-SOURCE
> Task :hibernate-integrationtest-java-modules:classes UP-TO-DATE
> Task :hibernate-envers:jar
> Task :hibernate-integrationtest-java-modules:compileTestJava
> Task :hibernate-integrationtest-java-modules:testClasses
Note: Some input files use or override a deprecated API.
Note: Recompile with -Xlint:deprecation for details.
Note: Some input files use or override a deprecated API that is marked for removal.
Note: Recompile with -Xlint:removal for details.
Note: Some input files use unchecked or unsafe operations.
Note: Recompile with -Xlint:unchecked for details.

> Task :hibernate-testing:compileJava

> Task :hibernate-testing:classes
Note: Some input files use or override a deprecated API.
Note: Recompile with -Xlint:deprecation for details.

> Task :hibernate-testing:compileTestJava

> Task :hibernate-testing:testClasses

> Task :hibernate-agroal:compileTestJava
Note: /repo/hibernate-agroal/src/test/java/org/hibernate/test/agroal/AgroalTransactionIsolationConfigTest.java uses or overrides a deprecated API that is marked for removal.
Note: Recompile with -Xlint:removal for details.

> Task :hibernate-micrometer:compileTestJava

> Task :hibernate-micrometer:testClasses
> Task :hibernate-agroal:testClasses

Note: /repo/hibernate-micrometer/src/test/java/org/hibernate/test/stat/MicrometerCacheStatisticsTest.java uses or overrides a deprecated API.
Note: Recompile with -Xlint:deprecation for details.
> Task :hibernate-c3p0:compileTestJava
Note: Some input files use or override a deprecated API.
Note: Recompile with -Xlint:deprecation for details.
Note: Some input files use or override a deprecated API that is marked for removal.
Note: Recompile with -Xlint:removal for details.
Note: /repo/hibernate-c3p0/src/test/java/org/hibernate/test/c3p0/OracleSQLCallableStatementProxyTest.java uses unchecked or unsafe operations.
Note: Recompile with -Xlint:unchecked for details.

> Task :hibernate-hikaricp:compileTestJava

> Task :hibernate-hikaricp:testClassesNote: Some input files use or override a deprecated API that is marked for removal.
Note: Recompile with -Xlint:removal for details.

> Task :hibernate-c3p0:testClasses

> Task :hibernate-jfr:compileTestJava
Note: Some input files use or override a deprecated API.
Note: Recompile with -Xlint:deprecation for details.

> Task :hibernate-jfr:testClasses

> Task :hibernate-jcache:compileTestJava
Note: Some input files use or override a deprecated API.
Note: Recompile with -Xlint:deprecation for details.
Note: Some input files use or override a deprecated API that is marked for removal.
Note: Recompile with -Xlint:removal for details.
Note: Some input files use unchecked or unsafe operations.
Note: Recompile with -Xlint:unchecked for details.

> Task :hibernate-jcache:testClasses
Note: Some input files use or override a deprecated API.
Note: Recompile with -Xlint:deprecation for details.
Note: Some input files use or override a deprecated API that is marked for removal.
Note: Recompile with -Xlint:removal for details.
Note: Some input files use unchecked or unsafe operations.
Note: Recompile with -Xlint:unchecked for details.

> Task :hibernate-envers:compileTestJava

> Task :hibernate-envers:testClasses
> Task :hibernate-core:compileTestJava
Note: Some input files use or override a deprecated API.
Note: Recompile with -Xlint:deprecation for details.
Note: Some input files use or override a deprecated API that is marked for removal.
Note: Recompile with -Xlint:removal for details.
Note: Some input files use unchecked or unsafe operations.
Note: Recompile with -Xlint:unchecked for details.

> Task :hibernate-core:testClasses
> Task :hibernate-core:testJar
Note: Some input files use or override a deprecated API.
Note: Recompile with -Xlint:deprecation for details.
Note: Some input files use or override a deprecated API that is marked for removal.
Note: Recompile with -Xlint:removal for details.
Note: Some input files use unchecked or unsafe operations.
Note: Recompile with -Xlint:unchecked for details.

> Task :hibernate-community-dialects:compileTestJava

> Task :hibernate-vector:compileTestJava
> Task :hibernate-vector:testClasses

> Task :hibernate-spatial:compileTestJava
Note: Some input files use or override a deprecated API.
Note: Recompile with -Xlint:deprecation for details.
Note: Some input files use or override a deprecated API that is marked for removal.
Note: Recompile with -Xlint:removal for details.
Note: Some input files use unchecked or unsafe operations.
Note: Recompile with -Xlint:unchecked for details.

> Task :hibernate-community-dialects:testClasses
> Task :hibernate-spatial:testClasses

[Incubating] Problems report is available at: file:///repo/target/reports/problems/problems-report.html

Deprecated Gradle features were used in this build, making it incompatible with Gradle 9.0.

You can use '--warning-mode all' to show the individual deprecation warnings and determine if they come from your own scripts or plugins.

For more on this, please refer to https://docs.gradle.org/8.14.3/userguide/command_line_interface.html#sec:command_line_warnings in the Gradle documentation.

BUILD SUCCESSFUL in 5m 48s
149 actionable tasks: 129 executed, 20 up-to-date
--- Build complete for 275387e ---