2026-04-29 00:20:54,050 - backport - INFO - Row 162 [elasticsearch]: extracting original.patch
2026-04-29 00:20:54,060 - backport - INFO - Row 162: 2 total hunks, 1 after filtering (test/non-Java removed)
2026-04-29 00:20:54,062 - backport - INFO - Row 162 [elasticsearch]: extracting developer.patch
2026-04-29 00:20:54,127 - backport - INFO - Row 162: detected 1 test target(s) from developer.patch
2026-04-29 00:20:54,318 - backport - INFO - Row 162: starting PortGPT backport agent
2026-04-29 00:20:57,183 - backport - WARNING - Row 162: could not apply developer non-source changes — Cmd('git') failed due to: exit code(128)
  cmdline: git apply /tmp/tmp17yvkruw.patch
  stderr: 'error: corrupt patch at line 12'
2026-04-29 00:20:57,187 - backport - INFO - Row 162: running build/test validation via helpers/
2026-04-29 00:20:57,188 - backport - INFO -   Running build for elasticsearch (helper: elasticsearch)
2026-04-29 00:28:35,264 - backport - INFO -   Running 1 test target(s) for elasticsearch
2026-04-29 00:34:15,189 - backport - WARNING - Row 162: PARTIAL — 1/1 hunk(s) succeeded
2026-04-29 12:08:08,244 - backport - INFO - Row 162 [elasticsearch]: extracting original.patch
2026-04-29 12:08:08,254 - backport - INFO - Row 162: 2 total hunks, 1 after filtering (test/non-Java removed)
2026-04-29 12:08:08,256 - backport - INFO - Row 162 [elasticsearch]: extracting developer.patch
2026-04-29 12:08:08,321 - backport - INFO - Row 162: detected 1 test target(s) from developer.patch
2026-04-29 12:08:08,500 - backport - INFO - Row 162: starting PortGPT backport agent
2026-04-29 12:08:10,772 - backport - INFO - Row 162: merged 1 non-source hunk(s) from developer.patch into working tree
2026-04-29 12:08:10,774 - backport - INFO - Row 162: running build/test validation via helpers/
2026-04-29 12:08:10,775 - backport - INFO -   Running build for elasticsearch (helper: elasticsearch)
2026-04-29 12:15:08,706 - backport - INFO -   Running 1 test target(s) for elasticsearch
2026-04-29 12:20:27,153 - backport - INFO - Row 162: SUCCESS (direct)
