2026-04-28 17:18:51,741 - backport - INFO - Row 137 [elasticsearch]: extracting original.patch
2026-04-28 17:18:51,753 - backport - INFO - Row 137: 7 total hunks, 1 after filtering (test/non-Java removed)
2026-04-28 17:18:51,755 - backport - INFO - Row 137 [elasticsearch]: extracting developer.patch
2026-04-28 17:18:51,816 - backport - INFO - Row 137: detected 1 test target(s) from developer.patch
2026-04-28 17:18:51,979 - backport - INFO - Row 137: starting PortGPT backport agent
2026-04-28 17:18:54,765 - backport - WARNING - Row 137: could not apply developer non-source changes — Cmd('git') failed due to: exit code(128)
  cmdline: git apply /tmp/tmp1tkr2erz.patch
  stderr: 'error: corrupt patch at line 163'
2026-04-28 17:18:54,768 - backport - INFO - Row 137: running build/test validation via helpers/
2026-04-28 17:18:54,769 - backport - INFO -   Running build for elasticsearch (helper: elasticsearch)
2026-04-28 23:21:27,138 - backport - INFO - Row 137 [elasticsearch]: extracting original.patch
2026-04-28 23:21:27,161 - backport - INFO - Row 137: 7 total hunks, 1 after filtering (test/non-Java removed)
2026-04-28 23:21:27,163 - backport - INFO - Row 137 [elasticsearch]: extracting developer.patch
2026-04-28 23:21:27,328 - backport - INFO - Row 137: detected 1 test target(s) from developer.patch
2026-04-28 23:21:34,275 - backport - INFO - Row 137: starting PortGPT backport agent
2026-04-28 23:21:36,140 - backport - WARNING - Row 137: could not apply developer non-source changes — Cmd('git') failed due to: exit code(128)
  cmdline: git apply /tmp/tmpg_0j7i7o.patch
  stderr: 'error: corrupt patch at line 163'
2026-04-28 23:21:36,143 - backport - INFO - Row 137: running build/test validation via helpers/
2026-04-28 23:21:36,144 - backport - INFO -   Running build for elasticsearch (helper: elasticsearch)
2026-04-28 23:28:59,166 - backport - INFO -   Running 1 test target(s) for elasticsearch
2026-04-28 23:34:24,685 - backport - INFO - Row 137: SUCCESS (direct)
2026-04-29 10:02:21,583 - backport - INFO - Row 137 [elasticsearch]: extracting original.patch
2026-04-29 10:02:21,603 - backport - INFO - Row 137: 7 total hunks, 1 after filtering (test/non-Java removed)
2026-04-29 10:02:21,604 - backport - INFO - Row 137 [elasticsearch]: extracting developer.patch
2026-04-29 10:02:21,663 - backport - INFO - Row 137: detected 1 test target(s) from developer.patch
2026-04-29 10:02:21,838 - backport - INFO - Row 137: starting PortGPT backport agent
2026-04-29 10:02:24,725 - backport - INFO - Row 137: merged 6 non-source hunk(s) from developer.patch into working tree
2026-04-29 10:02:24,727 - backport - INFO - Row 137: running build/test validation via helpers/
2026-04-29 10:02:24,728 - backport - INFO -   Running build for elasticsearch (helper: elasticsearch)
2026-04-29 10:09:40,918 - backport - INFO -   Running 1 test target(s) for elasticsearch
2026-04-29 10:15:21,115 - backport - INFO - Row 137: SUCCESS (direct)
