2026-04-29 00:05:58,933 - backport - INFO - Row 158 [elasticsearch]: extracting original.patch
2026-04-29 00:05:58,950 - backport - INFO - Row 158: 15 total hunks, 8 after filtering (test/non-Java removed)
2026-04-29 00:05:58,951 - backport - INFO - Row 158 [elasticsearch]: extracting developer.patch
2026-04-29 00:05:59,016 - backport - INFO - Row 158: detected 2 test target(s) from developer.patch
2026-04-29 00:05:59,198 - backport - INFO - Row 158: starting PortGPT backport agent
2026-04-29 00:06:07,047 - backport - WARNING - Row 158: could not apply developer non-source changes — Cmd('git') failed due to: exit code(128)
  cmdline: git apply /tmp/tmpy8eioure.patch
  stderr: 'error: corrupt patch at line 402'
2026-04-29 00:06:07,049 - backport - INFO - Row 158: running build/test validation via helpers/
2026-04-29 00:06:07,050 - backport - INFO -   Running build for elasticsearch (helper: elasticsearch)
2026-04-29 00:13:10,606 - backport - INFO -   Running 2 test target(s) for elasticsearch
2026-04-29 00:20:48,765 - backport - WARNING - Row 158: PARTIAL — 8/8 hunk(s) succeeded
2026-04-29 11:53:25,977 - backport - INFO - Row 158 [elasticsearch]: extracting original.patch
2026-04-29 11:53:25,993 - backport - INFO - Row 158: 15 total hunks, 8 after filtering (test/non-Java removed)
2026-04-29 11:53:25,995 - backport - INFO - Row 158 [elasticsearch]: extracting developer.patch
2026-04-29 11:53:26,060 - backport - INFO - Row 158: detected 2 test target(s) from developer.patch
2026-04-29 11:53:26,238 - backport - INFO - Row 158: starting PortGPT backport agent
2026-04-29 11:53:32,906 - backport - INFO - Row 158: merged 7 non-source hunk(s) from developer.patch into working tree
2026-04-29 11:53:32,908 - backport - INFO - Row 158: running build/test validation via helpers/
2026-04-29 11:53:32,909 - backport - INFO -   Running build for elasticsearch (helper: elasticsearch)
2026-04-29 12:00:35,866 - backport - INFO -   Running 2 test target(s) for elasticsearch
2026-04-29 12:08:02,609 - backport - WARNING - Row 158: PARTIAL — 8/8 hunk(s) succeeded
