2026-04-28 23:53:11,971 - backport - INFO - Row 157 [elasticsearch]: extracting original.patch
2026-04-28 23:53:11,983 - backport - INFO - Row 157: 7 total hunks, 4 after filtering (test/non-Java removed)
2026-04-28 23:53:11,985 - backport - INFO - Row 157 [elasticsearch]: extracting developer.patch
2026-04-28 23:53:12,042 - backport - INFO - Row 157: detected 2 test target(s) from developer.patch
2026-04-28 23:53:12,214 - backport - INFO - Row 157: starting PortGPT backport agent
2026-04-28 23:53:16,604 - backport - WARNING - Row 157: could not apply developer non-source changes — Cmd('git') failed due to: exit code(128)
  cmdline: git apply /tmp/tmpn7h_pzsm.patch
  stderr: 'error: corrupt patch at line 70'
2026-04-28 23:53:16,607 - backport - INFO - Row 157: running build/test validation via helpers/
2026-04-28 23:53:16,608 - backport - INFO -   Running build for elasticsearch (helper: elasticsearch)
2026-04-28 23:59:49,501 - backport - INFO -   Running 2 test target(s) for elasticsearch
2026-04-29 00:05:54,148 - backport - INFO - Row 157: SUCCESS (direct)
2026-04-29 11:40:30,216 - backport - INFO - Row 157 [elasticsearch]: extracting original.patch
2026-04-29 11:40:30,227 - backport - INFO - Row 157: 7 total hunks, 4 after filtering (test/non-Java removed)
2026-04-29 11:40:30,229 - backport - INFO - Row 157 [elasticsearch]: extracting developer.patch
2026-04-29 11:40:30,288 - backport - INFO - Row 157: detected 2 test target(s) from developer.patch
2026-04-29 11:40:30,460 - backport - INFO - Row 157: starting PortGPT backport agent
2026-04-29 11:40:34,290 - backport - INFO - Row 157: merged 3 non-source hunk(s) from developer.patch into working tree
2026-04-29 11:40:34,293 - backport - INFO - Row 157: running build/test validation via helpers/
2026-04-29 11:40:34,294 - backport - INFO -   Running build for elasticsearch (helper: elasticsearch)
2026-04-29 11:47:37,795 - backport - INFO -   Running 2 test target(s) for elasticsearch
2026-04-29 11:53:21,531 - backport - INFO - Row 157: SUCCESS (direct)
