2026-04-29 01:02:54,007 - backport - INFO - Row 174 [elasticsearch]: extracting original.patch
2026-04-29 01:02:54,017 - backport - INFO - Row 174: 20 total hunks, 16 after filtering (test/non-Java removed)
2026-04-29 01:02:54,019 - backport - INFO - Row 174 [elasticsearch]: extracting developer.patch
2026-04-29 01:02:54,077 - backport - INFO - Row 174: detected 1 test target(s) from developer.patch
2026-04-29 01:02:54,250 - backport - INFO - Row 174: starting PortGPT backport agent
2026-04-29 01:03:08,526 - backport - WARNING - Row 174: could not apply developer non-source changes — Cmd('git') failed due to: exit code(128)
  cmdline: git apply /tmp/tmpgy8veg9b.patch
  stderr: 'error: corrupt patch at line 79'
2026-04-29 01:03:08,530 - backport - INFO - Row 174: running build/test validation via helpers/
2026-04-29 01:03:08,531 - backport - INFO -   Running build for elasticsearch (helper: elasticsearch)
2026-04-29 12:50:17,197 - backport - INFO - Row 174 [elasticsearch]: extracting original.patch
2026-04-29 12:50:17,216 - backport - INFO - Row 174: 20 total hunks, 16 after filtering (test/non-Java removed)
2026-04-29 12:50:17,217 - backport - INFO - Row 174 [elasticsearch]: extracting developer.patch
2026-04-29 12:50:17,275 - backport - INFO - Row 174: detected 1 test target(s) from developer.patch
2026-04-29 12:50:17,455 - backport - INFO - Row 174: starting PortGPT backport agent
2026-04-29 12:50:31,711 - backport - INFO - Row 174: merged 4 non-source hunk(s) from developer.patch into working tree
2026-04-29 12:50:31,713 - backport - INFO - Row 174: running build/test validation via helpers/
2026-04-29 12:50:31,714 - backport - INFO -   Running build for elasticsearch (helper: elasticsearch)
2026-04-29 12:57:16,564 - backport - WARNING -   Build failed — skipping test run
2026-04-29 12:57:16,567 - backport - WARNING - Row 174: PARTIAL — 16/16 hunk(s) succeeded
