--- Building code for e40226f --- (WORKTREE_MODE=1)
--- Changing directory to /home/hasangaranasinghe/patch-backporting/my_java_dataset/repos/graylog ---
--- Building Docker image... ---
#0 building with "default" instance using docker driver

#1 [internal] load build definition from Dockerfile
#1 transferring dockerfile: 2.04kB done
#1 DONE 0.0s

#2 [internal] load metadata for docker.io/library/eclipse-temurin:21-jdk
#2 DONE 0.3s

#3 [internal] load .dockerignore
#3 transferring context: 2B done
#3 DONE 0.0s

#4 [ 1/10] FROM docker.io/library/eclipse-temurin:21-jdk@sha256:e58e492628c1428ceb838afc1a1b8762673d5eaa09296f560c363daea0fdcf3b
#4 resolve docker.io/library/eclipse-temurin:21-jdk@sha256:e58e492628c1428ceb838afc1a1b8762673d5eaa09296f560c363daea0fdcf3b 0.0s done
#4 DONE 0.0s

#5 [ 5/10] RUN curl -sL https://deb.nodesource.com/setup_18.x | bash -
#5 CACHED

#6 [ 4/10] RUN mkdir -p /usr/share/maven /usr/share/maven/ref     && curl -fsSL -o /tmp/apache-maven.tar.gz https://archive.apache.org/dist/maven/maven-3/3.9.9/binaries/apache-maven-3.9.9-bin.tar.gz     && tar -xzf /tmp/apache-maven.tar.gz -C /usr/share/maven --strip-components=1     && rm -f /tmp/apache-maven.tar.gz     && ln -s /usr/share/maven/bin/mvn /usr/bin/mvn
#6 CACHED

#7 [ 9/10] RUN git config --global --add safe.directory /repo
#7 CACHED

#8 [ 3/10] RUN curl -fsSL -o /tmp/docker.tgz https://download.docker.com/linux/static/stable/x86_64/docker-27.4.0.tgz     && tar -xzf /tmp/docker.tgz -C /tmp     && mv /tmp/docker/docker /usr/bin/docker     && rm -rf /tmp/docker /tmp/docker.tgz     && groupadd -g 999 docker || true
#8 CACHED

#9 [ 7/10] RUN npm install -g yarn
#9 CACHED

#10 [ 8/10] WORKDIR /repo
#10 CACHED

#11 [ 2/10] RUN apt-get update && apt-get install -y --no-install-recommends     build-essential     curl     git     git-lfs     && rm -rf /var/lib/apt/lists/*
#11 CACHED

#12 [ 6/10] RUN apt-get install -y nodejs
#12 CACHED

#13 [10/10] RUN git lfs install --system
#13 CACHED

#14 exporting to image
#14 exporting layers done
#14 exporting manifest sha256:ba06ca81d96a5e1e7b3f189c041748fe35e3bed45d29d93ea129159f23e88082 done
#14 exporting config sha256:b2a376416bdb2f62e0f6a48a53f309a5229a32ad9f21e9c0b56d7a78a925c837 done
#14 exporting attestation manifest sha256:d12266b82be6e4acd1d7ff782326117696c41b81df1e105150b039b6a94bd92b 0.0s done
#14 exporting manifest list sha256:0887d1bfd73d973284bc310c87ccd79f424bc7266177d56014cce158b8793b75
#14 exporting manifest list sha256:0887d1bfd73d973284bc310c87ccd79f424bc7266177d56014cce158b8793b75 0.0s done
#14 naming to docker.io/library/retrofit-graylog2-server-builder:b3d39b0e done
#14 unpacking to docker.io/library/retrofit-graylog2-server-builder:b3d39b0e 0.0s done
#14 DONE 0.1s
--- Running Maven Build... ---
maven-repo
[INFO] Scanning for projects...
[INFO] ------------------------------------------------------------------------
[INFO] Detecting the operating system and CPU architecture
[INFO] ------------------------------------------------------------------------
[INFO] os.detected.name: linux
[INFO] os.detected.arch: x86_64
[INFO] os.detected.bitness: 64
[INFO] os.detected.version: 6.8
[INFO] os.detected.version.major: 6
[INFO] os.detected.version.minor: 8
[INFO] os.detected.release: ubuntu
[INFO] os.detected.release.version: 24.04
[INFO] os.detected.release.like.ubuntu: true
[INFO] os.detected.release.like.debian: true
[INFO] os.detected.classifier: linux-x86_64
[INFO] ------------------------------------------------------------------------
[INFO] Reactor Build Order:
[INFO] 
[INFO] Graylog Parent POM                                                 [pom]
[INFO] Graylog Project Parent POM                                         [pom]
[INFO] Graylog                                                            [jar]
[INFO] Graylog Plugin Parent POM                                          [pom]
[INFO] graylog-storage-elasticsearch7                                     [jar]
[INFO] graylog-storage-opensearch2                                        [jar]
[INFO] DataNode                                                           [jar]
[INFO] full-backend-tests                                                 [jar]
[INFO] Graylog Plugin with Web support Parent POM                         [pom]
[INFO] graylog-plugin-archetype                               [maven-archetype]
[INFO] Graylog Binary Distribution Tarball                                [jar]
[INFO] 
[INFO] Using the MultiThreadedBuilder implementation with a thread count of 12
[INFO] 
[INFO] ---------------------< org.graylog:graylog-parent >---------------------
[INFO] Building Graylog Parent POM 6.2.9-SNAPSHOT                        [1/11]
[INFO]   from pom.xml
[INFO] --------------------------------[ pom ]---------------------------------
[INFO] 
[INFO] --- clean:3.4.1:clean (default-clean) @ graylog-parent ---
[INFO] Deleting /repo/target
[INFO] 
[INFO] --- enforcer:3.5.0:enforce (enforce-versions) @ graylog-parent ---
[INFO] Skipping Rule Enforcement.
[INFO] 
[INFO] --- forbiddenapis:3.9:check (forbidden-apis-src) @ graylog-parent ---
[INFO] Skipping forbidden-apis checks.
[INFO] 
[INFO] --- forbiddenapis:3.9:testCheck (forbidden-apis-test) @ graylog-parent ---
[INFO] Skipping forbidden-apis checks.
[INFO] 
[INFO] --- failsafe:3.5.3:integration-test (default) @ graylog-parent ---
[INFO] Tests are skipped.
[INFO] 
[INFO] --- failsafe:3.5.3:verify (default) @ graylog-parent ---
[INFO] Tests are skipped.
[INFO] 
[INFO] --- license:5.0.0:check (default) @ graylog-parent ---
[INFO] Checking licenses...
[INFO] 
[INFO] --- install:3.1.4:install (default-install) @ graylog-parent ---
[INFO] Installing /repo/pom.xml to /root/.m2/repository/org/graylog/graylog-parent/6.2.9-SNAPSHOT/graylog-parent-6.2.9-SNAPSHOT.pom
[INFO] 
[INFO] -----------------< org.graylog:graylog-project-parent >-----------------
[INFO] Building Graylog Project Parent POM 6.2.9-SNAPSHOT                [2/11]
[INFO]   from graylog-project-parent/pom.xml
[INFO] --------------------------------[ pom ]---------------------------------
[INFO] 
[INFO] --- clean:3.4.1:clean (default-clean) @ graylog-project-parent ---
[INFO] Deleting /repo/graylog-project-parent/target
[INFO] 
[INFO] --- enforcer:3.5.0:enforce (enforce-versions) @ graylog-project-parent ---
[INFO] Skipping Rule Enforcement.
[INFO] 
[INFO] --- forbiddenapis:3.9:check (forbidden-apis-src) @ graylog-project-parent ---
[INFO] Skipping forbidden-apis checks.
[INFO] 
[INFO] --- forbiddenapis:3.9:testCheck (forbidden-apis-test) @ graylog-project-parent ---
[INFO] Skipping forbidden-apis checks.
[INFO] 
[INFO] --- failsafe:3.5.3:integration-test (default) @ graylog-project-parent ---
[INFO] Tests are skipped.
[INFO] 
[INFO] --- failsafe:3.5.3:verify (default) @ graylog-project-parent ---
[INFO] Tests are skipped.
[INFO] 
[INFO] --- license:5.0.0:check (default) @ graylog-project-parent ---
[INFO] Checking licenses...
[INFO] 
[INFO] --- install:3.1.4:install (default-install) @ graylog-project-parent ---
[INFO] Installing /repo/graylog-project-parent/pom.xml to /root/.m2/repository/org/graylog/graylog-project-parent/6.2.9-SNAPSHOT/graylog-project-parent-6.2.9-SNAPSHOT.pom
[INFO] 
[INFO] --------------------< org.graylog2:graylog2-server >--------------------
[INFO] Building Graylog 6.2.9-SNAPSHOT                                   [3/11]
[INFO]   from graylog2-server/pom.xml
[INFO] 
[INFO] ----------------< org.graylog:graylog-plugin-archetype >----------------
[INFO] Building graylog-plugin-archetype 6.2.9-SNAPSHOT                  [4/11]
[INFO] --------------------------------[ jar ]---------------------------------
[INFO]   from graylog-plugin-archetype/pom.xml
[INFO] --------------------------[ maven-archetype ]---------------------------
[WARNING] *****************************************************************
[WARNING] * Your build is requesting parallel execution, but this         *
[WARNING] * project contains the following plugin(s) that have goals not  *
[WARNING] * marked as thread-safe to support parallel execution.          *
[WARNING] * While this /may/ work fine, please look for plugin updates    *
[WARNING] * and/or request plugins be made thread-safe.                   *
[WARNING] * If reporting an issue, report it against the plugin in        *
[WARNING] * question, not against Apache Maven.                           *
[WARNING] *****************************************************************
[WARNING] The following plugins are not marked as thread-safe in graylog-plugin-archetype:
[WARNING]   org.apache.maven.plugins:maven-archetype-plugin:3.3.1
[WARNING] 
[WARNING] Enable debug to see precisely which goals are not marked as thread-safe.
[WARNING] *****************************************************************
[INFO] 
[INFO] --- clean:3.4.1:clean (default-clean) @ graylog-plugin-archetype ---
[INFO] Deleting /repo/graylog-plugin-archetype/target
[INFO] 
[INFO] --- enforcer:3.5.0:enforce (enforce-versions) @ graylog-plugin-archetype ---
[INFO] Skipping Rule Enforcement.
[INFO] 
[INFO] --- resources:3.3.1:resources (default-resources) @ graylog-plugin-archetype ---
[INFO] Copying 17 resources from src/main/resources to target/classes
[INFO] 
[INFO] --- forbiddenapis:3.9:check (forbidden-apis-src) @ graylog-plugin-archetype ---
[INFO] Skipping forbidden-apis checks.
[INFO] 
[INFO] --- resources:3.3.1:testResources (default-testResources) @ graylog-plugin-archetype ---
[INFO] skip non existing resourceDirectory /repo/graylog-plugin-archetype/src/test/resources
[INFO] 
[INFO] --- forbiddenapis:3.9:testCheck (forbidden-apis-test) @ graylog-plugin-archetype ---
[INFO] Skipping forbidden-apis checks.
[INFO] 
[INFO] --- archetype:3.3.1:jar (default-jar) @ graylog-plugin-archetype ---
[INFO] Building archetype jar: /repo/graylog-plugin-archetype/target/graylog-plugin-archetype-6.2.9-SNAPSHOT.jar
[INFO] Building jar: /repo/graylog-plugin-archetype/target/graylog-plugin-archetype-6.2.9-SNAPSHOT.jar
[INFO] 
[INFO] --- archetype:3.3.1:integration-test (default-integration-test) @ graylog-plugin-archetype ---
[WARNING] No Archetype IT projects: root 'projects' directory not found.
[INFO] 
[INFO] --- failsafe:3.5.3:integration-test (default) @ graylog-plugin-archetype ---
[INFO] Tests are skipped.
[INFO] 
[INFO] --- failsafe:3.5.3:verify (default) @ graylog-plugin-archetype ---
[INFO] Tests are skipped.
[INFO] 
[INFO] --- license:5.0.0:check (default) @ graylog-plugin-archetype ---
[INFO] Checking licenses...
[INFO] 
[INFO] --- install:3.1.4:install (default-install) @ graylog-plugin-archetype ---
[INFO] Installing /repo/graylog-plugin-archetype/pom.xml to /root/.m2/repository/org/graylog/graylog-plugin-archetype/6.2.9-SNAPSHOT/graylog-plugin-archetype-6.2.9-SNAPSHOT.pom
[INFO] Installing /repo/graylog-plugin-archetype/target/graylog-plugin-archetype-6.2.9-SNAPSHOT.jar to /root/.m2/repository/org/graylog/graylog-plugin-archetype/6.2.9-SNAPSHOT/graylog-plugin-archetype-6.2.9-SNAPSHOT.jar
[INFO] 
[INFO] --- archetype:3.3.1:update-local-catalog (default-update-local-catalog) @ graylog-plugin-archetype ---
[INFO] Updated local archetypes catalog /root/.m2/repository/archetype-catalog.xml
[INFO] 
[INFO] --- clean:3.4.1:clean (default-clean) @ graylog2-server ---
[INFO] Deleting /repo/graylog2-server/target
[INFO] Deleting /repo/graylog2-web-interface (includes = [target/**/*, node_modules/**/*], excludes = [])
[INFO] 
[INFO] --- enforcer:3.5.0:enforce (enforce-versions) @ graylog2-server ---
[INFO] Skipping Rule Enforcement.
[INFO] 
[INFO] --- buildnumber:3.2.1:create (default) @ graylog2-server ---
[INFO] Executing: /bin/sh -c cd '/repo/graylog2-server' && 'git' 'log' '-1' '--no-merges' '--format=format:%H %aI %aE %aN'
[INFO] Working directory: /repo/graylog2-server
[INFO] Storing buildNumber: e40226f304baf7652c05ac9e30866638ef6ec557 at timestamp: 1777430220922
[INFO] Executing: /bin/sh -c cd '/repo/graylog2-server' && 'git' 'symbolic-ref' 'HEAD'
[INFO] Working directory: /repo/graylog2-server
[WARNING] Cannot get the branch information from the git repository: 
Detecting the current branch failed: fatal: ref HEAD is not a symbolic ref

[INFO] Executing: /bin/sh -c cd '/repo/graylog2-server' && 'git' 'log' '-1' '--no-merges' '--format=format:%H %aI %aE %aN'
[INFO] Working directory: /repo/graylog2-server
[INFO] Storing scmBranch: UNKNOWN
[INFO] 
[INFO] --- antlr4:4.13.2:antlr4 (antlr) @ graylog2-server ---
[INFO] ANTLR 4: Processing source directory /repo/graylog2-server/src/main/antlr4
[INFO] Processing grammar: org/graylog/plugins/pipelineprocessor/parser/RuleLang.g4
[INFO] 
[INFO] --- protobuf:0.6.1:compile (default) @ graylog2-server ---
[INFO] Compiling 1 proto file(s) to /repo/graylog2-server/target/generated-sources/protobuf/java
[INFO] 
[INFO] --- protobuf:0.6.1:compile-custom (default) @ graylog2-server ---
[INFO] Compiling 1 proto file(s) to /repo/graylog2-server/target/generated-sources/protobuf/grpc-java
[INFO] 
[INFO] --- build-helper:3.6.0:parse-version (parse-version) @ graylog2-server ---
[INFO] 
[INFO] --- frontend:1.15.1:install-node-and-yarn (install node and yarn) @ graylog2-server ---
[INFO] Node v20.17.0 is already installed.
[INFO] Yarn 1.22.22 is already installed.
[INFO] 
[INFO] --- resources:3.3.1:resources (default-resources) @ graylog2-server ---
[INFO] skip non existing resourceDirectory /repo/graylog2-web-interface/target/web/build
[INFO] skip non existing resourceDirectory /repo/graylog2-web-interface/target/preflight/build
[INFO] Copying 135 resources from src/main/resources to target/classes
[INFO] Copying 3 resources from src/main/resources to target/classes
[INFO] Copying 1 resource from src/main/proto to target/classes
[INFO] Copying 1 resource from src/main/proto to target/classes
[INFO] The encoding used to copy filtered properties files have not been set. This means that the same encoding will be used to copy filtered properties files as when copying other filtered resources. This might not be what you want! Run your build with --debug to see which files might be affected. Read more at https://maven.apache.org/plugins/maven-resources-plugin/examples/filtering-properties-files.html
[INFO] 
[INFO] --- compiler:3.14.0:compile (default-compile) @ graylog2-server ---
[WARNING]  Parameter 'forceJavacCompilerUse' (user property 'maven.compiler.forceJavacCompilerUse') is deprecated: Use forceLegacyJavacApi instead
[INFO] Compiling 3697 source files with javac [debug deprecation release 17] to target/classes
[WARNING] /repo/graylog2-server/src/main/java/org/graylog2/plugin/Message.java:[76,32] [deprecation] GraylogSchemaFields in org.graylog.schema has been deprecated
[WARNING] /repo/graylog2-server/src/main/java/org/graylog2/plugin/Message.java:[77,32] [deprecation] GraylogSchemaFields in org.graylog.schema has been deprecated
[WARNING] /repo/graylog2-server/src/main/java/org/graylog2/plugin/Message.java:[78,32] [deprecation] GraylogSchemaFields in org.graylog.schema has been deprecated
[WARNING] /repo/graylog2-server/src/main/java/org/graylog2/plugin/Message.java:[79,32] [deprecation] GraylogSchemaFields in org.graylog.schema has been deprecated
[WARNING] /repo/graylog2-server/src/main/java/org/graylog2/plugin/Message.java:[80,32] [deprecation] GraylogSchemaFields in org.graylog.schema has been deprecated
[WARNING] /repo/graylog2-server/src/main/java/org/graylog2/plugin/Message.java:[81,32] [deprecation] GraylogSchemaFields in org.graylog.schema has been deprecated
[WARNING] /repo/graylog2-server/src/main/java/org/graylog2/plugin/Message.java:[82,32] [deprecation] GraylogSchemaFields in org.graylog.schema has been deprecated
[WARNING] /repo/graylog2-server/src/main/java/org/graylog2/plugin/Message.java:[83,32] [deprecation] GraylogSchemaFields in org.graylog.schema has been deprecated
[WARNING] /repo/graylog2-server/src/main/java/org/graylog2/plugin/Message.java:[84,32] [deprecation] GraylogSchemaFields in org.graylog.schema has been deprecated
[WARNING] /repo/graylog2-server/src/main/java/org/graylog2/plugin/Message.java:[85,32] [deprecation] GraylogSchemaFields in org.graylog.schema has been deprecated
[WARNING] /repo/graylog2-server/src/main/java/org/graylog2/plugin/Message.java:[86,32] [deprecation] GraylogSchemaFields in org.graylog.schema has been deprecated
[WARNING] /repo/graylog2-server/src/main/java/org/graylog/plugins/views/migrations/V20191125144500_MigrateDashboardsToViewsSupport/AggregationWidget.java:[117,32] [AutoValueBuilderSetterNullable] Setter methods always return the Builder so @Nullable is not appropriate
[WARNING] /repo/graylog2-server/src/main/java/org/graylog/plugins/views/search/QueryResult.java:[100,32] [AutoValueBuilderSetterNullable] Setter methods always return the Builder so @Nullable is not appropriate
[WARNING] /repo/graylog2-server/src/main/java/org/graylog/plugins/views/search/engine/suggestions/SuggestionRequest.java:[61,48] [AutoValueBuilderInBuilder] Static builder() method should be in the containing class
[WARNING] /repo/graylog2-server/src/main/java/org/graylog/plugins/views/search/rest/ValidationMessageDTO.java:[73,32] [AutoValueBuilderSetterNullable] Setter methods always return the Builder so @Nullable is not appropriate
[WARNING] /repo/graylog2-server/src/main/java/org/graylog/plugins/views/search/rest/ValidationMessageDTO.java:[76,32] [AutoValueBuilderSetterNullable] Setter methods always return the Builder so @Nullable is not appropriate
[WARNING] /repo/graylog2-server/src/main/java/org/graylog/plugins/views/search/rest/ValidationMessageDTO.java:[79,32] [AutoValueBuilderSetterNullable] Setter methods always return the Builder so @Nullable is not appropriate
[WARNING] /repo/graylog2-server/src/main/java/org/graylog/plugins/views/search/rest/ValidationMessageDTO.java:[82,32] [AutoValueBuilderSetterNullable] Setter methods always return the Builder so @Nullable is not appropriate
[WARNING] /repo/graylog2-server/src/main/java/org/graylog/plugins/views/search/rest/ValidationMessageDTO.java:[87,32] [AutoValueBuilderSetterNullable] Setter methods always return the Builder so @Nullable is not appropriate
[WARNING] /repo/graylog2-server/src/main/java/org/graylog/plugins/views/search/searchtypes/pivot/PivotResult.java:[90,32] [AutoValueBuilderSetterNullable] Setter methods always return the Builder so @Nullable is not appropriate
[WARNING] /repo/graylog2-server/src/main/java/org/graylog/plugins/views/search/validation/ValidationRequest.java:[98,30] [AutoValueBuilderInBuilder] Static builder() method should be in the containing class
[WARNING] /repo/graylog2-server/src/main/java/org/graylog/plugins/views/search/views/ViewStateDTO.java:[95,32] [AutoValueBuilderSetterNullable] Setter methods always return the Builder so @Nullable is not appropriate
[WARNING] /repo/graylog2-server/src/main/java/org/graylog/plugins/views/search/views/ViewStateDTO.java:[99,32] [AutoValueBuilderSetterNullable] Setter methods always return the Builder so @Nullable is not appropriate
[WARNING] /repo/graylog2-server/src/main/java/org/graylog/plugins/views/search/views/widgets/aggregation/SeriesConfigDTO.java:[45,32] [AutoValueBuilderSetterNullable] Setter methods always return the Builder so @Nullable is not appropriate
[WARNING] /repo/graylog2-server/src/main/java/org/graylog/plugins/views/search/views/widgets/messagelist/MessageListConfigDTO.java:[82,32] [AutoValueBuilderSetterNullable] Setter methods always return the Builder so @Nullable is not appropriate
[WARNING] /repo/graylog2-server/src/main/java/org/graylog2/contentpacks/model/entities/ViewStateEntity.java:[88,32] [AutoValueBuilderSetterNullable] Setter methods always return the Builder so @Nullable is not appropriate
[WARNING] /repo/graylog2-server/src/main/java/org/graylog2/contentpacks/model/entities/ViewStateEntity.java:[92,32] [AutoValueBuilderSetterNullable] Setter methods always return the Builder so @Nullable is not appropriate
[WARNING] /repo/graylog2-server/src/main/java/org/graylog2/lookup/adapters/dnslookup/ADnsAnswer.java:[79,43] [AutoValueBuilderSetterNullable] Setter methods always return the Builder so @Nullable is not appropriate
[WARNING] /repo/graylog2-server/src/main/java/org/graylog2/rest/resources/entities/EntityAttribute.java:[95,30] [AutoValueBuilderInBuilder] Static builder() method should be in the containing class
[WARNING] /repo/graylog2-server/src/main/java/org/graylog2/rest/resources/entities/EntityDefaults.java:[39,30] [AutoValueBuilderInBuilder] Static builder() method should be in the containing class
[WARNING] /repo/graylog2-server/src/main/java/org/graylog2/plugin/Message.java:[76,32] [deprecation] GraylogSchemaFields in org.graylog.schema has been deprecated
[WARNING] /repo/graylog2-server/src/main/java/org/graylog2/plugin/Message.java:[77,32] [deprecation] GraylogSchemaFields in org.graylog.schema has been deprecated
[WARNING] /repo/graylog2-server/src/main/java/org/graylog2/plugin/Message.java:[78,32] [deprecation] GraylogSchemaFields in org.graylog.schema has been deprecated
[WARNING] /repo/graylog2-server/src/main/java/org/graylog2/plugin/Message.java:[79,32] [deprecation] GraylogSchemaFields in org.graylog.schema has been deprecated
[WARNING] /repo/graylog2-server/src/main/java/org/graylog2/plugin/Message.java:[80,32] [deprecation] GraylogSchemaFields in org.graylog.schema has been deprecated
[WARNING] /repo/graylog2-server/src/main/java/org/graylog2/plugin/Message.java:[81,32] [deprecation] GraylogSchemaFields in org.graylog.schema has been deprecated
[WARNING] /repo/graylog2-server/src/main/java/org/graylog2/plugin/Message.java:[82,32] [deprecation] GraylogSchemaFields in org.graylog.schema has been deprecated
[WARNING] /repo/graylog2-server/src/main/java/org/graylog2/plugin/Message.java:[83,32] [deprecation] GraylogSchemaFields in org.graylog.schema has been deprecated
[WARNING] /repo/graylog2-server/src/main/java/org/graylog2/plugin/Message.java:[84,32] [deprecation] GraylogSchemaFields in org.graylog.schema has been deprecated
[WARNING] /repo/graylog2-server/src/main/java/org/graylog2/plugin/Message.java:[85,32] [deprecation] GraylogSchemaFields in org.graylog.schema has been deprecated
[WARNING] /repo/graylog2-server/src/main/java/org/graylog2/plugin/Message.java:[86,32] [deprecation] GraylogSchemaFields in org.graylog.schema has been deprecated
[WARNING] /repo/graylog2-server/src/main/java/org/graylog2/plugin/Message.java:[76,32] [deprecation] GraylogSchemaFields in org.graylog.schema has been deprecated
[WARNING] /repo/graylog2-server/src/main/java/org/graylog2/plugin/Message.java:[77,32] [deprecation] GraylogSchemaFields in org.graylog.schema has been deprecated
[WARNING] /repo/graylog2-server/src/main/java/org/graylog2/plugin/Message.java:[78,32] [deprecation] GraylogSchemaFields in org.graylog.schema has been deprecated
[WARNING] /repo/graylog2-server/src/main/java/org/graylog2/plugin/Message.java:[79,32] [deprecation] GraylogSchemaFields in org.graylog.schema has been deprecated
[WARNING] /repo/graylog2-server/src/main/java/org/graylog2/plugin/Message.java:[80,32] [deprecation] GraylogSchemaFields in org.graylog.schema has been deprecated
[WARNING] /repo/graylog2-server/src/main/java/org/graylog2/plugin/Message.java:[81,32] [deprecation] GraylogSchemaFields in org.graylog.schema has been deprecated
[WARNING] /repo/graylog2-server/src/main/java/org/graylog2/plugin/Message.java:[82,32] [deprecation] GraylogSchemaFields in org.graylog.schema has been deprecated
[WARNING] /repo/graylog2-server/src/main/java/org/graylog2/plugin/Message.java:[83,32] [deprecation] GraylogSchemaFields in org.graylog.schema has been deprecated
[WARNING] /repo/graylog2-server/src/main/java/org/graylog2/plugin/Message.java:[84,32] [deprecation] GraylogSchemaFields in org.graylog.schema has been deprecated
[WARNING] /repo/graylog2-server/src/main/java/org/graylog2/plugin/Message.java:[85,32] [deprecation] GraylogSchemaFields in org.graylog.schema has been deprecated
[WARNING] /repo/graylog2-server/src/main/java/org/graylog2/plugin/Message.java:[86,32] [deprecation] GraylogSchemaFields in org.graylog.schema has been deprecated
[WARNING] /repo/graylog2-server/src/main/java/org/graylog2/plugin/Message.java:[76,32] [deprecation] GraylogSchemaFields in org.graylog.schema has been deprecated
[WARNING] /repo/graylog2-server/src/main/java/org/graylog2/plugin/Message.java:[77,32] [deprecation] GraylogSchemaFields in org.graylog.schema has been deprecated
[WARNING] /repo/graylog2-server/src/main/java/org/graylog2/plugin/Message.java:[78,32] [deprecation] GraylogSchemaFields in org.graylog.schema has been deprecated
[WARNING] /repo/graylog2-server/src/main/java/org/graylog2/plugin/Message.java:[79,32] [deprecation] GraylogSchemaFields in org.graylog.schema has been deprecated
[WARNING] /repo/graylog2-server/src/main/java/org/graylog2/plugin/Message.java:[80,32] [deprecation] GraylogSchemaFields in org.graylog.schema has been deprecated
[WARNING] /repo/graylog2-server/src/main/java/org/graylog2/plugin/Message.java:[81,32] [deprecation] GraylogSchemaFields in org.graylog.schema has been deprecated
[WARNING] /repo/graylog2-server/src/main/java/org/graylog2/plugin/Message.java:[82,32] [deprecation] GraylogSchemaFields in org.graylog.schema has been deprecated
[WARNING] /repo/graylog2-server/src/main/java/org/graylog2/plugin/Message.java:[83,32] [deprecation] GraylogSchemaFields in org.graylog.schema has been deprecated
[WARNING] /repo/graylog2-server/src/main/java/org/graylog2/plugin/Message.java:[84,32] [deprecation] GraylogSchemaFields in org.graylog.schema has been deprecated
[WARNING] /repo/graylog2-server/src/main/java/org/graylog2/plugin/Message.java:[85,32] [deprecation] GraylogSchemaFields in org.graylog.schema has been deprecated
[WARNING] /repo/graylog2-server/src/main/java/org/graylog2/plugin/Message.java:[86,32] [deprecation] GraylogSchemaFields in org.graylog.schema has been deprecated
[WARNING] /repo/graylog2-server/src/main/java/org/graylog2/plugin/BaseConfiguration.java:[49,43] [deprecation] validator() in Parameter has been deprecated
[WARNING] /repo/graylog2-server/src/main/java/org/graylog2/plugin/BaseConfiguration.java:[49,43] [deprecation] validator() in Parameter has been deprecated
[WARNING] /repo/graylog2-server/src/main/java/org/graylog2/plugin/BaseConfiguration.java:[49,43] [deprecation] validator() in Parameter has been deprecated
[WARNING] /repo/graylog2-server/src/main/java/org/graylog2/plugin/BaseConfiguration.java:[49,43] [deprecation] validator() in Parameter has been deprecated
[WARNING] /repo/graylog2-server/src/main/java/org/graylog2/plugin/BaseConfiguration.java:[52,68] [deprecation] validator() in Parameter has been deprecated
[WARNING] /repo/graylog2-server/src/main/java/org/graylog2/plugin/BaseConfiguration.java:[52,68] [deprecation] validator() in Parameter has been deprecated
[WARNING] /repo/graylog2-server/src/main/java/org/graylog2/plugin/BaseConfiguration.java:[52,68] [deprecation] validator() in Parameter has been deprecated
[WARNING] /repo/graylog2-server/src/main/java/org/graylog2/plugin/BaseConfiguration.java:[52,68] [deprecation] validator() in Parameter has been deprecated
[WARNING] /repo/graylog2-server/src/main/java/org/graylog2/plugin/BaseConfiguration.java:[58,53] [deprecation] validator() in Parameter has been deprecated
[WARNING] /repo/graylog2-server/src/main/java/org/graylog2/plugin/BaseConfiguration.java:[58,53] [deprecation] validator() in Parameter has been deprecated
[WARNING] /repo/graylog2-server/src/main/java/org/graylog2/plugin/BaseConfiguration.java:[58,53] [deprecation] validator() in Parameter has been deprecated
[WARNING] /repo/graylog2-server/src/main/java/org/graylog2/plugin/BaseConfiguration.java:[58,53] [deprecation] validator() in Parameter has been deprecated
[WARNING] /repo/graylog2-server/src/main/java/org/graylog2/plugin/BaseConfiguration.java:[61,65] [deprecation] validator() in Parameter has been deprecated
[WARNING] /repo/graylog2-server/src/main/java/org/graylog2/plugin/BaseConfiguration.java:[61,65] [deprecation] validator() in Parameter has been deprecated
[WARNING] /repo/graylog2-server/src/main/java/org/graylog2/plugin/BaseConfiguration.java:[61,65] [deprecation] validator() in Parameter has been deprecated
[WARNING] /repo/graylog2-server/src/main/java/org/graylog2/plugin/BaseConfiguration.java:[61,65] [deprecation] validator() in Parameter has been deprecated
[WARNING] /repo/graylog2-server/src/main/java/org/graylog2/plugin/BaseConfiguration.java:[70,64] [deprecation] validator() in Parameter has been deprecated
[WARNING] /repo/graylog2-server/src/main/java/org/graylog2/plugin/BaseConfiguration.java:[70,64] [deprecation] validator() in Parameter has been deprecated
[WARNING] /repo/graylog2-server/src/main/java/org/graylog2/plugin/BaseConfiguration.java:[70,64] [deprecation] validator() in Parameter has been deprecated
[WARNING] /repo/graylog2-server/src/main/java/org/graylog2/plugin/BaseConfiguration.java:[70,64] [deprecation] validator() in Parameter has been deprecated
[WARNING] /repo/graylog2-server/src/main/java/org/graylog2/plugin/BaseConfiguration.java:[97,47] [deprecation] validator() in Parameter has been deprecated
[WARNING] /repo/graylog2-server/src/main/java/org/graylog2/plugin/BaseConfiguration.java:[97,47] [deprecation] validator() in Parameter has been deprecated
[WARNING] /repo/graylog2-server/src/main/java/org/graylog2/plugin/BaseConfiguration.java:[97,47] [deprecation] validator() in Parameter has been deprecated
[WARNING] /repo/graylog2-server/src/main/java/org/graylog2/plugin/BaseConfiguration.java:[97,47] [deprecation] validator() in Parameter has been deprecated
[WARNING] /repo/graylog2-server/src/main/java/org/graylog2/plugin/BaseConfiguration.java:[100,45] [deprecation] validator() in Parameter has been deprecated
[WARNING] /repo/graylog2-server/src/main/java/org/graylog2/plugin/BaseConfiguration.java:[100,45] [deprecation] validator() in Parameter has been deprecated
[WARNING] /repo/graylog2-server/src/main/java/org/graylog2/plugin/BaseConfiguration.java:[100,45] [deprecation] validator() in Parameter has been deprecated
[WARNING] /repo/graylog2-server/src/main/java/org/graylog2/plugin/BaseConfiguration.java:[100,45] [deprecation] validator() in Parameter has been deprecated
[WARNING] /repo/graylog2-server/src/main/java/org/graylog2/plugin/BaseConfiguration.java:[103,44] [deprecation] validator() in Parameter has been deprecated
[WARNING] /repo/graylog2-server/src/main/java/org/graylog2/plugin/BaseConfiguration.java:[103,44] [deprecation] validator() in Parameter has been deprecated
[WARNING] /repo/graylog2-server/src/main/java/org/graylog2/plugin/BaseConfiguration.java:[103,44] [deprecation] validator() in Parameter has been deprecated
[WARNING] /repo/graylog2-server/src/main/java/org/graylog2/plugin/BaseConfiguration.java:[103,44] [deprecation] validator() in Parameter has been deprecated
[WARNING] /repo/graylog2-server/src/main/java/org/graylog2/plugin/BaseConfiguration.java:[106,46] [deprecation] validator() in Parameter has been deprecated
[WARNING] /repo/graylog2-server/src/main/java/org/graylog2/plugin/BaseConfiguration.java:[106,46] [deprecation] validator() in Parameter has been deprecated
[WARNING] /repo/graylog2-server/src/main/java/org/graylog2/plugin/BaseConfiguration.java:[106,46] [deprecation] validator() in Parameter has been deprecated
[WARNING] /repo/graylog2-server/src/main/java/org/graylog2/plugin/BaseConfiguration.java:[106,46] [deprecation] validator() in Parameter has been deprecated
[WARNING] /repo/graylog2-server/src/main/java/org/graylog2/plugin/BaseConfiguration.java:[109,77] [deprecation] validator() in Parameter has been deprecated
[INFO] 
[INFO] --- forbiddenapis:3.9:check (forbidden-apis-src) @ graylog2-server ---
[INFO] Skipping forbidden-apis checks.
[INFO] 
[INFO] --- exec:3.5.0:java (default) @ graylog2-server ---
Generating Swagger definition for API ...
Writing /repo/graylog2-server/target/swagger/AWS.json
Writing /repo/graylog2-server/target/swagger/AWS/Config.json
Writing /repo/graylog2-server/target/swagger/AWSKinesisAuto.json
Writing /repo/graylog2-server/target/swagger/Authorization/GrantsOverview.json
Writing /repo/graylog2-server/target/swagger/Authorization/Roles.json
Writing /repo/graylog2-server/target/swagger/Authorization/Shares.json
Writing /repo/graylog2-server/target/swagger/CA.json
Writing /repo/graylog2-server/target/swagger/Certificate Renewal.json
Writing /repo/graylog2-server/target/swagger/Certificates.json
Writing /repo/graylog2-server/target/swagger/Client Certificates.json
Writing /repo/graylog2-server/target/swagger/Cluster.json
Writing /repo/graylog2-server/target/swagger/Cluster/Debug/SupportBundle.json
Writing /repo/graylog2-server/target/swagger/Cluster/Deflector.json
Writing /repo/graylog2-server/target/swagger/Cluster/InputState.json
Writing /repo/graylog2-server/target/swagger/Cluster/Jobs.json
Writing /repo/graylog2-server/target/swagger/Cluster/Journal.json
Writing /repo/graylog2-server/target/swagger/Cluster/LoadBalancers.json
Writing /repo/graylog2-server/target/swagger/Cluster/LookupTable.json
Writing /repo/graylog2-server/target/swagger/Cluster/Metrics.json
Writing /repo/graylog2-server/target/swagger/Cluster/Node/Metrics.json
Writing /repo/graylog2-server/target/swagger/Cluster/Plugins.json
Writing /repo/graylog2-server/target/swagger/Cluster/Processing.json
Writing /repo/graylog2-server/target/swagger/Cluster/Processing/Status.json
Writing /repo/graylog2-server/target/swagger/Cluster/System/Loggers.json
Writing /repo/graylog2-server/target/swagger/ContentStream.json
Writing /repo/graylog2-server/target/swagger/Dashboards.json
Writing /repo/graylog2-server/target/swagger/DataNodes/API.json
Writing /repo/graylog2-server/target/swagger/DataNodes/REST/API.json
Writing /repo/graylog2-server/target/swagger/Datanode.json
Writing /repo/graylog2-server/target/swagger/DatanodeUpgrade.json
Writing /repo/graylog2-server/target/swagger/Documentation.json
Writing /repo/graylog2-server/target/swagger/Enterprise.json
Writing /repo/graylog2-server/target/swagger/EntityLists.json
Writing /repo/graylog2-server/target/swagger/EntityScope.json
Writing /repo/graylog2-server/target/swagger/EntitySuggestions.json
Writing /repo/graylog2-server/target/swagger/Events.json
Writing /repo/graylog2-server/target/swagger/Events/Definitions.json
Writing /repo/graylog2-server/target/swagger/Events/EntityTypes.json
Writing /repo/graylog2-server/target/swagger/Events/Notifications.json
Writing /repo/graylog2-server/target/swagger/Extractors.json
Writing /repo/graylog2-server/target/swagger/Favorites.json
Writing /repo/graylog2-server/target/swagger/FieldTypes.json
Writing /repo/graylog2-server/target/swagger/Hello World.json
Writing /repo/graylog2-server/target/swagger/Indexer/Cluster.json
Writing /repo/graylog2-server/target/swagger/Indexer/Failures.json
Writing /repo/graylog2-server/target/swagger/Indexer/Indices.json
Writing /repo/graylog2-server/target/swagger/Indexer/Indices/Templates.json
Writing /repo/graylog2-server/target/swagger/Indexer/Overview.json
Writing /repo/graylog2-server/target/swagger/Legacy/Search/Absolute.json
Writing /repo/graylog2-server/target/swagger/Legacy/Search/Keyword.json
Writing /repo/graylog2-server/target/swagger/Legacy/Search/Relative.json
Writing /repo/graylog2-server/target/swagger/Messages.json
Writing /repo/graylog2-server/target/swagger/Migration.json
Writing /repo/graylog2-server/target/swagger/Pipelines/Connections.json
Writing /repo/graylog2-server/target/swagger/Pipelines/Pipelines.json
Writing /repo/graylog2-server/target/swagger/Pipelines/Rulebuilder.json
Writing /repo/graylog2-server/target/swagger/Pipelines/Rules.json
Writing /repo/graylog2-server/target/swagger/Pipelines/Simulator.json
Writing /repo/graylog2-server/target/swagger/ReindexMigration.json
Writing /repo/graylog2-server/target/swagger/Roles.json
Writing /repo/graylog2-server/target/swagger/Search.json
Writing /repo/graylog2-server/target/swagger/Search/Decorators.json
Writing /repo/graylog2-server/target/swagger/Search/Export.json
Writing /repo/graylog2-server/target/swagger/Search/Functions.json
Writing /repo/graylog2-server/target/swagger/Search/Messages.json
Writing /repo/graylog2-server/target/swagger/Search/Metadata.json
Writing /repo/graylog2-server/target/swagger/Search/Pivot/Export.json
Writing /repo/graylog2-server/target/swagger/Search/Query Strings.json
Writing /repo/graylog2-server/target/swagger/Search/Saved.json
Writing /repo/graylog2-server/target/swagger/Search/Simple.json
Writing /repo/graylog2-server/target/swagger/Search/Suggestions.json
Writing /repo/graylog2-server/target/swagger/Search/Validation.json
Writing /repo/graylog2-server/target/swagger/SearchJobs.json
Writing /repo/graylog2-server/target/swagger/Sidecar.json
Writing /repo/graylog2-server/target/swagger/Sidecar/Administration.json
Writing /repo/graylog2-server/target/swagger/Sidecar/Collector/Actions.json
Writing /repo/graylog2-server/target/swagger/Sidecar/Collectors.json
Writing /repo/graylog2-server/target/swagger/Sidecar/ConfigurationVariables.json
Writing /repo/graylog2-server/target/swagger/Sidecar/Configurations.json
Writing /repo/graylog2-server/target/swagger/StartPage.json
Writing /repo/graylog2-server/target/swagger/StaticFields.json
Writing /repo/graylog2-server/target/swagger/Stream/Destinations/Filters.json
Writing /repo/graylog2-server/target/swagger/Stream/Destinations/Filters/Builder.json
Writing /repo/graylog2-server/target/swagger/StreamOutputs.json
Writing /repo/graylog2-server/target/swagger/StreamRules.json
Writing /repo/graylog2-server/target/swagger/StreamRulesInputs.json
Writing /repo/graylog2-server/target/swagger/Streams.json
Writing /repo/graylog2-server/target/swagger/System.json
Writing /repo/graylog2-server/target/swagger/System/Authentication/HTTPHeaderAuthConfig.json
Writing /repo/graylog2-server/target/swagger/System/Authentication/Services.json
Writing /repo/graylog2-server/target/swagger/System/Authentication/Services/Backends.json
Writing /repo/graylog2-server/target/swagger/System/Authentication/Services/Configuration.json
Writing /repo/graylog2-server/target/swagger/System/Authentication/Services/Test.json
Writing /repo/graylog2-server/target/swagger/System/Catalog.json
Writing /repo/graylog2-server/target/swagger/System/Cluster.json
Writing /repo/graylog2-server/target/swagger/System/ClusterConfig.json
Writing /repo/graylog2-server/target/swagger/System/ClusterStats.json
Writing /repo/graylog2-server/target/swagger/System/ClusterTraffic.json
Writing /repo/graylog2-server/target/swagger/System/Codecs/Types.json
Writing /repo/graylog2-server/target/swagger/System/Configuration.json
Writing /repo/graylog2-server/target/swagger/System/ContentPacks.json
Writing /repo/graylog2-server/target/swagger/System/Datanodes.json
Writing /repo/graylog2-server/target/swagger/System/Debug/Events.json
Writing /repo/graylog2-server/target/swagger/System/Debug/Streams.json
Writing /repo/graylog2-server/target/swagger/System/Debug/SupportBundle.json
Writing /repo/graylog2-server/target/swagger/System/Deflector.json
Writing /repo/graylog2-server/target/swagger/System/FieldTypes.json
Writing /repo/graylog2-server/target/swagger/System/Fields.json
Writing /repo/graylog2-server/target/swagger/System/GettingStartedGuides.json
Writing /repo/graylog2-server/target/swagger/System/Grok.json
Writing /repo/graylog2-server/target/swagger/System/IndexRanges.json
Writing /repo/graylog2-server/target/swagger/System/IndexSetDefaults.json
Writing /repo/graylog2-server/target/swagger/System/IndexSets.json
Writing /repo/graylog2-server/target/swagger/System/IndexSets/FieldTypeProfiles.json
Writing /repo/graylog2-server/target/swagger/System/IndexSets/Templates.json
Writing /repo/graylog2-server/target/swagger/System/IndexSets/Types.json
Writing /repo/graylog2-server/target/swagger/System/Indices/Retention.json
Writing /repo/graylog2-server/target/swagger/System/Indices/Rotation.json
Writing /repo/graylog2-server/target/swagger/System/InputStates.json
Writing /repo/graylog2-server/target/swagger/System/Inputs.json
Writing /repo/graylog2-server/target/swagger/System/Inputs/Types.json
Writing /repo/graylog2-server/target/swagger/System/Jobs.json
Writing /repo/graylog2-server/target/swagger/System/Journal.json
Writing /repo/graylog2-server/target/swagger/System/LoadBalancers.json
Writing /repo/graylog2-server/target/swagger/System/Loggers.json
Writing /repo/graylog2-server/target/swagger/System/Lookup.json
Writing /repo/graylog2-server/target/swagger/System/MessageProcessors.json
Writing /repo/graylog2-server/target/swagger/System/Messages.json
Writing /repo/graylog2-server/target/swagger/System/Metrics.json
Writing /repo/graylog2-server/target/swagger/System/Monitoring.json
Writing /repo/graylog2-server/target/swagger/System/Notification/Message.json
Writing /repo/graylog2-server/target/swagger/System/Notifications.json
Writing /repo/graylog2-server/target/swagger/System/Outputs.json
Writing /repo/graylog2-server/target/swagger/System/Permissions.json
Writing /repo/graylog2-server/target/swagger/System/Plugins.json
Writing /repo/graylog2-server/target/swagger/System/Processing.json
Writing /repo/graylog2-server/target/swagger/System/Processing/Status.json
Writing /repo/graylog2-server/target/swagger/System/SearchVersion.json
Writing /repo/graylog2-server/target/swagger/System/ServiceManager.json
Writing /repo/graylog2-server/target/swagger/System/Sessions.json
Writing /repo/graylog2-server/target/swagger/System/Stats.json
Writing /repo/graylog2-server/target/swagger/System/Throughput.json
Writing /repo/graylog2-server/target/swagger/System/UrlWhitelist.json
Writing /repo/graylog2-server/target/swagger/Telemetry.json
Writing /repo/graylog2-server/target/swagger/Token-Usage.json
Writing /repo/graylog2-server/target/swagger/Users.json
Writing /repo/graylog2-server/target/swagger/Views.json
Writing /repo/graylog2-server/target/swagger/Views/QualifyingViews.json
Done.
[INFO] 
[INFO] --- frontend:1.15.1:yarn (yarn install) @ graylog2-server ---
[INFO] Skipping execution.
[INFO] 
[INFO] --- frontend:1.15.1:yarn (Generate backend API types) @ graylog2-server ---
[INFO] Skipping execution.
[INFO] 
[INFO] --- frontend:1.15.1:yarn (yarn tsc) @ graylog2-server ---
[INFO] Skipping execution.
[INFO] 
[INFO] --- frontend:1.15.1:yarn (yarn run build) @ graylog2-server ---
[INFO] Skipping execution.
[INFO] 
[INFO] --- frontend:1.15.1:yarn (preflight: yarn run build) @ graylog2-server ---
[INFO] Skipping execution.
[INFO] 
[INFO] --- resources:3.3.1:copy-resources (copy-web-ui-assets) @ graylog2-server ---
[INFO] skip non existing resourceDirectory /repo/graylog2-server/../graylog2-web-interface/target/web/build
[INFO] 
[INFO] --- resources:3.3.1:copy-resources (copy-preflight-ui-assets) @ graylog2-server ---
[INFO] skip non existing resourceDirectory /repo/graylog2-server/../graylog2-web-interface/target/preflight/build
[INFO] 
[INFO] --- resources:3.3.1:testResources (default-testResources) @ graylog2-server ---
[INFO] Copying 1 resource from src/test/resources to target/test-classes
[INFO] Copying 519 resources from src/test/resources to target/test-classes
[INFO] The encoding used to copy filtered properties files have not been set. This means that the same encoding will be used to copy filtered properties files as when copying other filtered resources. This might not be what you want! Run your build with --debug to see which files might be affected. Read more at https://maven.apache.org/plugins/maven-resources-plugin/examples/filtering-properties-files.html
[INFO] 
[INFO] --- compiler:3.14.0:testCompile (default-testCompile) @ graylog2-server ---
[WARNING]  Parameter 'forceJavacCompilerUse' (user property 'maven.compiler.forceJavacCompilerUse') is deprecated: Use forceLegacyJavacApi instead
[INFO] Compiling 1008 source files with javac [debug deprecation release 17] to target/test-classes
[INFO] -------------------------------------------------------------
[WARNING] COMPILATION WARNING : 
[INFO] -------------------------------------------------------------
[WARNING] /repo/graylog2-server/src/test/java/org/graylog2/plugin/MessageTest.java:[62,32] [deprecation] GraylogSchemaFields in org.graylog.schema has been deprecated
[WARNING] /repo/graylog2-server/src/test/java/org/graylog2/rest/resources/tools/RegexTesterResourceTest.java:[32,34] [deprecation] Java6Assertions in org.assertj.core.api has been deprecated
[WARNING] /repo/graylog2-server/src/test/java/org/graylog2/shared/bindings/providers/SerializeSubtypedOptionalPropertiesTest.java:[60,36] [AutoValueBuilderSetterNullable] Setter methods always return the Builder so @Nullable is not appropriate
[WARNING] /repo/graylog2-server/src/test/java/org/graylog2/plugin/MessageTest.java:[62,32] [deprecation] GraylogSchemaFields in org.graylog.schema has been deprecated
[WARNING] /repo/graylog2-server/src/test/java/org/graylog2/rest/resources/tools/RegexTesterResourceTest.java:[32,34] [deprecation] Java6Assertions in org.assertj.core.api has been deprecated
[WARNING] /repo/graylog2-server/src/test/java/org/graylog2/plugin/MessageTest.java:[62,32] [deprecation] GraylogSchemaFields in org.graylog.schema has been deprecated
[WARNING] /repo/graylog2-server/src/test/java/org/graylog2/rest/resources/tools/RegexTesterResourceTest.java:[32,34] [deprecation] Java6Assertions in org.assertj.core.api has been deprecated
[WARNING] /repo/graylog2-server/src/test/java/org/graylog2/plugin/MessageTest.java:[62,32] [deprecation] GraylogSchemaFields in org.graylog.schema has been deprecated
[WARNING] /repo/graylog2-server/src/test/java/org/graylog2/rest/resources/tools/RegexTesterResourceTest.java:[32,34] [deprecation] Java6Assertions in org.assertj.core.api has been deprecated
[WARNING] /repo/graylog2-server/src/test/java/org/graylog/testing/mongodb/MongoDBTestService.java:[131,24] [deprecation] getContainerIpAddress() in ContainerState has been deprecated
[WARNING] /repo/graylog2-server/src/test/java/org/graylog/events/notifications/SystemNotificationRenderServiceTest.java:[149,55] [deprecation] MULTI_MASTER in Type has been deprecated
[WARNING] /repo/graylog2-server/src/test/java/org/graylog/events/notifications/SystemNotificationRenderServiceTest.java:[149,94] [deprecation] NO_MASTER in Type has been deprecated
[WARNING] /repo/graylog2-server/src/test/java/org/graylog/events/processor/EventDefinitionHandlerTest.java:[80,72] [deprecation] none() in ExpectedException has been deprecated
[WARNING] /repo/graylog2-server/src/test/java/org/graylog/failure/DefaultFailureHandlerTest.java:[64,23] [deprecation] getId() in Indexable has been deprecated
[WARNING] /repo/graylog2-server/src/test/java/org/graylog/failure/DefaultFailureHandlerTest.java:[68,23] [deprecation] getId() in Indexable has been deprecated
[WARNING] /repo/graylog2-server/src/test/java/org/graylog/integrations/dataadapters/GreyNoiseDataAdapterTest.java:[54,34] [deprecation] create(MediaType,String) in ResponseBody has been deprecated
[WARNING] /repo/graylog2-server/src/test/java/org/graylog/integrations/notifications/types/microsoftteams/TeamsEventNotificationConfigTest.java:[42,8] [deprecation] TeamsEventNotificationConfig in org.graylog.integrations.notifications.types.microsoftteams has been deprecated
[WARNING] /repo/graylog2-server/src/test/java/org/graylog/integrations/notifications/types/microsoftteams/TeamsEventNotificationConfigTest.java:[42,68] [deprecation] TeamsEventNotificationConfig in org.graylog.integrations.notifications.types.microsoftteams has been deprecated
[WARNING] /repo/graylog2-server/src/test/java/org/graylog/integrations/notifications/types/microsoftteams/TeamsEventNotificationConfigTest.java:[52,8] [deprecation] TeamsEventNotificationConfig in org.graylog.integrations.notifications.types.microsoftteams has been deprecated
[WARNING] /repo/graylog2-server/src/test/java/org/graylog/integrations/notifications/types/microsoftteams/TeamsEventNotificationConfigTest.java:[52,68] [deprecation] TeamsEventNotificationConfig in org.graylog.integrations.notifications.types.microsoftteams has been deprecated
[WARNING] /repo/graylog2-server/src/test/java/org/graylog/integrations/notifications/types/microsoftteams/TeamsEventNotificationConfigTest.java:[62,8] [deprecation] TeamsEventNotificationConfig in org.graylog.integrations.notifications.types.microsoftteams has been deprecated
[WARNING] /repo/graylog2-server/src/test/java/org/graylog/integrations/notifications/types/microsoftteams/TeamsEventNotificationConfigTest.java:[62,68] [deprecation] TeamsEventNotificationConfig in org.graylog.integrations.notifications.types.microsoftteams has been deprecated
[WARNING] /repo/graylog2-server/src/test/java/org/graylog/integrations/notifications/types/microsoftteams/TeamsEventNotificationConfigTest.java:[70,16] [deprecation] TeamsEventNotificationConfig in org.graylog.integrations.notifications.types.microsoftteams has been deprecated
[WARNING] /repo/graylog2-server/src/test/java/org/graylog/integrations/notifications/types/microsoftteams/TeamsEventNotificationConfigTest.java:[69,40] [deprecation] TeamsEventNotificationConfig in org.graylog.integrations.notifications.types.microsoftteams has been deprecated
[WARNING] /repo/graylog2-server/src/test/java/org/graylog/integrations/notifications/types/microsoftteams/TeamsEventNotificationConfigTest.java:[75,8] [deprecation] TeamsEventNotificationConfig in org.graylog.integrations.notifications.types.microsoftteams has been deprecated
[WARNING] /repo/graylog2-server/src/test/java/org/graylog/integrations/notifications/types/microsoftteams/TeamsEventNotificationConfigTest.java:[75,68] [deprecation] TeamsEventNotificationConfig in org.graylog.integrations.notifications.types.microsoftteams has been deprecated
[WARNING] /repo/graylog2-server/src/test/java/org/graylog/integrations/notifications/types/microsoftteams/TeamsEventNotificationConfigTest.java:[83,16] [deprecation] TeamsEventNotificationConfig in org.graylog.integrations.notifications.types.microsoftteams has been deprecated
[WARNING] /repo/graylog2-server/src/test/java/org/graylog/integrations/notifications/types/microsoftteams/TeamsEventNotificationConfigTest.java:[82,40] [deprecation] TeamsEventNotificationConfig in org.graylog.integrations.notifications.types.microsoftteams has been deprecated
[WARNING] /repo/graylog2-server/src/test/java/org/graylog/integrations/notifications/types/microsoftteams/TeamsEventNotificationConfigTest.java:[88,8] [deprecation] TeamsEventNotificationConfig in org.graylog.integrations.notifications.types.microsoftteams has been deprecated
[WARNING] /repo/graylog2-server/src/test/java/org/graylog/integrations/notifications/types/microsoftteams/TeamsEventNotificationConfigTest.java:[88,59] [deprecation] TeamsEventNotificationConfig in org.graylog.integrations.notifications.types.microsoftteams has been deprecated
[WARNING] /repo/graylog2-server/src/test/java/org/graylog/integrations/notifications/types/microsoftteams/TeamsEventNotificationConfigTest.java:[92,55] [deprecation] TeamsEventNotificationConfig in org.graylog.integrations.notifications.types.microsoftteams has been deprecated
[WARNING] /repo/graylog2-server/src/test/java/org/graylog/integrations/notifications/types/microsoftteams/TeamsEventNotificationConfigTest.java:[95,21] [deprecation] TeamsEventNotificationConfig in org.graylog.integrations.notifications.types.microsoftteams has been deprecated
[WARNING] /repo/graylog2-server/src/test/java/org/graylog/integrations/notifications/types/microsoftteams/TeamsEventNotificationConfigTest.java:[105,8] [deprecation] TeamsEventNotificationConfig in org.graylog.integrations.notifications.types.microsoftteams has been deprecated
[WARNING] /repo/graylog2-server/src/test/java/org/graylog/integrations/notifications/types/microsoftteams/TeamsEventNotificationConfigTest.java:[105,55] [deprecation] TeamsEventNotificationConfig in org.graylog.integrations.notifications.types.microsoftteams has been deprecated
[WARNING] /repo/graylog2-server/src/test/java/org/graylog/integrations/notifications/types/microsoftteams/TeamsEventNotificationConfigTest.java:[136,14] [deprecation] TeamsEventNotificationConfig in org.graylog.integrations.notifications.types.microsoftteams has been deprecated
[WARNING] /repo/graylog2-server/src/test/java/org/graylog/integrations/notifications/types/microsoftteams/TeamsEventNotificationConfigTest.java:[136,74] [deprecation] TeamsEventNotificationConfig in org.graylog.integrations.notifications.types.microsoftteams has been deprecated
[WARNING] /repo/graylog2-server/src/test/java/org/graylog/integrations/notifications/types/microsoftteams/TeamsEventNotificationConfigTest.java:[145,14] [deprecation] TeamsEventNotificationConfig in org.graylog.integrations.notifications.types.microsoftteams has been deprecated
[WARNING] /repo/graylog2-server/src/test/java/org/graylog/integrations/notifications/types/microsoftteams/TeamsEventNotificationConfigTest.java:[145,74] [deprecation] TeamsEventNotificationConfig in org.graylog.integrations.notifications.types.microsoftteams has been deprecated
[WARNING] /repo/graylog2-server/src/test/java/org/graylog/integrations/notifications/types/microsoftteams/TeamsEventNotificationTest.java:[68,4] [deprecation] TeamsEventNotification in org.graylog.integrations.notifications.types.microsoftteams has been deprecated
[WARNING] /repo/graylog2-server/src/test/java/org/graylog/integrations/notifications/types/microsoftteams/TeamsEventNotificationTest.java:[68,4] [deprecation] TeamsEventNotification in org.graylog.integrations.notifications.types.microsoftteams has been deprecated
[WARNING] /repo/graylog2-server/src/test/java/org/graylog/integrations/notifications/types/microsoftteams/TeamsEventNotificationTest.java:[68,4] [deprecation] TeamsEventNotification in org.graylog.integrations.notifications.types.microsoftteams has been deprecated
[WARNING] /repo/graylog2-server/src/test/java/org/graylog/integrations/notifications/types/microsoftteams/TeamsEventNotificationTest.java:[68,4] [deprecation] TeamsEventNotification in org.graylog.integrations.notifications.types.microsoftteams has been deprecated
[WARNING] /repo/graylog2-server/src/test/java/org/graylog/integrations/notifications/types/microsoftteams/TeamsEventNotificationTest.java:[81,12] [deprecation] TeamsEventNotificationConfig in org.graylog.integrations.notifications.types.microsoftteams has been deprecated
[WARNING] /repo/graylog2-server/src/test/java/org/graylog/integrations/notifications/types/microsoftteams/TeamsEventNotificationTest.java:[81,12] [deprecation] TeamsEventNotificationConfig in org.graylog.integrations.notifications.types.microsoftteams has been deprecated
[WARNING] /repo/graylog2-server/src/test/java/org/graylog/integrations/notifications/types/microsoftteams/TeamsEventNotificationTest.java:[81,12] [deprecation] TeamsEventNotificationConfig in org.graylog.integrations.notifications.types.microsoftteams has been deprecated
[WARNING] /repo/graylog2-server/src/test/java/org/graylog/integrations/notifications/types/microsoftteams/TeamsEventNotificationTest.java:[81,12] [deprecation] TeamsEventNotificationConfig in org.graylog.integrations.notifications.types.microsoftteams has been deprecated
[WARNING] /repo/graylog2-server/src/test/java/org/graylog/integrations/notifications/types/microsoftteams/TeamsEventNotificationTest.java:[96,37] [deprecation] TeamsEventNotification in org.graylog.integrations.notifications.types.microsoftteams has been deprecated
[WARNING] /repo/graylog2-server/src/test/java/org/graylog/integrations/notifications/types/microsoftteams/TeamsEventNotificationTest.java:[107,22] [deprecation] TeamsEventNotificationConfig in org.graylog.integrations.notifications.types.microsoftteams has been deprecated
[WARNING] /repo/graylog2-server/src/test/java/org/graylog/integrations/notifications/types/microsoftteams/TeamsEventNotificationTest.java:[106,39] [deprecation] TeamsEventNotificationConfig in org.graylog.integrations.notifications.types.microsoftteams has been deprecated
[WARNING] /repo/graylog2-server/src/test/java/org/graylog/integrations/notifications/types/microsoftteams/TeamsEventNotificationTest.java:[116,12] [deprecation] TeamsEventNotificationConfig in org.graylog.integrations.notifications.types.microsoftteams has been deprecated
[WARNING] /repo/graylog2-server/src/test/java/org/graylog/integrations/notifications/types/microsoftteams/TeamsEventNotificationTest.java:[116,12] [deprecation] TeamsEventNotificationConfig in org.graylog.integrations.notifications.types.microsoftteams has been deprecated
[WARNING] /repo/graylog2-server/src/test/java/org/graylog/integrations/notifications/types/microsoftteams/TeamsEventNotificationTest.java:[116,12] [deprecation] TeamsEventNotificationConfig in org.graylog.integrations.notifications.types.microsoftteams has been deprecated
[WARNING] /repo/graylog2-server/src/test/java/org/graylog/integrations/notifications/types/microsoftteams/TeamsEventNotificationTest.java:[116,12] [deprecation] TeamsEventNotificationConfig in org.graylog.integrations.notifications.types.microsoftteams has been deprecated
[WARNING] /repo/graylog2-server/src/test/java/org/graylog/integrations/notifications/types/microsoftteams/TeamsEventNotificationTest.java:[118,22] [deprecation] TeamsEventNotificationConfig in org.graylog.integrations.notifications.types.microsoftteams has been deprecated
[WARNING] /repo/graylog2-server/src/test/java/org/graylog/integrations/notifications/types/microsoftteams/TeamsEventNotificationTest.java:[117,15] [deprecation] TeamsEventNotificationConfig in org.graylog.integrations.notifications.types.microsoftteams has been deprecated
[WARNING] /repo/graylog2-server/src/test/java/org/graylog/integrations/notifications/types/microsoftteams/TeamsEventNotificationTest.java:[196,76] [deprecation] TeamsEventNotificationConfig in org.graylog.integrations.notifications.types.microsoftteams has been deprecated
[WARNING] /repo/graylog2-server/src/test/java/org/graylog/integrations/notifications/types/microsoftteams/TeamsEventNotificationTest.java:[261,8] [deprecation] TeamsEventNotificationConfig in org.graylog.integrations.notifications.types.microsoftteams has been deprecated
[WARNING] /repo/graylog2-server/src/test/java/org/graylog/integrations/notifications/types/microsoftteams/TeamsEventNotificationTest.java:[261,51] [deprecation] TeamsEventNotificationConfig in org.graylog.integrations.notifications.types.microsoftteams has been deprecated
[WARNING] /repo/graylog2-server/src/test/java/org/graylog/integrations/notifications/types/microsoftteams/TeamsEventNotificationTest.java:[271,8] [deprecation] TeamsEventNotificationConfig in org.graylog.integrations.notifications.types.microsoftteams has been deprecated
[WARNING] /repo/graylog2-server/src/test/java/org/graylog/integrations/notifications/types/microsoftteams/TeamsEventNotificationTest.java:[271,51] [deprecation] TeamsEventNotificationConfig in org.graylog.integrations.notifications.types.microsoftteams has been deprecated
[WARNING] /repo/graylog2-server/src/test/java/org/graylog/integrations/notifications/types/microsoftteams/TeamsEventNotificationTest.java:[282,8] [deprecation] TeamsEventNotificationConfig in org.graylog.integrations.notifications.types.microsoftteams has been deprecated
[WARNING] /repo/graylog2-server/src/test/java/org/graylog/integrations/notifications/types/microsoftteams/TeamsEventNotificationTest.java:[282,51] [deprecation] TeamsEventNotificationConfig in org.graylog.integrations.notifications.types.microsoftteams has been deprecated
[WARNING] /repo/graylog2-server/src/test/java/org/graylog/integrations/notifications/types/microsoftteams/TeamsEventNotificationTest.java:[293,8] [deprecation] TeamsEventNotificationConfig in org.graylog.integrations.notifications.types.microsoftteams has been deprecated
[WARNING] /repo/graylog2-server/src/test/java/org/graylog/integrations/notifications/types/microsoftteams/TeamsEventNotificationTest.java:[293,51] [deprecation] TeamsEventNotificationConfig in org.graylog.integrations.notifications.types.microsoftteams has been deprecated
[WARNING] /repo/graylog2-server/src/test/java/org/graylog/integrations/notifications/types/microsoftteams/TeamsEventNotificationTest.java:[313,4] [deprecation] TeamsEventNotificationConfig in org.graylog.integrations.notifications.types.microsoftteams has been deprecated
[WARNING] /repo/graylog2-server/src/test/java/org/graylog/integrations/notifications/types/microsoftteams/TeamsEventNotificationTest.java:[313,4] [deprecation] TeamsEventNotificationConfig in org.graylog.integrations.notifications.types.microsoftteams has been deprecated
[WARNING] /repo/graylog2-server/src/test/java/org/graylog/integrations/notifications/types/microsoftteams/TeamsEventNotificationTest.java:[313,4] [deprecation] TeamsEventNotificationConfig in org.graylog.integrations.notifications.types.microsoftteams has been deprecated
[WARNING] /repo/graylog2-server/src/test/java/org/graylog/integrations/notifications/types/microsoftteams/TeamsEventNotificationTest.java:[313,4] [deprecation] TeamsEventNotificationConfig in org.graylog.integrations.notifications.types.microsoftteams has been deprecated
[WARNING] /repo/graylog2-server/src/test/java/org/graylog/integrations/notifications/types/microsoftteams/TeamsEventNotificationTest.java:[314,8] [deprecation] TeamsEventNotificationConfig in org.graylog.integrations.notifications.types.microsoftteams has been deprecated
[WARNING] /repo/graylog2-server/src/test/java/org/graylog/integrations/notifications/types/microsoftteams/TeamsEventNotificationTest.java:[314,55] [deprecation] TeamsEventNotificationConfig in org.graylog.integrations.notifications.types.microsoftteams has been deprecated
[WARNING] /repo/graylog2-server/src/test/java/org/graylog/integrations/pagerduty/client/PagerDutyClientTest.java:[198,34] [deprecation] create(MediaType,String) in ResponseBody has been deprecated
[WARNING] /repo/graylog2-server/src/test/java/org/graylog/plugins/pipelineprocessor/functions/FunctionsSnippetsTest.java:[748,16] [deprecation] asList() in AbstractAssert has been deprecated
[WARNING] /repo/graylog2-server/src/test/java/org/graylog/plugins/pipelineprocessor/functions/FunctionsSnippetsTest.java:[752,16] [deprecation] asList() in AbstractAssert has been deprecated
[WARNING] /repo/graylog2-server/src/test/java/org/graylog/plugins/pipelineprocessor/functions/FunctionsSnippetsTest.java:[756,16] [deprecation] asList() in AbstractAssert has been deprecated
[WARNING] /repo/graylog2-server/src/test/java/org/graylog/plugins/pipelineprocessor/processors/PipelineInterpreterTest.java:[565,28] [deprecation] hasOnlyOneElementSatisfying(Consumer<? super ELEMENT>) in AbstractIterableAssert has been deprecated
  where ELEMENT,SELF,ACTUAL,ELEMENT_ASSERT are type-variables:
    ELEMENT extends Object declared in class AbstractIterableAssert
    SELF extends AbstractIterableAssert<SELF,ACTUAL,ELEMENT,ELEMENT_ASSERT> declared in class AbstractIterableAssert
    ACTUAL extends Iterable<? extends ELEMENT> declared in class AbstractIterableAssert
    ELEMENT_ASSERT extends AbstractAssert<ELEMENT_ASSERT,ELEMENT> declared in class AbstractIterableAssert
[WARNING] /repo/graylog2-server/src/test/java/org/graylog/plugins/pipelineprocessor/processors/PipelineInterpreterTest.java:[562,16] [deprecation] hasOnlyOneElementSatisfying(Consumer<? super ELEMENT>) in AbstractIterableAssert has been deprecated
  where ELEMENT,SELF,ACTUAL,ELEMENT_ASSERT are type-variables:
    ELEMENT extends Object declared in class AbstractIterableAssert
    SELF extends AbstractIterableAssert<SELF,ACTUAL,ELEMENT,ELEMENT_ASSERT> declared in class AbstractIterableAssert
    ACTUAL extends Iterable<? extends ELEMENT> declared in class AbstractIterableAssert
    ELEMENT_ASSERT extends AbstractAssert<ELEMENT_ASSERT,ELEMENT> declared in class AbstractIterableAssert
[WARNING] /repo/graylog2-server/src/test/java/org/graylog/plugins/pipelineprocessor/processors/PipelineInterpreterTest.java:[611,28] [deprecation] hasOnlyOneElementSatisfying(Consumer<? super ELEMENT>) in AbstractIterableAssert has been deprecated
  where ELEMENT,SELF,ACTUAL,ELEMENT_ASSERT are type-variables:
    ELEMENT extends Object declared in class AbstractIterableAssert
    SELF extends AbstractIterableAssert<SELF,ACTUAL,ELEMENT,ELEMENT_ASSERT> declared in class AbstractIterableAssert
    ACTUAL extends Iterable<? extends ELEMENT> declared in class AbstractIterableAssert
    ELEMENT_ASSERT extends AbstractAssert<ELEMENT_ASSERT,ELEMENT> declared in class AbstractIterableAssert
[WARNING] /repo/graylog2-server/src/test/java/org/graylog/plugins/pipelineprocessor/processors/PipelineInterpreterTest.java:[608,16] [deprecation] hasOnlyOneElementSatisfying(Consumer<? super ELEMENT>) in AbstractIterableAssert has been deprecated
  where ELEMENT,SELF,ACTUAL,ELEMENT_ASSERT are type-variables:
    ELEMENT extends Object declared in class AbstractIterableAssert
    SELF extends AbstractIterableAssert<SELF,ACTUAL,ELEMENT,ELEMENT_ASSERT> declared in class AbstractIterableAssert
    ACTUAL extends Iterable<? extends ELEMENT> declared in class AbstractIterableAssert
    ELEMENT_ASSERT extends AbstractAssert<ELEMENT_ASSERT,ELEMENT> declared in class AbstractIterableAssert
[WARNING] /repo/graylog2-server/src/test/java/org/graylog/plugins/pipelineprocessor/processors/PipelineInterpreterTest.java:[654,16] [deprecation] hasOnlyOneElementSatisfying(Consumer<? super ELEMENT>) in AbstractIterableAssert has been deprecated
  where ELEMENT,SELF,ACTUAL,ELEMENT_ASSERT are type-variables:
    ELEMENT extends Object declared in class AbstractIterableAssert
    SELF extends AbstractIterableAssert<SELF,ACTUAL,ELEMENT,ELEMENT_ASSERT> declared in class AbstractIterableAssert
    ACTUAL extends Iterable<? extends ELEMENT> declared in class AbstractIterableAssert
    ELEMENT_ASSERT extends AbstractAssert<ELEMENT_ASSERT,ELEMENT> declared in class AbstractIterableAssert
[WARNING] /repo/graylog2-server/src/test/java/org/graylog/plugins/threatintel/adapters/otx/OTXDataAdapterTest.java:[52,46] [deprecation] create(MediaType,byte[]) in ResponseBody has been deprecated
[WARNING] /repo/graylog2-server/src/test/java/org/graylog/testing/TestUserService.java:[55,37] [removal] PersistedServiceImpl in org.graylog2.database has been deprecated and marked for removal
[WARNING] /repo/graylog2-server/src/test/java/org/graylog/testing/TestUserService.java:[55,37] [removal] PersistedServiceImpl in org.graylog2.database has been deprecated and marked for removal
[WARNING] /repo/graylog2-server/src/test/java/org/graylog/testing/TestUserService.java:[55,37] [removal] PersistedServiceImpl in org.graylog2.database has been deprecated and marked for removal
[WARNING] /repo/graylog2-server/src/test/java/org/graylog/testing/TestUserService.java:[55,37] [removal] PersistedServiceImpl in org.graylog2.database has been deprecated and marked for removal
[WARNING] /repo/graylog2-server/src/test/java/org/graylog/testing/TestUserService.java:[151,16] [deprecation] getAdminUser() in UserService has been deprecated
[WARNING] /repo/graylog2-server/src/test/java/org/graylog/plugins/views/migrations/V20191203120602_MigrateSavedSearchesToViewsSupport/V20191203120602_MigrateSavedSearchesToViewsTest.java:[98,14] [deprecation] SavedSearchService in org.graylog.plugins.views.migrations.V20191203120602_MigrateSavedSearchesToViewsSupport.savedsearch has been deprecated
[WARNING] /repo/graylog2-server/src/test/java/org/graylog/plugins/views/migrations/V20191203120602_MigrateSavedSearchesToViewsSupport/V20191203120602_MigrateSavedSearchesToViewsTest.java:[98,58] [deprecation] SavedSearchService in org.graylog.plugins.views.migrations.V20191203120602_MigrateSavedSearchesToViewsSupport.savedsearch has been deprecated
[WARNING] /repo/graylog2-server/src/test/java/org/graylog/plugins/views/search/export/SimpleMessageChunkTest.java:[38,69] [deprecation] asList() in AbstractAssert has been deprecated
[WARNING] /repo/graylog2-server/src/test/java/org/graylog/plugins/views/search/export/SimpleMessageChunkTest.java:[51,69] [deprecation] asList() in AbstractAssert has been deprecated
[WARNING] /repo/graylog2-server/src/test/java/org/graylog/plugins/views/search/rest/FieldTypesResourceTest.java:[82,16] [deprecation] hasOnlyOneElementSatisfying(Consumer<? super ELEMENT>) in AbstractIterableAssert has been deprecated
  where ELEMENT,SELF,ACTUAL,ELEMENT_ASSERT are type-variables:
    ELEMENT extends Object declared in class AbstractIterableAssert
    SELF extends AbstractIterableAssert<SELF,ACTUAL,ELEMENT,ELEMENT_ASSERT> declared in class AbstractIterableAssert
    ACTUAL extends Iterable<? extends ELEMENT> declared in class AbstractIterableAssert
    ELEMENT_ASSERT extends AbstractAssert<ELEMENT_ASSERT,ELEMENT> declared in class AbstractIterableAssert
[WARNING] /repo/graylog2-server/src/test/java/org/graylog/plugins/views/search/rest/FieldTypesResourceTest.java:[115,16] [deprecation] hasOnlyOneElementSatisfying(Consumer<? super ELEMENT>) in AbstractIterableAssert has been deprecated
  where ELEMENT,SELF,ACTUAL,ELEMENT_ASSERT are type-variables:
    ELEMENT extends Object declared in class AbstractIterableAssert
    SELF extends AbstractIterableAssert<SELF,ACTUAL,ELEMENT,ELEMENT_ASSERT> declared in class AbstractIterableAssert
    ACTUAL extends Iterable<? extends ELEMENT> declared in class AbstractIterableAssert
    ELEMENT_ASSERT extends AbstractAssert<ELEMENT_ASSERT,ELEMENT> declared in class AbstractIterableAssert
[WARNING] /repo/graylog2-server/src/test/java/org/graylog/plugins/views/search/rest/scriptingapi/response/decorators/NodeTitleDecoratorTest.java:[36,14] [deprecation] NodeService in org.graylog2.cluster has been deprecated
[WARNING] /repo/graylog2-server/src/test/java/org/graylog/plugins/views/search/rest/scriptingapi/response/decorators/TitleDecoratorTest.java:[75,16] [deprecation] asList() in AbstractAssert has been deprecated
[WARNING] /repo/graylog2-server/src/test/java/org/graylog/plugins/views/search/validation/LuceneQueryParserTest.java:[58,16] [deprecation] hasOnlyOneElementSatisfying(Consumer<? super ELEMENT>) in AbstractIterableAssert has been deprecated
  where ELEMENT,SELF,ACTUAL,ELEMENT_ASSERT are type-variables:
    ELEMENT extends Object declared in class AbstractIterableAssert
    SELF extends AbstractIterableAssert<SELF,ACTUAL,ELEMENT,ELEMENT_ASSERT> declared in class AbstractIterableAssert
    ACTUAL extends Iterable<? extends ELEMENT> declared in class AbstractIterableAssert
    ELEMENT_ASSERT extends AbstractAssert<ELEMENT_ASSERT,ELEMENT> declared in class AbstractIterableAssert
[WARNING] /repo/graylog2-server/src/test/java/org/graylog/plugins/views/search/validation/LuceneQueryParserTest.java:[175,16] [deprecation] hasOnlyOneElementSatisfying(Consumer<? super ELEMENT>) in AbstractIterableAssert has been deprecated
  where ELEMENT,SELF,ACTUAL,ELEMENT_ASSERT are type-variables:
    ELEMENT extends Object declared in class AbstractIterableAssert
    SELF extends AbstractIterableAssert<SELF,ACTUAL,ELEMENT,ELEMENT_ASSERT> declared in class AbstractIterableAssert
    ACTUAL extends Iterable<? extends ELEMENT> declared in class AbstractIterableAssert
    ELEMENT_ASSERT extends AbstractAssert<ELEMENT_ASSERT,ELEMENT> declared in class AbstractIterableAssert
[WARNING] /repo/graylog2-server/src/test/java/org/graylog/plugins/views/search/validation/LuceneQueryParserTest.java:[182,16] [deprecation] hasOnlyOneElementSatisfying(Consumer<? super ELEMENT>) in AbstractIterableAssert has been deprecated
  where ELEMENT,SELF,ACTUAL,ELEMENT_ASSERT are type-variables:
    ELEMENT extends Object declared in class AbstractIterableAssert
    SELF extends AbstractIterableAssert<SELF,ACTUAL,ELEMENT,ELEMENT_ASSERT> declared in class AbstractIterableAssert
    ACTUAL extends Iterable<? extends ELEMENT> declared in class AbstractIterableAssert
    ELEMENT_ASSERT extends AbstractAssert<ELEMENT_ASSERT,ELEMENT> declared in class AbstractIterableAssert
[WARNING] /repo/graylog2-server/src/test/java/org/graylog/plugins/views/search/validation/QueryValidationServiceImplTest.java:[67,16] [deprecation] hasOnlyOneElementSatisfying(Consumer<? super ELEMENT>) in AbstractIterableAssert has been deprecated
  where ELEMENT,SELF,ACTUAL,ELEMENT_ASSERT are type-variables:
    ELEMENT extends Object declared in class AbstractIterableAssert
    SELF extends AbstractIterableAssert<SELF,ACTUAL,ELEMENT,ELEMENT_ASSERT> declared in class AbstractIterableAssert
    ACTUAL extends Iterable<? extends ELEMENT> declared in class AbstractIterableAssert
    ELEMENT_ASSERT extends AbstractAssert<ELEMENT_ASSERT,ELEMENT> declared in class AbstractIterableAssert
[WARNING] /repo/graylog2-server/src/test/java/org/graylog/plugins/views/search/validation/QueryValidationServiceImplTest.java:[90,16] [deprecation] hasOnlyOneElementSatisfying(Consumer<? super ELEMENT>) in AbstractIterableAssert has been deprecated
  where ELEMENT,SELF,ACTUAL,ELEMENT_ASSERT are type-variables:
    ELEMENT extends Object declared in class AbstractIterableAssert
    SELF extends AbstractIterableAssert<SELF,ACTUAL,ELEMENT,ELEMENT_ASSERT> declared in class AbstractIterableAssert
    ACTUAL extends Iterable<? extends ELEMENT> declared in class AbstractIterableAssert
    ELEMENT_ASSERT extends AbstractAssert<ELEMENT_ASSERT,ELEMENT> declared in class AbstractIterableAssert
[WARNING] /repo/graylog2-server/src/test/java/org/graylog/plugins/views/search/views/QualifyingViewsServiceTest.java:[71,16] [deprecation] hasOnlyOneElementSatisfying(Consumer<? super ELEMENT>) in AbstractIterableAssert has been deprecated
  where ELEMENT,SELF,ACTUAL,ELEMENT_ASSERT are type-variables:
    ELEMENT extends Object declared in class AbstractIterableAssert
    SELF extends AbstractIterableAssert<SELF,ACTUAL,ELEMENT,ELEMENT_ASSERT> declared in class AbstractIterableAssert
    ACTUAL extends Iterable<? extends ELEMENT> declared in class AbstractIterableAssert
    ELEMENT_ASSERT extends AbstractAssert<ELEMENT_ASSERT,ELEMENT> declared in class AbstractIterableAssert
[WARNING] /repo/graylog2-server/src/test/java/org/graylog/plugins/views/search/views/QualifyingViewsServiceTest.java:[102,16] [deprecation] hasOnlyOneElementSatisfying(Consumer<? super ELEMENT>) in AbstractIterableAssert has been deprecated
  where ELEMENT,SELF,ACTUAL,ELEMENT_ASSERT are type-variables:
    ELEMENT extends Object declared in class AbstractIterableAssert
    SELF extends AbstractIterableAssert<SELF,ACTUAL,ELEMENT,ELEMENT_ASSERT> declared in class AbstractIterableAssert
    ACTUAL extends Iterable<? extends ELEMENT> declared in class AbstractIterableAssert
    ELEMENT_ASSERT extends AbstractAssert<ELEMENT_ASSERT,ELEMENT> declared in class AbstractIterableAssert
[INFO] 100 warnings 
[INFO] -------------------------------------------------------------
[INFO] -------------------------------------------------------------
[ERROR] COMPILATION ERROR : 
[INFO] -------------------------------------------------------------
[ERROR] /repo/graylog2-server/src/test/java/org/graylog/plugins/views/search/rest/export/response/ExportTabularResultResponseTest.java:[84,80] error: method fromMessageListResult in record ExportTabularResultResponse cannot be applied to given types;
  required: List<String>,Result
  found:    Result
  reason: actual and formal argument lists differ in length
[INFO] 1 error
[INFO] -------------------------------------------------------------
[INFO] ------------------------------------------------------------------------
[INFO] Reactor Summary for Graylog Parent POM 6.2.9-SNAPSHOT:
[INFO] 
[INFO] Graylog Parent POM ................................. SUCCESS [  3.021 s]
[INFO] Graylog Project Parent POM ......................... SUCCESS [  0.071 s]
[INFO] Graylog ............................................ FAILURE [01:32 min]
[INFO] Graylog Plugin Parent POM .......................... SKIPPED
[INFO] graylog-storage-elasticsearch7 ..................... SKIPPED
[INFO] graylog-storage-opensearch2 ........................ SKIPPED
[INFO] DataNode ........................................... SKIPPED
[INFO] full-backend-tests ................................. SKIPPED
[INFO] Graylog Plugin with Web support Parent POM ......... SKIPPED
[INFO] graylog-plugin-archetype ........................... SUCCESS [  1.186 s]
[INFO] Graylog Binary Distribution Tarball ................ SKIPPED
[INFO] ------------------------------------------------------------------------
[INFO] BUILD FAILURE
[INFO] ------------------------------------------------------------------------
[INFO] Total time:  01:36 min (Wall Clock)
[INFO] Finished at: 2026-04-29T02:38:31Z
[INFO] ------------------------------------------------------------------------
[ERROR] Failed to execute goal org.apache.maven.plugins:maven-compiler-plugin:3.14.0:testCompile (default-testCompile) on project graylog2-server: Compilation failure
[ERROR] /repo/graylog2-server/src/test/java/org/graylog/plugins/views/search/rest/export/response/ExportTabularResultResponseTest.java:[84,80] error: method fromMessageListResult in record ExportTabularResultResponse cannot be applied to given types;
[ERROR]   required: List<String>,Result
[ERROR]   found:    Result
[ERROR]   reason: actual and formal argument lists differ in length
[ERROR] 
[ERROR] -> [Help 1]
[ERROR] 
[ERROR] To see the full stack trace of the errors, re-run Maven with the -e switch.
[ERROR] Re-run Maven using the -X switch to enable full debug logging.
[ERROR] 
[ERROR] For more information about the errors and possible solutions, please read the following articles:
[ERROR] [Help 1] http://cwiki.apache.org/confluence/display/MAVEN/MojoFailureException
[ERROR] 
[ERROR] After correcting the problems, you can resume the build with the command
[ERROR]   mvn <args> -rf :graylog2-server
--- Build complete for e40226f ---