2026-04-29 02:26:12,209 - backport - INFO - Row 230 [graylog]: extracting original.patch
2026-04-29 02:26:12,219 - backport - INFO - Row 230: 4 total hunks, 1 after filtering (test/non-Java removed)
2026-04-29 02:26:12,221 - backport - INFO - Row 230 [graylog]: extracting developer.patch
2026-04-29 02:26:12,234 - backport - INFO - Row 230: detected 1 test target(s) from developer.patch
2026-04-29 02:26:12,291 - backport - INFO - Row 230: starting PortGPT backport agent
2026-04-29 02:26:14,316 - backport - WARNING - Row 230: could not apply developer non-source changes — Cmd('git') failed due to: exit code(128)
  cmdline: git apply /tmp/tmpwoqibnc9.patch
  stderr: 'error: corrupt patch at line 47'
2026-04-29 02:26:14,319 - backport - INFO - Row 230: running build/test validation via helpers/
2026-04-29 02:26:14,320 - backport - INFO -   No helper found for 'graylog2-server' — skipping build/test validation
2026-04-29 02:26:14,322 - backport - INFO - Row 230: SUCCESS (direct)
2026-04-29 02:28:03,805 - backport - INFO - Row 230 [graylog]: extracting original.patch
2026-04-29 02:28:03,812 - backport - INFO - Row 230: 4 total hunks, 1 after filtering (test/non-Java removed)
2026-04-29 02:28:03,814 - backport - INFO - Row 230 [graylog]: extracting developer.patch
2026-04-29 02:28:03,863 - backport - INFO - Row 230: detected 1 test target(s) from developer.patch
2026-04-29 02:28:03,913 - backport - INFO - Row 230: starting PortGPT backport agent
2026-04-29 02:28:05,305 - backport - WARNING - Row 230: could not apply developer non-source changes — Cmd('git') failed due to: exit code(128)
  cmdline: git apply /tmp/tmpdbr4ouci.patch
  stderr: 'error: corrupt patch at line 47'
2026-04-29 02:28:05,308 - backport - INFO - Row 230: running build/test validation via helpers/
2026-04-29 02:28:05,310 - backport - INFO -   Running build for graylog (helper: graylog2-server)
2026-04-29 02:32:14,234 - backport - WARNING -   Build failed — skipping test run
2026-04-29 02:32:14,236 - backport - WARNING - Row 230: PARTIAL — 1/1 hunk(s) succeeded
2026-04-29 02:36:50,612 - backport - INFO - Row 230 [graylog]: extracting original.patch
2026-04-29 02:36:50,619 - backport - INFO - Row 230: 4 total hunks, 1 after filtering (test/non-Java removed)
2026-04-29 02:36:50,621 - backport - INFO - Row 230 [graylog]: extracting developer.patch
2026-04-29 02:36:50,666 - backport - INFO - Row 230: detected 1 test target(s) from developer.patch
2026-04-29 02:36:50,852 - backport - INFO - Row 230: starting PortGPT backport agent
2026-04-29 02:36:52,375 - backport - WARNING - Row 230: could not apply developer non-source changes — Cmd('git') failed due to: exit code(128)
  cmdline: git apply /tmp/tmpytfu77p5.patch
  stderr: 'error: corrupt patch at line 47'
2026-04-29 02:36:52,378 - backport - INFO - Row 230: running build/test validation via helpers/
2026-04-29 02:36:52,379 - backport - INFO -   Running build for graylog (helper: graylog2-server)
2026-04-29 02:38:32,135 - backport - WARNING -   Build failed — skipping test run
2026-04-29 02:38:32,137 - backport - WARNING - Row 230: PARTIAL — 1/1 hunk(s) succeeded
2026-04-29 06:05:36,238 - backport - INFO - Row 230 [graylog]: extracting original.patch
2026-04-29 06:05:36,264 - backport - INFO - Row 230: 4 total hunks, 1 after filtering (test/non-Java removed)
2026-04-29 06:05:36,265 - backport - INFO - Row 230 [graylog]: extracting developer.patch
2026-04-29 06:05:36,373 - backport - INFO - Row 230: detected 1 test target(s) from developer.patch
2026-04-29 06:05:36,931 - backport - INFO - Row 230: starting PortGPT backport agent
2026-04-29 06:05:39,606 - backport - INFO - Row 230: merged 3 non-source hunk(s) from developer.patch into working tree
2026-04-29 06:05:39,608 - backport - INFO - Row 230: running build/test validation via helpers/
2026-04-29 06:05:39,609 - backport - INFO -   Running build for graylog (helper: graylog2-server)
2026-04-29 06:12:54,740 - backport - INFO -   Running 1 test target(s) for graylog
2026-04-29 06:13:17,729 - backport - INFO - Row 230: SUCCESS (direct)
