2026-04-28 12:13:40,163 - backport - INFO - Row 13 [crate]: extracting original.patch
2026-04-28 12:13:40,170 - backport - INFO - Row 13: 6 total hunks, 5 after filtering (test/non-Java removed)
2026-04-28 12:13:40,171 - backport - INFO - Row 13 [crate]: extracting developer.patch
2026-04-28 12:13:40,214 - backport - INFO - Row 13: detected 1 test target(s) from developer.patch
2026-04-28 12:13:40,245 - backport - INFO - Row 13: starting PortGPT backport agent
2026-04-28 12:13:41,695 - backport - INFO - Row 13: running build/test validation via helpers/
2026-04-28 12:13:41,696 - backport - INFO -   Running build for crate (helper: crate)
2026-04-28 12:16:15,252 - backport - INFO -   Running 1 test target(s) for crate
2026-04-28 12:16:20,647 - backport - INFO - Row 13: SUCCESS (direct)
2026-04-28 12:16:20,673 - backport - WARNING - Row 13: could not restore repo to 'master' — Cmd('git') failed due to: exit code(1)
  cmdline: git checkout master
  stderr: 'error: Your local changes to the following files would be overwritten by checkout:
	server/src/main/java/org/elasticsearch/cluster/metadata/Metadata.java
Please commit your changes or stash them before you switch branches.
Aborting'
2026-04-28 12:17:52,606 - backport - INFO - Row 13 [crate]: extracting original.patch
2026-04-28 12:17:52,613 - backport - INFO - Row 13: 6 total hunks, 5 after filtering (test/non-Java removed)
2026-04-28 12:17:52,615 - backport - INFO - Row 13 [crate]: extracting developer.patch
2026-04-28 12:17:52,659 - backport - INFO - Row 13: detected 1 test target(s) from developer.patch
2026-04-28 12:17:53,039 - backport - INFO - Row 13: starting PortGPT backport agent
2026-04-28 12:17:53,948 - backport - INFO - Row 13: running build/test validation via helpers/
2026-04-28 12:17:53,950 - backport - INFO -   Running build for crate (helper: crate)
2026-04-28 12:19:51,111 - backport - INFO -   Running 1 test target(s) for crate
2026-04-28 12:19:56,031 - backport - INFO - Row 13: SUCCESS (direct)
