--- Building code for 68e693a ---
CPU detected: 8
Maven threads: 8
--- Changing directory to /Users/hasangaranasinghe/Documents/FYP/PORTGPT/patch-backporting/my_java_dataset/repos/crate ---
maven-cache-crate
--- Docker image maven-jdk11:latest already exists, skipping build ---
--- Setting cache permissions... ---
--- Building with Maven... ---
WARNING: A terminally deprecated method in sun.misc.Unsafe has been called
WARNING: sun.misc.Unsafe::staticFieldBase has been called by com.google.inject.internal.aop.HiddenClassDefiner (file:/usr/share/maven/lib/guice-5.1.0-classes.jar)
WARNING: Please consider reporting this to the maintainers of class com.google.inject.internal.aop.HiddenClassDefiner
WARNING: sun.misc.Unsafe::staticFieldBase will be removed in a future release
[INFO] Scanning for projects...
[INFO] ------------------------------------------------------------------------
[INFO] Reactor Build Order:
[INFO] 
[INFO] crate                                                              [pom]
[INFO] crate-libs-shared                                                  [jar]
[INFO] crate-libs-dex                                                     [jar]
[INFO] crate-libs-es-x-content                                            [jar]
[INFO] crate-libs-cli                                                     [jar]
[INFO] crate-libs-guice                                                   [jar]
[INFO] crate-libs-sql-parser                                              [jar]
[INFO] crate-libs-pgwire                                                  [jar]
[INFO] crate-server                                                       [jar]
[INFO] crate-libs-azure-testing                                           [jar]
[INFO] es-analysis-common                                                 [jar]
[INFO] es-analysis-phonetic                                               [jar]
[INFO] es-discovery-ec2                                                   [jar]
[INFO] es-repository-s3                                                   [jar]
[INFO] es-repository-url                                                  [jar]
[INFO] es-repository-azure                                                [jar]
[INFO] repository-gcs                                                     [jar]
[INFO] dns-discovery                                                      [jar]
[INFO] crate-copy-s3                                                      [jar]
[INFO] crate-copy-azure                                                   [jar]
[INFO] crate-functions                                                    [jar]
[INFO] crate-lang-js                                                      [jar]
[INFO] crate-jmx-monitoring                                               [jar]
[INFO] jlink-jdk                                                        [jlink]
[INFO] crate-app                                                          [jar]
[INFO] crate-benchmarks                                                   [jar]
[INFO] 
[INFO] Using the MultiThreadedBuilder implementation with a thread count of 8
[INFO] 
[INFO] ---------------------------< io.crate:crate >---------------------------
[INFO] Building crate 5.10.12                                            [1/26]
[INFO]   from pom.xml
[INFO] --------------------------------[ pom ]---------------------------------
[INFO] 
[INFO] --- clean:3.4.0:clean (default-clean) @ crate ---
[INFO] 
[INFO] --- enforcer:3.5.0:enforce (enforce-maven) @ crate ---
[INFO] Skipping Rule Enforcement.
[INFO] 
[INFO] --- checkstyle:3.6.0:check (validate) @ crate ---
[INFO] 
[INFO] --- toolchains:4.5.0:toolchain (default) @ crate ---
[INFO] Required toolchain: jdk [ vendor='temurin' version='23.0.2' ]
[INFO] Begin to install JDK 23.0.2
[INFO] Download OpenJDK23U-jdk_aarch64_linux_hotspot_23.0.2_7.tar.gz from https://github.com/adoptium/temurin23-binaries/releases/download/jdk-23.0.2%2B7/OpenJDK23U-jdk_aarch64_linux_hotspot_23.0.2_7.tar.gz
[INFO] Extract OpenJDK23U-jdk_aarch64_linux_hotspot_23.0.2_7.tar.gz
[INFO] JDK installed: /root/.m2/jdks/jdk-23.0.2+7
[INFO] 
[INFO] --- jacoco:0.8.12:prepare-agent (default-prepare-agent) @ crate ---
[INFO] argLine set to -javaagent:/root/.m2/repository/org/jacoco/org.jacoco.agent/0.8.12/org.jacoco.agent-0.8.12-runtime.jar=destfile=/repo/target/jacoco.exec
[INFO] 
[INFO] --- forbiddenapis:3.8:check (default) @ crate ---
[INFO] Skipping forbidden-apis checks.
[INFO] 
[INFO] --- install:3.1.3:install (default-install) @ crate ---
[INFO] Installing /repo/pom.xml to /root/.m2/repository/io/crate/crate/5.10.12/crate-5.10.12.pom
[INFO] 
[INFO] ---------------------< io.crate:crate-libs-shared >---------------------
[INFO] Building crate-libs-shared 5.10.12                                [2/26]
[INFO]   from libs/shared/pom.xml
[INFO] --------------------------------[ jar ]---------------------------------
[INFO] 
[INFO] ---------------------< io.crate:crate-libs-guice >----------------------
[INFO] Building crate-libs-guice 5.10.12                                 [3/26]
[INFO]   from libs/guice/pom.xml
[INFO] --------------------------------[ jar ]---------------------------------
[INFO] 
[INFO] ---------------------< io.crate:crate-libs-pgwire >---------------------
[INFO] Building crate-libs-pgwire 5.10.12                                [4/26]
[INFO]   from libs/pgwire/pom.xml
[INFO] --------------------------------[ jar ]---------------------------------
[INFO] 
[INFO] -------------------------< io.crate:jlink-jdk >-------------------------
[INFO] Building jlink-jdk 5.10.12                                        [5/26]
[INFO]   from jlink-jdk/pom.xml
[INFO] -------------------------------[ jlink ]--------------------------------
[WARNING] *****************************************************************
[WARNING] * Your build is requesting parallel execution, but this         *
[WARNING] * project contains the following plugin(s) that have goals not  *
[WARNING] * marked as thread-safe to support parallel execution.          *
[WARNING] * While this /may/ work fine, please look for plugin updates    *
[WARNING] * and/or request plugins be made thread-safe.                   *
[WARNING] * If reporting an issue, report it against the plugin in        *
[WARNING] * question, not against Apache Maven.                           *
[WARNING] *****************************************************************
[WARNING] The following plugins are not marked as thread-safe in jlink-jdk:
[WARNING]   org.apache.maven.plugins:maven-jlink-plugin:3.1.0
[WARNING] 
[WARNING] Enable debug to see precisely which goals are not marked as thread-safe.
[WARNING] *****************************************************************
[INFO] 
[INFO] --- clean:3.4.0:clean (default-clean) @ jlink-jdk ---
[INFO] 
[INFO] --- enforcer:3.5.0:enforce (enforce-maven) @ jlink-jdk ---
[INFO] Skipping Rule Enforcement.
[INFO] 
[INFO] --- checkstyle:3.6.0:check (validate) @ jlink-jdk ---
[INFO] 
[INFO] --- toolchains:4.5.0:toolchain (default) @ jlink-jdk ---
[INFO] Required toolchain: jdk [ vendor='temurin' version='23.0.2' ]
[INFO] Found matching toolchain for toolchainType jdk: JDK[/root/.m2/jdks/jdk-23.0.2+7]
[INFO] 
[INFO] --- jacoco:0.8.12:prepare-agent (default-prepare-agent) @ jlink-jdk ---
[INFO] argLine set to -javaagent:/root/.m2/repository/org/jacoco/org.jacoco.agent/0.8.12/org.jacoco.agent-0.8.12-runtime.jar=destfile=/repo/jlink-jdk/target/jacoco.exec
[INFO] 
[INFO] --- resources:3.3.1:resources (default-resources) @ jlink-jdk ---
[INFO] 
[INFO] --- clean:3.4.0:clean (default-clean) @ crate-libs-guice ---
[INFO] 
[INFO] --- enforcer:3.5.0:enforce (enforce-maven) @ crate-libs-guice ---
[INFO] Skipping Rule Enforcement.
[INFO] 
[INFO] --- checkstyle:3.6.0:check (validate) @ crate-libs-guice ---
[INFO] 
[INFO] --- clean:3.4.0:clean (default-clean) @ crate-libs-shared ---
[INFO] 
[INFO] --- toolchains:4.5.0:toolchain (default) @ crate-libs-guice ---
[INFO] Required toolchain: jdk [ vendor='temurin' version='23.0.2' ]
[INFO] Found matching toolchain for toolchainType jdk: JDK[/root/.m2/jdks/jdk-23.0.2+7]
[INFO] 
[INFO] --- jacoco:0.8.12:prepare-agent (default-prepare-agent) @ crate-libs-guice ---
[INFO] argLine set to -javaagent:/root/.m2/repository/org/jacoco/org.jacoco.agent/0.8.12/org.jacoco.agent-0.8.12-runtime.jar=destfile=/repo/libs/guice/target/jacoco.exec
[INFO] 
[INFO] --- resources:3.3.1:resources (default-resources) @ crate-libs-guice ---
[INFO] 
[INFO] --- enforcer:3.5.0:enforce (enforce-maven) @ crate-libs-shared ---
[INFO] Skipping Rule Enforcement.
[INFO] 
[INFO] --- checkstyle:3.6.0:check (validate) @ crate-libs-shared ---
[INFO] 
[INFO] --- toolchains:4.5.0:toolchain (default) @ crate-libs-shared ---
[INFO] Required toolchain: jdk [ vendor='temurin' version='23.0.2' ]
[INFO] Found matching toolchain for toolchainType jdk: JDK[/root/.m2/jdks/jdk-23.0.2+7]
[INFO] 
[INFO] --- jacoco:0.8.12:prepare-agent (default-prepare-agent) @ crate-libs-shared ---
[INFO] argLine set to -javaagent:/root/.m2/repository/org/jacoco/org.jacoco.agent/0.8.12/org.jacoco.agent-0.8.12-runtime.jar=destfile=/repo/libs/shared/target/jacoco.exec
[INFO] 
[INFO] --- resources:3.3.1:resources (default-resources) @ crate-libs-shared ---
[INFO] 
[INFO] --- clean:3.4.0:clean (default-clean) @ crate-libs-pgwire ---
[INFO] 
[INFO] --- enforcer:3.5.0:enforce (enforce-maven) @ crate-libs-pgwire ---
[INFO] Skipping Rule Enforcement.
[INFO] 
[INFO] --- checkstyle:3.6.0:check (validate) @ crate-libs-pgwire ---
[INFO] 
[INFO] --- toolchains:4.5.0:toolchain (default) @ crate-libs-pgwire ---
[INFO] Required toolchain: jdk [ vendor='temurin' version='23.0.2' ]
[INFO] Found matching toolchain for toolchainType jdk: JDK[/root/.m2/jdks/jdk-23.0.2+7]
[INFO] 
[INFO] --- jacoco:0.8.12:prepare-agent (default-prepare-agent) @ crate-libs-pgwire ---
[INFO] argLine set to -javaagent:/root/.m2/repository/org/jacoco/org.jacoco.agent/0.8.12/org.jacoco.agent-0.8.12-runtime.jar=destfile=/repo/libs/pgwire/target/jacoco.exec
[INFO] 
[INFO] --- antlr4:4.13.2:antlr4 (antlr) @ crate-libs-pgwire ---
[INFO] skip non existing resourceDirectory /repo/jlink-jdk/src/main/resources
[INFO] skip non existing resourceDirectory /repo/libs/shared/src/main/resources
[INFO] skip non existing resourceDirectory /repo/libs/guice/src/main/resources
[INFO] 
[INFO] 
[INFO] --- compiler:3.13.0:compile (default-compile) @ jlink-jdk ---
[INFO] --- compiler:3.13.0:compile (default-compile) @ crate-libs-shared ---
[INFO] 
[INFO] --- compiler:3.13.0:compile (default-compile) @ crate-libs-guice ---
[INFO] ANTLR 4: Processing source directory /repo/libs/pgwire/src/main/antlr
[INFO] Processing grammar: io/crate/protocols/postgres/antlr/PgArray.g4
[INFO] Toolchain in maven-compiler-plugin: JDK[/root/.m2/jdks/jdk-23.0.2+7]
[INFO] Toolchain in maven-compiler-plugin: JDK[/root/.m2/jdks/jdk-23.0.2+7]
[INFO] Toolchain in maven-compiler-plugin: JDK[/root/.m2/jdks/jdk-23.0.2+7]
[INFO] No sources to compile
[INFO] 
[INFO] --- resources:3.3.1:testResources (default-testResources) @ jlink-jdk ---
[INFO] skip non existing resourceDirectory /repo/jlink-jdk/src/test/resources
[INFO] 
[INFO] --- compiler:3.13.0:testCompile (default-testCompile) @ jlink-jdk ---
[INFO] Toolchain in maven-compiler-plugin: JDK[/root/.m2/jdks/jdk-23.0.2+7]
[INFO] No sources to compile
[INFO] 
[INFO] --- surefire:3.5.1:test (default-test) @ jlink-jdk ---
[INFO] Recompiling the module because of changed source code.
[INFO] Compiling 48 source files with javac [forked debug target 23] to target/classes
[INFO] Tests are skipped.
[INFO] 
[INFO] --- jlink:3.1.0:jlink (default-jlink) @ jlink-jdk ---
[INFO] Toolchain in maven-jlink-plugin: jlink [ /root/.m2/jdks/jdk-23.0.2+7/bin/jlink ]
[INFO] Recompiling the module because of changed source code.
[INFO] Compiling 169 source files with javac [forked debug target 23] to target/classes
[INFO] 
[INFO] --- resources:3.3.1:resources (default-resources) @ crate-libs-pgwire ---
[INFO] skip non existing resourceDirectory /repo/libs/pgwire/src/main/resources
[INFO] 
[INFO] --- compiler:3.13.0:compile (default-compile) @ crate-libs-pgwire ---
[INFO] Toolchain in maven-compiler-plugin: JDK[/root/.m2/jdks/jdk-23.0.2+7]
[INFO] Recompiling the module because of changed source code.
[INFO] Compiling 7 source files with javac [forked debug target 23] to target/classes
[INFO] 
[INFO] --- resources:3.3.1:testResources (default-testResources) @ crate-libs-pgwire ---
[INFO] skip non existing resourceDirectory /repo/libs/pgwire/src/test/resources
[INFO] 
[INFO] --- compiler:3.13.0:testCompile (default-testCompile) @ crate-libs-pgwire ---
[INFO] Toolchain in maven-compiler-plugin: JDK[/root/.m2/jdks/jdk-23.0.2+7]
[INFO] Recompiling the module because of changed dependency.
[INFO] Compiling 1 source file with javac [forked debug target 23] to target/test-classes
[INFO] 
[INFO] --- build-helper:3.6.0:add-test-source (add-gradle-testfixtures) @ crate-libs-shared ---
[INFO] Test Source directory: /repo/libs/shared/src/testFixtures/java added.
[INFO] 
[INFO] --- resources:3.3.1:testResources (default-testResources) @ crate-libs-shared ---
[INFO] skip non existing resourceDirectory /repo/libs/shared/src/test/resources
[INFO] 
[INFO] --- compiler:3.13.0:testCompile (default-testCompile) @ crate-libs-shared ---
[INFO] Toolchain in maven-compiler-plugin: JDK[/root/.m2/jdks/jdk-23.0.2+7]
[INFO] Recompiling the module because of changed dependency.
[INFO] Compiling 10 source files with javac [forked debug target 23] to target/test-classes
[INFO] 
[INFO] --- surefire:3.5.1:test (default-test) @ crate-libs-pgwire ---
[INFO] Tests are skipped.
[INFO] 
[INFO] --- jar:3.4.2:jar (default-jar) @ crate-libs-pgwire ---
[INFO] Set Build-Jdk-Spec based on toolchain in maven-jar-plugin JDK[/root/.m2/jdks/jdk-23.0.2+7]
[INFO] Building jar: /repo/libs/pgwire/target/crate-libs-pgwire-5.10.12.jar
[INFO] 
[INFO] --- forbiddenapis:3.8:check (default) @ crate-libs-pgwire ---
[INFO] Skipping forbidden-apis checks.
[INFO] 
[INFO] --- install:3.1.3:install (default-install) @ crate-libs-pgwire ---
[INFO] Installing /repo/libs/pgwire/pom.xml to /root/.m2/repository/io/crate/crate-libs-pgwire/5.10.12/crate-libs-pgwire-5.10.12.pom
[INFO] Installing /repo/libs/pgwire/target/crate-libs-pgwire-5.10.12.jar to /root/.m2/repository/io/crate/crate-libs-pgwire/5.10.12/crate-libs-pgwire-5.10.12.jar
[INFO] 
[INFO] --- resources:3.3.1:testResources (default-testResources) @ crate-libs-guice ---
[INFO] skip non existing resourceDirectory /repo/libs/guice/src/test/resources
[INFO] 
[INFO] --- compiler:3.13.0:testCompile (default-testCompile) @ crate-libs-guice ---
[INFO] Toolchain in maven-compiler-plugin: JDK[/root/.m2/jdks/jdk-23.0.2+7]
[INFO] No sources to compile
[INFO] 
[INFO] --- surefire:3.5.1:test (default-test) @ crate-libs-guice ---
[INFO] Tests are skipped.
[INFO] 
[INFO] --- jar:3.4.2:jar (default-jar) @ crate-libs-guice ---
[INFO] Set Build-Jdk-Spec based on toolchain in maven-jar-plugin JDK[/root/.m2/jdks/jdk-23.0.2+7]
[INFO] 
[INFO] --- surefire:3.5.1:test (default-test) @ crate-libs-shared ---
[INFO] Building jar: /repo/libs/guice/target/crate-libs-guice-5.10.12.jar
[INFO] Tests are skipped.
[INFO] 
[INFO] --- jar:3.4.2:jar (default-jar) @ crate-libs-shared ---
[INFO] Set Build-Jdk-Spec based on toolchain in maven-jar-plugin JDK[/root/.m2/jdks/jdk-23.0.2+7]
[INFO] Building jar: /repo/libs/shared/target/crate-libs-shared-5.10.12.jar
[INFO] 
[INFO] --- forbiddenapis:3.8:check (default) @ crate-libs-guice ---
[INFO] Skipping forbidden-apis checks.
[INFO] 
[INFO] --- install:3.1.3:install (default-install) @ crate-libs-guice ---
[INFO] Installing /repo/libs/guice/pom.xml to /root/.m2/repository/io/crate/crate-libs-guice/5.10.12/crate-libs-guice-5.10.12.pom
[INFO] Installing /repo/libs/guice/target/crate-libs-guice-5.10.12.jar to /root/.m2/repository/io/crate/crate-libs-guice/5.10.12/crate-libs-guice-5.10.12.jar
[INFO] 
[INFO] --- jar:3.4.2:test-jar (default) @ crate-libs-shared ---
[INFO] Set Build-Jdk-Spec based on toolchain in maven-jar-plugin JDK[/root/.m2/jdks/jdk-23.0.2+7]
[INFO] Building jar: /repo/libs/shared/target/crate-libs-shared-5.10.12-tests.jar
[INFO] 
[INFO] --- forbiddenapis:3.8:check (default) @ crate-libs-shared ---
[INFO] Skipping forbidden-apis checks.
[INFO] 
[INFO] --- install:3.1.3:install (default-install) @ crate-libs-shared ---
[INFO] Installing /repo/libs/shared/pom.xml to /root/.m2/repository/io/crate/crate-libs-shared/5.10.12/crate-libs-shared-5.10.12.pom
[INFO] Installing /repo/libs/shared/target/crate-libs-shared-5.10.12.jar to /root/.m2/repository/io/crate/crate-libs-shared/5.10.12/crate-libs-shared-5.10.12.jar
[INFO] Installing /repo/libs/shared/target/crate-libs-shared-5.10.12-tests.jar to /root/.m2/repository/io/crate/crate-libs-shared/5.10.12/crate-libs-shared-5.10.12-tests.jar
[INFO] 
[INFO] ----------------------< io.crate:crate-libs-dex >-----------------------
[INFO] Building crate-libs-dex 5.10.12                                   [6/26]
[INFO]   from libs/dex/pom.xml
[INFO] 
[INFO] --------------------------------[ jar ]---------------------------------
[INFO] ------------------< io.crate:crate-libs-es-x-content >------------------
[INFO] Building crate-libs-es-x-content 5.10.12                          [7/26]
[INFO]   from libs/es-x-content/pom.xml
[INFO] --------------------------------[ jar ]---------------------------------
[INFO] 
[INFO] -------------------< io.crate:crate-libs-sql-parser >-------------------
[INFO] Building crate-libs-sql-parser 5.10.12                            [8/26]
[INFO]   from libs/sql-parser/pom.xml
[INFO] --------------------------------[ jar ]---------------------------------
[INFO] 
[INFO] ----------------------< io.crate:crate-libs-cli >-----------------------
[INFO] Building crate-libs-cli 5.10.12                                   [9/26]
[INFO]   from libs/cli/pom.xml
[INFO] --------------------------------[ jar ]---------------------------------
[INFO] 
[INFO] --- clean:3.4.0:clean (default-clean) @ crate-libs-cli ---
[INFO] 
[INFO] --- clean:3.4.0:clean (default-clean) @ crate-libs-sql-parser ---
[INFO] 
[INFO] --- enforcer:3.5.0:enforce (enforce-maven) @ crate-libs-cli ---
[INFO] 
[INFO] --- clean:3.4.0:clean (default-clean) @ crate-libs-dex ---
[INFO] Skipping Rule Enforcement.
[INFO] 
[INFO] --- checkstyle:3.6.0:check (validate) @ crate-libs-cli ---
[INFO] 
[INFO] --- toolchains:4.5.0:toolchain (default) @ crate-libs-cli ---
[INFO] Required toolchain: jdk [ vendor='temurin' version='23.0.2' ]
[INFO] 
[INFO] Found matching toolchain for toolchainType jdk: JDK[/root/.m2/jdks/jdk-23.0.2+7]
[INFO] 
[INFO] --- jacoco:0.8.12:prepare-agent (default-prepare-agent) @ crate-libs-cli ---
[INFO] --- enforcer:3.5.0:enforce (enforce-maven) @ crate-libs-sql-parser ---
[INFO] 
[INFO] --- enforcer:3.5.0:enforce (enforce-maven) @ crate-libs-dex ---
[INFO] Skipping Rule Enforcement.
[INFO] argLine set to -javaagent:/root/.m2/repository/org/jacoco/org.jacoco.agent/0.8.12/org.jacoco.agent-0.8.12-runtime.jar=destfile=/repo/libs/cli/target/jacoco.exec
[INFO] 
[INFO] 
[INFO] --- checkstyle:3.6.0:check (validate) @ crate-libs-sql-parser ---
[INFO] --- resources:3.3.1:resources (default-resources) @ crate-libs-cli ---
[INFO] Skipping Rule Enforcement.
[INFO] 
[INFO] --- checkstyle:3.6.0:check (validate) @ crate-libs-dex ---
[INFO] 
[INFO] --- toolchains:4.5.0:toolchain (default) @ crate-libs-dex ---
[INFO] 
[INFO] --- toolchains:4.5.0:toolchain (default) @ crate-libs-sql-parser ---
[INFO] Required toolchain: jdk [ vendor='temurin' version='23.0.2' ]
[INFO] Required toolchain: jdk [ vendor='temurin' version='23.0.2' ]
[INFO] Found matching toolchain for toolchainType jdk: JDK[/root/.m2/jdks/jdk-23.0.2+7]
[INFO] Found matching toolchain for toolchainType jdk: JDK[/root/.m2/jdks/jdk-23.0.2+7]
[INFO] 
[INFO] --- jacoco:0.8.12:prepare-agent (default-prepare-agent) @ crate-libs-sql-parser ---
[INFO] skip non existing resourceDirectory /repo/libs/cli/src/main/resources
[INFO] argLine set to -javaagent:/root/.m2/repository/org/jacoco/org.jacoco.agent/0.8.12/org.jacoco.agent-0.8.12-runtime.jar=destfile=/repo/libs/sql-parser/target/jacoco.exec
[INFO] 
[INFO] 
[INFO] --- antlr4:4.13.2:antlr4 (antlr) @ crate-libs-sql-parser ---
[INFO] --- jacoco:0.8.12:prepare-agent (default-prepare-agent) @ crate-libs-dex ---
[INFO] 
[INFO] --- compiler:3.13.0:compile (default-compile) @ crate-libs-cli ---
[INFO] argLine set to -javaagent:/root/.m2/repository/org/jacoco/org.jacoco.agent/0.8.12/org.jacoco.agent-0.8.12-runtime.jar=destfile=/repo/libs/dex/target/jacoco.exec
[INFO] 
[INFO] --- resources:3.3.1:resources (default-resources) @ crate-libs-dex ---
[INFO] Toolchain in maven-compiler-plugin: JDK[/root/.m2/jdks/jdk-23.0.2+7]
[INFO] skip non existing resourceDirectory /repo/libs/dex/src/main/resources
[INFO] 
[INFO] --- compiler:3.13.0:compile (default-compile) @ crate-libs-dex ---
[INFO] 
[INFO] --- clean:3.4.0:clean (default-clean) @ crate-libs-es-x-content ---
[INFO] Toolchain in maven-compiler-plugin: JDK[/root/.m2/jdks/jdk-23.0.2+7]
[INFO] 
[INFO] --- enforcer:3.5.0:enforce (enforce-maven) @ crate-libs-es-x-content ---
[INFO] Skipping Rule Enforcement.
[INFO] 
[INFO] --- checkstyle:3.6.0:check (validate) @ crate-libs-es-x-content ---
[INFO] 
[INFO] --- toolchains:4.5.0:toolchain (default) @ crate-libs-es-x-content ---
[INFO] Required toolchain: jdk [ vendor='temurin' version='23.0.2' ]
[INFO] Found matching toolchain for toolchainType jdk: JDK[/root/.m2/jdks/jdk-23.0.2+7]
[INFO] 
[INFO] --- jacoco:0.8.12:prepare-agent (default-prepare-agent) @ crate-libs-es-x-content ---
[INFO] argLine set to -javaagent:/root/.m2/repository/org/jacoco/org.jacoco.agent/0.8.12/org.jacoco.agent-0.8.12-runtime.jar=destfile=/repo/libs/es-x-content/target/jacoco.exec
[INFO] 
[INFO] --- resources:3.3.1:resources (default-resources) @ crate-libs-es-x-content ---
[INFO] skip non existing resourceDirectory /repo/libs/es-x-content/src/main/resources
[INFO] 
[INFO] --- compiler:3.13.0:compile (default-compile) @ crate-libs-es-x-content ---
[INFO] Toolchain in maven-compiler-plugin: JDK[/root/.m2/jdks/jdk-23.0.2+7]
[INFO] ANTLR 4: Processing source directory /repo/libs/sql-parser/src/main/antlr
[INFO] Recompiling the module because of changed dependency.
[INFO] Compiling 5 source files with javac [forked debug target 23] to target/classes
[INFO] Recompiling the module because of changed dependency.
[INFO] Recompiling the module because of changed dependency.
[INFO] Compiling 27 source files with javac [forked debug target 23] to target/classes
[INFO] Compiling 47 source files with javac [forked debug target 23] to target/classes
[INFO] Processing grammar: io/crate/sql/parser/antlr/SqlBaseLexer.g4
[INFO] Processing grammar: io/crate/sql/parser/antlr/SqlBaseParser.g4
[INFO] 
[INFO] --- resources:3.3.1:resources (default-resources) @ crate-libs-sql-parser ---
[INFO] skip non existing resourceDirectory /repo/libs/sql-parser/src/main/resources
[INFO] 
[INFO] --- compiler:3.13.0:compile (default-compile) @ crate-libs-sql-parser ---
[INFO] Toolchain in maven-compiler-plugin: JDK[/root/.m2/jdks/jdk-23.0.2+7]
[INFO] Recompiling the module because of changed dependency.
[INFO] Compiling 219 source files with javac [forked debug target 23] to target/classes
[INFO] 
[INFO] --- resources:3.3.1:testResources (default-testResources) @ crate-libs-cli ---
[INFO] skip non existing resourceDirectory /repo/libs/cli/src/test/resources
[INFO] 
[INFO] --- compiler:3.13.0:testCompile (default-testCompile) @ crate-libs-cli ---
[INFO] Toolchain in maven-compiler-plugin: JDK[/root/.m2/jdks/jdk-23.0.2+7]
[INFO] No sources to compile
[INFO] 
[INFO] --- surefire:3.5.1:test (default-test) @ crate-libs-cli ---
[INFO] Tests are skipped.
[INFO] 
[INFO] --- jar:3.4.2:jar (default-jar) @ crate-libs-cli ---
[INFO] Set Build-Jdk-Spec based on toolchain in maven-jar-plugin JDK[/root/.m2/jdks/jdk-23.0.2+7]
[INFO] Building jar: /repo/libs/cli/target/crate-libs-cli-5.10.12.jar
[INFO] 
[INFO] --- forbiddenapis:3.8:check (default) @ crate-libs-cli ---
[INFO] Skipping forbidden-apis checks.
[INFO] 
[INFO] --- install:3.1.3:install (default-install) @ crate-libs-cli ---
[INFO] Installing /repo/libs/cli/pom.xml to /root/.m2/repository/io/crate/crate-libs-cli/5.10.12/crate-libs-cli-5.10.12.pom
[INFO] Installing /repo/libs/cli/target/crate-libs-cli-5.10.12.jar to /root/.m2/repository/io/crate/crate-libs-cli/5.10.12/crate-libs-cli-5.10.12.jar
[INFO] 
[INFO] --- build-helper:3.6.0:add-test-source (add-testfixtures) @ crate-libs-dex ---
[INFO] Test Source directory: /repo/libs/dex/src/testFixtures/java added.
[INFO] 
[INFO] --- resources:3.3.1:testResources (default-testResources) @ crate-libs-dex ---
[INFO] skip non existing resourceDirectory /repo/libs/dex/src/test/resources
[INFO] 
[INFO] --- compiler:3.13.0:testCompile (default-testCompile) @ crate-libs-dex ---
[INFO] Toolchain in maven-compiler-plugin: JDK[/root/.m2/jdks/jdk-23.0.2+7]
[INFO] Recompiling the module because of changed dependency.
[INFO] Compiling 22 source files with javac [forked debug target 23] to target/test-classes
[INFO] 
[INFO] --- resources:3.3.1:testResources (default-testResources) @ crate-libs-es-x-content ---
[INFO] skip non existing resourceDirectory /repo/libs/es-x-content/src/test/resources
[INFO] 
[INFO] --- compiler:3.13.0:testCompile (default-testCompile) @ crate-libs-es-x-content ---
[INFO] Toolchain in maven-compiler-plugin: JDK[/root/.m2/jdks/jdk-23.0.2+7]
[INFO] No sources to compile
[INFO] 
[INFO] --- surefire:3.5.1:test (default-test) @ crate-libs-es-x-content ---
[INFO] Tests are skipped.
[INFO] 
[INFO] --- jar:3.4.2:jar (default-jar) @ crate-libs-es-x-content ---
[INFO] Set Build-Jdk-Spec based on toolchain in maven-jar-plugin JDK[/root/.m2/jdks/jdk-23.0.2+7]
[INFO] Building jar: /repo/libs/es-x-content/target/crate-libs-es-x-content-5.10.12.jar
[INFO] 
[INFO] --- forbiddenapis:3.8:check (default) @ crate-libs-es-x-content ---
[INFO] Skipping forbidden-apis checks.
[INFO] 
[INFO] --- install:3.1.3:install (default-install) @ crate-libs-es-x-content ---
[INFO] Installing /repo/libs/es-x-content/pom.xml to /root/.m2/repository/io/crate/crate-libs-es-x-content/5.10.12/crate-libs-es-x-content-5.10.12.pom
[INFO] Installing /repo/libs/es-x-content/target/crate-libs-es-x-content-5.10.12.jar to /root/.m2/repository/io/crate/crate-libs-es-x-content/5.10.12/crate-libs-es-x-content-5.10.12.jar
[INFO] 
[INFO] --- surefire:3.5.1:test (default-test) @ crate-libs-dex ---
[INFO] Tests are skipped.
[INFO] 
[INFO] --- jar:3.4.2:jar (default-jar) @ crate-libs-dex ---
[INFO] Set Build-Jdk-Spec based on toolchain in maven-jar-plugin JDK[/root/.m2/jdks/jdk-23.0.2+7]
[INFO] Building jar: /repo/libs/dex/target/crate-libs-dex-5.10.12.jar
[INFO] 
[INFO] --- jar:3.4.2:test-jar (default) @ crate-libs-dex ---
[INFO] Set Build-Jdk-Spec based on toolchain in maven-jar-plugin JDK[/root/.m2/jdks/jdk-23.0.2+7]
[INFO] Building jar: /repo/libs/dex/target/crate-libs-dex-5.10.12-tests.jar
[INFO] 
[INFO] --- forbiddenapis:3.8:check (default) @ crate-libs-dex ---
[INFO] Skipping forbidden-apis checks.
[INFO] 
[INFO] --- install:3.1.3:install (default-install) @ crate-libs-dex ---
[INFO] Installing /repo/libs/dex/pom.xml to /root/.m2/repository/io/crate/crate-libs-dex/5.10.12/crate-libs-dex-5.10.12.pom
[INFO] Installing /repo/libs/dex/target/crate-libs-dex-5.10.12.jar to /root/.m2/repository/io/crate/crate-libs-dex/5.10.12/crate-libs-dex-5.10.12.jar
[INFO] Installing /repo/libs/dex/target/crate-libs-dex-5.10.12-tests.jar to /root/.m2/repository/io/crate/crate-libs-dex/5.10.12/crate-libs-dex-5.10.12-tests.jar
[INFO] 
[INFO] WARNING: Using incubator modules: jdk.incubator.vector
[INFO] Building zip: /repo/jlink-jdk/target/jlink-jdk-5.10.12.zip
[INFO] 
[INFO] --- resources:3.3.1:testResources (default-testResources) @ crate-libs-sql-parser ---
[INFO] Copying 22 resources from src/test/resources to target/test-classes
[INFO] 
[INFO] --- compiler:3.13.0:testCompile (default-testCompile) @ crate-libs-sql-parser ---
[INFO] Toolchain in maven-compiler-plugin: JDK[/root/.m2/jdks/jdk-23.0.2+7]
[INFO] Recompiling the module because of changed dependency.
[INFO] Compiling 14 source files with javac [forked debug target 23] to target/test-classes
[INFO] 
[INFO] --- forbiddenapis:3.8:check (default) @ jlink-jdk ---
[INFO] Skipping forbidden-apis checks.
[INFO] 
[INFO] --- install:3.1.3:install (default-install) @ jlink-jdk ---
[INFO] Installing /repo/jlink-jdk/pom.xml to /root/.m2/repository/io/crate/jlink-jdk/5.10.12/jlink-jdk-5.10.12.pom
[INFO] Installing /repo/jlink-jdk/target/jlink-jdk-5.10.12.zip to /root/.m2/repository/io/crate/jlink-jdk/5.10.12/jlink-jdk-5.10.12.zip
[INFO] 
[INFO] --- surefire:3.5.1:test (default-test) @ crate-libs-sql-parser ---
[INFO] Tests are skipped.
[INFO] 
[INFO] --- jar:3.4.2:jar (default-jar) @ crate-libs-sql-parser ---
[INFO] Set Build-Jdk-Spec based on toolchain in maven-jar-plugin JDK[/root/.m2/jdks/jdk-23.0.2+7]
[INFO] Building jar: /repo/libs/sql-parser/target/crate-libs-sql-parser-5.10.12.jar
[INFO] 
[INFO] --- forbiddenapis:3.8:check (default) @ crate-libs-sql-parser ---
[INFO] Skipping forbidden-apis checks.
[INFO] 
[INFO] --- install:3.1.3:install (default-install) @ crate-libs-sql-parser ---
[INFO] Installing /repo/libs/sql-parser/pom.xml to /root/.m2/repository/io/crate/crate-libs-sql-parser/5.10.12/crate-libs-sql-parser-5.10.12.pom
[INFO] Installing /repo/libs/sql-parser/target/crate-libs-sql-parser-5.10.12.jar to /root/.m2/repository/io/crate/crate-libs-sql-parser/5.10.12/crate-libs-sql-parser-5.10.12.jar
[INFO] 
[INFO] -----------------------< io.crate:crate-server >------------------------
[INFO] Building crate-server 5.10.12                                    [10/26]
[INFO]   from server/pom.xml
[INFO] --------------------------------[ jar ]---------------------------------
[INFO] 
[INFO] --- clean:3.4.0:clean (default-clean) @ crate-server ---
[INFO] 
[INFO] --- enforcer:3.5.0:enforce (enforce-maven) @ crate-server ---
[INFO] Skipping Rule Enforcement.
[INFO] 
[INFO] --- checkstyle:3.6.0:check (validate) @ crate-server ---
[INFO] 
[INFO] --- toolchains:4.5.0:toolchain (default) @ crate-server ---
[INFO] Required toolchain: jdk [ vendor='temurin' version='23.0.2' ]
[INFO] Found matching toolchain for toolchainType jdk: JDK[/root/.m2/jdks/jdk-23.0.2+7]
[INFO] 
[INFO] --- jacoco:0.8.12:prepare-agent (default-prepare-agent) @ crate-server ---
[INFO] argLine set to -javaagent:/root/.m2/repository/org/jacoco/org.jacoco.agent/0.8.12/org.jacoco.agent-0.8.12-runtime.jar=destfile=/repo/server/target/jacoco.exec
[INFO] 
[INFO] --- antlr4:4.13.2:antlr4 (antlr) @ crate-server ---
[INFO] ANTLR 4: Processing source directory /repo/server/src/main/antlr
[INFO] Processing grammar: io/crate/signatures/antlr/TypeSignatures.g4
[INFO] 
[INFO] --- resources:3.3.1:resources (default-resources) @ crate-server ---
[INFO] Copying 9 resources from src/main/resources to target/classes
[INFO] 
[INFO] --- compiler:3.13.0:compile (default-compile) @ crate-server ---
[INFO] Toolchain in maven-compiler-plugin: JDK[/root/.m2/jdks/jdk-23.0.2+7]
[INFO] Recompiling the module because of changed dependency.
[INFO] Compiling 2872 source files with javac [forked debug target 23] to target/classes
[INFO] 
[INFO] --- build-helper:3.6.0:add-test-source (add-testfixtures) @ crate-server ---
[INFO] Test Source directory: /repo/server/src/testFixtures/java added.
[INFO] 
[INFO] --- build-helper:3.6.0:add-test-resource (add-testfixtures-resources) @ crate-server ---
[INFO] 
[INFO] --- resources:3.3.1:testResources (default-testResources) @ crate-server ---
[INFO] Copying 52 resources from src/test/resources to target/test-classes
[INFO] Copying 1 resource from src/testFixtures/resources to target/test-classes
[INFO] 
[INFO] --- compiler:3.13.0:testCompile (default-testCompile) @ crate-server ---
[INFO] Toolchain in maven-compiler-plugin: JDK[/root/.m2/jdks/jdk-23.0.2+7]
[INFO] Recompiling the module because of changed dependency.
[INFO] Compiling 1312 source files with javac [forked debug target 23] to target/test-classes
[INFO] -------------------------------------------------------------
[ERROR] COMPILATION ERROR : 
[INFO] -------------------------------------------------------------
[ERROR] /repo/server/src/test/java/io/crate/execution/dml/IndexerTest.java:[1572,26] error: incompatible types: no instance(s) of type variable(s) E exist so that List<E> conforms to String
  where E is a type-variable:
    E extends Object declared in method <E>of()
[INFO] 1 error
[INFO] -------------------------------------------------------------
[INFO] ------------------------------------------------------------------------
[INFO] Reactor Summary for crate 5.10.12:
[INFO] 
[INFO] crate .............................................. SUCCESS [ 52.570 s]
[INFO] crate-libs-shared .................................. SUCCESS [  6.869 s]
[INFO] crate-libs-dex ..................................... SUCCESS [  5.577 s]
[INFO] crate-libs-es-x-content ............................ SUCCESS [  3.292 s]
[INFO] crate-libs-cli ..................................... SUCCESS [  1.582 s]
[INFO] crate-libs-guice ................................... SUCCESS [  6.837 s]
[INFO] crate-libs-sql-parser .............................. SUCCESS [  9.487 s]
[INFO] crate-libs-pgwire .................................. SUCCESS [  5.429 s]
[INFO] crate-server ....................................... FAILURE [ 41.421 s]
[INFO] crate-libs-azure-testing ........................... SKIPPED
[INFO] es-analysis-common ................................. SKIPPED
[INFO] es-analysis-phonetic ............................... SKIPPED
[INFO] es-discovery-ec2 ................................... SKIPPED
[INFO] es-repository-s3 ................................... SKIPPED
[INFO] es-repository-url .................................. SKIPPED
[INFO] es-repository-azure ................................ SKIPPED
[INFO] repository-gcs ..................................... SKIPPED
[INFO] dns-discovery ...................................... SKIPPED
[INFO] crate-copy-s3 ...................................... SKIPPED
[INFO] crate-copy-azure ................................... SKIPPED
[INFO] crate-functions .................................... SKIPPED
[INFO] crate-lang-js ...................................... SKIPPED
[INFO] crate-jmx-monitoring ............................... SKIPPED
[INFO] jlink-jdk .......................................... SUCCESS [ 15.560 s]
[INFO] crate-app .......................................... SKIPPED
[INFO] crate-benchmarks ................................... SKIPPED
[INFO] ------------------------------------------------------------------------
[INFO] BUILD FAILURE
[INFO] ------------------------------------------------------------------------
[INFO] Total time:  01:50 min (Wall Clock)
[INFO] Finished at: 2026-04-25T09:42:34Z
[INFO] ------------------------------------------------------------------------
[ERROR] Failed to execute goal org.apache.maven.plugins:maven-compiler-plugin:3.13.0:testCompile (default-testCompile) on project crate-server: Compilation failure
[ERROR] /repo/server/src/test/java/io/crate/execution/dml/IndexerTest.java:[1572,26] error: incompatible types: no instance(s) of type variable(s) E exist so that List<E> conforms to String
[ERROR]   where E is a type-variable:
[ERROR]     E extends Object declared in method <E>of()
[ERROR] 
[ERROR] -> [Help 1]
[ERROR] 
[ERROR] To see the full stack trace of the errors, re-run Maven with the -e switch.
[ERROR] Re-run Maven using the -X switch to enable full debug logging.
[ERROR] 
[ERROR] For more information about the errors and possible solutions, please read the following articles:
[ERROR] [Help 1] http://cwiki.apache.org/confluence/display/MAVEN/MojoFailureException
[ERROR] 
[ERROR] After correcting the problems, you can resume the build with the command
[ERROR]   mvn <args> -rf :crate-server
⚠️ Build failed; cleaning cached JDK archives and retrying once...
WARNING: A terminally deprecated method in sun.misc.Unsafe has been called
WARNING: sun.misc.Unsafe::staticFieldBase has been called by com.google.inject.internal.aop.HiddenClassDefiner (file:/usr/share/maven/lib/guice-5.1.0-classes.jar)
WARNING: Please consider reporting this to the maintainers of class com.google.inject.internal.aop.HiddenClassDefiner
WARNING: sun.misc.Unsafe::staticFieldBase will be removed in a future release
[INFO] Scanning for projects...
[INFO] ------------------------------------------------------------------------
[INFO] Reactor Build Order:
[INFO] 
[INFO] crate                                                              [pom]
[INFO] crate-libs-shared                                                  [jar]
[INFO] crate-libs-dex                                                     [jar]
[INFO] crate-libs-es-x-content                                            [jar]
[INFO] crate-libs-cli                                                     [jar]
[INFO] crate-libs-guice                                                   [jar]
[INFO] crate-libs-sql-parser                                              [jar]
[INFO] crate-libs-pgwire                                                  [jar]
[INFO] crate-server                                                       [jar]
[INFO] crate-libs-azure-testing                                           [jar]
[INFO] es-analysis-common                                                 [jar]
[INFO] es-analysis-phonetic                                               [jar]
[INFO] es-discovery-ec2                                                   [jar]
[INFO] es-repository-s3                                                   [jar]
[INFO] es-repository-url                                                  [jar]
[INFO] es-repository-azure                                                [jar]
[INFO] repository-gcs                                                     [jar]
[INFO] dns-discovery                                                      [jar]
[INFO] crate-copy-s3                                                      [jar]
[INFO] crate-copy-azure                                                   [jar]
[INFO] crate-functions                                                    [jar]
[INFO] crate-lang-js                                                      [jar]
[INFO] crate-jmx-monitoring                                               [jar]
[INFO] jlink-jdk                                                        [jlink]
[INFO] crate-app                                                          [jar]
[INFO] crate-benchmarks                                                   [jar]
[INFO] 
[INFO] Using the MultiThreadedBuilder implementation with a thread count of 8
[INFO] 
[INFO] ---------------------------< io.crate:crate >---------------------------
[INFO] Building crate 5.10.12                                            [1/26]
[INFO]   from pom.xml
[INFO] --------------------------------[ pom ]---------------------------------
[INFO] 
[INFO] --- clean:3.4.0:clean (default-clean) @ crate ---
[INFO] 
[INFO] --- enforcer:3.5.0:enforce (enforce-maven) @ crate ---
[INFO] Skipping Rule Enforcement.
[INFO] 
[INFO] --- checkstyle:3.6.0:check (validate) @ crate ---
[INFO] 
[INFO] --- toolchains:4.5.0:toolchain (default) @ crate ---
[INFO] Required toolchain: jdk [ vendor='temurin' version='23.0.2' ]
[INFO] Begin to install JDK 23.0.2
[INFO] Download OpenJDK23U-jdk_aarch64_linux_hotspot_23.0.2_7.tar.gz from https://github.com/adoptium/temurin23-binaries/releases/download/jdk-23.0.2%2B7/OpenJDK23U-jdk_aarch64_linux_hotspot_23.0.2_7.tar.gz
[INFO] Extract OpenJDK23U-jdk_aarch64_linux_hotspot_23.0.2_7.tar.gz
[INFO] JDK installed: /root/.m2/jdks/jdk-23.0.2+7
[INFO] 
[INFO] --- jacoco:0.8.12:prepare-agent (default-prepare-agent) @ crate ---
[INFO] argLine set to -javaagent:/root/.m2/repository/org/jacoco/org.jacoco.agent/0.8.12/org.jacoco.agent-0.8.12-runtime.jar=destfile=/repo/target/jacoco.exec
[INFO] 
[INFO] --- forbiddenapis:3.8:check (default) @ crate ---
[INFO] Skipping forbidden-apis checks.
[INFO] 
[INFO] --- install:3.1.3:install (default-install) @ crate ---
[INFO] Installing /repo/pom.xml to /root/.m2/repository/io/crate/crate/5.10.12/crate-5.10.12.pom
[INFO] 
[INFO] ---------------------< io.crate:crate-libs-shared >---------------------
[INFO] Building crate-libs-shared 5.10.12                                [2/26]
[INFO]   from libs/shared/pom.xml
[INFO] --------------------------------[ jar ]---------------------------------
[INFO] 
[INFO] ---------------------< io.crate:crate-libs-guice >----------------------
[INFO] Building crate-libs-guice 5.10.12                                 [3/26]
[INFO]   from libs/guice/pom.xml
[INFO] --------------------------------[ jar ]---------------------------------
[INFO] 
[INFO] ---------------------< io.crate:crate-libs-pgwire >---------------------
[INFO] Building crate-libs-pgwire 5.10.12                                [4/26]
[INFO]   from libs/pgwire/pom.xml
[INFO] --------------------------------[ jar ]---------------------------------
[INFO] 
[INFO] -------------------------< io.crate:jlink-jdk >-------------------------
[INFO] Building jlink-jdk 5.10.12                                        [5/26]
[INFO]   from jlink-jdk/pom.xml
[INFO] -------------------------------[ jlink ]--------------------------------
[WARNING] *****************************************************************
[WARNING] * Your build is requesting parallel execution, but this         *
[WARNING] * project contains the following plugin(s) that have goals not  *
[WARNING] * marked as thread-safe to support parallel execution.          *
[WARNING] * While this /may/ work fine, please look for plugin updates    *
[WARNING] * and/or request plugins be made thread-safe.                   *
[WARNING] * If reporting an issue, report it against the plugin in        *
[WARNING] * question, not against Apache Maven.                           *
[WARNING] *****************************************************************
[WARNING] The following plugins are not marked as thread-safe in jlink-jdk:
[WARNING]   org.apache.maven.plugins:maven-jlink-plugin:3.1.0
[WARNING] 
[WARNING] Enable debug to see precisely which goals are not marked as thread-safe.
[WARNING] *****************************************************************
[INFO] 
[INFO] --- clean:3.4.0:clean (default-clean) @ jlink-jdk ---
[INFO] Deleting /repo/jlink-jdk/target
[INFO] 
[INFO] --- clean:3.4.0:clean (default-clean) @ crate-libs-guice ---
[INFO] 
[INFO] --- clean:3.4.0:clean (default-clean) @ crate-libs-shared ---
[INFO] Deleting /repo/libs/shared/target
[INFO] Deleting /repo/libs/guice/target
[INFO] 
[INFO] --- clean:3.4.0:clean (default-clean) @ crate-libs-pgwire ---
[INFO] Deleting /repo/libs/pgwire/target
[INFO] 
[INFO] --- enforcer:3.5.0:enforce (enforce-maven) @ crate-libs-pgwire ---
[INFO] Skipping Rule Enforcement.
[INFO] 
[INFO] --- checkstyle:3.6.0:check (validate) @ crate-libs-pgwire ---
[INFO] 
[INFO] --- toolchains:4.5.0:toolchain (default) @ crate-libs-pgwire ---
[INFO] Required toolchain: jdk [ vendor='temurin' version='23.0.2' ]
[INFO] Found matching toolchain for toolchainType jdk: JDK[/root/.m2/jdks/jdk-23.0.2+7]
[INFO] 
[INFO] --- jacoco:0.8.12:prepare-agent (default-prepare-agent) @ crate-libs-pgwire ---
[INFO] argLine set to -javaagent:/root/.m2/repository/org/jacoco/org.jacoco.agent/0.8.12/org.jacoco.agent-0.8.12-runtime.jar=destfile=/repo/libs/pgwire/target/jacoco.exec
[INFO] 
[INFO] --- antlr4:4.13.2:antlr4 (antlr) @ crate-libs-pgwire ---
[INFO] 
[INFO] --- enforcer:3.5.0:enforce (enforce-maven) @ crate-libs-shared ---
[INFO] Skipping Rule Enforcement.
[INFO] 
[INFO] --- checkstyle:3.6.0:check (validate) @ crate-libs-shared ---
[INFO] 
[INFO] --- toolchains:4.5.0:toolchain (default) @ crate-libs-shared ---
[INFO] ANTLR 4: Processing source directory /repo/libs/pgwire/src/main/antlr
[INFO] Required toolchain: jdk [ vendor='temurin' version='23.0.2' ]
[INFO] Found matching toolchain for toolchainType jdk: JDK[/root/.m2/jdks/jdk-23.0.2+7]
[INFO] 
[INFO] --- jacoco:0.8.12:prepare-agent (default-prepare-agent) @ crate-libs-shared ---
[INFO] argLine set to -javaagent:/root/.m2/repository/org/jacoco/org.jacoco.agent/0.8.12/org.jacoco.agent-0.8.12-runtime.jar=destfile=/repo/libs/shared/target/jacoco.exec
[INFO] 
[INFO] --- resources:3.3.1:resources (default-resources) @ crate-libs-shared ---
[INFO] skip non existing resourceDirectory /repo/libs/shared/src/main/resources
[INFO] 
[INFO] --- compiler:3.13.0:compile (default-compile) @ crate-libs-shared ---
[INFO] Toolchain in maven-compiler-plugin: JDK[/root/.m2/jdks/jdk-23.0.2+7]
[INFO] Processing grammar: io/crate/protocols/postgres/antlr/PgArray.g4
[INFO] 
[INFO] --- enforcer:3.5.0:enforce (enforce-maven) @ jlink-jdk ---
[INFO] Skipping Rule Enforcement.
[INFO] 
[INFO] --- checkstyle:3.6.0:check (validate) @ jlink-jdk ---
[INFO] 
[INFO] --- toolchains:4.5.0:toolchain (default) @ jlink-jdk ---
[INFO] Required toolchain: jdk [ vendor='temurin' version='23.0.2' ]
[INFO] Found matching toolchain for toolchainType jdk: JDK[/root/.m2/jdks/jdk-23.0.2+7]
[INFO] 
[INFO] --- jacoco:0.8.12:prepare-agent (default-prepare-agent) @ jlink-jdk ---
[INFO] argLine set to -javaagent:/root/.m2/repository/org/jacoco/org.jacoco.agent/0.8.12/org.jacoco.agent-0.8.12-runtime.jar=destfile=/repo/jlink-jdk/target/jacoco.exec
[INFO] 
[INFO] --- resources:3.3.1:resources (default-resources) @ jlink-jdk ---
[INFO] skip non existing resourceDirectory /repo/jlink-jdk/src/main/resources
[INFO] Recompiling the module because of changed source code.
[INFO] 
[INFO] --- compiler:3.13.0:compile (default-compile) @ jlink-jdk ---
[INFO] Toolchain in maven-compiler-plugin: JDK[/root/.m2/jdks/jdk-23.0.2+7]
[INFO] No sources to compile
[INFO] 
[INFO] --- resources:3.3.1:testResources (default-testResources) @ jlink-jdk ---
[INFO] skip non existing resourceDirectory /repo/jlink-jdk/src/test/resources
[INFO] 
[INFO] --- compiler:3.13.0:testCompile (default-testCompile) @ jlink-jdk ---
[INFO] Toolchain in maven-compiler-plugin: JDK[/root/.m2/jdks/jdk-23.0.2+7]
[INFO] No sources to compile
[INFO] 
[INFO] --- surefire:3.5.1:test (default-test) @ jlink-jdk ---
[INFO] 
[INFO] --- enforcer:3.5.0:enforce (enforce-maven) @ crate-libs-guice ---
[INFO] Skipping Rule Enforcement.
[INFO] 
[INFO] --- checkstyle:3.6.0:check (validate) @ crate-libs-guice ---
[INFO] Compiling 48 source files with javac [forked debug target 23] to target/classes
[INFO] 
[INFO] --- toolchains:4.5.0:toolchain (default) @ crate-libs-guice ---
[INFO] Required toolchain: jdk [ vendor='temurin' version='23.0.2' ]
[INFO] Found matching toolchain for toolchainType jdk: JDK[/root/.m2/jdks/jdk-23.0.2+7]
[INFO] 
[INFO] --- jacoco:0.8.12:prepare-agent (default-prepare-agent) @ crate-libs-guice ---
[INFO] argLine set to -javaagent:/root/.m2/repository/org/jacoco/org.jacoco.agent/0.8.12/org.jacoco.agent-0.8.12-runtime.jar=destfile=/repo/libs/guice/target/jacoco.exec
[INFO] 
[INFO] --- resources:3.3.1:resources (default-resources) @ crate-libs-guice ---
[INFO] skip non existing resourceDirectory /repo/libs/guice/src/main/resources
[INFO] 
[INFO] --- compiler:3.13.0:compile (default-compile) @ crate-libs-guice ---
[INFO] Toolchain in maven-compiler-plugin: JDK[/root/.m2/jdks/jdk-23.0.2+7]
[INFO] Tests are skipped.
[INFO] 
[INFO] --- jlink:3.1.0:jlink (default-jlink) @ jlink-jdk ---
[INFO] Toolchain in maven-jlink-plugin: jlink [ /root/.m2/jdks/jdk-23.0.2+7/bin/jlink ]
[INFO] Recompiling the module because of changed source code.
[INFO] Compiling 169 source files with javac [forked debug target 23] to target/classes
[INFO] 
[INFO] --- resources:3.3.1:resources (default-resources) @ crate-libs-pgwire ---
[INFO] skip non existing resourceDirectory /repo/libs/pgwire/src/main/resources
[INFO] 
[INFO] --- compiler:3.13.0:compile (default-compile) @ crate-libs-pgwire ---
[INFO] Toolchain in maven-compiler-plugin: JDK[/root/.m2/jdks/jdk-23.0.2+7]
[INFO] Recompiling the module because of changed source code.
[INFO] Compiling 7 source files with javac [forked debug target 23] to target/classes
[INFO] 
[INFO] --- resources:3.3.1:testResources (default-testResources) @ crate-libs-pgwire ---
[INFO] skip non existing resourceDirectory /repo/libs/pgwire/src/test/resources
[INFO] 
[INFO] --- compiler:3.13.0:testCompile (default-testCompile) @ crate-libs-pgwire ---
[INFO] Toolchain in maven-compiler-plugin: JDK[/root/.m2/jdks/jdk-23.0.2+7]
[INFO] Recompiling the module because of changed dependency.
[INFO] Compiling 1 source file with javac [forked debug target 23] to target/test-classes
[INFO] 
[INFO] --- build-helper:3.6.0:add-test-source (add-gradle-testfixtures) @ crate-libs-shared ---
[INFO] Test Source directory: /repo/libs/shared/src/testFixtures/java added.
[INFO] 
[INFO] --- resources:3.3.1:testResources (default-testResources) @ crate-libs-shared ---
[INFO] skip non existing resourceDirectory /repo/libs/shared/src/test/resources
[INFO] 
[INFO] --- compiler:3.13.0:testCompile (default-testCompile) @ crate-libs-shared ---
[INFO] Toolchain in maven-compiler-plugin: JDK[/root/.m2/jdks/jdk-23.0.2+7]
[INFO] Recompiling the module because of changed dependency.
[INFO] Compiling 10 source files with javac [forked debug target 23] to target/test-classes
[INFO] 
[INFO] --- surefire:3.5.1:test (default-test) @ crate-libs-pgwire ---
[INFO] Tests are skipped.
[INFO] 
[INFO] --- jar:3.4.2:jar (default-jar) @ crate-libs-pgwire ---
[INFO] Set Build-Jdk-Spec based on toolchain in maven-jar-plugin JDK[/root/.m2/jdks/jdk-23.0.2+7]
[INFO] Building jar: /repo/libs/pgwire/target/crate-libs-pgwire-5.10.12.jar
[INFO] 
[INFO] --- forbiddenapis:3.8:check (default) @ crate-libs-pgwire ---
[INFO] Skipping forbidden-apis checks.
[INFO] 
[INFO] --- install:3.1.3:install (default-install) @ crate-libs-pgwire ---
[INFO] Installing /repo/libs/pgwire/pom.xml to /root/.m2/repository/io/crate/crate-libs-pgwire/5.10.12/crate-libs-pgwire-5.10.12.pom
[INFO] Installing /repo/libs/pgwire/target/crate-libs-pgwire-5.10.12.jar to /root/.m2/repository/io/crate/crate-libs-pgwire/5.10.12/crate-libs-pgwire-5.10.12.jar
[INFO] 
[INFO] --- surefire:3.5.1:test (default-test) @ crate-libs-shared ---
[INFO] Tests are skipped.
[INFO] 
[INFO] --- jar:3.4.2:jar (default-jar) @ crate-libs-shared ---
[INFO] Set Build-Jdk-Spec based on toolchain in maven-jar-plugin JDK[/root/.m2/jdks/jdk-23.0.2+7]
[INFO] Building jar: /repo/libs/shared/target/crate-libs-shared-5.10.12.jar
[INFO] 
[INFO] --- jar:3.4.2:test-jar (default) @ crate-libs-shared ---
[INFO] Set Build-Jdk-Spec based on toolchain in maven-jar-plugin JDK[/root/.m2/jdks/jdk-23.0.2+7]
[INFO] Building jar: /repo/libs/shared/target/crate-libs-shared-5.10.12-tests.jar
[INFO] 
[INFO] --- forbiddenapis:3.8:check (default) @ crate-libs-shared ---
[INFO] Skipping forbidden-apis checks.
[INFO] 
[INFO] --- install:3.1.3:install (default-install) @ crate-libs-shared ---
[INFO] Installing /repo/libs/shared/pom.xml to /root/.m2/repository/io/crate/crate-libs-shared/5.10.12/crate-libs-shared-5.10.12.pom
[INFO] Installing /repo/libs/shared/target/crate-libs-shared-5.10.12.jar to /root/.m2/repository/io/crate/crate-libs-shared/5.10.12/crate-libs-shared-5.10.12.jar
[INFO] Installing /repo/libs/shared/target/crate-libs-shared-5.10.12-tests.jar to /root/.m2/repository/io/crate/crate-libs-shared/5.10.12/crate-libs-shared-5.10.12-tests.jar
[INFO] 
[INFO] ----------------------< io.crate:crate-libs-dex >-----------------------
[INFO] Building crate-libs-dex 5.10.12                                   [6/26]
[INFO] 
[INFO]   from libs/dex/pom.xml
[INFO] ----------------------< io.crate:crate-libs-cli >-----------------------
[INFO] --------------------------------[ jar ]---------------------------------
[INFO] 
[INFO] ------------------< io.crate:crate-libs-es-x-content >------------------
[INFO] Building crate-libs-es-x-content 5.10.12                          [8/26]
[INFO]   from libs/es-x-content/pom.xml
[INFO] --------------------------------[ jar ]---------------------------------
[INFO] 
[INFO] -------------------< io.crate:crate-libs-sql-parser >-------------------
[INFO] Building crate-libs-sql-parser 5.10.12                            [9/26]
[INFO]   from libs/sql-parser/pom.xml
[INFO] --------------------------------[ jar ]---------------------------------
[INFO] Building crate-libs-cli 5.10.12                                   [7/26]
[INFO]   from libs/cli/pom.xml
[INFO] --------------------------------[ jar ]---------------------------------
[INFO] 
[INFO] --- resources:3.3.1:testResources (default-testResources) @ crate-libs-guice ---
[INFO] skip non existing resourceDirectory /repo/libs/guice/src/test/resources
[INFO] 
[INFO] --- compiler:3.13.0:testCompile (default-testCompile) @ crate-libs-guice ---
[INFO] 
[INFO] --- clean:3.4.0:clean (default-clean) @ crate-libs-cli ---
[INFO] Toolchain in maven-compiler-plugin: JDK[/root/.m2/jdks/jdk-23.0.2+7]
[INFO] No sources to compile
[INFO] Deleting /repo/libs/cli/target
[INFO] 
[INFO] --- clean:3.4.0:clean (default-clean) @ crate-libs-dex ---
[INFO] 
[INFO] --- clean:3.4.0:clean (default-clean) @ crate-libs-sql-parser ---
[INFO] 
[INFO] --- surefire:3.5.1:test (default-test) @ crate-libs-guice ---
[INFO] Deleting /repo/libs/sql-parser/target
[INFO] Deleting /repo/libs/dex/target
[INFO] 
[INFO] --- clean:3.4.0:clean (default-clean) @ crate-libs-es-x-content ---
[INFO] Deleting /repo/libs/es-x-content/target
[INFO] Tests are skipped.
[INFO] 
[INFO] --- jar:3.4.2:jar (default-jar) @ crate-libs-guice ---
[INFO] Set Build-Jdk-Spec based on toolchain in maven-jar-plugin JDK[/root/.m2/jdks/jdk-23.0.2+7]
[INFO] 
[INFO] --- enforcer:3.5.0:enforce (enforce-maven) @ crate-libs-cli ---
[INFO] Skipping Rule Enforcement.
[INFO] 
[INFO] --- checkstyle:3.6.0:check (validate) @ crate-libs-cli ---
[INFO] 
[INFO] --- toolchains:4.5.0:toolchain (default) @ crate-libs-cli ---
[INFO] Required toolchain: jdk [ vendor='temurin' version='23.0.2' ]
[INFO] Found matching toolchain for toolchainType jdk: JDK[/root/.m2/jdks/jdk-23.0.2+7]
[INFO] 
[INFO] --- jacoco:0.8.12:prepare-agent (default-prepare-agent) @ crate-libs-cli ---
[INFO] argLine set to -javaagent:/root/.m2/repository/org/jacoco/org.jacoco.agent/0.8.12/org.jacoco.agent-0.8.12-runtime.jar=destfile=/repo/libs/cli/target/jacoco.exec
[INFO] 
[INFO] --- resources:3.3.1:resources (default-resources) @ crate-libs-cli ---
[INFO] skip non existing resourceDirectory /repo/libs/cli/src/main/resources
[INFO] 
[INFO] --- compiler:3.13.0:compile (default-compile) @ crate-libs-cli ---
[INFO] Toolchain in maven-compiler-plugin: JDK[/root/.m2/jdks/jdk-23.0.2+7]
[INFO] Recompiling the module because of changed dependency.
[INFO] Compiling 5 source files with javac [forked debug target 23] to target/classes
[INFO] 
[INFO] --- enforcer:3.5.0:enforce (enforce-maven) @ crate-libs-es-x-content ---
[INFO] Skipping Rule Enforcement.
[INFO] 
[INFO] --- checkstyle:3.6.0:check (validate) @ crate-libs-es-x-content ---
[INFO] 
[INFO] --- toolchains:4.5.0:toolchain (default) @ crate-libs-es-x-content ---
[INFO] Required toolchain: jdk [ vendor='temurin' version='23.0.2' ]
[INFO] Found matching toolchain for toolchainType jdk: JDK[/root/.m2/jdks/jdk-23.0.2+7]
[INFO] 
[INFO] --- jacoco:0.8.12:prepare-agent (default-prepare-agent) @ crate-libs-es-x-content ---
[INFO] argLine set to -javaagent:/root/.m2/repository/org/jacoco/org.jacoco.agent/0.8.12/org.jacoco.agent-0.8.12-runtime.jar=destfile=/repo/libs/es-x-content/target/jacoco.exec
[INFO] 
[INFO] --- resources:3.3.1:resources (default-resources) @ crate-libs-es-x-content ---
[INFO] skip non existing resourceDirectory /repo/libs/es-x-content/src/main/resources
[INFO] 
[INFO] --- compiler:3.13.0:compile (default-compile) @ crate-libs-es-x-content ---
[INFO] Toolchain in maven-compiler-plugin: JDK[/root/.m2/jdks/jdk-23.0.2+7]
[INFO] 
[INFO] --- enforcer:3.5.0:enforce (enforce-maven) @ crate-libs-dex ---
[INFO] Skipping Rule Enforcement.
[INFO] 
[INFO] --- checkstyle:3.6.0:check (validate) @ crate-libs-dex ---
[INFO] 
[INFO] --- toolchains:4.5.0:toolchain (default) @ crate-libs-dex ---
[INFO] Required toolchain: jdk [ vendor='temurin' version='23.0.2' ]
[INFO] Found matching toolchain for toolchainType jdk: JDK[/root/.m2/jdks/jdk-23.0.2+7]
[INFO] 
[INFO] --- jacoco:0.8.12:prepare-agent (default-prepare-agent) @ crate-libs-dex ---
[INFO] argLine set to -javaagent:/root/.m2/repository/org/jacoco/org.jacoco.agent/0.8.12/org.jacoco.agent-0.8.12-runtime.jar=destfile=/repo/libs/dex/target/jacoco.exec
[INFO] 
[INFO] --- resources:3.3.1:resources (default-resources) @ crate-libs-dex ---
[INFO] skip non existing resourceDirectory /repo/libs/dex/src/main/resources
[INFO] 
[INFO] --- compiler:3.13.0:compile (default-compile) @ crate-libs-dex ---
[INFO] Toolchain in maven-compiler-plugin: JDK[/root/.m2/jdks/jdk-23.0.2+7]
[INFO] Recompiling the module because of changed dependency.
[INFO] Building jar: /repo/libs/guice/target/crate-libs-guice-5.10.12.jar
[INFO] Compiling 27 source files with javac [forked debug target 23] to target/classes
[INFO] 
[INFO] --- forbiddenapis:3.8:check (default) @ crate-libs-guice ---
[INFO] Skipping forbidden-apis checks.
[INFO] 
[INFO] --- install:3.1.3:install (default-install) @ crate-libs-guice ---
[INFO] Installing /repo/libs/guice/pom.xml to /root/.m2/repository/io/crate/crate-libs-guice/5.10.12/crate-libs-guice-5.10.12.pom
[INFO] Recompiling the module because of changed dependency.
[INFO] Installing /repo/libs/guice/target/crate-libs-guice-5.10.12.jar to /root/.m2/repository/io/crate/crate-libs-guice/5.10.12/crate-libs-guice-5.10.12.jar
[INFO] Compiling 47 source files with javac [forked debug target 23] to target/classes
[INFO] 
[INFO] --- enforcer:3.5.0:enforce (enforce-maven) @ crate-libs-sql-parser ---
[INFO] Skipping Rule Enforcement.
[INFO] 
[INFO] --- checkstyle:3.6.0:check (validate) @ crate-libs-sql-parser ---
[INFO] 
[INFO] --- toolchains:4.5.0:toolchain (default) @ crate-libs-sql-parser ---
[INFO] Required toolchain: jdk [ vendor='temurin' version='23.0.2' ]
[INFO] Found matching toolchain for toolchainType jdk: JDK[/root/.m2/jdks/jdk-23.0.2+7]
[INFO] 
[INFO] --- jacoco:0.8.12:prepare-agent (default-prepare-agent) @ crate-libs-sql-parser ---
[INFO] argLine set to -javaagent:/root/.m2/repository/org/jacoco/org.jacoco.agent/0.8.12/org.jacoco.agent-0.8.12-runtime.jar=destfile=/repo/libs/sql-parser/target/jacoco.exec
[INFO] 
[INFO] --- antlr4:4.13.2:antlr4 (antlr) @ crate-libs-sql-parser ---
[INFO] ANTLR 4: Processing source directory /repo/libs/sql-parser/src/main/antlr
[INFO] Processing grammar: io/crate/sql/parser/antlr/SqlBaseLexer.g4
[INFO] 
[INFO] --- resources:3.3.1:testResources (default-testResources) @ crate-libs-cli ---
[INFO] skip non existing resourceDirectory /repo/libs/cli/src/test/resources
[INFO] 
[INFO] --- compiler:3.13.0:testCompile (default-testCompile) @ crate-libs-cli ---
[INFO] Toolchain in maven-compiler-plugin: JDK[/root/.m2/jdks/jdk-23.0.2+7]
[INFO] No sources to compile
[INFO] 
[INFO] --- surefire:3.5.1:test (default-test) @ crate-libs-cli ---
[INFO] Tests are skipped.
[INFO] 
[INFO] --- jar:3.4.2:jar (default-jar) @ crate-libs-cli ---
[INFO] Set Build-Jdk-Spec based on toolchain in maven-jar-plugin JDK[/root/.m2/jdks/jdk-23.0.2+7]
[INFO] Building jar: /repo/libs/cli/target/crate-libs-cli-5.10.12.jar
[INFO] 
[INFO] --- forbiddenapis:3.8:check (default) @ crate-libs-cli ---
[INFO] Skipping forbidden-apis checks.
[INFO] 
[INFO] --- install:3.1.3:install (default-install) @ crate-libs-cli ---
[INFO] Installing /repo/libs/cli/pom.xml to /root/.m2/repository/io/crate/crate-libs-cli/5.10.12/crate-libs-cli-5.10.12.pom
[INFO] Installing /repo/libs/cli/target/crate-libs-cli-5.10.12.jar to /root/.m2/repository/io/crate/crate-libs-cli/5.10.12/crate-libs-cli-5.10.12.jar
[INFO] Processing grammar: io/crate/sql/parser/antlr/SqlBaseParser.g4
[INFO] 
[INFO] --- resources:3.3.1:resources (default-resources) @ crate-libs-sql-parser ---
[INFO] skip non existing resourceDirectory /repo/libs/sql-parser/src/main/resources
[INFO] 
[INFO] --- compiler:3.13.0:compile (default-compile) @ crate-libs-sql-parser ---
[INFO] Toolchain in maven-compiler-plugin: JDK[/root/.m2/jdks/jdk-23.0.2+7]
[INFO] Recompiling the module because of changed dependency.
[INFO] Compiling 219 source files with javac [forked debug target 23] to target/classes
[INFO] 
[INFO] --- build-helper:3.6.0:add-test-source (add-testfixtures) @ crate-libs-dex ---
[INFO] Test Source directory: /repo/libs/dex/src/testFixtures/java added.
[INFO] 
[INFO] --- resources:3.3.1:testResources (default-testResources) @ crate-libs-dex ---
[INFO] skip non existing resourceDirectory /repo/libs/dex/src/test/resources
[INFO] 
[INFO] --- compiler:3.13.0:testCompile (default-testCompile) @ crate-libs-dex ---
[INFO] Toolchain in maven-compiler-plugin: JDK[/root/.m2/jdks/jdk-23.0.2+7]
[INFO] Recompiling the module because of changed dependency.
[INFO] 
[INFO] --- resources:3.3.1:testResources (default-testResources) @ crate-libs-es-x-content ---
[INFO] Compiling 22 source files with javac [forked debug target 23] to target/test-classes
[INFO] skip non existing resourceDirectory /repo/libs/es-x-content/src/test/resources
[INFO] 
[INFO] --- compiler:3.13.0:testCompile (default-testCompile) @ crate-libs-es-x-content ---
[INFO] Toolchain in maven-compiler-plugin: JDK[/root/.m2/jdks/jdk-23.0.2+7]
[INFO] No sources to compile
[INFO] 
[INFO] --- surefire:3.5.1:test (default-test) @ crate-libs-es-x-content ---
[INFO] Tests are skipped.
[INFO] 
[INFO] --- jar:3.4.2:jar (default-jar) @ crate-libs-es-x-content ---
[INFO] Set Build-Jdk-Spec based on toolchain in maven-jar-plugin JDK[/root/.m2/jdks/jdk-23.0.2+7]
[INFO] Building jar: /repo/libs/es-x-content/target/crate-libs-es-x-content-5.10.12.jar
[INFO] 
[INFO] --- forbiddenapis:3.8:check (default) @ crate-libs-es-x-content ---
[INFO] Skipping forbidden-apis checks.
[INFO] 
[INFO] --- install:3.1.3:install (default-install) @ crate-libs-es-x-content ---
[INFO] Installing /repo/libs/es-x-content/pom.xml to /root/.m2/repository/io/crate/crate-libs-es-x-content/5.10.12/crate-libs-es-x-content-5.10.12.pom
[INFO] Installing /repo/libs/es-x-content/target/crate-libs-es-x-content-5.10.12.jar to /root/.m2/repository/io/crate/crate-libs-es-x-content/5.10.12/crate-libs-es-x-content-5.10.12.jar
[INFO] 
[INFO] WARNING: Using incubator modules: jdk.incubator.vector
[INFO] 
[INFO] --- surefire:3.5.1:test (default-test) @ crate-libs-dex ---
[INFO] Tests are skipped.
[INFO] 
[INFO] --- jar:3.4.2:jar (default-jar) @ crate-libs-dex ---
[INFO] Set Build-Jdk-Spec based on toolchain in maven-jar-plugin JDK[/root/.m2/jdks/jdk-23.0.2+7]
[INFO] Building zip: /repo/jlink-jdk/target/jlink-jdk-5.10.12.zip
[INFO] Building jar: /repo/libs/dex/target/crate-libs-dex-5.10.12.jar
[INFO] 
[INFO] --- jar:3.4.2:test-jar (default) @ crate-libs-dex ---
[INFO] Set Build-Jdk-Spec based on toolchain in maven-jar-plugin JDK[/root/.m2/jdks/jdk-23.0.2+7]
[INFO] Building jar: /repo/libs/dex/target/crate-libs-dex-5.10.12-tests.jar
[INFO] 
[INFO] --- forbiddenapis:3.8:check (default) @ crate-libs-dex ---
[INFO] Skipping forbidden-apis checks.
[INFO] 
[INFO] --- install:3.1.3:install (default-install) @ crate-libs-dex ---
[INFO] Installing /repo/libs/dex/pom.xml to /root/.m2/repository/io/crate/crate-libs-dex/5.10.12/crate-libs-dex-5.10.12.pom
[INFO] Installing /repo/libs/dex/target/crate-libs-dex-5.10.12.jar to /root/.m2/repository/io/crate/crate-libs-dex/5.10.12/crate-libs-dex-5.10.12.jar
[INFO] Installing /repo/libs/dex/target/crate-libs-dex-5.10.12-tests.jar to /root/.m2/repository/io/crate/crate-libs-dex/5.10.12/crate-libs-dex-5.10.12-tests.jar
[INFO] 
[INFO] --- resources:3.3.1:testResources (default-testResources) @ crate-libs-sql-parser ---
[INFO] Copying 22 resources from src/test/resources to target/test-classes
[INFO] 
[INFO] --- compiler:3.13.0:testCompile (default-testCompile) @ crate-libs-sql-parser ---
[INFO] Toolchain in maven-compiler-plugin: JDK[/root/.m2/jdks/jdk-23.0.2+7]
[INFO] Recompiling the module because of changed dependency.
[INFO] Compiling 14 source files with javac [forked debug target 23] to target/test-classes
[INFO] 
[INFO] --- forbiddenapis:3.8:check (default) @ jlink-jdk ---
[INFO] Skipping forbidden-apis checks.
[INFO] 
[INFO] --- install:3.1.3:install (default-install) @ jlink-jdk ---
[INFO] Installing /repo/jlink-jdk/pom.xml to /root/.m2/repository/io/crate/jlink-jdk/5.10.12/jlink-jdk-5.10.12.pom
[INFO] Installing /repo/jlink-jdk/target/jlink-jdk-5.10.12.zip to /root/.m2/repository/io/crate/jlink-jdk/5.10.12/jlink-jdk-5.10.12.zip
[INFO] 
[INFO] --- surefire:3.5.1:test (default-test) @ crate-libs-sql-parser ---
[INFO] Tests are skipped.
[INFO] 
[INFO] --- jar:3.4.2:jar (default-jar) @ crate-libs-sql-parser ---
[INFO] Set Build-Jdk-Spec based on toolchain in maven-jar-plugin JDK[/root/.m2/jdks/jdk-23.0.2+7]
[INFO] Building jar: /repo/libs/sql-parser/target/crate-libs-sql-parser-5.10.12.jar
[INFO] 
[INFO] --- forbiddenapis:3.8:check (default) @ crate-libs-sql-parser ---
[INFO] Skipping forbidden-apis checks.
[INFO] 
[INFO] --- install:3.1.3:install (default-install) @ crate-libs-sql-parser ---
[INFO] Installing /repo/libs/sql-parser/pom.xml to /root/.m2/repository/io/crate/crate-libs-sql-parser/5.10.12/crate-libs-sql-parser-5.10.12.pom
[INFO] Installing /repo/libs/sql-parser/target/crate-libs-sql-parser-5.10.12.jar to /root/.m2/repository/io/crate/crate-libs-sql-parser/5.10.12/crate-libs-sql-parser-5.10.12.jar
[INFO] 
[INFO] -----------------------< io.crate:crate-server >------------------------
[INFO] Building crate-server 5.10.12                                    [10/26]
[INFO]   from server/pom.xml
[INFO] --------------------------------[ jar ]---------------------------------
[INFO] 
[INFO] --- clean:3.4.0:clean (default-clean) @ crate-server ---
[INFO] Deleting /repo/server/target
[INFO] 
[INFO] --- enforcer:3.5.0:enforce (enforce-maven) @ crate-server ---
[INFO] Skipping Rule Enforcement.
[INFO] 
[INFO] --- checkstyle:3.6.0:check (validate) @ crate-server ---
[INFO] 
[INFO] --- toolchains:4.5.0:toolchain (default) @ crate-server ---
[INFO] Required toolchain: jdk [ vendor='temurin' version='23.0.2' ]
[INFO] Found matching toolchain for toolchainType jdk: JDK[/root/.m2/jdks/jdk-23.0.2+7]
[INFO] 
[INFO] --- jacoco:0.8.12:prepare-agent (default-prepare-agent) @ crate-server ---
[INFO] argLine set to -javaagent:/root/.m2/repository/org/jacoco/org.jacoco.agent/0.8.12/org.jacoco.agent-0.8.12-runtime.jar=destfile=/repo/server/target/jacoco.exec
[INFO] 
[INFO] --- antlr4:4.13.2:antlr4 (antlr) @ crate-server ---
[INFO] ANTLR 4: Processing source directory /repo/server/src/main/antlr
[INFO] Processing grammar: io/crate/signatures/antlr/TypeSignatures.g4
[INFO] 
[INFO] --- resources:3.3.1:resources (default-resources) @ crate-server ---
[INFO] Copying 9 resources from src/main/resources to target/classes
[INFO] 
[INFO] --- compiler:3.13.0:compile (default-compile) @ crate-server ---
[INFO] Toolchain in maven-compiler-plugin: JDK[/root/.m2/jdks/jdk-23.0.2+7]
[INFO] Recompiling the module because of changed dependency.
[INFO] Compiling 2872 source files with javac [forked debug target 23] to target/classes
[INFO] 
[INFO] --- build-helper:3.6.0:add-test-source (add-testfixtures) @ crate-server ---
[INFO] Test Source directory: /repo/server/src/testFixtures/java added.
[INFO] 
[INFO] --- build-helper:3.6.0:add-test-resource (add-testfixtures-resources) @ crate-server ---
[INFO] 
[INFO] --- resources:3.3.1:testResources (default-testResources) @ crate-server ---
[INFO] Copying 52 resources from src/test/resources to target/test-classes
[INFO] Copying 1 resource from src/testFixtures/resources to target/test-classes
[INFO] 
[INFO] --- compiler:3.13.0:testCompile (default-testCompile) @ crate-server ---
[INFO] Toolchain in maven-compiler-plugin: JDK[/root/.m2/jdks/jdk-23.0.2+7]
[INFO] Recompiling the module because of changed dependency.
[INFO] Compiling 1312 source files with javac [forked debug target 23] to target/test-classes
[INFO] -------------------------------------------------------------
[ERROR] COMPILATION ERROR : 
[INFO] -------------------------------------------------------------
[ERROR] /repo/server/src/test/java/io/crate/execution/dml/IndexerTest.java:[1572,26] error: incompatible types: no instance(s) of type variable(s) E exist so that List<E> conforms to String
  where E is a type-variable:
    E extends Object declared in method <E>of()
[INFO] 1 error
[INFO] -------------------------------------------------------------
[INFO] ------------------------------------------------------------------------
[INFO] Reactor Summary for crate 5.10.12:
[INFO] 
[INFO] crate .............................................. SUCCESS [ 41.070 s]
[INFO] crate-libs-shared .................................. SUCCESS [  6.823 s]
[INFO] crate-libs-dex ..................................... SUCCESS [  6.453 s]
[INFO] crate-libs-es-x-content ............................ SUCCESS [  3.168 s]
[INFO] crate-libs-cli ..................................... SUCCESS [  1.344 s]
[INFO] crate-libs-guice ................................... SUCCESS [  7.148 s]
[INFO] crate-libs-sql-parser .............................. SUCCESS [ 10.877 s]
[INFO] crate-libs-pgwire .................................. SUCCESS [  5.177 s]
[INFO] crate-server ....................................... FAILURE [ 37.723 s]
[INFO] crate-libs-azure-testing ........................... SKIPPED
[INFO] es-analysis-common ................................. SKIPPED
[INFO] es-analysis-phonetic ............................... SKIPPED
[INFO] es-discovery-ec2 ................................... SKIPPED
[INFO] es-repository-s3 ................................... SKIPPED
[INFO] es-repository-url .................................. SKIPPED
[INFO] es-repository-azure ................................ SKIPPED
[INFO] repository-gcs ..................................... SKIPPED
[INFO] dns-discovery ...................................... SKIPPED
[INFO] crate-copy-s3 ...................................... SKIPPED
[INFO] crate-copy-azure ................................... SKIPPED
[INFO] crate-functions .................................... SKIPPED
[INFO] crate-lang-js ...................................... SKIPPED
[INFO] crate-jmx-monitoring ............................... SKIPPED
[INFO] jlink-jdk .......................................... SUCCESS [ 16.200 s]
[INFO] crate-app .......................................... SKIPPED
[INFO] crate-benchmarks ................................... SKIPPED
[INFO] ------------------------------------------------------------------------
[INFO] BUILD FAILURE
[INFO] ------------------------------------------------------------------------
[INFO] Total time:  01:36 min (Wall Clock)
[INFO] Finished at: 2026-04-25T09:44:12Z
[INFO] ------------------------------------------------------------------------
[ERROR] Failed to execute goal org.apache.maven.plugins:maven-compiler-plugin:3.13.0:testCompile (default-testCompile) on project crate-server: Compilation failure
[ERROR] /repo/server/src/test/java/io/crate/execution/dml/IndexerTest.java:[1572,26] error: incompatible types: no instance(s) of type variable(s) E exist so that List<E> conforms to String
[ERROR]   where E is a type-variable:
[ERROR]     E extends Object declared in method <E>of()
[ERROR] 
[ERROR] -> [Help 1]
[ERROR] 
[ERROR] To see the full stack trace of the errors, re-run Maven with the -e switch.
[ERROR] Re-run Maven using the -X switch to enable full debug logging.
[ERROR] 
[ERROR] For more information about the errors and possible solutions, please read the following articles:
[ERROR] [Help 1] http://cwiki.apache.org/confluence/display/MAVEN/MojoFailureException
[ERROR] 
[ERROR] After correcting the problems, you can resume the build with the command
[ERROR]   mvn <args> -rf :crate-server
❌ Build Failed
