2026-04-29 03:23:33,472 - backport - INFO - Row 238 [graylog]: extracting original.patch
2026-04-29 03:23:33,479 - backport - INFO - Row 238: 4 total hunks, 1 after filtering (test/non-Java removed)
2026-04-29 03:23:33,480 - backport - INFO - Row 238 [graylog]: extracting developer.patch
2026-04-29 03:23:33,534 - backport - INFO - Row 238: detected 1 test target(s) from developer.patch
2026-04-29 03:23:33,804 - backport - INFO - Row 238: starting PortGPT backport agent
2026-04-29 03:23:35,421 - backport - WARNING - Row 238: could not apply developer non-source changes — Cmd('git') failed due to: exit code(128)
  cmdline: git apply /tmp/tmpggzeomd_.patch
  stderr: 'error: corrupt patch at line 47'
2026-04-29 03:23:35,423 - backport - INFO - Row 238: running build/test validation via helpers/
2026-04-29 03:23:35,425 - backport - INFO -   Running build for graylog (helper: graylog2-server)
2026-04-29 03:29:37,349 - backport - WARNING -   Build failed — skipping test run
2026-04-29 03:29:37,351 - backport - WARNING - Row 238: PARTIAL — 1/1 hunk(s) succeeded
2026-04-29 03:29:38,110 - backport - WARNING - Row 238: could not restore repo to 'master' — Cmd('git') failed due to: exit code(128)
  cmdline: git checkout -f master
  stderr: 'fatal: cannot create directory at 'graylog2-server/src/test/java/org/graylog/collectors/input/processor': No space left on device'
2026-04-29 03:57:40,494 - backport - INFO - Row 238 [graylog]: extracting original.patch
2026-04-29 03:57:40,502 - backport - INFO - Row 238: 4 total hunks, 1 after filtering (test/non-Java removed)
2026-04-29 03:57:40,503 - backport - INFO - Row 238 [graylog]: extracting developer.patch
2026-04-29 03:57:40,550 - backport - INFO - Row 238: detected 1 test target(s) from developer.patch
2026-04-29 03:57:40,668 - backport - INFO - Row 238: starting PortGPT backport agent
2026-04-29 03:57:41,155 - backport - WARNING - Row 238: could not apply developer non-source changes — Cmd('git') failed due to: exit code(128)
  cmdline: git apply /tmp/tmppvq_67fg.patch
  stderr: 'error: corrupt patch at line 47'
2026-04-29 03:57:41,158 - backport - INFO - Row 238: running build/test validation via helpers/
2026-04-29 03:57:41,159 - backport - INFO -   Running build for graylog (helper: graylog2-server)
2026-04-29 04:03:57,823 - backport - INFO -   Running 1 test target(s) for graylog
2026-04-29 04:04:17,928 - backport - INFO - Row 238: SUCCESS (direct)
