--- Building code for 52821a1 ---
CPU detected: 8
Maven threads: 8
--- Changing directory to /Users/hasangaranasinghe/Documents/FYP/PORTGPT/patch-backporting/my_java_dataset/repos/crate ---
maven-cache-crate
--- Docker image maven-jdk11:latest already exists, skipping build ---
--- Setting cache permissions... ---
--- Building with Maven... ---
WARNING: A terminally deprecated method in sun.misc.Unsafe has been called
WARNING: sun.misc.Unsafe::staticFieldBase has been called by com.google.inject.internal.aop.HiddenClassDefiner (file:/usr/share/maven/lib/guice-5.1.0-classes.jar)
WARNING: Please consider reporting this to the maintainers of class com.google.inject.internal.aop.HiddenClassDefiner
WARNING: sun.misc.Unsafe::staticFieldBase will be removed in a future release
[INFO] Scanning for projects...
Downloading from central: https://repo.maven.apache.org/maven2/kr/motd/maven/os-maven-plugin/1.7.0/os-maven-plugin-1.7.0.pom
Progress (1): 1.1 kB
Progress (1): 2.9 kB
Progress (1): 5.5 kB
Progress (1): 6.1 kB
                    
Downloaded from central: https://repo.maven.apache.org/maven2/kr/motd/maven/os-maven-plugin/1.7.0/os-maven-plugin-1.7.0.pom (6.1 kB at 1.1 kB/s)
Downloading from central: https://repo.maven.apache.org/maven2/org/apache/maven/maven-plugin-api/3.5.3/maven-plugin-api-3.5.3.pom
Progress (1): 816 B
Progress (1): 2.3 kB
Progress (1): 2.9 kB
                    
Downloaded from central: https://repo.maven.apache.org/maven2/org/apache/maven/maven-plugin-api/3.5.3/maven-plugin-api-3.5.3.pom (2.9 kB at 68 kB/s)
Downloading from central: https://repo.maven.apache.org/maven2/org/apache/maven/maven/3.5.3/maven-3.5.3.pom
Progress (1): 730 B
Progress (1): 1.6 kB
Progress (1): 3.1 kB
Progress (1): 5.0 kB
Progress (1): 8.5 kB
Progress (1): 14 kB 
Progress (1): 18 kB
Progress (1): 20 kB
Progress (1): 22 kB
Progress (1): 23 kB
                   
Downloaded from central: https://repo.maven.apache.org/maven2/org/apache/maven/maven/3.5.3/maven-3.5.3.pom (23 kB at 571 kB/s)
Downloading from central: https://repo.maven.apache.org/maven2/org/apache/maven/maven-parent/31/maven-parent-31.pom
Progress (1): 721 B
Progress (1): 1.6 kB
Progress (1): 4.4 kB
Progress (1): 8.6 kB
Progress (1): 11 kB 
Progress (1): 16 kB
Progress (1): 20 kB
Progress (1): 24 kB
Progress (1): 25 kB
Progress (1): 27 kB
Progress (1): 29 kB
Progress (1): 33 kB
Progress (1): 36 kB
Progress (1): 38 kB
Progress (1): 42 kB
Progress (1): 43 kB
                   
Downloaded from central: https://repo.maven.apache.org/maven2/org/apache/maven/maven-parent/31/maven-parent-31.pom (43 kB at 803 kB/s)
Downloading from central: https://repo.maven.apache.org/maven2/org/apache/maven/maven-model/3.5.3/maven-model-3.5.3.pom
Progress (1): 810 B
Progress (1): 2.0 kB
Progress (1): 4.0 kB
                    
Downloaded from central: https://repo.maven.apache.org/maven2/org/apache/maven/maven-model/3.5.3/maven-model-3.5.3.pom (4.0 kB at 86 kB/s)
Downloading from central: https://repo.maven.apache.org/maven2/org/codehaus/plexus/plexus-utils/3.1.0/plexus-utils-3.1.0.pom
Progress (1): 801 B
Progress (1): 1.9 kB
Progress (1): 4.2 kB
Progress (1): 4.7 kB
                    
Downloaded from central: https://repo.maven.apache.org/maven2/org/codehaus/plexus/plexus-utils/3.1.0/plexus-utils-3.1.0.pom (4.7 kB at 104 kB/s)
Downloading from central: https://repo.maven.apache.org/maven2/org/apache/maven/maven-artifact/3.5.3/maven-artifact-3.5.3.pom
Progress (1): 830 B
Progress (1): 2.1 kB
Progress (1): 2.1 kB
                    
Downloaded from central: https://repo.maven.apache.org/maven2/org/apache/maven/maven-artifact/3.5.3/maven-artifact-3.5.3.pom (2.1 kB at 56 kB/s)
Downloading from central: https://repo.maven.apache.org/maven2/org/codehaus/plexus/plexus-component-annotations/1.5.5/plexus-component-annotations-1.5.5.pom
Progress (1): 815 B
                   
Downloaded from central: https://repo.maven.apache.org/maven2/org/codehaus/plexus/plexus-component-annotations/1.5.5/plexus-component-annotations-1.5.5.pom (815 B at 19 kB/s)
Downloading from central: https://repo.maven.apache.org/maven2/org/codehaus/plexus/plexus-containers/1.5.5/plexus-containers-1.5.5.pom
Progress (1): 1.3 kB
Progress (1): 4.2 kB
                    
Downloaded from central: https://repo.maven.apache.org/maven2/org/codehaus/plexus/plexus-containers/1.5.5/plexus-containers-1.5.5.pom (4.2 kB at 115 kB/s)
Downloading from central: https://repo.maven.apache.org/maven2/kr/motd/maven/os-maven-plugin/1.7.0/os-maven-plugin-1.7.0.jar
Progress (1): 0.9/33 kB
Progress (1): 2.3/33 kB
Progress (1): 3.6/33 kB
Progress (1): 5.0/33 kB
Progress (1): 6.4/33 kB
Progress (1): 7.7/33 kB
Progress (1): 9.1/33 kB
Progress (1): 10/33 kB 
Progress (1): 11/33 kB
Progress (1): 16/33 kB
Progress (1): 20/33 kB
Progress (1): 24/33 kB
Progress (1): 28/33 kB
Progress (1): 33/33 kB
Progress (1): 33 kB   
                   
Downloaded from central: https://repo.maven.apache.org/maven2/kr/motd/maven/os-maven-plugin/1.7.0/os-maven-plugin-1.7.0.jar (33 kB at 398 kB/s)
Downloading from central: https://repo.maven.apache.org/maven2/org/apache/maven/maven-plugin-api/3.5.3/maven-plugin-api-3.5.3.jar
Downloading from central: https://repo.maven.apache.org/maven2/org/apache/maven/maven-model/3.5.3/maven-model-3.5.3.jar
Downloading from central: https://repo.maven.apache.org/maven2/org/apache/maven/maven-artifact/3.5.3/maven-artifact-3.5.3.jar
Downloading from central: https://repo.maven.apache.org/maven2/org/codehaus/plexus/plexus-component-annotations/1.5.5/plexus-component-annotations-1.5.5.jar
Downloading from central: https://repo.maven.apache.org/maven2/org/codehaus/plexus/plexus-utils/3.1.0/plexus-utils-3.1.0.jar
Progress (1): 0.9/165 kB
Progress (1): 2.3/165 kB
Progress (1): 3.6/165 kB
Progress (1): 5.0/165 kB
Progress (1): 6.4/165 kB
Progress (1): 7.7/165 kB
Progress (1): 9.1/165 kB
Progress (1): 10/165 kB 
Progress (1): 12/165 kB
Progress (1): 13/165 kB
Progress (1): 15/165 kB
Progress (1): 16/165 kB
Progress (1): 17/165 kB
Progress (1): 19/165 kB
Progress (1): 20/165 kB
Progress (1): 21/165 kB
Progress (1): 23/165 kB
Progress (1): 24/165 kB
Progress (1): 26/165 kB
Progress (1): 27/165 kB
Progress (1): 28/165 kB
Progress (1): 29/165 kB
Progress (1): 30/165 kB
Progress (1): 31/165 kB
Progress (1): 33/165 kB
Progress (1): 34/165 kB
Progress (1): 36/165 kB
Progress (2): 36/165 kB | 0.9/4.2 kB
Progress (2): 37/165 kB | 0.9/4.2 kB
Progress (2): 38/165 kB | 0.9/4.2 kB
Progress (2): 38/165 kB | 2.3/4.2 kB
Progress (2): 40/165 kB | 2.3/4.2 kB
Progress (2): 40/165 kB | 3.6/4.2 kB
Progress (2): 41/165 kB | 3.6/4.2 kB
Progress (2): 41/165 kB | 4.2 kB    
Progress (2): 42/165 kB | 4.2 kB
Progress (2): 44/165 kB | 4.2 kB
Progress (2): 45/165 kB | 4.2 kB
                                
Downloaded from central: https://repo.maven.apache.org/maven2/org/codehaus/plexus/plexus-component-annotations/1.5.5/plexus-component-annotations-1.5.5.jar (4.2 kB at 49 kB/s)
Progress (1): 46/165 kB
Progress (1): 48/165 kB
Progress (1): 49/165 kB
Progress (1): 51/165 kB
Progress (1): 52/165 kB
Progress (1): 53/165 kB
Progress (1): 55/165 kB
Progress (1): 59/165 kB
Progress (1): 63/165 kB
Progress (2): 63/165 kB | 3.8/48 kB
Progress (2): 63/165 kB | 8.0/48 kB
Progress (2): 63/165 kB | 12/48 kB 
Progress (2): 63/165 kB | 16/48 kB
Progress (2): 63/165 kB | 21/48 kB
Progress (2): 63/165 kB | 25/48 kB
Progress (2): 63/165 kB | 29/48 kB
Progress (2): 63/165 kB | 33/48 kB
Progress (2): 63/165 kB | 38/48 kB
Progress (2): 63/165 kB | 42/48 kB
Progress (2): 63/165 kB | 46/48 kB
Progress (2): 63/165 kB | 48 kB   
Progress (3): 63/165 kB | 48 kB | 0.9/262 kB
Progress (3): 63/165 kB | 48 kB | 2.3/262 kB
Progress (3): 63/165 kB | 48 kB | 3.6/262 kB
                                            
Downloaded from central: https://repo.maven.apache.org/maven2/org/apache/maven/maven-plugin-api/3.5.3/maven-plugin-api-3.5.3.jar (48 kB at 469 kB/s)
Progress (2): 63/165 kB | 5.0/262 kB
Progress (2): 63/165 kB | 6.4/262 kB
Progress (2): 63/165 kB | 7.7/262 kB
Progress (2): 63/165 kB | 8.2/262 kB
Progress (2): 63/165 kB | 9.6/262 kB
Progress (2): 63/165 kB | 11/262 kB 
Progress (2): 63/165 kB | 12/262 kB
Progress (2): 63/165 kB | 14/262 kB
Progress (2): 63/165 kB | 15/262 kB
Progress (2): 63/165 kB | 16/262 kB
Progress (2): 63/165 kB | 18/262 kB
Progress (2): 63/165 kB | 19/262 kB
Progress (2): 63/165 kB | 21/262 kB
Progress (2): 63/165 kB | 22/262 kB
Progress (2): 63/165 kB | 23/262 kB
Progress (2): 63/165 kB | 25/262 kB
Progress (2): 63/165 kB | 26/262 kB
Progress (2): 63/165 kB | 27/262 kB
Progress (2): 63/165 kB | 29/262 kB
Progress (2): 63/165 kB | 30/262 kB
Progress (2): 63/165 kB | 31/262 kB
Progress (2): 63/165 kB | 33/262 kB
Progress (2): 63/165 kB | 34/262 kB
Progress (2): 63/165 kB | 36/262 kB
Progress (2): 63/165 kB | 37/262 kB
Progress (2): 63/165 kB | 38/262 kB
Progress (2): 63/165 kB | 40/262 kB
Progress (2): 63/165 kB | 41/262 kB
Progress (2): 63/165 kB | 42/262 kB
Progress (2): 63/165 kB | 44/262 kB
Progress (2): 63/165 kB | 45/262 kB
Progress (2): 63/165 kB | 47/262 kB
Progress (2): 63/165 kB | 48/262 kB
Progress (2): 63/165 kB | 49/262 kB
Progress (2): 63/165 kB | 51/262 kB
Progress (2): 63/165 kB | 52/262 kB
Progress (2): 63/165 kB | 53/262 kB
Progress (2): 63/165 kB | 55/262 kB
Progress (2): 63/165 kB | 59/262 kB
Progress (2): 63/165 kB | 63/262 kB
Progress (2): 63/165 kB | 67/262 kB
Progress (2): 67/165 kB | 67/262 kB
Progress (3): 67/165 kB | 67/262 kB | 0.9/55 kB
Progress (3): 67/165 kB | 67/262 kB | 2.3/55 kB
Progress (3): 67/165 kB | 67/262 kB | 3.6/55 kB
Progress (3): 67/165 kB | 67/262 kB | 5.0/55 kB
Progress (3): 67/165 kB | 67/262 kB | 6.4/55 kB
Progress (3): 67/165 kB | 67/262 kB | 7.7/55 kB
Progress (3): 67/165 kB | 67/262 kB | 9.1/55 kB
Progress (3): 67/165 kB | 67/262 kB | 10/55 kB 
Progress (3): 67/165 kB | 67/262 kB | 12/55 kB
Progress (3): 67/165 kB | 67/262 kB | 13/55 kB
Progress (3): 67/165 kB | 67/262 kB | 15/55 kB
Progress (3): 67/165 kB | 67/262 kB | 16/55 kB
Progress (3): 67/165 kB | 67/262 kB | 16/55 kB
Progress (3): 67/165 kB | 67/262 kB | 18/55 kB
Progress (3): 67/165 kB | 67/262 kB | 19/55 kB
Progress (3): 67/165 kB | 67/262 kB | 20/55 kB
Progress (3): 67/165 kB | 67/262 kB | 22/55 kB
Progress (3): 67/165 kB | 67/262 kB | 23/55 kB
Progress (3): 67/165 kB | 67/262 kB | 25/55 kB
Progress (3): 67/165 kB | 67/262 kB | 26/55 kB
Progress (3): 67/165 kB | 67/262 kB | 27/55 kB
Progress (3): 67/165 kB | 67/262 kB | 29/55 kB
Progress (3): 67/165 kB | 67/262 kB | 30/55 kB
Progress (3): 67/165 kB | 67/262 kB | 31/55 kB
Progress (3): 67/165 kB | 67/262 kB | 33/55 kB
Progress (3): 67/165 kB | 67/262 kB | 34/55 kB
Progress (3): 67/165 kB | 67/262 kB | 36/55 kB
Progress (3): 67/165 kB | 67/262 kB | 37/55 kB
Progress (3): 67/165 kB | 67/262 kB | 38/55 kB
Progress (3): 67/165 kB | 67/262 kB | 40/55 kB
Progress (3): 67/165 kB | 67/262 kB | 41/55 kB
Progress (3): 67/165 kB | 67/262 kB | 42/55 kB
Progress (3): 67/165 kB | 67/262 kB | 44/55 kB
Progress (3): 67/165 kB | 67/262 kB | 45/55 kB
Progress (3): 67/165 kB | 67/262 kB | 46/55 kB
Progress (3): 67/165 kB | 67/262 kB | 48/55 kB
Progress (3): 67/165 kB | 67/262 kB | 49/55 kB
Progress (3): 67/165 kB | 67/262 kB | 51/55 kB
Progress (3): 67/165 kB | 67/262 kB | 52/55 kB
Progress (3): 67/165 kB | 67/262 kB | 53/55 kB
Progress (3): 67/165 kB | 67/262 kB | 55/55 kB
Progress (3): 67/165 kB | 67/262 kB | 55 kB   
                                           
Downloaded from central: https://repo.maven.apache.org/maven2/org/apache/maven/maven-artifact/3.5.3/maven-artifact-3.5.3.jar (55 kB at 454 kB/s)
Progress (2): 72/165 kB | 67/262 kB
Progress (2): 76/165 kB | 67/262 kB
Progress (2): 80/165 kB | 67/262 kB
Progress (2): 84/165 kB | 67/262 kB
Progress (2): 89/165 kB | 67/262 kB
Progress (2): 93/165 kB | 67/262 kB
Progress (2): 93/165 kB | 72/262 kB
Progress (2): 93/165 kB | 76/262 kB
Progress (2): 97/165 kB | 76/262 kB
Progress (2): 101/165 kB | 76/262 kB
Progress (2): 105/165 kB | 76/262 kB
Progress (2): 105/165 kB | 80/262 kB
Progress (2): 105/165 kB | 84/262 kB
Progress (2): 105/165 kB | 89/262 kB
Progress (2): 105/165 kB | 93/262 kB
Progress (2): 105/165 kB | 97/262 kB
Progress (2): 110/165 kB | 97/262 kB
Progress (2): 114/165 kB | 97/262 kB
Progress (2): 118/165 kB | 97/262 kB
Progress (2): 122/165 kB | 97/262 kB
Progress (2): 122/165 kB | 101/262 kB
Progress (2): 127/165 kB | 101/262 kB
Progress (2): 127/165 kB | 105/262 kB
Progress (2): 127/165 kB | 106/262 kB
Progress (2): 127/165 kB | 111/262 kB
Progress (2): 131/165 kB | 111/262 kB
Progress (2): 131/165 kB | 115/262 kB
Progress (2): 135/165 kB | 115/262 kB
Progress (2): 139/165 kB | 115/262 kB
Progress (2): 139/165 kB | 119/262 kB
Progress (2): 139/165 kB | 123/262 kB
Progress (2): 139/165 kB | 128/262 kB
Progress (2): 139/165 kB | 132/262 kB
Progress (2): 143/165 kB | 132/262 kB
Progress (2): 148/165 kB | 132/262 kB
Progress (2): 152/165 kB | 132/262 kB
Progress (2): 156/165 kB | 132/262 kB
Progress (2): 156/165 kB | 136/262 kB
Progress (2): 156/165 kB | 140/262 kB
Progress (2): 156/165 kB | 145/262 kB
Progress (2): 156/165 kB | 149/262 kB
Progress (2): 156/165 kB | 153/262 kB
Progress (2): 160/165 kB | 153/262 kB
Progress (2): 160/165 kB | 157/262 kB
Progress (2): 160/165 kB | 161/262 kB
Progress (2): 160/165 kB | 166/262 kB
Progress (2): 160/165 kB | 170/262 kB
Progress (2): 160/165 kB | 174/262 kB
Progress (2): 160/165 kB | 178/262 kB
Progress (2): 160/165 kB | 183/262 kB
Progress (2): 160/165 kB | 187/262 kB
Progress (2): 160/165 kB | 191/262 kB
Progress (2): 160/165 kB | 195/262 kB
Progress (2): 160/165 kB | 200/262 kB
Progress (2): 160/165 kB | 204/262 kB
Progress (2): 160/165 kB | 208/262 kB
Progress (2): 164/165 kB | 208/262 kB
Progress (2): 164/165 kB | 212/262 kB
Progress (2): 165 kB | 212/262 kB    
Progress (2): 165 kB | 216/262 kB
                                 
Downloaded from central: https://repo.maven.apache.org/maven2/org/apache/maven/maven-model/3.5.3/maven-model-3.5.3.jar (165 kB at 922 kB/s)
Progress (1): 221/262 kB
Progress (1): 237/262 kB
Progress (1): 238/262 kB
Progress (1): 254/262 kB
Progress (1): 262 kB    
                    
Downloaded from central: https://repo.maven.apache.org/maven2/org/codehaus/plexus/plexus-utils/3.1.0/plexus-utils-3.1.0.jar (262 kB at 1.4 MB/s)
[INFO] ------------------------------------------------------------------------
[INFO] Detecting the operating system and CPU architecture
[INFO] ------------------------------------------------------------------------
[INFO] os.detected.name: linux
[INFO] os.detected.arch: aarch_64
[INFO] os.detected.bitness: 64
[INFO] os.detected.version: 6.12
[INFO] os.detected.version.major: 6
[INFO] os.detected.version.minor: 12
[INFO] os.detected.release: ubuntu
[INFO] os.detected.release.version: 24.04
[INFO] os.detected.release.like.ubuntu: true
[INFO] os.detected.release.like.debian: true
[INFO] os.detected.classifier: linux-aarch_64
[INFO] ------------------------------------------------------------------------
[INFO] Reactor Build Order:
[INFO] 
[INFO] crate                                                              [pom]
[INFO] crate-libs-shared                                                  [jar]
[INFO] crate-libs-dex                                                     [jar]
[INFO] crate-libs-es-x-content                                            [jar]
[INFO] crate-libs-cli                                                     [jar]
[INFO] crate-libs-guice                                                   [jar]
[INFO] crate-libs-sql-parser                                              [jar]
[INFO] crate-libs-pgwire                                                  [jar]
[INFO] crate-server                                                       [jar]
[INFO] crate-libs-azure-testing                                           [jar]
[INFO] es-analysis-common                                                 [jar]
[INFO] es-analysis-phonetic                                               [jar]
[INFO] es-discovery-ec2                                                   [jar]
[INFO] es-repository-s3                                                   [jar]
[INFO] es-repository-url                                                  [jar]
[INFO] es-repository-azure                                                [jar]
[INFO] repository-gcs                                                     [jar]
[INFO] dns-discovery                                                      [jar]
[INFO] crate-copy-s3                                                      [jar]
[INFO] crate-copy-azure                                                   [jar]
[INFO] crate-functions                                                    [jar]
[INFO] crate-lang-js                                                      [jar]
[INFO] crate-jmx-monitoring                                               [jar]
[INFO] jlink-jdk                                                        [jlink]
[INFO] crate-app                                                          [jar]
[INFO] crate-benchmarks                                                   [jar]
[INFO] 
[INFO] Using the MultiThreadedBuilder implementation with a thread count of 8
[INFO] 
[INFO] ---------------------------< io.crate:crate >---------------------------
[INFO] Building crate 5.9.5                                              [1/26]
[INFO]   from pom.xml
[INFO] --------------------------------[ pom ]---------------------------------
[INFO] 
[INFO] --- clean:3.4.0:clean (default-clean) @ crate ---
[INFO] 
[INFO] --- enforcer:3.5.0:enforce (enforce-maven) @ crate ---
[INFO] Skipping Rule Enforcement.
[INFO] 
[INFO] --- checkstyle:3.5.0:check (validate) @ crate ---
[INFO] 
[INFO] --- toolchains:4.5.0:toolchain (default) @ crate ---
[INFO] Required toolchain: jdk [ vendor='temurin' version='22.0.2+9' ]
[INFO] Found matching toolchain for toolchainType jdk: JDK[/opt/java/jdk-22.0.2+9]
[INFO] 
[INFO] --- jacoco:0.8.12:prepare-agent (default-prepare-agent) @ crate ---
[INFO] argLine set to -javaagent:/root/.m2/repository/org/jacoco/org.jacoco.agent/0.8.12/org.jacoco.agent-0.8.12-runtime.jar=destfile=/repo/target/jacoco.exec
[INFO] 
[INFO] --- forbiddenapis:3.8:check (default) @ crate ---
[INFO] Skipping forbidden-apis checks.
[INFO] 
[INFO] --- install:3.1.3:install (default-install) @ crate ---
[INFO] Installing /repo/pom.xml to /root/.m2/repository/io/crate/crate/5.9.5/crate-5.9.5.pom
[INFO] 
[INFO] 
[INFO] ---------------------< io.crate:crate-libs-shared >---------------------
[INFO] Building crate-libs-shared 5.9.5                                  [2/26]
[INFO] 
[INFO]   from libs/shared/pom.xml
[INFO] ---------------------< io.crate:crate-libs-pgwire >---------------------
[INFO] Building crate-libs-pgwire 5.9.5                                  [3/26]
[INFO] --------------------------------[ jar ]---------------------------------
[INFO]   from libs/pgwire/pom.xml
[INFO] 
[INFO] --------------------------------[ jar ]---------------------------------
[INFO] -------------------------< io.crate:jlink-jdk >-------------------------
[INFO] Building jlink-jdk 5.9.5                                          [4/26]
[INFO]   from jlink-jdk/pom.xml
[INFO] -------------------------------[ jlink ]--------------------------------
[INFO] ---------------------< io.crate:crate-libs-guice >----------------------
[INFO] Building crate-libs-guice 5.9.5                                   [5/26]
[INFO]   from libs/guice/pom.xml
[INFO] --------------------------------[ jar ]---------------------------------
[WARNING] *****************************************************************
[WARNING] * Your build is requesting parallel execution, but this         *
[WARNING] * project contains the following plugin(s) that have goals not  *
[WARNING] * marked as thread-safe to support parallel execution.          *
[WARNING] * While this /may/ work fine, please look for plugin updates    *
[WARNING] * and/or request plugins be made thread-safe.                   *
[WARNING] * If reporting an issue, report it against the plugin in        *
[WARNING] * question, not against Apache Maven.                           *
[WARNING] *****************************************************************
[WARNING] The following plugins are not marked as thread-safe in jlink-jdk:
[WARNING]   org.apache.maven.plugins:maven-jlink-plugin:3.1.0
[WARNING] 
[WARNING] Enable debug to see precisely which goals are not marked as thread-safe.
[WARNING] *****************************************************************
[INFO] 
[INFO] --- clean:3.4.0:clean (default-clean) @ jlink-jdk ---
[INFO] 
[INFO] --- enforcer:3.5.0:enforce (enforce-maven) @ jlink-jdk ---
[INFO] Skipping Rule Enforcement.
[INFO] 
[INFO] --- checkstyle:3.5.0:check (validate) @ jlink-jdk ---
[INFO] 
[INFO] --- toolchains:4.5.0:toolchain (default) @ jlink-jdk ---
[INFO] Required toolchain: jdk [ vendor='temurin' version='22.0.2+9' ]
[INFO] Found matching toolchain for toolchainType jdk: JDK[/opt/java/jdk-22.0.2+9]
[INFO] 
[INFO] --- jacoco:0.8.12:prepare-agent (default-prepare-agent) @ jlink-jdk ---
[INFO] argLine set to -javaagent:/root/.m2/repository/org/jacoco/org.jacoco.agent/0.8.12/org.jacoco.agent-0.8.12-runtime.jar=destfile=/repo/jlink-jdk/target/jacoco.exec
[INFO] 
[INFO] --- resources:3.3.1:resources (default-resources) @ jlink-jdk ---
[INFO] 
[INFO] --- clean:3.4.0:clean (default-clean) @ crate-libs-guice ---
[INFO] 
[INFO] --- clean:3.4.0:clean (default-clean) @ crate-libs-shared ---
[INFO] 
[INFO] --- enforcer:3.5.0:enforce (enforce-maven) @ crate-libs-shared ---
[INFO] Skipping Rule Enforcement.
[INFO] 
[INFO] 
[INFO] --- enforcer:3.5.0:enforce (enforce-maven) @ crate-libs-guice ---
[INFO] --- checkstyle:3.5.0:check (validate) @ crate-libs-shared ---
[INFO] Skipping Rule Enforcement.
[INFO] 
[INFO] --- checkstyle:3.5.0:check (validate) @ crate-libs-guice ---
[INFO] 
[INFO] --- toolchains:4.5.0:toolchain (default) @ crate-libs-shared ---
[INFO] Required toolchain: jdk [ vendor='temurin' version='22.0.2+9' ]
[INFO] Found matching toolchain for toolchainType jdk: JDK[/opt/java/jdk-22.0.2+9]
[INFO] 
[INFO] --- jacoco:0.8.12:prepare-agent (default-prepare-agent) @ crate-libs-shared ---
[INFO] argLine set to -javaagent:/root/.m2/repository/org/jacoco/org.jacoco.agent/0.8.12/org.jacoco.agent-0.8.12-runtime.jar=destfile=/repo/libs/shared/target/jacoco.exec
[INFO] 
[INFO] --- resources:3.3.1:resources (default-resources) @ crate-libs-shared ---
[INFO] 
[INFO] --- toolchains:4.5.0:toolchain (default) @ crate-libs-guice ---
[INFO] 
[INFO] --- clean:3.4.0:clean (default-clean) @ crate-libs-pgwire ---
[INFO] Required toolchain: jdk [ vendor='temurin' version='22.0.2+9' ]
[INFO] Found matching toolchain for toolchainType jdk: JDK[/opt/java/jdk-22.0.2+9]
[INFO] 
[INFO] --- jacoco:0.8.12:prepare-agent (default-prepare-agent) @ crate-libs-guice ---
[INFO] argLine set to -javaagent:/root/.m2/repository/org/jacoco/org.jacoco.agent/0.8.12/org.jacoco.agent-0.8.12-runtime.jar=destfile=/repo/libs/guice/target/jacoco.exec
[INFO] 
[INFO] --- resources:3.3.1:resources (default-resources) @ crate-libs-guice ---
[INFO] 
[INFO] --- enforcer:3.5.0:enforce (enforce-maven) @ crate-libs-pgwire ---
[INFO] Skipping Rule Enforcement.
[INFO] 
[INFO] --- checkstyle:3.5.0:check (validate) @ crate-libs-pgwire ---
[INFO] 
[INFO] --- toolchains:4.5.0:toolchain (default) @ crate-libs-pgwire ---
[INFO] Required toolchain: jdk [ vendor='temurin' version='22.0.2+9' ]
[INFO] Found matching toolchain for toolchainType jdk: JDK[/opt/java/jdk-22.0.2+9]
[INFO] 
[INFO] --- jacoco:0.8.12:prepare-agent (default-prepare-agent) @ crate-libs-pgwire ---
[INFO] argLine set to -javaagent:/root/.m2/repository/org/jacoco/org.jacoco.agent/0.8.12/org.jacoco.agent-0.8.12-runtime.jar=destfile=/repo/libs/pgwire/target/jacoco.exec
[INFO] 
[INFO] --- antlr4:4.13.2:antlr4 (antlr) @ crate-libs-pgwire ---
[INFO] skip non existing resourceDirectory /repo/jlink-jdk/src/main/resources
[INFO] 
[INFO] --- compiler:3.13.0:compile (default-compile) @ jlink-jdk ---
[INFO] skip non existing resourceDirectory /repo/libs/guice/src/main/resources
[INFO] 
[INFO] --- compiler:3.13.0:compile (default-compile) @ crate-libs-guice ---
[INFO] skip non existing resourceDirectory /repo/libs/shared/src/main/resources
[INFO] 
[INFO] --- compiler:3.13.0:compile (default-compile) @ crate-libs-shared ---
[INFO] ANTLR 4: Processing source directory /repo/libs/pgwire/src/main/antlr
[INFO] Toolchain in maven-compiler-plugin: JDK[/opt/java/jdk-22.0.2+9]
[INFO] Toolchain in maven-compiler-plugin: JDK[/opt/java/jdk-22.0.2+9]
[INFO] Toolchain in maven-compiler-plugin: JDK[/opt/java/jdk-22.0.2+9]
[INFO] No sources to compile
[INFO] 
[INFO] --- resources:3.3.1:testResources (default-testResources) @ jlink-jdk ---
[INFO] skip non existing resourceDirectory /repo/jlink-jdk/src/test/resources
[INFO] 
[INFO] --- compiler:3.13.0:testCompile (default-testCompile) @ jlink-jdk ---
[INFO] Toolchain in maven-compiler-plugin: JDK[/opt/java/jdk-22.0.2+9]
[INFO] No sources to compile
[INFO] 
[INFO] --- surefire:3.5.0:test (default-test) @ jlink-jdk ---
[INFO] Tests are skipped.
[INFO] 
[INFO] --- jlink:3.1.0:jlink (default-jlink) @ jlink-jdk ---
[INFO] Toolchain in maven-jlink-plugin: jlink [ /opt/java/jdk-22.0.2+9/bin/jlink ]
[INFO] Recompiling the module because of changed source code.
[INFO] Compiling 48 source files with javac [forked debug target 22] to target/classes
[INFO] Processing grammar: io/crate/protocols/postgres/antlr/PgArray.g4
[INFO] Recompiling the module because of changed source code.
[INFO] Compiling 169 source files with javac [forked debug target 22] to target/classes
[INFO] 
[INFO] --- resources:3.3.1:resources (default-resources) @ crate-libs-pgwire ---
[INFO] skip non existing resourceDirectory /repo/libs/pgwire/src/main/resources
[INFO] 
[INFO] --- compiler:3.13.0:compile (default-compile) @ crate-libs-pgwire ---
[INFO] Toolchain in maven-compiler-plugin: JDK[/opt/java/jdk-22.0.2+9]
[INFO] Recompiling the module because of changed source code.
[INFO] Compiling 7 source files with javac [forked debug target 22] to target/classes
[INFO] ------------------------------------------------------------------------
[INFO] Reactor Summary for crate 5.9.5:
[INFO] 
[INFO] crate .............................................. SUCCESS [  0.540 s]
[INFO] crate-libs-shared .................................. FAILURE [  0.251 s]
[INFO] crate-libs-dex ..................................... SKIPPED
[INFO] crate-libs-es-x-content ............................ SKIPPED
[INFO] crate-libs-cli ..................................... SKIPPED
[INFO] crate-libs-guice ................................... FAILURE [  0.281 s]
[INFO] crate-libs-sql-parser .............................. SKIPPED
[INFO] crate-libs-pgwire .................................. FAILURE [  0.412 s]
[INFO] crate-server ....................................... SKIPPED
[INFO] crate-libs-azure-testing ........................... SKIPPED
[INFO] es-analysis-common ................................. SKIPPED
[INFO] es-analysis-phonetic ............................... SKIPPED
[INFO] es-discovery-ec2 ................................... SKIPPED
[INFO] es-repository-s3 ................................... SKIPPED
[INFO] es-repository-url .................................. SKIPPED
[INFO] es-repository-azure ................................ SKIPPED
[INFO] repository-gcs ..................................... SKIPPED
[INFO] dns-discovery ...................................... SKIPPED
[INFO] crate-copy-s3 ...................................... SKIPPED
[INFO] crate-copy-azure ................................... SKIPPED
[INFO] crate-functions .................................... SKIPPED
[INFO] crate-lang-js ...................................... SKIPPED
[INFO] crate-jmx-monitoring ............................... SKIPPED
[INFO] jlink-jdk .......................................... FAILURE [  0.237 s]
[INFO] crate-app .......................................... SKIPPED
[INFO] crate-benchmarks ................................... SKIPPED
[INFO] ------------------------------------------------------------------------
[INFO] BUILD FAILURE
[INFO] ------------------------------------------------------------------------
[INFO] Total time:  7.573 s (Wall Clock)
[INFO] Finished at: 2026-04-25T12:53:12Z
[INFO] ------------------------------------------------------------------------
[ERROR] Failed to execute goal org.apache.maven.plugins:maven-jlink-plugin:3.1.0:jlink (default-jlink) on project jlink-jdk: 
[ERROR] Exit code: 133 - rosetta error: failed to open elf at /lib64/ld-linux-x86-64.so.2
[ERROR]  Trace/breakpoint trap
[ERROR] 
[ERROR] Command line was: /bin/sh -c /opt/java/jdk-22.0.2+9/bin/jlink --module-path /opt/java/jdk-22.0.2+9/jmods --add-modules java.base,java.logging,java.compiler,java.desktop,java.management,java.naming,java.rmi,java.scripting,java.security.jgss,java.security.sasl,java.sql,jdk.unsupported,jdk.management,jdk.management.agent,jdk.crypto.ec,jdk.incubator.vector,java.instrument,jdk.httpserver,jdk.jfr,jdk.jcmd,jdk.jdwp.agent --output /repo/jlink-jdk/target/maven-jlink/default
[ERROR] 
[ERROR] 
[ERROR] -> [Help 1]
[ERROR] Failed to execute goal org.apache.maven.plugins:maven-compiler-plugin:3.13.0:compile (default-compile) on project crate-libs-shared: Fatal error compiling: Could not retrieve version from /opt/java/jdk-22.0.2+9/bin/javac. Exit code 133, Output: rosetta error: failed to open elf at /lib64/ld-linux-x86-64.so.2 -> [Help 1]
[ERROR] Failed to execute goal org.apache.maven.plugins:maven-compiler-plugin:3.13.0:compile (default-compile) on project crate-libs-guice: Fatal error compiling: Could not retrieve version from /opt/java/jdk-22.0.2+9/bin/javac. Exit code 133, Output: rosetta error: failed to open elf at /lib64/ld-linux-x86-64.so.2 -> [Help 1]
[ERROR] Failed to execute goal org.apache.maven.plugins:maven-compiler-plugin:3.13.0:compile (default-compile) on project crate-libs-pgwire: Fatal error compiling: Could not retrieve version from /opt/java/jdk-22.0.2+9/bin/javac. Exit code 133, Output: rosetta error: failed to open elf at /lib64/ld-linux-x86-64.so.2 -> [Help 1]
[ERROR] 
[ERROR] To see the full stack trace of the errors, re-run Maven with the -e switch.
[ERROR] Re-run Maven using the -X switch to enable full debug logging.
[ERROR] 
[ERROR] For more information about the errors and possible solutions, please read the following articles:
[ERROR] [Help 1] http://cwiki.apache.org/confluence/display/MAVEN/MojoExecutionException
[ERROR] 
[ERROR] After correcting the problems, you can resume the build with the command
[ERROR]   mvn <args> -rf :jlink-jdk
⚠️ Build failed; cleaning cached JDK archives and retrying once...
WARNING: A terminally deprecated method in sun.misc.Unsafe has been called
WARNING: sun.misc.Unsafe::staticFieldBase has been called by com.google.inject.internal.aop.HiddenClassDefiner (file:/usr/share/maven/lib/guice-5.1.0-classes.jar)
WARNING: Please consider reporting this to the maintainers of class com.google.inject.internal.aop.HiddenClassDefiner
WARNING: sun.misc.Unsafe::staticFieldBase will be removed in a future release
[INFO] Scanning for projects...
[INFO] ------------------------------------------------------------------------
[INFO] Detecting the operating system and CPU architecture
[INFO] ------------------------------------------------------------------------
[INFO] os.detected.name: linux
[INFO] os.detected.arch: aarch_64
[INFO] os.detected.bitness: 64
[INFO] os.detected.version: 6.12
[INFO] os.detected.version.major: 6
[INFO] os.detected.version.minor: 12
[INFO] os.detected.release: ubuntu
[INFO] os.detected.release.version: 24.04
[INFO] os.detected.release.like.ubuntu: true
[INFO] os.detected.release.like.debian: true
[INFO] os.detected.classifier: linux-aarch_64
[INFO] ------------------------------------------------------------------------
[INFO] Reactor Build Order:
[INFO] 
[INFO] crate                                                              [pom]
[INFO] crate-libs-shared                                                  [jar]
[INFO] crate-libs-dex                                                     [jar]
[INFO] crate-libs-es-x-content                                            [jar]
[INFO] crate-libs-cli                                                     [jar]
[INFO] crate-libs-guice                                                   [jar]
[INFO] crate-libs-sql-parser                                              [jar]
[INFO] crate-libs-pgwire                                                  [jar]
[INFO] crate-server                                                       [jar]
[INFO] crate-libs-azure-testing                                           [jar]
[INFO] es-analysis-common                                                 [jar]
[INFO] es-analysis-phonetic                                               [jar]
[INFO] es-discovery-ec2                                                   [jar]
[INFO] es-repository-s3                                                   [jar]
[INFO] es-repository-url                                                  [jar]
[INFO] es-repository-azure                                                [jar]
[INFO] repository-gcs                                                     [jar]
[INFO] dns-discovery                                                      [jar]
[INFO] crate-copy-s3                                                      [jar]
[INFO] crate-copy-azure                                                   [jar]
[INFO] crate-functions                                                    [jar]
[INFO] crate-lang-js                                                      [jar]
[INFO] crate-jmx-monitoring                                               [jar]
[INFO] jlink-jdk                                                        [jlink]
[INFO] crate-app                                                          [jar]
[INFO] crate-benchmarks                                                   [jar]
[INFO] 
[INFO] Using the MultiThreadedBuilder implementation with a thread count of 8
[INFO] 
[INFO] ---------------------------< io.crate:crate >---------------------------
[INFO] Building crate 5.9.5                                              [1/26]
[INFO]   from pom.xml
[INFO] --------------------------------[ pom ]---------------------------------
[INFO] 
[INFO] --- clean:3.4.0:clean (default-clean) @ crate ---
[INFO] 
[INFO] --- enforcer:3.5.0:enforce (enforce-maven) @ crate ---
[INFO] Skipping Rule Enforcement.
[INFO] 
[INFO] --- checkstyle:3.5.0:check (validate) @ crate ---
[INFO] 
[INFO] --- toolchains:4.5.0:toolchain (default) @ crate ---
[INFO] Required toolchain: jdk [ vendor='temurin' version='22.0.2+9' ]
[INFO] Found matching toolchain for toolchainType jdk: JDK[/opt/java/jdk-22.0.2+9]
[INFO] 
[INFO] --- jacoco:0.8.12:prepare-agent (default-prepare-agent) @ crate ---
[INFO] argLine set to -javaagent:/root/.m2/repository/org/jacoco/org.jacoco.agent/0.8.12/org.jacoco.agent-0.8.12-runtime.jar=destfile=/repo/target/jacoco.exec
[INFO] 
[INFO] --- forbiddenapis:3.8:check (default) @ crate ---
[INFO] Skipping forbidden-apis checks.
[INFO] 
[INFO] --- install:3.1.3:install (default-install) @ crate ---
[INFO] Installing /repo/pom.xml to /root/.m2/repository/io/crate/crate/5.9.5/crate-5.9.5.pom
[INFO] 
[INFO] ---------------------< io.crate:crate-libs-shared >---------------------
[INFO] Building crate-libs-shared 5.9.5                                  [2/26]
[INFO]   from libs/shared/pom.xml
[INFO] --------------------------------[ jar ]---------------------------------
[INFO] 
[INFO] ---------------------< io.crate:crate-libs-guice >----------------------
[INFO] Building crate-libs-guice 5.9.5                                   [3/26]
[INFO]   from libs/guice/pom.xml
[INFO] --------------------------------[ jar ]---------------------------------
[INFO] 
[INFO] ---------------------< io.crate:crate-libs-pgwire >---------------------
[INFO] Building crate-libs-pgwire 5.9.5                                  [4/26]
[INFO]   from libs/pgwire/pom.xml
[INFO] --------------------------------[ jar ]---------------------------------
[INFO] 
[INFO] -------------------------< io.crate:jlink-jdk >-------------------------
[INFO] Building jlink-jdk 5.9.5                                          [5/26]
[INFO]   from jlink-jdk/pom.xml
[INFO] -------------------------------[ jlink ]--------------------------------
[WARNING] *****************************************************************
[WARNING] * Your build is requesting parallel execution, but this         *
[WARNING] * project contains the following plugin(s) that have goals not  *
[WARNING] * marked as thread-safe to support parallel execution.          *
[WARNING] * While this /may/ work fine, please look for plugin updates    *
[WARNING] * and/or request plugins be made thread-safe.                   *
[WARNING] * If reporting an issue, report it against the plugin in        *
[WARNING] * question, not against Apache Maven.                           *
[WARNING] *****************************************************************
[WARNING] The following plugins are not marked as thread-safe in jlink-jdk:
[WARNING]   org.apache.maven.plugins:maven-jlink-plugin:3.1.0
[WARNING] 
[WARNING] Enable debug to see precisely which goals are not marked as thread-safe.
[WARNING] *****************************************************************
[INFO] 
[INFO] --- clean:3.4.0:clean (default-clean) @ jlink-jdk ---
[INFO] 
[INFO] --- clean:3.4.0:clean (default-clean) @ crate-libs-guice ---
[INFO] 
[INFO] --- clean:3.4.0:clean (default-clean) @ crate-libs-shared ---
[INFO] 
[INFO] --- clean:3.4.0:clean (default-clean) @ crate-libs-pgwire ---
[INFO] Deleting /repo/libs/guice/target
[INFO] Deleting /repo/libs/shared/target
[INFO] Deleting /repo/libs/pgwire/target
[INFO] 
[INFO] --- enforcer:3.5.0:enforce (enforce-maven) @ jlink-jdk ---
[INFO] Skipping Rule Enforcement.
[INFO] 
[INFO] --- checkstyle:3.5.0:check (validate) @ jlink-jdk ---
[INFO] 
[INFO] --- toolchains:4.5.0:toolchain (default) @ jlink-jdk ---
[INFO] Required toolchain: jdk [ vendor='temurin' version='22.0.2+9' ]
[INFO] Found matching toolchain for toolchainType jdk: JDK[/opt/java/jdk-22.0.2+9]
[INFO] 
[INFO] --- jacoco:0.8.12:prepare-agent (default-prepare-agent) @ jlink-jdk ---
[INFO] argLine set to -javaagent:/root/.m2/repository/org/jacoco/org.jacoco.agent/0.8.12/org.jacoco.agent-0.8.12-runtime.jar=destfile=/repo/jlink-jdk/target/jacoco.exec
[INFO] 
[INFO] --- resources:3.3.1:resources (default-resources) @ jlink-jdk ---
[INFO] 
[INFO] --- enforcer:3.5.0:enforce (enforce-maven) @ crate-libs-guice ---
[INFO] Skipping Rule Enforcement.
[INFO] 
[INFO] --- checkstyle:3.5.0:check (validate) @ crate-libs-guice ---
[INFO] 
[INFO] --- toolchains:4.5.0:toolchain (default) @ crate-libs-guice ---
[INFO] Required toolchain: jdk [ vendor='temurin' version='22.0.2+9' ]
[INFO] Found matching toolchain for toolchainType jdk: JDK[/opt/java/jdk-22.0.2+9]
[INFO] 
[INFO] --- jacoco:0.8.12:prepare-agent (default-prepare-agent) @ crate-libs-guice ---
[INFO] 
[INFO] --- enforcer:3.5.0:enforce (enforce-maven) @ crate-libs-shared ---
[INFO] argLine set to -javaagent:/root/.m2/repository/org/jacoco/org.jacoco.agent/0.8.12/org.jacoco.agent-0.8.12-runtime.jar=destfile=/repo/libs/guice/target/jacoco.exec
[INFO] 
[INFO] --- resources:3.3.1:resources (default-resources) @ crate-libs-guice ---
[INFO] Skipping Rule Enforcement.
[INFO] 
[INFO] --- checkstyle:3.5.0:check (validate) @ crate-libs-shared ---
[INFO] 
[INFO] --- toolchains:4.5.0:toolchain (default) @ crate-libs-shared ---
[INFO] Required toolchain: jdk [ vendor='temurin' version='22.0.2+9' ]
[INFO] Found matching toolchain for toolchainType jdk: JDK[/opt/java/jdk-22.0.2+9]
[INFO] 
[INFO] --- jacoco:0.8.12:prepare-agent (default-prepare-agent) @ crate-libs-shared ---
[INFO] argLine set to -javaagent:/root/.m2/repository/org/jacoco/org.jacoco.agent/0.8.12/org.jacoco.agent-0.8.12-runtime.jar=destfile=/repo/libs/shared/target/jacoco.exec
[INFO] 
[INFO] --- resources:3.3.1:resources (default-resources) @ crate-libs-shared ---
[INFO] skip non existing resourceDirectory /repo/jlink-jdk/src/main/resources
[INFO] 
[INFO] skip non existing resourceDirectory /repo/libs/guice/src/main/resources
[INFO] skip non existing resourceDirectory /repo/libs/shared/src/main/resources
[INFO] 
[INFO] --- compiler:3.13.0:compile (default-compile) @ crate-libs-shared ---
[INFO] 
[INFO] --- compiler:3.13.0:compile (default-compile) @ crate-libs-guice ---
[INFO] --- compiler:3.13.0:compile (default-compile) @ jlink-jdk ---
[INFO] 
[INFO] --- enforcer:3.5.0:enforce (enforce-maven) @ crate-libs-pgwire ---
[INFO] Skipping Rule Enforcement.
[INFO] 
[INFO] --- checkstyle:3.5.0:check (validate) @ crate-libs-pgwire ---
[INFO] 
[INFO] --- toolchains:4.5.0:toolchain (default) @ crate-libs-pgwire ---
[INFO] Required toolchain: jdk [ vendor='temurin' version='22.0.2+9' ]
[INFO] Found matching toolchain for toolchainType jdk: JDK[/opt/java/jdk-22.0.2+9]
[INFO] 
[INFO] --- jacoco:0.8.12:prepare-agent (default-prepare-agent) @ crate-libs-pgwire ---
[INFO] argLine set to -javaagent:/root/.m2/repository/org/jacoco/org.jacoco.agent/0.8.12/org.jacoco.agent-0.8.12-runtime.jar=destfile=/repo/libs/pgwire/target/jacoco.exec
[INFO] 
[INFO] --- antlr4:4.13.2:antlr4 (antlr) @ crate-libs-pgwire ---
[INFO] Toolchain in maven-compiler-plugin: JDK[/opt/java/jdk-22.0.2+9]
[INFO] Toolchain in maven-compiler-plugin: JDK[/opt/java/jdk-22.0.2+9]
[INFO] Toolchain in maven-compiler-plugin: JDK[/opt/java/jdk-22.0.2+9]
[INFO] No sources to compile
[INFO] 
[INFO] --- resources:3.3.1:testResources (default-testResources) @ jlink-jdk ---
[INFO] skip non existing resourceDirectory /repo/jlink-jdk/src/test/resources
[INFO] 
[INFO] --- compiler:3.13.0:testCompile (default-testCompile) @ jlink-jdk ---
[INFO] Toolchain in maven-compiler-plugin: JDK[/opt/java/jdk-22.0.2+9]
[INFO] No sources to compile
[INFO] 
[INFO] --- surefire:3.5.0:test (default-test) @ jlink-jdk ---
[INFO] ANTLR 4: Processing source directory /repo/libs/pgwire/src/main/antlr
[INFO] Tests are skipped.
[INFO] 
[INFO] --- jlink:3.1.0:jlink (default-jlink) @ jlink-jdk ---
[INFO] Toolchain in maven-jlink-plugin: jlink [ /opt/java/jdk-22.0.2+9/bin/jlink ]
[INFO] Recompiling the module because of changed source code.
[INFO] Compiling 48 source files with javac [forked debug target 22] to target/classes
[INFO] Recompiling the module because of changed source code.
[INFO] Compiling 169 source files with javac [forked debug target 22] to target/classes
[INFO] Processing grammar: io/crate/protocols/postgres/antlr/PgArray.g4
[INFO] 
[INFO] --- resources:3.3.1:resources (default-resources) @ crate-libs-pgwire ---
[INFO] skip non existing resourceDirectory /repo/libs/pgwire/src/main/resources
[INFO] 
[INFO] --- compiler:3.13.0:compile (default-compile) @ crate-libs-pgwire ---
[INFO] Toolchain in maven-compiler-plugin: JDK[/opt/java/jdk-22.0.2+9]
[INFO] Recompiling the module because of changed source code.
[INFO] Compiling 7 source files with javac [forked debug target 22] to target/classes
[INFO] ------------------------------------------------------------------------
[INFO] Reactor Summary for crate 5.9.5:
[INFO] 
[INFO] crate .............................................. SUCCESS [  0.620 s]
[INFO] crate-libs-shared .................................. FAILURE [  0.270 s]
[INFO] crate-libs-dex ..................................... SKIPPED
[INFO] crate-libs-es-x-content ............................ SKIPPED
[INFO] crate-libs-cli ..................................... SKIPPED
[INFO] crate-libs-guice ................................... FAILURE [  0.292 s]
[INFO] crate-libs-sql-parser .............................. SKIPPED
[INFO] crate-libs-pgwire .................................. FAILURE [  0.448 s]
[INFO] crate-server ....................................... SKIPPED
[INFO] crate-libs-azure-testing ........................... SKIPPED
[INFO] es-analysis-common ................................. SKIPPED
[INFO] es-analysis-phonetic ............................... SKIPPED
[INFO] es-discovery-ec2 ................................... SKIPPED
[INFO] es-repository-s3 ................................... SKIPPED
[INFO] es-repository-url .................................. SKIPPED
[INFO] es-repository-azure ................................ SKIPPED
[INFO] repository-gcs ..................................... SKIPPED
[INFO] dns-discovery ...................................... SKIPPED
[INFO] crate-copy-s3 ...................................... SKIPPED
[INFO] crate-copy-azure ................................... SKIPPED
[INFO] crate-functions .................................... SKIPPED
[INFO] crate-lang-js ...................................... SKIPPED
[INFO] crate-jmx-monitoring ............................... SKIPPED
[INFO] jlink-jdk .......................................... FAILURE [  0.238 s]
[INFO] crate-app .......................................... SKIPPED
[INFO] crate-benchmarks ................................... SKIPPED
[INFO] ------------------------------------------------------------------------
[INFO] BUILD FAILURE
[INFO] ------------------------------------------------------------------------
[INFO] Total time:  1.515 s (Wall Clock)
[INFO] Finished at: 2026-04-25T12:53:15Z
[INFO] ------------------------------------------------------------------------
[ERROR] Failed to execute goal org.apache.maven.plugins:maven-jlink-plugin:3.1.0:jlink (default-jlink) on project jlink-jdk: 
[ERROR] Exit code: 133 - rosetta error: failed to open elf at /lib64/ld-linux-x86-64.so.2
[ERROR]  Trace/breakpoint trap
[ERROR] 
[ERROR] Command line was: /bin/sh -c /opt/java/jdk-22.0.2+9/bin/jlink --module-path /opt/java/jdk-22.0.2+9/jmods --add-modules java.base,java.logging,java.compiler,java.desktop,java.management,java.naming,java.rmi,java.scripting,java.security.jgss,java.security.sasl,java.sql,jdk.unsupported,jdk.management,jdk.management.agent,jdk.crypto.ec,jdk.incubator.vector,java.instrument,jdk.httpserver,jdk.jfr,jdk.jcmd,jdk.jdwp.agent --output /repo/jlink-jdk/target/maven-jlink/default
[ERROR] 
[ERROR] 
[ERROR] -> [Help 1]
[ERROR] Failed to execute goal org.apache.maven.plugins:maven-compiler-plugin:3.13.0:compile (default-compile) on project crate-libs-shared: Fatal error compiling: Could not retrieve version from /opt/java/jdk-22.0.2+9/bin/javac. Exit code 133, Output: rosetta error: failed to open elf at /lib64/ld-linux-x86-64.so.2 -> [Help 1]
[ERROR] Failed to execute goal org.apache.maven.plugins:maven-compiler-plugin:3.13.0:compile (default-compile) on project crate-libs-guice: Fatal error compiling: Could not retrieve version from /opt/java/jdk-22.0.2+9/bin/javac. Exit code 133, Output: rosetta error: failed to open elf at /lib64/ld-linux-x86-64.so.2 -> [Help 1]
[ERROR] Failed to execute goal org.apache.maven.plugins:maven-compiler-plugin:3.13.0:compile (default-compile) on project crate-libs-pgwire: Fatal error compiling: Could not retrieve version from /opt/java/jdk-22.0.2+9/bin/javac. Exit code 133, Output: rosetta error: failed to open elf at /lib64/ld-linux-x86-64.so.2 -> [Help 1]
[ERROR] 
[ERROR] To see the full stack trace of the errors, re-run Maven with the -e switch.
[ERROR] Re-run Maven using the -X switch to enable full debug logging.
[ERROR] 
[ERROR] For more information about the errors and possible solutions, please read the following articles:
[ERROR] [Help 1] http://cwiki.apache.org/confluence/display/MAVEN/MojoExecutionException
[ERROR] 
[ERROR] After correcting the problems, you can resume the build with the command
[ERROR]   mvn <args> -rf :jlink-jdk
❌ Build Failed
