--- Building Hibernate ORM for bb931c7 ---
DEBUG: TOOLKIT_DIR=/home/hasangaranasinghe/patch-backporting/helpers/hibernate-orm
DEBUG: PROJECT_DIR=/home/hasangaranasinghe/patch-backporting/my_java_dataset/repos/hibernate-orm
--- WORKTREE_MODE=1: skipping checkout/clean (agent changes preserved) ---
gradle-cache-hibernate
gradle-wrapper-hibernate
--- Building Docker image ---
DEBUG: Image Tag=retrofit-hibernate-orm-builder:local
#0 building with "default" instance using docker driver

#1 [internal] load build definition from Dockerfile
#1 transferring dockerfile: 2.20kB done
#1 DONE 0.0s

#2 [internal] load metadata for docker.io/library/eclipse-temurin:21-jdk-jammy
#2 DONE 0.2s

#3 [internal] load .dockerignore
#3 transferring context: 2B done
#3 DONE 0.0s

#4 [1/9] FROM docker.io/library/eclipse-temurin:21-jdk-jammy@sha256:25d1276565738d3c805e632a4542c3a7598866ef967f4def6544c15de3a74b14
#4 resolve docker.io/library/eclipse-temurin:21-jdk-jammy@sha256:25d1276565738d3c805e632a4542c3a7598866ef967f4def6544c15de3a74b14 0.0s done
#4 DONE 0.0s

#5 [7/9] RUN mkdir -p /home/gradle/.gradle/init.d &&     echo "gradle.rootProject { root ->" >> /home/gradle/.gradle/init.d/disable-scans.gradle &&     echo "  root.extensions.findByName('buildScan')?.publishOnFailure()" >> /home/gradle/.gradle/init.d/disable-scans.gradle &&     echo "  root.extensions.findByName('buildScan')?.publishAlways()" >> /home/gradle/.gradle/init.d/disable-scans.gradle &&     echo "}" >> /home/gradle/.gradle/init.d/disable-scans.gradle &&     chown -R gradle:gradle /home/gradle/.gradle/init.d
#5 CACHED

#6 [4/9] RUN groupadd --gid 1000 gradle &&     useradd --uid 1000 --gid 1000 --shell /bin/bash --create-home gradle
#6 CACHED

#7 [8/9] RUN mkdir -p /repo && chown gradle:gradle /repo
#7 CACHED

#8 [2/9] RUN apt-get update && apt-get install -y     git     python3     unzip     curl     && rm -rf /var/lib/apt/lists/*
#8 CACHED

#9 [3/9] RUN curl -L "https://download.java.net/java/GA/jdk25.0.1/2fbf10d8c78e40bd87641c434705079d/8/GPL/openjdk-25.0.1_linux-x64_bin.tar.gz" -o /tmp/jdk25.tar.gz &&     mkdir -p /opt/java &&     tar -xzf /tmp/jdk25.tar.gz -C /opt/java &&     mv /opt/java/jdk-25.0.1 /opt/java/jdk-25 &&     rm /tmp/jdk25.tar.gz
#9 CACHED

#10 [5/9] RUN mkdir -p /home/gradle/.gradle &&     chown -R gradle:gradle /home/gradle/.gradle
#10 CACHED

#11 [6/9] RUN echo "org.gradle.daemon=true" >> /home/gradle/.gradle/gradle.properties &&     echo "org.gradle.parallel=true" >> /home/gradle/.gradle/gradle.properties &&     echo "org.gradle.caching=true" >> /home/gradle/.gradle/gradle.properties &&     echo "org.gradle.jvmargs=-Xmx4g" >> /home/gradle/.gradle/gradle.properties &&     echo "org.gradle.console=plain" >> /home/gradle/.gradle/gradle.properties &&     chown gradle:gradle /home/gradle/.gradle/gradle.properties
#11 CACHED

#12 [9/9] WORKDIR /repo
#12 CACHED

#13 exporting to image
#13 exporting layers done
#13 exporting manifest sha256:c8e56d502f7e5886261103cbd3e5a3b21c09352bf8e7dbcda287d3ebbf5d9ca0 done
#13 exporting config sha256:2e37fa2f4fee9671e16e0f3a71d7eb81c9e81b4903ce34f67ac3fdded4001788 done
#13 exporting attestation manifest sha256:951c82a89f0f7c0c5e7118794a3ffb2e21dfc1ab11c7bf7b058d99873e11c7a5 0.0s done
#13 exporting manifest list sha256:8e4f62b8d055c0fb48d86e449a8fd700a6091e6a5ba1172175dfbb35e5998787
#13 exporting manifest list sha256:8e4f62b8d055c0fb48d86e449a8fd700a6091e6a5ba1172175dfbb35e5998787 0.0s done
#13 naming to docker.io/library/retrofit-hibernate-orm-builder:local done
#13 unpacking to docker.io/library/retrofit-hibernate-orm-builder:local 0.0s done
#13 DONE 0.1s
--- Running Gradle build (compile only, no tests) ---
--- Full build (no SOURCE_MODULES specified) ---
--- Attempting build with default JDK ---
Downloading https://services.gradle.org/distributions/gradle-8.8-bin.zip
.............10%.............20%.............30%.............40%.............50%.............60%..............70%.............80%.............90%.............100%

Welcome to Gradle 8.8!

Here are the highlights of this release:
 - Running Gradle on Java 22
 - Configurable Gradle daemon JVM
 - Improved IDE performance for large projects

For more details see https://docs.gradle.org/8.8/release-notes.html

To honour the JVM settings for this build a single-use Daemon process will be forked. For more on this, please refer to https://docs.gradle.org/8.8/userguide/gradle_daemon.html#sec:disabling_the_daemon in the Gradle documentation.
Daemon will be stopped at the end of the build 
> Task :local-build-plugins:compileJava UP-TO-DATE
> Task :local-build-plugins:pluginDescriptors UP-TO-DATE
> Task :local-build-plugins:processResources UP-TO-DATE
> Task :local-build-plugins:classes UP-TO-DATE
> Task :local-build-plugins:jar UP-TO-DATE
[WARN] Gradle does not support this JDK, because it is too recent; build is likely to fail. To avoid failures, you should use an older Java version when running Gradle, and rely on toolchains. To that end, specify the version of Java you want to run tests with using property 'test.jdk.version', and specify the path to JDK8 *and* a JDK of the test version using property 'org.gradle.java.installations.paths'. Example:  ./gradlew build -Ptest.jdk.version=15 -Porg.gradle.java.installations.paths=$SDKMAN_CANDIDATES_DIR/java/15.0.1-open,$SDKMAN_CANDIDATES_DIR/java/8
Java versions for main code: [compile: 21, release:11] (implicit)
Java versions for test code: [compile: 21, release:11, launcher: 21] (implicit)

> Configure project :
No android or java plugins found in the project hibernate-orm, checker compiler options will not be applied.

> Configure project :hibernate-ant
No explicit dependency on the Checker Framework found, using default version 3.44.0

> Configure project :hibernate-c3p0
No explicit dependency on the Checker Framework found, using default version 3.44.0

> Configure project :hibernate-community-dialects
No explicit dependency on the Checker Framework found, using default version 3.44.0

> Configure project :hibernate-enhance-maven-plugin
No explicit dependency on the Checker Framework found, using default version 3.44.0

> Configure project :hibernate-envers
No explicit dependency on the Checker Framework found, using default version 3.44.0

> Configure project :hibernate-graalvm
No explicit dependency on the Checker Framework found, using default version 3.44.0

> Configure project :hibernate-hikaricp
No explicit dependency on the Checker Framework found, using default version 3.44.0

> Configure project :hibernate-integrationtest-java-modules
No explicit dependency on the Checker Framework found, using default version 3.44.0

> Configure project :hibernate-jcache
No explicit dependency on the Checker Framework found, using default version 3.44.0

> Configure project :hibernate-jfr
No explicit dependency on the Checker Framework found, using default version 3.44.0

> Configure project :hibernate-micrometer
No explicit dependency on the Checker Framework found, using default version 3.44.0

> Configure project :hibernate-proxool
No explicit dependency on the Checker Framework found, using default version 3.44.0

> Configure project :hibernate-spatial
No explicit dependency on the Checker Framework found, using default version 3.44.0

> Configure project :hibernate-testing
No explicit dependency on the Checker Framework found, using default version 3.44.0

> Configure project :hibernate-ucp
No explicit dependency on the Checker Framework found, using default version 3.44.0

> Configure project :hibernate-vector
No explicit dependency on the Checker Framework found, using default version 3.44.0

> Configure project :hibernate-vibur
No explicit dependency on the Checker Framework found, using default version 3.44.0

> Task :hibernate-ant:cleanClasses UP-TO-DATE
> Task :hibernate-c3p0:cleanClasses UP-TO-DATE
> Task :hibernate-hikaricp:cleanClasses UP-TO-DATE
> Task :hibernate-envers:cleanClasses UP-TO-DATE
> Task :hibernate-integrationtest-java-modules:cleanClasses UP-TO-DATE
> Task :hibernate-community-dialects:cleanClasses UP-TO-DATE
> Task :hibernate-graalvm:cleanClasses UP-TO-DATE
> Task :hibernate-jcache:cleanClasses UP-TO-DATE
> Task :hibernate-enhance-maven-plugin:cleanClasses UP-TO-DATE
> Task :hibernate-agroal:cleanClasses UP-TO-DATE
> Task :hibernate-gradle-plugin:cleanClasses UP-TO-DATE
> Task :hibernate-core:cleanClasses UP-TO-DATE
> Task :hibernate-micrometer:cleanClasses UP-TO-DATE
> Task :hibernate-jpamodelgen:cleanClasses UP-TO-DATE
> Task :hibernate-spatial:cleanClasses UP-TO-DATE
> Task :hibernate-jfr:cleanClasses UP-TO-DATE
> Task :hibernate-proxool:cleanClasses UP-TO-DATE
> Task :hibernate-vector:cleanClasses UP-TO-DATE
> Task :hibernate-vibur:cleanClasses UP-TO-DATE
> Task :hibernate-testing:cleanClasses UP-TO-DATE
> Task :hibernate-ucp:cleanClasses UP-TO-DATE
> Task :hibernate-community-dialects:createCheckerFrameworkManifest UP-TO-DATE
> Task :hibernate-envers:createCheckerFrameworkManifest UP-TO-DATE
> Task :hibernate-graalvm:createCheckerFrameworkManifest UP-TO-DATE
> Task :hibernate-gradle-plugin:pluginDescriptors UP-TO-DATE
> Task :hibernate-hikaricp:createCheckerFrameworkManifest UP-TO-DATE
> Task :hibernate-ant:createCheckerFrameworkManifest UP-TO-DATE
> Task :hibernate-c3p0:createCheckerFrameworkManifest UP-TO-DATE
> Task :hibernate-integrationtest-java-modules:createCheckerFrameworkManifest UP-TO-DATE
> Task :hibernate-agroal:createCheckerFrameworkManifest UP-TO-DATE
> Task :hibernate-enhance-maven-plugin:createCheckerFrameworkManifest UP-TO-DATE
> Task :hibernate-community-dialects:processResources UP-TO-DATE
> Task :hibernate-jpamodelgen:createCheckerFrameworkManifest UP-TO-DATE
> Task :hibernate-core:createCheckerFrameworkManifest UP-TO-DATE
> Task :hibernate-ant:processResources NO-SOURCE
> Task :hibernate-graalvm:processResources NO-SOURCE
> Task :hibernate-integrationtest-java-modules:processResources NO-SOURCE
> Task :hibernate-jcache:createCheckerFrameworkManifest UP-TO-DATE
> Task :hibernate-hikaricp:processResources UP-TO-DATE
> Task :hibernate-micrometer:createCheckerFrameworkManifest UP-TO-DATE
> Task :hibernate-jfr:createCheckerFrameworkManifest UP-TO-DATE
> Task :hibernate-c3p0:processResources UP-TO-DATE
> Task :hibernate-agroal:processResources UP-TO-DATE
> Task :hibernate-jcache:processResources UP-TO-DATE
> Task :hibernate-jfr:processResources UP-TO-DATE
> Task :hibernate-spatial:createCheckerFrameworkManifest UP-TO-DATE
> Task :hibernate-proxool:createCheckerFrameworkManifest UP-TO-DATE
> Task :hibernate-micrometer:processResources NO-SOURCE
> Task :hibernate-core:generateGraphParser UP-TO-DATE
> Task :hibernate-envers:processResources UP-TO-DATE
> Task :hibernate-testing:createCheckerFrameworkManifest UP-TO-DATE
> Task :hibernate-ucp:createCheckerFrameworkManifest UP-TO-DATE
> Task :hibernate-ant:processTestResources NO-SOURCE
> Task :hibernate-vector:createCheckerFrameworkManifest UP-TO-DATE
> Task :hibernate-vibur:createCheckerFrameworkManifest UP-TO-DATE
> Task :hibernate-core:generateHqlParser UP-TO-DATE
> Task :hibernate-proxool:processResources UP-TO-DATE
> Task :hibernate-ucp:processResources UP-TO-DATE
> Task :hibernate-spatial:processResources UP-TO-DATE
> Task :hibernate-graalvm:processTestResources NO-SOURCE
> Task :hibernate-testing:processResources UP-TO-DATE
> Task :hibernate-vibur:processResources UP-TO-DATE
> Task :hibernate-agroal:processTestResources UP-TO-DATE
> Task :hibernate-vector:processResources UP-TO-DATE
> Task :hibernate-c3p0:processTestResources UP-TO-DATE
> Task :hibernate-community-dialects:processTestResources UP-TO-DATE
> Task :hibernate-core:generateOrderingParser UP-TO-DATE
> Task :hibernate-hikaricp:processTestResources UP-TO-DATE
> Task :hibernate-integrationtest-java-modules:processTestResources UP-TO-DATE
> Task :hibernate-micrometer:processTestResources UP-TO-DATE
> Task :hibernate-proxool:processTestResources UP-TO-DATE
> Task :hibernate-core:generateSqlScriptParser UP-TO-DATE
> Task :hibernate-testing:processTestResources UP-TO-DATE
> Task :hibernate-vector:processTestResources UP-TO-DATE
> Task :hibernate-ucp:processTestResources UP-TO-DATE
> Task :hibernate-core:generateParsers UP-TO-DATE
> Task :hibernate-jpamodelgen:jaxb UP-TO-DATE
> Task :hibernate-jpamodelgen:xjc UP-TO-DATE
> Task :hibernate-vibur:processTestResources UP-TO-DATE
> Task :hibernate-jcache:processTestResources UP-TO-DATE
> Task :hibernate-jpamodelgen:processResources UP-TO-DATE
> Task :hibernate-core:xjcCfg UP-TO-DATE
> Task :hibernate-jfr:processTestResources UP-TO-DATE
> Task :hibernate-spatial:processTestResources UP-TO-DATE
> Task :hibernate-envers:processTestResources UP-TO-DATE
> Task :hibernate-gradle-plugin:processResources
> Task :hibernate-enhance-maven-plugin:processPluginXml
> Task :hibernate-core:xjcHbm UP-TO-DATE
> Task :hibernate-jpamodelgen:processTestResources UP-TO-DATE
> Task :hibernate-enhance-maven-plugin:processResources UP-TO-DATE
> Task :hibernate-enhance-maven-plugin:processTestResources NO-SOURCE
> Task :hibernate-gradle-plugin:processTestResources UP-TO-DATE
> Task :hibernate-core:xjcMapping UP-TO-DATE
> Task :hibernate-core:xjc UP-TO-DATE
> Task :hibernate-core:compileJava
Note: Some input files use or override a deprecated API.
Note: Recompile with -Xlint:deprecation for details.
Note: Some input files use or override a deprecated API that is marked for removal.
Note: Recompile with -Xlint:removal for details.
Note: Some input files use unchecked or unsafe operations.
Note: Recompile with -Xlint:unchecked for details.

> Task :hibernate-core:processResources UP-TO-DATE
> Task :hibernate-core:classes
> Task :hibernate-core:jar

> Task :hibernate-community-dialects:compileJava
Note: Some input files use or override a deprecated API.
Note: Recompile with -Xlint:deprecation for details.
Note: Some input files use or override a deprecated API that is marked for removal.
Note: Recompile with -Xlint:removal for details.
Note: /repo/hibernate-community-dialects/src/main/java/org/hibernate/community/dialect/SingleStoreDialect.java uses unchecked or unsafe operations.
Note: Recompile with -Xlint:unchecked for details.

> Task :hibernate-community-dialects:classes

> Task :hibernate-hikaricp:compileJava
Note: /repo/hibernate-hikaricp/src/main/java/org/hibernate/hikaricp/internal/HikariConfigurationUtil.java uses or overrides a deprecated API.
Note: Recompile with -Xlint:deprecation for details.

> Task :hibernate-hikaricp:classes

> Task :hibernate-graalvm:compileJava
Note: /repo/hibernate-graalvm/src/main/java/org/hibernate/graalvm/internal/StaticClassLists.java uses or overrides a deprecated API.
Note: Recompile with -Xlint:deprecation for details.
Note: /repo/hibernate-graalvm/src/main/java/org/hibernate/graalvm/internal/StaticClassLists.java uses or overrides a deprecated API that is marked for removal.
Note: Recompile with -Xlint:removal for details.

> Task :hibernate-graalvm:classesNote: /repo/hibernate-jcache/src/main/java/org/hibernate/cache/jcache/internal/JCacheRegionFactory.java uses or overrides a deprecated API.
Note: Recompile with -Xlint:deprecation for details.


> Task :hibernate-jcache:compileJava

> Task :hibernate-jcache:classes
> Task :hibernate-jfr:compileJava
> Task :hibernate-jfr:classes

> Task :hibernate-agroal:compileJava
Note: /repo/hibernate-agroal/src/main/java/org/hibernate/agroal/internal/AgroalConnectionProvider.java uses or overrides a deprecated API.
Note: Recompile with -Xlint:deprecation for details.
Note: /repo/hibernate-agroal/src/main/java/org/hibernate/agroal/internal/AgroalConnectionProvider.java uses unchecked or unsafe operations.
Note: Recompile with -Xlint:unchecked for details.

> Task :hibernate-agroal:classes

> Task :hibernate-c3p0:compileJava
Note: /repo/hibernate-c3p0/src/main/java/org/hibernate/c3p0/internal/C3P0ConnectionProvider.java uses or overrides a deprecated API.
Note: Recompile with -Xlint:deprecation for details.

> Task :hibernate-c3p0:classes
> Task :hibernate-core:copyBundleResourcesNonXml UP-TO-DATE
> Task :hibernate-core:copyBundleResourcesXml UP-TO-DATE
> Task :hibernate-core:copyBundleResources NO-SOURCE
> Task :hibernate-enhance-maven-plugin:compileJava
> Task :hibernate-enhance-maven-plugin:classes
> Task :hibernate-proxool:compileJava
> Task :hibernate-proxool:classes
> Task :hibernate-community-dialects:jar
> Task :hibernate-core:processTestResources UP-TO-DATE

> Task :hibernate-ant:compileJava
Note: Some input files use or override a deprecated API.
Note: Recompile with -Xlint:deprecation for details.
Note: Some input files use unchecked or unsafe operations.
Note: Recompile with -Xlint:unchecked for details.

> Task :hibernate-ant:classes
> Task :hibernate-ant:compileTestJava NO-SOURCE
> Task :hibernate-ant:testClasses UP-TO-DATE
> Task :hibernate-gradle-plugin:compileJava

> Task :hibernate-vibur:compileJava

> Task :hibernate-vibur:classes

> Task :hibernate-vector:compileJava
Note: /repo/hibernate-vibur/src/main/java/org/hibernate/vibur/internal/ViburDBCPConnectionProvider.java uses or overrides a deprecated API.
Note: Recompile with -Xlint:deprecation for details.
Note: Some input files use or override a deprecated API.
Note: Recompile with -Xlint:deprecation for details.
Note: Some input files use unchecked or unsafe operations.
Note: Recompile with -Xlint:unchecked for details.

> Task :hibernate-vector:classes

> Task :hibernate-ucp:compileJava
Note: /repo/hibernate-ucp/src/main/java/org/hibernate/oracleucp/internal/UCPConnectionProvider.java uses or overrides a deprecated API.
Note: Recompile with -Xlint:deprecation for details.
Note: /repo/hibernate-ucp/src/main/java/org/hibernate/oracleucp/internal/UCPConnectionProvider.java uses unchecked or unsafe operations.
Note: Recompile with -Xlint:unchecked for details.

> Task :hibernate-ucp:classes

> Task :hibernate-micrometer:compileJava
Note: Some input files use or override a deprecated API.
Note: Recompile with -Xlint:deprecation for details.

> Task :hibernate-micrometer:classes
> Task :hibernate-enhance-maven-plugin:compileTestJava
> Task :hibernate-enhance-maven-plugin:testClasses
> Task :hibernate-gradle-plugin:classes

> Task :hibernate-graalvm:compileTestJava
Note: /repo/hibernate-graalvm/src/test/java/org/hibernate/graalvm/internal/StaticClassListsTest.java uses or overrides a deprecated API that is marked for removal.
Note: Recompile with -Xlint:removal for details.
Note: /repo/hibernate-graalvm/src/test/java/org/hibernate/graalvm/internal/StaticClassListsTest.java uses unchecked or unsafe operations.
> Task :hibernate-graalvm:testClasses

Note: Recompile with -Xlint:unchecked for details.
> Task :hibernate-gradle-plugin:compileTestJava
> Task :hibernate-gradle-plugin:testClasses

> Task :hibernate-spatial:compileJava
Note: Some input files use or override a deprecated API.
Note: Recompile with -Xlint:deprecation for details.
Note: /repo/hibernate-spatial/src/main/java/org/hibernate/spatial/dialect/hana/HANASpatialDialect.java uses or overrides a deprecated API that is marked for removal.
Note: Recompile with -Xlint:removal for details.
Note: Some input files use unchecked or unsafe operations.
Note: Recompile with -Xlint:unchecked for details.

> Task :hibernate-spatial:classes
> Task :hibernate-jpamodelgen:compileJava
Note: Some input files use or override a deprecated API.
Note: Recompile with -Xlint:deprecation for details.
Note: Some input files use or override a deprecated API that is marked for removal.
Note: Recompile with -Xlint:removal for details.
Note: /repo/tooling/metamodel-generator/src/main/java/org/hibernate/processor/validation/MockSessionFactory.java uses unchecked or unsafe operations.
Note: Recompile with -Xlint:unchecked for details.

> Task :hibernate-jpamodelgen:classes
> Task :hibernate-jpamodelgen:jar

> Task :hibernate-jpamodelgen:compileTestJava

> Task :hibernate-jpamodelgen:testClasses
Note: Some input files use unchecked or unsafe operations.
Note: Recompile with -Xlint:unchecked for details.
Note: Some input files use or override a deprecated API.
Note: Recompile with -Xlint:deprecation for details.
Note: Some input files use or override a deprecated API that is marked for removal.
Note: Recompile with -Xlint:removal for details.
Note: Some input files use unchecked or unsafe operations.
Note: Recompile with -Xlint:unchecked for details.

> Task :hibernate-envers:compileJava

> Task :hibernate-envers:classes
> Task :hibernate-envers:jar
> Task :hibernate-integrationtest-java-modules:compileJava NO-SOURCE
> Task :hibernate-integrationtest-java-modules:classes UP-TO-DATE

> Task :hibernate-integrationtest-java-modules:compileTestJava

> Task :hibernate-integrationtest-java-modules:testClasses
Note: /repo/hibernate-integrationtest-java-modules/src/test/java/org/hibernate/orm/integrationtest/java/module/test/service/AuthorService.java uses or overrides a deprecated API.
Note: Recompile with -Xlint:deprecation for details.

> Task :hibernate-testing:compileJava
Note: Some input files use or override a deprecated API.
Note: Recompile with -Xlint:deprecation for details.
Note: Some input files use or override a deprecated API that is marked for removal.
Note: Recompile with -Xlint:removal for details.
Note: Some input files use unchecked or unsafe operations.
Note: Recompile with -Xlint:unchecked for details.

> Task :hibernate-testing:classes
> Task :hibernate-jfr:compileTestJava SKIPPED
> Task :hibernate-jfr:testClasses UP-TO-DATE

> Task :hibernate-testing:compileTestJava
Note: /repo/hibernate-testing/src/test/java/org/hibernate/testing/annotations/BasicSessionFactoryScopeTests.java uses or overrides a deprecated API.
Note: Recompile with -Xlint:deprecation for details.
Note: /repo/hibernate-testing/src/test/java/org/hibernate/testing/logger/LoggingRuleTest.java uses or overrides a deprecated API that is marked for removal.
Note: Recompile with -Xlint:removal for details.

> Task :hibernate-testing:testClasses

> Task :hibernate-proxool:compileTestJava
Note: /repo/hibernate-proxool/src/test/java/org/hibernate/test/proxool/ProxoolTransactionIsolationConfigTest.java uses or overrides a deprecated API that is marked for removal.
Note: Recompile with -Xlint:removal for details.

> Task :hibernate-proxool:testClasses

> Task :hibernate-agroal:compileTestJava
Note: /repo/hibernate-agroal/src/test/java/org/hibernate/test/agroal/AgroalTransactionIsolationConfigTest.java uses or overrides a deprecated API that is marked for removal.
Note: Recompile with -Xlint:removal for details.

> Task :hibernate-agroal:testClasses

> Task :hibernate-hikaricp:compileTestJava
Note: Some input files use or override a deprecated API that is marked for removal.
Note: Recompile with -Xlint:removal for details.

> Task :hibernate-hikaricp:testClasses

Note: /repo/hibernate-vibur/src/test/java/org/hibernate/test/vibur/ViburDBCPConnectionProviderTest.java uses or overrides a deprecated API.
> Task :hibernate-vibur:compileTestJava
Note: Recompile with -Xlint:deprecation for details.

> Task :hibernate-vibur:testClasses
> Task :hibernate-ucp:compileTestJava
> Task :hibernate-ucp:testClasses

> Task :hibernate-micrometer:compileTestJava
Note: Some input files use or override a deprecated API.
Note: Recompile with -Xlint:deprecation for details.

> Task :hibernate-micrometer:testClasses

> Task :hibernate-c3p0:compileTestJava
Note: Some input files use or override a deprecated API.
Note: Recompile with -Xlint:deprecation for details.
Note: Some input files use or override a deprecated API that is marked for removal.
Note: Recompile with -Xlint:removal for details.
Note: /repo/hibernate-c3p0/src/test/java/org/hibernate/test/c3p0/OracleSQLCallableStatementProxyTest.java uses unchecked or unsafe operations.
Note: Recompile with -Xlint:unchecked for details.

> Task :hibernate-c3p0:testClasses

> Task :hibernate-jcache:compileTestJava
Note: Some input files use or override a deprecated API.
Note: Recompile with -Xlint:deprecation for details.
Note: /repo/hibernate-jcache/src/test/java/org/hibernate/orm/test/jcache/RefreshUpdatedDataTest.java uses or overrides a deprecated API that is marked for removal.
Note: Recompile with -Xlint:removal for details.
Note: Some input files use unchecked or unsafe operations.
Note: Recompile with -Xlint:unchecked for details.

> Task :hibernate-jcache:testClasses
Note: Some input files use or override a deprecated API.
Note: Recompile with -Xlint:deprecation for details.
Note: Some input files use or override a deprecated API that is marked for removal.
Note: Recompile with -Xlint:removal for details.
Note: Some input files use unchecked or unsafe operations.
Note: Recompile with -Xlint:unchecked for details.

> Task :hibernate-envers:compileTestJava

> Task :hibernate-envers:testClasses
> Task :hibernate-core:compileTestJava
Note: Some input files use or override a deprecated API.
Note: Recompile with -Xlint:deprecation for details.
Note: Some input files use or override a deprecated API that is marked for removal.
Note: Recompile with -Xlint:removal for details.
Note: Some input files use unchecked or unsafe operations.
Note: Recompile with -Xlint:unchecked for details.

> Task :hibernate-core:testClasses
> Task :hibernate-core:testJar

> Task :hibernate-community-dialects:compileTestJava
Note: Some input files use or override a deprecated API.
Note: Recompile with -Xlint:deprecation for details.
Note: Some input files use or override a deprecated API that is marked for removal.
Note: Recompile with -Xlint:removal for details.
Note: /repo/hibernate-community-dialects/src/test/java/org/hibernate/community/dialect/functional/cache/SQLFunctionsInterSystemsTest.java uses unchecked or unsafe operations.
Note: Recompile with -Xlint:unchecked for details.

> Task :hibernate-community-dialects:testClasses
> Task :hibernate-vector:compileTestJava
> Task :hibernate-vector:testClasses

> Task :hibernate-spatial:compileTestJava
Note: Some input files use or override a deprecated API.
Note: Recompile with -Xlint:deprecation for details.
Note: Some input files use or override a deprecated API that is marked for removal.
Note: Recompile with -Xlint:removal for details.
Note: Some input files use unchecked or unsafe operations.
Note: Recompile with -Xlint:unchecked for details.

> Task :hibernate-spatial:testClasses

Deprecated Gradle features were used in this build, making it incompatible with Gradle 9.0.

You can use '--warning-mode all' to show the individual deprecation warnings and determine if they come from your own scripts or plugins.

For more on this, please refer to https://docs.gradle.org/8.8/userguide/command_line_interface.html#sec:command_line_warnings in the Gradle documentation.

BUILD SUCCESSFUL in 4m 38s
136 actionable tasks: 46 executed, 90 up-to-date
--- Build complete for bb931c7 ---