--- Building grpc-java for e8ff6da ---
--- Container user: 501:20 ---
CPU detected: 8
--- Changing directory to /Users/hasangaranasinghe/Documents/FYP/PORTGPT/patch-backporting/my_java_dataset/repos/grpc-java ---
gradle-cache-grpc-java
gradle-wrapper-grpc-java
--- Building Docker image: maven-jdk11:latest ---
#0 building with "desktop-linux" instance using docker driver

#1 [internal] load build definition from Dockerfile
#1 transferring dockerfile: 1.65kB done
#1 DONE 0.0s

#2 [internal] load metadata for docker.io/library/eclipse-temurin:17-jdk-jammy
#2 ...

#3 [auth] library/eclipse-temurin:pull token for registry-1.docker.io
#3 DONE 0.0s

#2 [internal] load metadata for docker.io/library/eclipse-temurin:17-jdk-jammy
#2 DONE 1.5s

#4 [internal] load .dockerignore
#4 transferring context: 2B done
#4 DONE 0.0s

#5 [1/8] FROM docker.io/library/eclipse-temurin:17-jdk-jammy@sha256:978ed38b7785312f7761bee5e24cfcd7ac2fe466c5f07acee7b322e0bae6d0ec
#5 resolve docker.io/library/eclipse-temurin:17-jdk-jammy@sha256:978ed38b7785312f7761bee5e24cfcd7ac2fe466c5f07acee7b322e0bae6d0ec 0.0s done
#5 DONE 0.0s

#6 [7/8] WORKDIR /repo
#6 CACHED

#7 [4/8] RUN mkdir -p /home/gradle/.gradle &&     chown -R gradle:gradle /home/gradle/.gradle
#7 CACHED

#8 [5/8] RUN echo "org.gradle.daemon=false" >> /home/gradle/.gradle/gradle.properties &&     echo "org.gradle.parallel=true"  >> /home/gradle/.gradle/gradle.properties &&     echo "org.gradle.caching=true"   >> /home/gradle/.gradle/gradle.properties &&     echo "org.gradle.jvmargs=-Xmx2g -XX:+UseG1GC" >> /home/gradle/.gradle/gradle.properties
#8 CACHED

#9 [2/8] RUN apt-get update && apt-get install -y     git     rsync     curl     wget     protobuf-compiler     libprotobuf-dev     libprotoc-dev     build-essential     && rm -rf /var/lib/apt/lists/*
#9 CACHED

#10 [3/8] RUN groupadd --gid 1000 gradle &&     useradd --uid 1000 --gid 1000 --shell /bin/bash --create-home gradle
#10 CACHED

#11 [6/8] RUN mkdir -p /repo && chown gradle:gradle /repo
#11 CACHED

#12 [8/8] RUN git config --global --add safe.directory /repo
#12 CACHED

#13 exporting to image
#13 exporting layers done
#13 exporting manifest sha256:95d38ccea742db3256bd0f0680242cc3ee682b50eb4f031adceb24384d29db6f done
#13 exporting config sha256:8d92f7b4fc74d1edfab258a7dfef35f0982e993cfdb4f1c58c8a990da9a22e5b done
#13 exporting attestation manifest sha256:255a634e5f9796139f20cbbbef0a0c6917257d7c815989529fe805e2668fe612 done
#13 exporting manifest list sha256:f24819b0dc8f7e7356d1c5354cc8acd3f858477d29737cbac1b09dcc440df0b0 done
#13 naming to docker.io/library/maven-jdk11:latest done
#13 unpacking to docker.io/library/maven-jdk11:latest 0.0s done
#13 DONE 0.1s
--- Setting cache permissions ---
--- Compiling with Gradle (clean assemble -x test) ---
Downloading https://services.gradle.org/distributions/gradle-8.8-bin.zip
.............10%.............20%.............30%.............40%.............50%.
Exception in thread "main" java.io.IOException: Downloading from https://services.gradle.org/distributions/gradle-8.8-bin.zip failed: timeout (10000ms)
	at org.gradle.wrapper.Download.downloadInternal(Download.java:151)
	at org.gradle.wrapper.Download.download(Download.java:109)
	at org.gradle.wrapper.Install.forceFetch(Install.java:171)
	at org.gradle.wrapper.Install.fetchDistribution(Install.java:104)
	at org.gradle.wrapper.Install.access$400(Install.java:46)
	at org.gradle.wrapper.Install$1.call(Install.java:81)
	at org.gradle.wrapper.Install$1.call(Install.java:68)
	at org.gradle.wrapper.ExclusiveFileAccessManager.access(ExclusiveFileAccessManager.java:69)
	at org.gradle.wrapper.Install.createDist(Install.java:68)
	at org.gradle.wrapper.WrapperExecutor.execute(WrapperExecutor.java:102)
	at org.gradle.wrapper.GradleWrapperMain.main(GradleWrapperMain.java:66)
Caused by: java.net.SocketTimeoutException: Read timed out
	at java.base/sun.nio.ch.NioSocketImpl.timedRead(NioSocketImpl.java:288)
	at java.base/sun.nio.ch.NioSocketImpl.implRead(NioSocketImpl.java:314)
	at java.base/sun.nio.ch.NioSocketImpl.read(NioSocketImpl.java:355)
	at java.base/sun.nio.ch.NioSocketImpl$1.read(NioSocketImpl.java:808)
	at java.base/java.net.Socket$SocketInputStream.read(Socket.java:966)
	at java.base/sun.security.ssl.SSLSocketInputRecord.read(SSLSocketInputRecord.java:484)
	at java.base/sun.security.ssl.SSLSocketInputRecord.readFully(SSLSocketInputRecord.java:467)
	at java.base/sun.security.ssl.SSLSocketInputRecord.decodeInputRecord(SSLSocketInputRecord.java:243)
	at java.base/sun.security.ssl.SSLSocketInputRecord.decode(SSLSocketInputRecord.java:181)
	at java.base/sun.security.ssl.SSLTransport.decode(SSLTransport.java:111)
	at java.base/sun.security.ssl.SSLSocketImpl.decode(SSLSocketImpl.java:1513)
	at java.base/sun.security.ssl.SSLSocketImpl.readApplicationRecord(SSLSocketImpl.java:1484)
	at java.base/sun.security.ssl.SSLSocketImpl$AppInputStream.read(SSLSocketImpl.java:1069)
	at java.base/java.io.BufferedInputStream.read1(BufferedInputStream.java:282)
	at java.base/java.io.BufferedInputStream.read(BufferedInputStream.java:343)
	at java.base/sun.net.www.MeteredStream.read(MeteredStream.java:141)
	at java.base/java.io.FilterInputStream.read(FilterInputStream.java:132)
	at java.base/sun.net.www.protocol.http.HttpURLConnection$HttpInputStream.read(HttpURLConnection.java:3750)
	at java.base/sun.net.www.protocol.http.HttpURLConnection$HttpInputStream.read(HttpURLConnection.java:3743)
	at org.gradle.wrapper.Download.downloadInternal(Download.java:135)
	... 10 more
❌ Build Failed
