--- Building code for 897cc06 ---
CPU detected: 8
Maven threads: 8
--- Changing directory to /Users/hasangaranasinghe/Documents/FYP/PORTGPT/patch-backporting/my_java_dataset/repos/crate ---
maven-cache-crate
--- Docker image maven-jdk11:latest already exists, skipping build ---
--- Setting cache permissions... ---
--- Building with Maven... ---
WARNING: A terminally deprecated method in sun.misc.Unsafe has been called
WARNING: sun.misc.Unsafe::staticFieldBase has been called by com.google.inject.internal.aop.HiddenClassDefiner (file:/usr/share/maven/lib/guice-5.1.0-classes.jar)
WARNING: Please consider reporting this to the maintainers of class com.google.inject.internal.aop.HiddenClassDefiner
WARNING: sun.misc.Unsafe::staticFieldBase will be removed in a future release
[INFO] Scanning for projects...
[INFO] ------------------------------------------------------------------------
[INFO] Reactor Build Order:
[INFO] 
[INFO] crate                                                              [pom]
[INFO] crate-libs-shared                                                  [jar]
[INFO] crate-libs-dex                                                     [jar]
[INFO] crate-libs-es-x-content                                            [jar]
[INFO] crate-libs-cli                                                     [jar]
[INFO] crate-libs-guice                                                   [jar]
[INFO] crate-libs-sql-parser                                              [jar]
[INFO] crate-libs-pgwire                                                  [jar]
[INFO] crate-server                                                       [jar]
[INFO] crate-libs-azure-testing                                           [jar]
[INFO] es-analysis-common                                                 [jar]
[INFO] es-analysis-phonetic                                               [jar]
[INFO] es-discovery-ec2                                                   [jar]
[INFO] es-repository-s3                                                   [jar]
[INFO] es-repository-url                                                  [jar]
[INFO] es-repository-azure                                                [jar]
[INFO] repository-gcs                                                     [jar]
[INFO] dns-discovery                                                      [jar]
[INFO] crate-copy-s3                                                      [jar]
[INFO] crate-copy-azure                                                   [jar]
[INFO] crate-functions                                                    [jar]
[INFO] crate-lang-js                                                      [jar]
[INFO] crate-jmx-monitoring                                               [jar]
[INFO] jlink-jdk                                                        [jlink]
[INFO] crate-app                                                          [jar]
[INFO] crate-benchmarks                                                   [jar]
[INFO] 
[INFO] Using the MultiThreadedBuilder implementation with a thread count of 8
[INFO] 
[INFO] ---------------------------< io.crate:crate >---------------------------
[INFO] Building crate 6.0.4                                              [1/26]
[INFO]   from pom.xml
[INFO] --------------------------------[ pom ]---------------------------------
[INFO] 
[INFO] --- clean:3.5.0:clean (default-clean) @ crate ---
[INFO] 
[INFO] --- enforcer:3.5.0:enforce (enforce-maven) @ crate ---
[INFO] Skipping Rule Enforcement.
[INFO] 
[INFO] --- checkstyle:3.6.0:check (validate) @ crate ---
[INFO] 
[INFO] --- toolchains:4.5.0:toolchain (default) @ crate ---
[INFO] Required toolchain: jdk [ vendor='temurin' version='24.0.2' ]
[INFO] Found matching toolchain for toolchainType jdk: JDK[/opt/java/openjdk]
[INFO] 
[INFO] --- jacoco:0.8.13:prepare-agent (default-prepare-agent) @ crate ---
[INFO] argLine set to -javaagent:/root/.m2/repository/org/jacoco/org.jacoco.agent/0.8.13/org.jacoco.agent-0.8.13-runtime.jar=destfile=/repo/target/jacoco.exec
[INFO] 
[INFO] --- forbiddenapis:3.9:check (default) @ crate ---
[INFO] Skipping forbidden-apis checks.
[INFO] 
[INFO] --- install:3.1.4:install (default-install) @ crate ---
[INFO] Installing /repo/pom.xml to /root/.m2/repository/io/crate/crate/6.0.4/crate-6.0.4.pom
[INFO] 
[INFO] ---------------------< io.crate:crate-libs-shared >---------------------
[INFO] Building crate-libs-shared 6.0.4                                  [2/26]
[INFO]   from libs/shared/pom.xml
[INFO] --------------------------------[ jar ]---------------------------------
[INFO] 
[INFO] ---------------------< io.crate:crate-libs-pgwire >---------------------
[INFO] 
[INFO] Building crate-libs-pgwire 6.0.4                                  [3/26]
[INFO]   from libs/pgwire/pom.xml
[INFO] -------------------------< io.crate:jlink-jdk >-------------------------
[INFO] 
[INFO] ---------------------< io.crate:crate-libs-guice >----------------------
[INFO] --------------------------------[ jar ]---------------------------------
[INFO] Building crate-libs-guice 6.0.4                                   [5/26]
[INFO] Building jlink-jdk 6.0.4                                          [4/26]
[INFO]   from libs/guice/pom.xml
[INFO] --------------------------------[ jar ]---------------------------------
[INFO]   from jlink-jdk/pom.xml
[INFO] -------------------------------[ jlink ]--------------------------------
[WARNING] *****************************************************************
[WARNING] * Your build is requesting parallel execution, but this         *
[WARNING] * project contains the following plugin(s) that have goals not  *
[WARNING] * marked as thread-safe to support parallel execution.          *
[WARNING] * While this /may/ work fine, please look for plugin updates    *
[WARNING] * and/or request plugins be made thread-safe.                   *
[WARNING] * If reporting an issue, report it against the plugin in        *
[WARNING] * question, not against Apache Maven.                           *
[WARNING] *****************************************************************
[WARNING] The following plugins are not marked as thread-safe in jlink-jdk:
[WARNING]   org.apache.maven.plugins:maven-jlink-plugin:3.1.0
[WARNING] 
[WARNING] Enable debug to see precisely which goals are not marked as thread-safe.
[WARNING] *****************************************************************
[INFO] 
[INFO] --- clean:3.5.0:clean (default-clean) @ jlink-jdk ---
[INFO] 
[INFO] --- enforcer:3.5.0:enforce (enforce-maven) @ jlink-jdk ---
[INFO] Skipping Rule Enforcement.
[INFO] 
[INFO] --- checkstyle:3.6.0:check (validate) @ jlink-jdk ---
[INFO] 
[INFO] --- toolchains:4.5.0:toolchain (default) @ jlink-jdk ---
[INFO] Required toolchain: jdk [ vendor='temurin' version='24.0.2' ]
[INFO] Found matching toolchain for toolchainType jdk: JDK[/opt/java/openjdk]
[INFO] 
[INFO] --- jacoco:0.8.13:prepare-agent (default-prepare-agent) @ jlink-jdk ---
[INFO] argLine set to -javaagent:/root/.m2/repository/org/jacoco/org.jacoco.agent/0.8.13/org.jacoco.agent-0.8.13-runtime.jar=destfile=/repo/jlink-jdk/target/jacoco.exec
[INFO] 
[INFO] --- resources:3.3.1:resources (default-resources) @ jlink-jdk ---
[INFO] 
[INFO] --- clean:3.5.0:clean (default-clean) @ crate-libs-guice ---
[INFO] 
[INFO] --- clean:3.5.0:clean (default-clean) @ crate-libs-shared ---
[INFO] 
[INFO] --- enforcer:3.5.0:enforce (enforce-maven) @ crate-libs-guice ---
[INFO] Skipping Rule Enforcement.
[INFO] 
[INFO] 
[INFO] --- checkstyle:3.6.0:check (validate) @ crate-libs-guice ---
[INFO] --- enforcer:3.5.0:enforce (enforce-maven) @ crate-libs-shared ---
[INFO] 
[INFO] --- toolchains:4.5.0:toolchain (default) @ crate-libs-guice ---
[INFO] Required toolchain: jdk [ vendor='temurin' version='24.0.2' ]
[INFO] Skipping Rule Enforcement.
[INFO] Found matching toolchain for toolchainType jdk: JDK[/opt/java/openjdk]
[INFO] 
[INFO] --- checkstyle:3.6.0:check (validate) @ crate-libs-shared ---
[INFO] 
[INFO] --- jacoco:0.8.13:prepare-agent (default-prepare-agent) @ crate-libs-guice ---
[INFO] 
[INFO] --- toolchains:4.5.0:toolchain (default) @ crate-libs-shared ---
[INFO] Required toolchain: jdk [ vendor='temurin' version='24.0.2' ]
[INFO] Found matching toolchain for toolchainType jdk: JDK[/opt/java/openjdk]
[INFO] 
[INFO] argLine set to -javaagent:/root/.m2/repository/org/jacoco/org.jacoco.agent/0.8.13/org.jacoco.agent-0.8.13-runtime.jar=destfile=/repo/libs/guice/target/jacoco.exec
[INFO] 
[INFO] --- resources:3.3.1:resources (default-resources) @ crate-libs-guice ---
[INFO] --- jacoco:0.8.13:prepare-agent (default-prepare-agent) @ crate-libs-shared ---
[INFO] argLine set to -javaagent:/root/.m2/repository/org/jacoco/org.jacoco.agent/0.8.13/org.jacoco.agent-0.8.13-runtime.jar=destfile=/repo/libs/shared/target/jacoco.exec
[INFO] 
[INFO] --- resources:3.3.1:resources (default-resources) @ crate-libs-shared ---
[INFO] 
[INFO] --- clean:3.5.0:clean (default-clean) @ crate-libs-pgwire ---
[INFO] 
[INFO] --- enforcer:3.5.0:enforce (enforce-maven) @ crate-libs-pgwire ---
[INFO] Skipping Rule Enforcement.
[INFO] 
[INFO] --- checkstyle:3.6.0:check (validate) @ crate-libs-pgwire ---
[INFO] 
[INFO] --- toolchains:4.5.0:toolchain (default) @ crate-libs-pgwire ---
[INFO] Required toolchain: jdk [ vendor='temurin' version='24.0.2' ]
[INFO] Found matching toolchain for toolchainType jdk: JDK[/opt/java/openjdk]
[INFO] 
[INFO] --- jacoco:0.8.13:prepare-agent (default-prepare-agent) @ crate-libs-pgwire ---
[INFO] argLine set to -javaagent:/root/.m2/repository/org/jacoco/org.jacoco.agent/0.8.13/org.jacoco.agent-0.8.13-runtime.jar=destfile=/repo/libs/pgwire/target/jacoco.exec
[INFO] 
[INFO] --- antlr4:4.13.2:antlr4 (antlr) @ crate-libs-pgwire ---
[INFO] skip non existing resourceDirectory /repo/jlink-jdk/src/main/resources
[INFO] 
[INFO] --- compiler:3.14.0:compile (default-compile) @ jlink-jdk ---
[INFO] skip non existing resourceDirectory /repo/libs/guice/src/main/resources
[INFO] 
[INFO] --- compiler:3.14.0:compile (default-compile) @ crate-libs-guice ---
[INFO] skip non existing resourceDirectory /repo/libs/shared/src/main/resources
[INFO] 
[INFO] --- compiler:3.14.0:compile (default-compile) @ crate-libs-shared ---
[INFO] ANTLR 4: Processing source directory /repo/libs/pgwire/src/main/antlr
[INFO] Toolchain in maven-compiler-plugin: JDK[/opt/java/openjdk]
[INFO] Toolchain in maven-compiler-plugin: JDK[/opt/java/openjdk]
[INFO] Toolchain in maven-compiler-plugin: JDK[/opt/java/openjdk]
[INFO] No sources to compile
[INFO] 
[INFO] --- resources:3.3.1:testResources (default-testResources) @ jlink-jdk ---
[INFO] skip non existing resourceDirectory /repo/jlink-jdk/src/test/resources
[INFO] 
[INFO] --- compiler:3.14.0:testCompile (default-testCompile) @ jlink-jdk ---
[INFO] Toolchain in maven-compiler-plugin: JDK[/opt/java/openjdk]
[INFO] No sources to compile
[INFO] 
[INFO] --- surefire:3.5.3:test (default-test) @ jlink-jdk ---
[INFO] Processing grammar: io/crate/protocols/postgres/antlr/PgArray.g4
[INFO] Tests are skipped.
[INFO] 
[INFO] --- jlink:3.1.0:jlink (default-jlink) @ jlink-jdk ---
[INFO] Toolchain in maven-jlink-plugin: jlink [ /opt/java/openjdk/bin/jlink ]
[INFO] Recompiling the module because of changed source code.
[INFO] Compiling 49 source files with javac [forked debug target 24] to target/classes
[INFO] Recompiling the module because of changed source code.
[INFO] Compiling 169 source files with javac [forked debug target 24] to target/classes
[INFO] 
[INFO] --- resources:3.3.1:resources (default-resources) @ crate-libs-pgwire ---
[INFO] skip non existing resourceDirectory /repo/libs/pgwire/src/main/resources
[INFO] 
[INFO] --- compiler:3.14.0:compile (default-compile) @ crate-libs-pgwire ---
[INFO] Toolchain in maven-compiler-plugin: JDK[/opt/java/openjdk]
[INFO] Recompiling the module because of changed source code.
[INFO] Compiling 7 source files with javac [forked debug target 24] to target/classes
[INFO] 
[INFO] --- resources:3.3.1:testResources (default-testResources) @ crate-libs-pgwire ---
[INFO] skip non existing resourceDirectory /repo/libs/pgwire/src/test/resources
[INFO] 
[INFO] --- compiler:3.14.0:testCompile (default-testCompile) @ crate-libs-pgwire ---
[INFO] Toolchain in maven-compiler-plugin: JDK[/opt/java/openjdk]
[INFO] Recompiling the module because of changed dependency.
[INFO] Compiling 1 source file with javac [forked debug target 24] to target/test-classes
[INFO] 
[INFO] --- build-helper:3.6.1:add-test-source (add-gradle-testfixtures) @ crate-libs-shared ---
[INFO] Test Source directory: /repo/libs/shared/src/testFixtures/java added.
[INFO] 
[INFO] --- resources:3.3.1:testResources (default-testResources) @ crate-libs-shared ---
[INFO] skip non existing resourceDirectory /repo/libs/shared/src/test/resources
[INFO] 
[INFO] --- compiler:3.14.0:testCompile (default-testCompile) @ crate-libs-shared ---
[INFO] Toolchain in maven-compiler-plugin: JDK[/opt/java/openjdk]
[INFO] Recompiling the module because of changed dependency.
[INFO] Compiling 10 source files with javac [forked debug target 24] to target/test-classes
[INFO] 
[INFO] --- surefire:3.5.3:test (default-test) @ crate-libs-pgwire ---
[INFO] Tests are skipped.
[INFO] 
[INFO] --- jar:3.4.2:jar (default-jar) @ crate-libs-pgwire ---
[INFO] Set Build-Jdk-Spec based on toolchain in maven-jar-plugin JDK[/opt/java/openjdk]
[INFO] Building jar: /repo/libs/pgwire/target/crate-libs-pgwire-6.0.4.jar
[INFO] 
[INFO] --- forbiddenapis:3.9:check (default) @ crate-libs-pgwire ---
[INFO] Skipping forbidden-apis checks.
[INFO] 
[INFO] --- install:3.1.4:install (default-install) @ crate-libs-pgwire ---
[INFO] Installing /repo/libs/pgwire/pom.xml to /root/.m2/repository/io/crate/crate-libs-pgwire/6.0.4/crate-libs-pgwire-6.0.4.pom
[INFO] Installing /repo/libs/pgwire/target/crate-libs-pgwire-6.0.4.jar to /root/.m2/repository/io/crate/crate-libs-pgwire/6.0.4/crate-libs-pgwire-6.0.4.jar
[INFO] 
[INFO] --- resources:3.3.1:testResources (default-testResources) @ crate-libs-guice ---
[INFO] skip non existing resourceDirectory /repo/libs/guice/src/test/resources
[INFO] 
[INFO] --- compiler:3.14.0:testCompile (default-testCompile) @ crate-libs-guice ---
[INFO] Toolchain in maven-compiler-plugin: JDK[/opt/java/openjdk]
[INFO] No sources to compile
[INFO] 
[INFO] --- surefire:3.5.3:test (default-test) @ crate-libs-guice ---
[INFO] Tests are skipped.
[INFO] 
[INFO] --- jar:3.4.2:jar (default-jar) @ crate-libs-guice ---
[INFO] Set Build-Jdk-Spec based on toolchain in maven-jar-plugin JDK[/opt/java/openjdk]
[INFO] Building jar: /repo/libs/guice/target/crate-libs-guice-6.0.4.jar
[INFO] 
[INFO] --- surefire:3.5.3:test (default-test) @ crate-libs-shared ---
[INFO] Tests are skipped.
[INFO] 
[INFO] --- jar:3.4.2:jar (default-jar) @ crate-libs-shared ---
[INFO] Set Build-Jdk-Spec based on toolchain in maven-jar-plugin JDK[/opt/java/openjdk]
[INFO] Building jar: /repo/libs/shared/target/crate-libs-shared-6.0.4.jar
[INFO] 
[INFO] --- forbiddenapis:3.9:check (default) @ crate-libs-guice ---
[INFO] Skipping forbidden-apis checks.
[INFO] 
[INFO] --- install:3.1.4:install (default-install) @ crate-libs-guice ---
[INFO] Installing /repo/libs/guice/pom.xml to /root/.m2/repository/io/crate/crate-libs-guice/6.0.4/crate-libs-guice-6.0.4.pom
[INFO] Installing /repo/libs/guice/target/crate-libs-guice-6.0.4.jar to /root/.m2/repository/io/crate/crate-libs-guice/6.0.4/crate-libs-guice-6.0.4.jar
[INFO] 
[INFO] --- jar:3.4.2:test-jar (default) @ crate-libs-shared ---
[INFO] Set Build-Jdk-Spec based on toolchain in maven-jar-plugin JDK[/opt/java/openjdk]
[INFO] Building jar: /repo/libs/shared/target/crate-libs-shared-6.0.4-tests.jar
[INFO] 
[INFO] --- forbiddenapis:3.9:check (default) @ crate-libs-shared ---
[INFO] Skipping forbidden-apis checks.
[INFO] 
[INFO] --- install:3.1.4:install (default-install) @ crate-libs-shared ---
[INFO] Installing /repo/libs/shared/pom.xml to /root/.m2/repository/io/crate/crate-libs-shared/6.0.4/crate-libs-shared-6.0.4.pom
[INFO] Installing /repo/libs/shared/target/crate-libs-shared-6.0.4.jar to /root/.m2/repository/io/crate/crate-libs-shared/6.0.4/crate-libs-shared-6.0.4.jar
[INFO] Installing /repo/libs/shared/target/crate-libs-shared-6.0.4-tests.jar to /root/.m2/repository/io/crate/crate-libs-shared/6.0.4/crate-libs-shared-6.0.4-tests.jar
[INFO] 
[INFO] ----------------------< io.crate:crate-libs-dex >-----------------------
[INFO] Building crate-libs-dex 6.0.4                                     [6/26]
[INFO]   from libs/dex/pom.xml
[INFO] --------------------------------[ jar ]---------------------------------
[INFO] 
[INFO] ----------------------< io.crate:crate-libs-cli >-----------------------
[INFO] Building crate-libs-cli 6.0.4                                     [7/26]
[INFO]   from libs/cli/pom.xml
[INFO] 
[INFO] ------------------< io.crate:crate-libs-es-x-content >------------------
[INFO] Building crate-libs-es-x-content 6.0.4                            [8/26]
[INFO] 
[INFO] --------------------------------[ jar ]---------------------------------
[INFO]   from libs/es-x-content/pom.xml
[INFO] --------------------------------[ jar ]---------------------------------
[INFO] -------------------< io.crate:crate-libs-sql-parser >-------------------
[INFO] Building crate-libs-sql-parser 6.0.4                              [9/26]
[INFO]   from libs/sql-parser/pom.xml
[INFO] --------------------------------[ jar ]---------------------------------
[INFO] 
[INFO] --- clean:3.5.0:clean (default-clean) @ crate-libs-dex ---
[INFO] 
[INFO] --- clean:3.5.0:clean (default-clean) @ crate-libs-cli ---
[INFO] 
[INFO] --- clean:3.5.0:clean (default-clean) @ crate-libs-sql-parser ---
[INFO] 
[INFO] --- enforcer:3.5.0:enforce (enforce-maven) @ crate-libs-dex ---
[INFO] 
[INFO] --- enforcer:3.5.0:enforce (enforce-maven) @ crate-libs-cli ---
[INFO] Skipping Rule Enforcement.
[INFO] 
[INFO] --- checkstyle:3.6.0:check (validate) @ crate-libs-cli ---
[INFO] Skipping Rule Enforcement.
[INFO] 
[INFO] --- checkstyle:3.6.0:check (validate) @ crate-libs-dex ---
[INFO] 
[INFO] 
[INFO] --- toolchains:4.5.0:toolchain (default) @ crate-libs-cli ---
[INFO] --- toolchains:4.5.0:toolchain (default) @ crate-libs-dex ---
[INFO] Required toolchain: jdk [ vendor='temurin' version='24.0.2' ]
[INFO] Required toolchain: jdk [ vendor='temurin' version='24.0.2' ]
[INFO] Found matching toolchain for toolchainType jdk: JDK[/opt/java/openjdk]
[INFO] 
[INFO] --- jacoco:0.8.13:prepare-agent (default-prepare-agent) @ crate-libs-dex ---
[INFO] Found matching toolchain for toolchainType jdk: JDK[/opt/java/openjdk]
[INFO] 
[INFO] --- jacoco:0.8.13:prepare-agent (default-prepare-agent) @ crate-libs-cli ---
[INFO] argLine set to -javaagent:/root/.m2/repository/org/jacoco/org.jacoco.agent/0.8.13/org.jacoco.agent-0.8.13-runtime.jar=destfile=/repo/libs/dex/target/jacoco.exec
[INFO] 
[INFO] --- enforcer:3.5.0:enforce (enforce-maven) @ crate-libs-sql-parser ---
[INFO] 
[INFO] --- resources:3.3.1:resources (default-resources) @ crate-libs-dex ---
[INFO] Skipping Rule Enforcement.
[INFO] 
[INFO] --- checkstyle:3.6.0:check (validate) @ crate-libs-sql-parser ---
[INFO] argLine set to -javaagent:/root/.m2/repository/org/jacoco/org.jacoco.agent/0.8.13/org.jacoco.agent-0.8.13-runtime.jar=destfile=/repo/libs/cli/target/jacoco.exec
[INFO] 
[INFO] --- resources:3.3.1:resources (default-resources) @ crate-libs-cli ---
[INFO] 
[INFO] --- toolchains:4.5.0:toolchain (default) @ crate-libs-sql-parser ---
[INFO] skip non existing resourceDirectory /repo/libs/dex/src/main/resources
[INFO] Required toolchain: jdk [ vendor='temurin' version='24.0.2' ]
[INFO] skip non existing resourceDirectory /repo/libs/cli/src/main/resources
[INFO] 
[INFO] 
[INFO] --- compiler:3.14.0:compile (default-compile) @ crate-libs-cli ---
[INFO] Found matching toolchain for toolchainType jdk: JDK[/opt/java/openjdk]
[INFO] --- compiler:3.14.0:compile (default-compile) @ crate-libs-dex ---
[INFO] 
[INFO] --- jacoco:0.8.13:prepare-agent (default-prepare-agent) @ crate-libs-sql-parser ---
[INFO] argLine set to -javaagent:/root/.m2/repository/org/jacoco/org.jacoco.agent/0.8.13/org.jacoco.agent-0.8.13-runtime.jar=destfile=/repo/libs/sql-parser/target/jacoco.exec
[INFO] 
[INFO] --- antlr4:4.13.2:antlr4 (antlr) @ crate-libs-sql-parser ---
[INFO] 
[INFO] --- clean:3.5.0:clean (default-clean) @ crate-libs-es-x-content ---
[INFO] Toolchain in maven-compiler-plugin: JDK[/opt/java/openjdk]
[INFO] Toolchain in maven-compiler-plugin: JDK[/opt/java/openjdk]
[INFO] 
[INFO] --- enforcer:3.5.0:enforce (enforce-maven) @ crate-libs-es-x-content ---
[INFO] Skipping Rule Enforcement.
[INFO] 
[INFO] --- checkstyle:3.6.0:check (validate) @ crate-libs-es-x-content ---
[INFO] 
[INFO] --- toolchains:4.5.0:toolchain (default) @ crate-libs-es-x-content ---
[INFO] Required toolchain: jdk [ vendor='temurin' version='24.0.2' ]
[INFO] Found matching toolchain for toolchainType jdk: JDK[/opt/java/openjdk]
[INFO] 
[INFO] --- jacoco:0.8.13:prepare-agent (default-prepare-agent) @ crate-libs-es-x-content ---
[INFO] argLine set to -javaagent:/root/.m2/repository/org/jacoco/org.jacoco.agent/0.8.13/org.jacoco.agent-0.8.13-runtime.jar=destfile=/repo/libs/es-x-content/target/jacoco.exec
[INFO] 
[INFO] --- resources:3.3.1:resources (default-resources) @ crate-libs-es-x-content ---
[INFO] skip non existing resourceDirectory /repo/libs/es-x-content/src/main/resources
[INFO] 
[INFO] --- compiler:3.14.0:compile (default-compile) @ crate-libs-es-x-content ---
[INFO] Toolchain in maven-compiler-plugin: JDK[/opt/java/openjdk]
[INFO] ANTLR 4: Processing source directory /repo/libs/sql-parser/src/main/antlr
[INFO] Recompiling the module because of changed dependency.
[INFO] Compiling 5 source files with javac [forked debug target 24] to target/classes
[INFO] Recompiling the module because of changed dependency.
[INFO] Recompiling the module because of changed dependency.
[INFO] Compiling 27 source files with javac [forked debug target 24] to target/classes
[INFO] Compiling 47 source files with javac [forked debug target 24] to target/classes
[INFO] Processing grammar: io/crate/sql/parser/antlr/SqlBaseLexer.g4
[INFO] Processing grammar: io/crate/sql/parser/antlr/SqlBaseParser.g4
[INFO] 
[INFO] --- resources:3.3.1:resources (default-resources) @ crate-libs-sql-parser ---
[INFO] skip non existing resourceDirectory /repo/libs/sql-parser/src/main/resources
[INFO] 
[INFO] --- compiler:3.14.0:compile (default-compile) @ crate-libs-sql-parser ---
[INFO] Toolchain in maven-compiler-plugin: JDK[/opt/java/openjdk]
[INFO] Recompiling the module because of changed dependency.
[INFO] Compiling 219 source files with javac [forked debug target 24] to target/classes
[INFO] 
[INFO] --- resources:3.3.1:testResources (default-testResources) @ crate-libs-cli ---
[INFO] skip non existing resourceDirectory /repo/libs/cli/src/test/resources
[INFO] 
[INFO] --- compiler:3.14.0:testCompile (default-testCompile) @ crate-libs-cli ---
[INFO] Toolchain in maven-compiler-plugin: JDK[/opt/java/openjdk]
[INFO] No sources to compile
[INFO] 
[INFO] --- surefire:3.5.3:test (default-test) @ crate-libs-cli ---
[INFO] Tests are skipped.
[INFO] 
[INFO] --- jar:3.4.2:jar (default-jar) @ crate-libs-cli ---
[INFO] Set Build-Jdk-Spec based on toolchain in maven-jar-plugin JDK[/opt/java/openjdk]
[INFO] Building jar: /repo/libs/cli/target/crate-libs-cli-6.0.4.jar
[INFO] 
[INFO] --- forbiddenapis:3.9:check (default) @ crate-libs-cli ---
[INFO] Skipping forbidden-apis checks.
[INFO] 
[INFO] --- install:3.1.4:install (default-install) @ crate-libs-cli ---
[INFO] Installing /repo/libs/cli/pom.xml to /root/.m2/repository/io/crate/crate-libs-cli/6.0.4/crate-libs-cli-6.0.4.pom
[INFO] Installing /repo/libs/cli/target/crate-libs-cli-6.0.4.jar to /root/.m2/repository/io/crate/crate-libs-cli/6.0.4/crate-libs-cli-6.0.4.jar
[INFO] 
[INFO] --- build-helper:3.6.1:add-test-source (add-testfixtures) @ crate-libs-dex ---
[INFO] Test Source directory: /repo/libs/dex/src/testFixtures/java added.
[INFO] 
[INFO] --- resources:3.3.1:testResources (default-testResources) @ crate-libs-dex ---
[INFO] skip non existing resourceDirectory /repo/libs/dex/src/test/resources
[INFO] 
[INFO] --- compiler:3.14.0:testCompile (default-testCompile) @ crate-libs-dex ---
[INFO] Toolchain in maven-compiler-plugin: JDK[/opt/java/openjdk]
[INFO] Recompiling the module because of changed dependency.
[INFO] Compiling 22 source files with javac [forked debug target 24] to target/test-classes
[INFO] 
[INFO] --- resources:3.3.1:testResources (default-testResources) @ crate-libs-es-x-content ---
[INFO] skip non existing resourceDirectory /repo/libs/es-x-content/src/test/resources
[INFO] 
[INFO] --- compiler:3.14.0:testCompile (default-testCompile) @ crate-libs-es-x-content ---
[INFO] Toolchain in maven-compiler-plugin: JDK[/opt/java/openjdk]
[INFO] No sources to compile
[INFO] 
[INFO] --- surefire:3.5.3:test (default-test) @ crate-libs-es-x-content ---
[INFO] Tests are skipped.
[INFO] 
[INFO] --- jar:3.4.2:jar (default-jar) @ crate-libs-es-x-content ---
[INFO] Set Build-Jdk-Spec based on toolchain in maven-jar-plugin JDK[/opt/java/openjdk]
[INFO] Building jar: /repo/libs/es-x-content/target/crate-libs-es-x-content-6.0.4.jar
[INFO] 
[INFO] --- forbiddenapis:3.9:check (default) @ crate-libs-es-x-content ---
[INFO] Skipping forbidden-apis checks.
[INFO] 
[INFO] --- install:3.1.4:install (default-install) @ crate-libs-es-x-content ---
[INFO] Installing /repo/libs/es-x-content/pom.xml to /root/.m2/repository/io/crate/crate-libs-es-x-content/6.0.4/crate-libs-es-x-content-6.0.4.pom
[INFO] Installing /repo/libs/es-x-content/target/crate-libs-es-x-content-6.0.4.jar to /root/.m2/repository/io/crate/crate-libs-es-x-content/6.0.4/crate-libs-es-x-content-6.0.4.jar
[INFO] 
[INFO] WARNING: Using incubator modules: jdk.incubator.vector
[INFO] Building zip: /repo/jlink-jdk/target/jlink-jdk-6.0.4.zip
[INFO] 
[INFO] --- surefire:3.5.3:test (default-test) @ crate-libs-dex ---
[INFO] Tests are skipped.
[INFO] 
[INFO] --- jar:3.4.2:jar (default-jar) @ crate-libs-dex ---
[INFO] Set Build-Jdk-Spec based on toolchain in maven-jar-plugin JDK[/opt/java/openjdk]
[INFO] Building jar: /repo/libs/dex/target/crate-libs-dex-6.0.4.jar
[INFO] 
[INFO] --- jar:3.4.2:test-jar (default) @ crate-libs-dex ---
[INFO] Set Build-Jdk-Spec based on toolchain in maven-jar-plugin JDK[/opt/java/openjdk]
[INFO] Building jar: /repo/libs/dex/target/crate-libs-dex-6.0.4-tests.jar
[INFO] 
[INFO] --- forbiddenapis:3.9:check (default) @ crate-libs-dex ---
[INFO] Skipping forbidden-apis checks.
[INFO] 
[INFO] --- install:3.1.4:install (default-install) @ crate-libs-dex ---
[INFO] Installing /repo/libs/dex/pom.xml to /root/.m2/repository/io/crate/crate-libs-dex/6.0.4/crate-libs-dex-6.0.4.pom
[INFO] Installing /repo/libs/dex/target/crate-libs-dex-6.0.4.jar to /root/.m2/repository/io/crate/crate-libs-dex/6.0.4/crate-libs-dex-6.0.4.jar
[INFO] Installing /repo/libs/dex/target/crate-libs-dex-6.0.4-tests.jar to /root/.m2/repository/io/crate/crate-libs-dex/6.0.4/crate-libs-dex-6.0.4-tests.jar
[INFO] 
[INFO] --- resources:3.3.1:testResources (default-testResources) @ crate-libs-sql-parser ---
[INFO] Copying 22 resources from src/test/resources to target/test-classes
[INFO] 
[INFO] --- compiler:3.14.0:testCompile (default-testCompile) @ crate-libs-sql-parser ---
[INFO] Toolchain in maven-compiler-plugin: JDK[/opt/java/openjdk]
[INFO] Recompiling the module because of changed dependency.
[INFO] Compiling 14 source files with javac [forked debug target 24] to target/test-classes
[INFO] 
[INFO] --- forbiddenapis:3.9:check (default) @ jlink-jdk ---
[INFO] Skipping forbidden-apis checks.
[INFO] 
[INFO] --- install:3.1.4:install (default-install) @ jlink-jdk ---
[INFO] Installing /repo/jlink-jdk/pom.xml to /root/.m2/repository/io/crate/jlink-jdk/6.0.4/jlink-jdk-6.0.4.pom
[INFO] Installing /repo/jlink-jdk/target/jlink-jdk-6.0.4.zip to /root/.m2/repository/io/crate/jlink-jdk/6.0.4/jlink-jdk-6.0.4.zip
[INFO] 
[INFO] --- surefire:3.5.3:test (default-test) @ crate-libs-sql-parser ---
[INFO] Tests are skipped.
[INFO] 
[INFO] --- jar:3.4.2:jar (default-jar) @ crate-libs-sql-parser ---
[INFO] Set Build-Jdk-Spec based on toolchain in maven-jar-plugin JDK[/opt/java/openjdk]
[INFO] Building jar: /repo/libs/sql-parser/target/crate-libs-sql-parser-6.0.4.jar
[INFO] 
[INFO] --- forbiddenapis:3.9:check (default) @ crate-libs-sql-parser ---
[INFO] Skipping forbidden-apis checks.
[INFO] 
[INFO] --- install:3.1.4:install (default-install) @ crate-libs-sql-parser ---
[INFO] Installing /repo/libs/sql-parser/pom.xml to /root/.m2/repository/io/crate/crate-libs-sql-parser/6.0.4/crate-libs-sql-parser-6.0.4.pom
[INFO] Installing /repo/libs/sql-parser/target/crate-libs-sql-parser-6.0.4.jar to /root/.m2/repository/io/crate/crate-libs-sql-parser/6.0.4/crate-libs-sql-parser-6.0.4.jar
[INFO] 
[INFO] -----------------------< io.crate:crate-server >------------------------
[INFO] Building crate-server 6.0.4                                      [10/26]
[INFO]   from server/pom.xml
[INFO] --------------------------------[ jar ]---------------------------------
[INFO] 
[INFO] --- clean:3.5.0:clean (default-clean) @ crate-server ---
[INFO] 
[INFO] --- enforcer:3.5.0:enforce (enforce-maven) @ crate-server ---
[INFO] Skipping Rule Enforcement.
[INFO] 
[INFO] --- checkstyle:3.6.0:check (validate) @ crate-server ---
[INFO] 
[INFO] --- toolchains:4.5.0:toolchain (default) @ crate-server ---
[INFO] Required toolchain: jdk [ vendor='temurin' version='24.0.2' ]
[INFO] Found matching toolchain for toolchainType jdk: JDK[/opt/java/openjdk]
[INFO] 
[INFO] --- jacoco:0.8.13:prepare-agent (default-prepare-agent) @ crate-server ---
[INFO] argLine set to -javaagent:/root/.m2/repository/org/jacoco/org.jacoco.agent/0.8.13/org.jacoco.agent-0.8.13-runtime.jar=destfile=/repo/server/target/jacoco.exec
[INFO] 
[INFO] --- antlr4:4.13.2:antlr4 (antlr) @ crate-server ---
[INFO] ANTLR 4: Processing source directory /repo/server/src/main/antlr
[INFO] Processing grammar: io/crate/signatures/antlr/TypeSignatures.g4
[INFO] 
[INFO] --- resources:3.3.1:resources (default-resources) @ crate-server ---
[INFO] Copying 8 resources from src/main/resources to target/classes
[INFO] 
[INFO] --- compiler:3.14.0:compile (default-compile) @ crate-server ---
[INFO] Toolchain in maven-compiler-plugin: JDK[/opt/java/openjdk]
[INFO] Recompiling the module because of changed dependency.
[INFO] Compiling 2823 source files with javac [forked debug target 24] to target/classes
[INFO] 
[INFO] --- build-helper:3.6.1:add-test-source (add-testfixtures) @ crate-server ---
[INFO] Test Source directory: /repo/server/src/testFixtures/java added.
[INFO] 
[INFO] --- build-helper:3.6.1:add-test-resource (add-testfixtures-resources) @ crate-server ---
[INFO] 
[INFO] --- resources:3.3.1:testResources (default-testResources) @ crate-server ---
[INFO] Copying 54 resources from src/test/resources to target/test-classes
[INFO] Copying 1 resource from src/testFixtures/resources to target/test-classes
[INFO] 
[INFO] --- compiler:3.14.0:testCompile (default-testCompile) @ crate-server ---
[INFO] Toolchain in maven-compiler-plugin: JDK[/opt/java/openjdk]
[INFO] Recompiling the module because of changed dependency.
[INFO] Compiling 1317 source files with javac [forked debug target 24] to target/test-classes
[INFO] 
[INFO] --- surefire:3.5.3:test (default-test) @ crate-server ---
[INFO] Tests are skipped.
[INFO] 
[INFO] --- jar:3.4.2:jar (default-jar) @ crate-server ---
[INFO] Set Build-Jdk-Spec based on toolchain in maven-jar-plugin JDK[/opt/java/openjdk]
[INFO] Building jar: /repo/server/target/crate-server-6.0.4.jar
[INFO] 
[INFO] --- jar:3.4.2:test-jar (default) @ crate-server ---
[INFO] Set Build-Jdk-Spec based on toolchain in maven-jar-plugin JDK[/opt/java/openjdk]
[INFO] Building jar: /repo/server/target/crate-server-6.0.4-tests.jar
[INFO] 
[INFO] --- forbiddenapis:3.9:check (default) @ crate-server ---
[INFO] Skipping forbidden-apis checks.
[INFO] 
[INFO] --- install:3.1.4:install (default-install) @ crate-server ---
[INFO] Installing /repo/server/pom.xml to /root/.m2/repository/io/crate/crate-server/6.0.4/crate-server-6.0.4.pom
[INFO] Installing /repo/server/target/crate-server-6.0.4.jar to /root/.m2/repository/io/crate/crate-server/6.0.4/crate-server-6.0.4.jar
[INFO] Installing /repo/server/target/crate-server-6.0.4-tests.jar to /root/.m2/repository/io/crate/crate-server/6.0.4/crate-server-6.0.4-tests.jar
[INFO] 
[INFO] -----------------< io.crate:crate-libs-azure-testing >------------------
[INFO] Building crate-libs-azure-testing 6.0.4                          [11/26]
[INFO]   from libs/azure-testing/pom.xml
[INFO] --------------------------------[ jar ]---------------------------------
[INFO] 
[INFO] --------------------< io.crate:es-analysis-common >---------------------
[INFO] Building es-analysis-common 6.0.4                                [12/26]
[INFO]   from plugins/es-analysis-common/pom.xml
[INFO] --------------------------------[ jar ]---------------------------------
[INFO] 
[INFO] 
[INFO] ---------------------< io.crate:es-discovery-ec2 >----------------------
[INFO] Building es-discovery-ec2 6.0.4                                  [13/26]
[INFO]   from plugins/es-discovery-ec2/pom.xml
[INFO] 
[INFO] ---------------------< io.crate:es-repository-s3 >----------------------
[INFO] Building es-repository-s3 6.0.4                                  [14/26]
[INFO]   from plugins/es-repository-s3/pom.xml
[INFO] --------------------------------[ jar ]---------------------------------
[INFO] -------------------< io.crate:es-analysis-phonetic >--------------------
[INFO] Building es-analysis-phonetic 6.0.4                              [15/26]
[INFO]   from plugins/es-analysis-phonetic/pom.xml
[INFO] --------------------------------[ jar ]---------------------------------
[INFO] 
[INFO] -----------------------< io.crate:dns-discovery >-----------------------
[INFO] Building dns-discovery 6.0.4                                     [16/26]
[INFO]   from plugins/dns-discovery/pom.xml
[INFO] --------------------------------[ jar ]---------------------------------
[INFO] 
[INFO] ----------------------< io.crate:repository-gcs >-----------------------
[INFO] Building repository-gcs 6.0.4                                    [17/26]
[INFO]   from plugins/repository-gcs/pom.xml
[INFO] --------------------------------[ jar ]---------------------------------
[INFO] 
[INFO] ---------------------< io.crate:es-repository-url >---------------------
[INFO] Building es-repository-url 6.0.4                                 [18/26]
[INFO]   from plugins/es-repository-url/pom.xml
[INFO] --------------------------------[ jar ]---------------------------------
[INFO] --------------------------------[ jar ]---------------------------------
[INFO] 
[INFO] --- clean:3.5.0:clean (default-clean) @ es-analysis-common ---
[INFO] 
[INFO] --- clean:3.5.0:clean (default-clean) @ es-repository-url ---
[INFO] 
[INFO] --- clean:3.5.0:clean (default-clean) @ crate-libs-azure-testing ---
[INFO] 
[INFO] --- enforcer:3.5.0:enforce (enforce-maven) @ es-repository-url ---
[INFO] Skipping Rule Enforcement.
[INFO] 
[INFO] --- checkstyle:3.6.0:check (validate) @ es-repository-url ---
[INFO] 
[INFO] --- enforcer:3.5.0:enforce (enforce-maven) @ crate-libs-azure-testing ---
[INFO] 
[INFO] --- toolchains:4.5.0:toolchain (default) @ es-repository-url ---
[INFO] Skipping Rule Enforcement.
[INFO] 
[INFO] --- checkstyle:3.6.0:check (validate) @ crate-libs-azure-testing ---
[INFO] Required toolchain: jdk [ vendor='temurin' version='24.0.2' ]
[INFO] Found matching toolchain for toolchainType jdk: JDK[/opt/java/openjdk]
[INFO] 
[INFO] --- toolchains:4.5.0:toolchain (default) @ crate-libs-azure-testing ---
[INFO] 
[INFO] --- jacoco:0.8.13:prepare-agent (default-prepare-agent) @ es-repository-url ---
[INFO] Required toolchain: jdk [ vendor='temurin' version='24.0.2' ]
[INFO] Found matching toolchain for toolchainType jdk: JDK[/opt/java/openjdk]
[INFO] 
[INFO] --- jacoco:0.8.13:prepare-agent (default-prepare-agent) @ crate-libs-azure-testing ---
[INFO] argLine set to -javaagent:/root/.m2/repository/org/jacoco/org.jacoco.agent/0.8.13/org.jacoco.agent-0.8.13-runtime.jar=destfile=/repo/plugins/es-repository-url/target/jacoco.exec
[INFO] 
[INFO] --- resources:3.3.1:resources (default-resources) @ es-repository-url ---
[INFO] argLine set to -javaagent:/root/.m2/repository/org/jacoco/org.jacoco.agent/0.8.13/org.jacoco.agent-0.8.13-runtime.jar=destfile=/repo/libs/azure-testing/target/jacoco.exec
[INFO] 
[INFO] --- resources:3.3.1:resources (default-resources) @ crate-libs-azure-testing ---
[INFO] 
[INFO] --- enforcer:3.5.0:enforce (enforce-maven) @ es-analysis-common ---
[INFO] Skipping Rule Enforcement.
[INFO] 
[INFO] --- checkstyle:3.6.0:check (validate) @ es-analysis-common ---
[INFO] 
[INFO] --- toolchains:4.5.0:toolchain (default) @ es-analysis-common ---
[INFO] Required toolchain: jdk [ vendor='temurin' version='24.0.2' ]
[INFO] Found matching toolchain for toolchainType jdk: JDK[/opt/java/openjdk]
[INFO] 
[INFO] --- jacoco:0.8.13:prepare-agent (default-prepare-agent) @ es-analysis-common ---
[INFO] argLine set to -javaagent:/root/.m2/repository/org/jacoco/org.jacoco.agent/0.8.13/org.jacoco.agent-0.8.13-runtime.jar=destfile=/repo/plugins/es-analysis-common/target/jacoco.exec
[INFO] 
[INFO] --- resources:3.3.1:resources (default-resources) @ es-analysis-common ---
[INFO] skip non existing resourceDirectory /repo/libs/azure-testing/src/main/resources
[INFO] 
[INFO] 
[INFO] --- compiler:3.14.0:compile (default-compile) @ crate-libs-azure-testing ---
[INFO] --- clean:3.5.0:clean (default-clean) @ dns-discovery ---
[INFO] skip non existing resourceDirectory /repo/plugins/es-repository-url/src/main/resources
[INFO] 
[INFO] --- compiler:3.14.0:compile (default-compile) @ es-repository-url ---
[INFO] Toolchain in maven-compiler-plugin: JDK[/opt/java/openjdk]
[INFO] Toolchain in maven-compiler-plugin: JDK[/opt/java/openjdk]
[INFO] No sources to compile
[INFO] 
[INFO] --- build-helper:3.6.1:add-test-source (add-testfixtures) @ crate-libs-azure-testing ---
[INFO] 
[INFO] --- enforcer:3.5.0:enforce (enforce-maven) @ dns-discovery ---
[INFO] Skipping Rule Enforcement.
[INFO] 
[INFO] --- checkstyle:3.6.0:check (validate) @ dns-discovery ---
[INFO] 
[INFO] --- toolchains:4.5.0:toolchain (default) @ dns-discovery ---
[INFO] Required toolchain: jdk [ vendor='temurin' version='24.0.2' ]
[INFO] Found matching toolchain for toolchainType jdk: JDK[/opt/java/openjdk]
[INFO] 
[INFO] --- jacoco:0.8.13:prepare-agent (default-prepare-agent) @ dns-discovery ---
[INFO] 
[INFO] --- clean:3.5.0:clean (default-clean) @ es-analysis-phonetic ---
[INFO] argLine set to -javaagent:/root/.m2/repository/org/jacoco/org.jacoco.agent/0.8.13/org.jacoco.agent-0.8.13-runtime.jar=destfile=/repo/plugins/dns-discovery/target/jacoco.exec
[INFO] 
[INFO] --- resources:3.3.1:resources (default-resources) @ dns-discovery ---
[INFO] Test Source directory: /repo/libs/azure-testing/src/testFixtures/java added.
[INFO] 
[INFO] --- resources:3.3.1:testResources (default-testResources) @ crate-libs-azure-testing ---
[INFO] skip non existing resourceDirectory /repo/plugins/dns-discovery/src/main/resources
[INFO] skip non existing resourceDirectory /repo/libs/azure-testing/src/test/resources
[INFO] 
[INFO] --- compiler:3.14.0:testCompile (default-testCompile) @ crate-libs-azure-testing ---
[INFO] 
[INFO] --- compiler:3.14.0:compile (default-compile) @ dns-discovery ---
[INFO] Toolchain in maven-compiler-plugin: JDK[/opt/java/openjdk]
[INFO] Toolchain in maven-compiler-plugin: JDK[/opt/java/openjdk]
[INFO] 
[INFO] --- enforcer:3.5.0:enforce (enforce-maven) @ es-analysis-phonetic ---
[INFO] Skipping Rule Enforcement.
[INFO] 
[INFO] --- checkstyle:3.6.0:check (validate) @ es-analysis-phonetic ---
[INFO] Copying 1 resource from src/main/resources to target/classes
[INFO] 
[INFO] --- toolchains:4.5.0:toolchain (default) @ es-analysis-phonetic ---
[INFO] Required toolchain: jdk [ vendor='temurin' version='24.0.2' ]
[INFO] Found matching toolchain for toolchainType jdk: JDK[/opt/java/openjdk]
[INFO] 
[INFO] --- jacoco:0.8.13:prepare-agent (default-prepare-agent) @ es-analysis-phonetic ---
[INFO] argLine set to -javaagent:/root/.m2/repository/org/jacoco/org.jacoco.agent/0.8.13/org.jacoco.agent-0.8.13-runtime.jar=destfile=/repo/plugins/es-analysis-phonetic/target/jacoco.exec
[INFO] 
[INFO] --- resources:3.3.1:resources (default-resources) @ es-analysis-phonetic ---
[INFO] 
[INFO] --- compiler:3.14.0:compile (default-compile) @ es-analysis-common ---
[INFO] Toolchain in maven-compiler-plugin: JDK[/opt/java/openjdk]
[INFO] Copying 1 resource from src/main/resources to target/classes
[INFO] 
[INFO] --- compiler:3.14.0:compile (default-compile) @ es-analysis-phonetic ---
[INFO] 
[INFO] --- clean:3.5.0:clean (default-clean) @ es-repository-s3 ---
[INFO] Toolchain in maven-compiler-plugin: JDK[/opt/java/openjdk]
[INFO] 
[INFO] --- enforcer:3.5.0:enforce (enforce-maven) @ es-repository-s3 ---
[INFO] Skipping Rule Enforcement.
[INFO] 
[INFO] --- checkstyle:3.6.0:check (validate) @ es-repository-s3 ---
[INFO] 
[INFO] --- toolchains:4.5.0:toolchain (default) @ es-repository-s3 ---
[INFO] Required toolchain: jdk [ vendor='temurin' version='24.0.2' ]
[INFO] Found matching toolchain for toolchainType jdk: JDK[/opt/java/openjdk]
[INFO] 
[INFO] --- jacoco:0.8.13:prepare-agent (default-prepare-agent) @ es-repository-s3 ---
[INFO] argLine set to -javaagent:/root/.m2/repository/org/jacoco/org.jacoco.agent/0.8.13/org.jacoco.agent-0.8.13-runtime.jar=destfile=/repo/plugins/es-repository-s3/target/jacoco.exec
[INFO] 
[INFO] --- resources:3.3.1:resources (default-resources) @ es-repository-s3 ---
[INFO] 
[INFO] --- clean:3.5.0:clean (default-clean) @ es-discovery-ec2 ---
[INFO] skip non existing resourceDirectory /repo/plugins/es-repository-s3/src/main/resources
[INFO] 
[INFO] --- compiler:3.14.0:compile (default-compile) @ es-repository-s3 ---
[INFO] 
[INFO] --- enforcer:3.5.0:enforce (enforce-maven) @ es-discovery-ec2 ---
[INFO] Skipping Rule Enforcement.
[INFO] 
[INFO] --- checkstyle:3.6.0:check (validate) @ es-discovery-ec2 ---
[INFO] 
[INFO] --- toolchains:4.5.0:toolchain (default) @ es-discovery-ec2 ---
[INFO] Required toolchain: jdk [ vendor='temurin' version='24.0.2' ]
[INFO] Found matching toolchain for toolchainType jdk: JDK[/opt/java/openjdk]
[INFO] 
[INFO] --- jacoco:0.8.13:prepare-agent (default-prepare-agent) @ es-discovery-ec2 ---
[INFO] Toolchain in maven-compiler-plugin: JDK[/opt/java/openjdk]
[INFO] argLine set to -javaagent:/root/.m2/repository/org/jacoco/org.jacoco.agent/0.8.13/org.jacoco.agent-0.8.13-runtime.jar=destfile=/repo/plugins/es-discovery-ec2/target/jacoco.exec
[INFO] 
[INFO] --- resources:3.3.1:resources (default-resources) @ es-discovery-ec2 ---
[INFO] skip non existing resourceDirectory /repo/plugins/es-discovery-ec2/src/main/resources
[INFO] 
[INFO] --- compiler:3.14.0:compile (default-compile) @ es-discovery-ec2 ---
[INFO] Toolchain in maven-compiler-plugin: JDK[/opt/java/openjdk]
[INFO] Recompiling the module because of changed dependency.
[INFO] Recompiling the module because of changed dependency.
[INFO] Compiling 2 source files with javac [forked debug target 24] to target/classes
[INFO] Compiling 1 source file with javac [forked debug target 24] to target/test-classes
[INFO] Recompiling the module because of changed dependency.
[INFO] Compiling 4 source files with javac [forked debug target 24] to target/classes
[INFO] Recompiling the module because of changed dependency.
[INFO] Compiling 5 source files with javac [forked debug target 24] to target/classes
[INFO] Recompiling the module because of changed dependency.
[INFO] Recompiling the module because of changed dependency.
[INFO] Compiling 9 source files with javac [forked debug target 24] to target/classes
[INFO] Compiling 7 source files with javac [forked debug target 24] to target/classes
[INFO] Recompiling the module because of changed dependency.
[INFO] Compiling 120 source files with javac [forked debug target 24] to target/classes
[INFO] 
[INFO] --- clean:3.5.0:clean (default-clean) @ repository-gcs ---
[INFO] 
[INFO] --- enforcer:3.5.0:enforce (enforce-maven) @ repository-gcs ---
[INFO] Skipping Rule Enforcement.
[INFO] 
[INFO] --- checkstyle:3.6.0:check (validate) @ repository-gcs ---
[INFO] 
[INFO] --- toolchains:4.5.0:toolchain (default) @ repository-gcs ---
[INFO] Required toolchain: jdk [ vendor='temurin' version='24.0.2' ]
[INFO] Found matching toolchain for toolchainType jdk: JDK[/opt/java/openjdk]
[INFO] 
[INFO] --- jacoco:0.8.13:prepare-agent (default-prepare-agent) @ repository-gcs ---
[INFO] argLine set to -javaagent:/root/.m2/repository/org/jacoco/org.jacoco.agent/0.8.13/org.jacoco.agent-0.8.13-runtime.jar=destfile=/repo/plugins/repository-gcs/target/jacoco.exec
[INFO] 
[INFO] --- resources:3.3.1:resources (default-resources) @ repository-gcs ---
[INFO] Copying 1 resource from src/main/resources to target/classes
[INFO] 
[INFO] --- compiler:3.14.0:compile (default-compile) @ repository-gcs ---
[INFO] Toolchain in maven-compiler-plugin: JDK[/opt/java/openjdk]
[INFO] Recompiling the module because of changed dependency.
[INFO] Compiling 7 source files with javac [forked debug target 24] to target/classes
[INFO] 
[INFO] 
[INFO] --- resources:3.3.1:testResources (default-testResources) @ dns-discovery ---
[INFO] --- surefire:3.5.3:test (default-test) @ crate-libs-azure-testing ---
[INFO] Tests are skipped.
[INFO] 
[INFO] --- jar:3.4.2:jar (default-jar) @ crate-libs-azure-testing ---
[INFO] skip non existing resourceDirectory /repo/plugins/dns-discovery/src/test/resources
[INFO] 
[INFO] --- compiler:3.14.0:testCompile (default-testCompile) @ dns-discovery ---
[INFO] Set Build-Jdk-Spec based on toolchain in maven-jar-plugin JDK[/opt/java/openjdk]
[WARNING] JAR will be empty - no content was marked for inclusion!
[INFO] Toolchain in maven-compiler-plugin: JDK[/opt/java/openjdk]
[INFO] Building jar: /repo/libs/azure-testing/target/crate-libs-azure-testing-6.0.4.jar
[INFO] 
[INFO] --- resources:3.3.1:testResources (default-testResources) @ es-analysis-phonetic ---
[INFO] 
[INFO] --- jar:3.4.2:test-jar (default) @ crate-libs-azure-testing ---
[INFO] Set Build-Jdk-Spec based on toolchain in maven-jar-plugin JDK[/opt/java/openjdk]
[INFO] Copying 1 resource from src/test/resources to target/test-classes
[INFO] Recompiling the module because of changed dependency.
[INFO] Compiling 1 source file with javac [forked debug target 24] to target/test-classes
[INFO] Building jar: /repo/libs/azure-testing/target/crate-libs-azure-testing-6.0.4-tests.jar
[INFO] 
[INFO] --- compiler:3.14.0:testCompile (default-testCompile) @ es-analysis-phonetic ---
[INFO] Toolchain in maven-compiler-plugin: JDK[/opt/java/openjdk]
[INFO] 
[INFO] --- forbiddenapis:3.9:check (default) @ crate-libs-azure-testing ---
[INFO] Skipping forbidden-apis checks.
[INFO] 
[INFO] --- install:3.1.4:install (default-install) @ crate-libs-azure-testing ---
[INFO] Installing /repo/libs/azure-testing/pom.xml to /root/.m2/repository/io/crate/crate-libs-azure-testing/6.0.4/crate-libs-azure-testing-6.0.4.pom
[INFO] Installing /repo/libs/azure-testing/target/crate-libs-azure-testing-6.0.4.jar to /root/.m2/repository/io/crate/crate-libs-azure-testing/6.0.4/crate-libs-azure-testing-6.0.4.jar
[INFO] Installing /repo/libs/azure-testing/target/crate-libs-azure-testing-6.0.4-tests.jar to /root/.m2/repository/io/crate/crate-libs-azure-testing/6.0.4/crate-libs-azure-testing-6.0.4-tests.jar
[INFO] 
[INFO] -----------------------< io.crate:crate-copy-s3 >-----------------------
[INFO] Building crate-copy-s3 6.0.4                                     [19/26]
[INFO]   from plugins/cr8-copy-s3/pom.xml
[INFO] --------------------------------[ jar ]---------------------------------
[INFO] Recompiling the module because of changed dependency.
[INFO] 
[INFO] --- clean:3.5.0:clean (default-clean) @ crate-copy-s3 ---
[INFO] Compiling 2 source files with javac [forked debug target 24] to target/test-classes
[INFO] 
[INFO] --- enforcer:3.5.0:enforce (enforce-maven) @ crate-copy-s3 ---
[INFO] Skipping Rule Enforcement.
[INFO] 
[INFO] --- checkstyle:3.6.0:check (validate) @ crate-copy-s3 ---
[INFO] 
[INFO] --- toolchains:4.5.0:toolchain (default) @ crate-copy-s3 ---
[INFO] Required toolchain: jdk [ vendor='temurin' version='24.0.2' ]
[INFO] Found matching toolchain for toolchainType jdk: JDK[/opt/java/openjdk]
[INFO] 
[INFO] --- jacoco:0.8.13:prepare-agent (default-prepare-agent) @ crate-copy-s3 ---
[INFO] argLine set to -javaagent:/root/.m2/repository/org/jacoco/org.jacoco.agent/0.8.13/org.jacoco.agent-0.8.13-runtime.jar=destfile=/repo/plugins/cr8-copy-s3/target/jacoco.exec
[INFO] 
[INFO] --- resources:3.3.1:resources (default-resources) @ crate-copy-s3 ---
[INFO] Copying 1 resource from src/main/resources to target/classes
[INFO] 
[INFO] --- compiler:3.14.0:compile (default-compile) @ crate-copy-s3 ---
[INFO] Toolchain in maven-compiler-plugin: JDK[/opt/java/openjdk]
[INFO] Recompiling the module because of changed dependency.
[INFO] Compiling 8 source files with javac [forked debug target 24] to target/classes
[INFO] 
[INFO] --- resources:3.3.1:testResources (default-testResources) @ es-repository-url ---
[INFO] skip non existing resourceDirectory /repo/plugins/es-repository-url/src/test/resources
[INFO] 
[INFO] --- compiler:3.14.0:testCompile (default-testCompile) @ es-repository-url ---
[INFO] Toolchain in maven-compiler-plugin: JDK[/opt/java/openjdk]
[INFO] Recompiling the module because of changed dependency.
[INFO] Compiling 1 source file with javac [forked debug target 24] to target/test-classes
[INFO] 
[INFO] --- resources:3.3.1:testResources (default-testResources) @ es-repository-s3 ---
[INFO] skip non existing resourceDirectory /repo/plugins/es-repository-s3/src/test/resources
[INFO] 
[INFO] --- compiler:3.14.0:testCompile (default-testCompile) @ es-repository-s3 ---
[INFO] Toolchain in maven-compiler-plugin: JDK[/opt/java/openjdk]
[INFO] Recompiling the module because of changed dependency.
[INFO] Compiling 8 source files with javac [forked debug target 24] to target/test-classes
[INFO] 
[INFO] --- resources:3.3.1:testResources (default-testResources) @ es-discovery-ec2 ---
[INFO] skip non existing resourceDirectory /repo/plugins/es-discovery-ec2/src/test/resources
[INFO] 
[INFO] --- compiler:3.14.0:testCompile (default-testCompile) @ es-discovery-ec2 ---
[INFO] Toolchain in maven-compiler-plugin: JDK[/opt/java/openjdk]
[INFO] No sources to compile
[INFO] 
[INFO] --- surefire:3.5.3:test (default-test) @ es-discovery-ec2 ---
[INFO] Tests are skipped.
[INFO] 
[INFO] --- jar:3.4.2:jar (default-jar) @ es-discovery-ec2 ---
[INFO] Set Build-Jdk-Spec based on toolchain in maven-jar-plugin JDK[/opt/java/openjdk]
[INFO] Building jar: /repo/plugins/es-discovery-ec2/target/es-discovery-ec2-6.0.4.jar
[INFO] 
[INFO] --- forbiddenapis:3.9:check (default) @ es-discovery-ec2 ---
[INFO] Skipping forbidden-apis checks.
[INFO] 
[INFO] --- install:3.1.4:install (default-install) @ es-discovery-ec2 ---
[INFO] Installing /repo/plugins/es-discovery-ec2/pom.xml to /root/.m2/repository/io/crate/es-discovery-ec2/6.0.4/es-discovery-ec2-6.0.4.pom
[INFO] Installing /repo/plugins/es-discovery-ec2/target/es-discovery-ec2-6.0.4.jar to /root/.m2/repository/io/crate/es-discovery-ec2/6.0.4/es-discovery-ec2-6.0.4.jar
[INFO] 
[INFO] ----------------------< io.crate:crate-functions >----------------------
[INFO] Building crate-functions 6.0.4                                   [20/26]
[INFO]   from extensions/functions/pom.xml
[INFO] --------------------------------[ jar ]---------------------------------
[INFO] 
[INFO] --- clean:3.5.0:clean (default-clean) @ crate-functions ---
[INFO] 
[INFO] --- enforcer:3.5.0:enforce (enforce-maven) @ crate-functions ---
[INFO] Skipping Rule Enforcement.
[INFO] 
[INFO] --- checkstyle:3.6.0:check (validate) @ crate-functions ---
[INFO] 
[INFO] --- toolchains:4.5.0:toolchain (default) @ crate-functions ---
[INFO] Required toolchain: jdk [ vendor='temurin' version='24.0.2' ]
[INFO] Found matching toolchain for toolchainType jdk: JDK[/opt/java/openjdk]
[INFO] 
[INFO] --- jacoco:0.8.13:prepare-agent (default-prepare-agent) @ crate-functions ---
[INFO] argLine set to -javaagent:/root/.m2/repository/org/jacoco/org.jacoco.agent/0.8.13/org.jacoco.agent-0.8.13-runtime.jar=destfile=/repo/extensions/functions/target/jacoco.exec
[INFO] 
[INFO] --- resources:3.3.1:resources (default-resources) @ crate-functions ---
[INFO] Copying 2 resources from src/main/resources to target/classes
[INFO] 
[INFO] --- compiler:3.14.0:compile (default-compile) @ crate-functions ---
[INFO] Toolchain in maven-compiler-plugin: JDK[/opt/java/openjdk]
[INFO] Recompiling the module because of changed dependency.
[INFO] Compiling 7 source files with javac [forked debug target 24] to target/classes
[INFO] 
[INFO] --- resources:3.3.1:testResources (default-testResources) @ repository-gcs ---
[INFO] skip non existing resourceDirectory /repo/plugins/repository-gcs/src/test/resources
[INFO] 
[INFO] --- compiler:3.14.0:testCompile (default-testCompile) @ repository-gcs ---
[INFO] Toolchain in maven-compiler-plugin: JDK[/opt/java/openjdk]
[INFO] Recompiling the module because of changed dependency.
[INFO] Compiling 5 source files with javac [forked debug target 24] to target/test-classes
[INFO] 
[INFO] --- surefire:3.5.3:test (default-test) @ es-repository-url ---
[INFO] Tests are skipped.
[INFO] 
[INFO] --- jar:3.4.2:jar (default-jar) @ es-repository-url ---
[INFO] Set Build-Jdk-Spec based on toolchain in maven-jar-plugin JDK[/opt/java/openjdk]
[INFO] Building jar: /repo/plugins/es-repository-url/target/es-repository-url-6.0.4.jar
[INFO] 
[INFO] --- surefire:3.5.3:test (default-test) @ dns-discovery ---
[INFO] 
[INFO] --- forbiddenapis:3.9:check (default) @ es-repository-url ---
[INFO] Skipping forbidden-apis checks.
[INFO] 
[INFO] --- install:3.1.4:install (default-install) @ es-repository-url ---
[INFO] Tests are skipped.
[INFO] 
[INFO] --- jar:3.4.2:jar (default-jar) @ dns-discovery ---
[INFO] Installing /repo/plugins/es-repository-url/pom.xml to /root/.m2/repository/io/crate/es-repository-url/6.0.4/es-repository-url-6.0.4.pom
[INFO] Set Build-Jdk-Spec based on toolchain in maven-jar-plugin JDK[/opt/java/openjdk]
[INFO] Installing /repo/plugins/es-repository-url/target/es-repository-url-6.0.4.jar to /root/.m2/repository/io/crate/es-repository-url/6.0.4/es-repository-url-6.0.4.jar
[INFO] 
[INFO] --- surefire:3.5.3:test (default-test) @ es-analysis-phonetic ---
[INFO] 
[INFO] -----------------------< io.crate:crate-lang-js >-----------------------
[INFO] Building crate-lang-js 6.0.4                                     [21/26]
[INFO]   from extensions/lang-js/pom.xml
[INFO] --------------------------------[ jar ]---------------------------------
[INFO] Tests are skipped.
[INFO] 
[INFO] --- jar:3.4.2:jar (default-jar) @ es-analysis-phonetic ---
[INFO] Set Build-Jdk-Spec based on toolchain in maven-jar-plugin JDK[/opt/java/openjdk]
[INFO] Building jar: /repo/plugins/dns-discovery/target/dns-discovery-6.0.4.jar
[INFO] Building jar: /repo/plugins/es-analysis-phonetic/target/es-analysis-phonetic-6.0.4.jar
[INFO] 
[INFO] --- forbiddenapis:3.9:check (default) @ dns-discovery ---
[INFO] Skipping forbidden-apis checks.
[INFO] 
[INFO] --- install:3.1.4:install (default-install) @ dns-discovery ---
[INFO] Installing /repo/plugins/dns-discovery/pom.xml to /root/.m2/repository/io/crate/dns-discovery/6.0.4/dns-discovery-6.0.4.pom
[INFO] Installing /repo/plugins/dns-discovery/target/dns-discovery-6.0.4.jar to /root/.m2/repository/io/crate/dns-discovery/6.0.4/dns-discovery-6.0.4.jar
[INFO] 
[INFO] --- forbiddenapis:3.9:check (default) @ es-analysis-phonetic ---
[INFO] 
[INFO] -------------------< io.crate:crate-jmx-monitoring >--------------------
[INFO] Building crate-jmx-monitoring 6.0.4                              [22/26]
[INFO] Skipping forbidden-apis checks.
[INFO]   from extensions/jmx-monitoring/pom.xml
[INFO] --------------------------------[ jar ]---------------------------------
[INFO] 
[INFO] --- install:3.1.4:install (default-install) @ es-analysis-phonetic ---
[INFO] Installing /repo/plugins/es-analysis-phonetic/pom.xml to /root/.m2/repository/io/crate/es-analysis-phonetic/6.0.4/es-analysis-phonetic-6.0.4.pom
[INFO] Installing /repo/plugins/es-analysis-phonetic/target/es-analysis-phonetic-6.0.4.jar to /root/.m2/repository/io/crate/es-analysis-phonetic/6.0.4/es-analysis-phonetic-6.0.4.jar
[INFO] 
[INFO] --- clean:3.5.0:clean (default-clean) @ crate-lang-js ---
[INFO] 
[INFO] --- enforcer:3.5.0:enforce (enforce-maven) @ crate-lang-js ---
[INFO] Skipping Rule Enforcement.
[INFO] 
[INFO] --- checkstyle:3.6.0:check (validate) @ crate-lang-js ---
[INFO] 
[INFO] --- clean:3.5.0:clean (default-clean) @ crate-jmx-monitoring ---
[INFO] 
[INFO] --- toolchains:4.5.0:toolchain (default) @ crate-lang-js ---
[INFO] Required toolchain: jdk [ vendor='temurin' version='24.0.2' ]
[INFO] Found matching toolchain for toolchainType jdk: JDK[/opt/java/openjdk]
[INFO] 
[INFO] --- jacoco:0.8.13:prepare-agent (default-prepare-agent) @ crate-lang-js ---
[INFO] argLine set to -javaagent:/root/.m2/repository/org/jacoco/org.jacoco.agent/0.8.13/org.jacoco.agent-0.8.13-runtime.jar=destfile=/repo/extensions/lang-js/target/jacoco.exec
[INFO] 
[INFO] --- resources:3.3.1:resources (default-resources) @ crate-lang-js ---
[INFO] 
[INFO] --------------------< io.crate:es-repository-azure >--------------------
[INFO] Building es-repository-azure 6.0.4                               [23/26]
[INFO]   from plugins/es-repository-azure/pom.xml
[INFO] --------------------------------[ jar ]---------------------------------
[INFO] 
[INFO] --- enforcer:3.5.0:enforce (enforce-maven) @ crate-jmx-monitoring ---
[INFO] Skipping Rule Enforcement.
[INFO] 
[INFO] --- checkstyle:3.6.0:check (validate) @ crate-jmx-monitoring ---
[INFO] 
[INFO] --- toolchains:4.5.0:toolchain (default) @ crate-jmx-monitoring ---
[INFO] Required toolchain: jdk [ vendor='temurin' version='24.0.2' ]
[INFO] Found matching toolchain for toolchainType jdk: JDK[/opt/java/openjdk]
[INFO] 
[INFO] --- jacoco:0.8.13:prepare-agent (default-prepare-agent) @ crate-jmx-monitoring ---
[INFO] argLine set to -javaagent:/root/.m2/repository/org/jacoco/org.jacoco.agent/0.8.13/org.jacoco.agent-0.8.13-runtime.jar=destfile=/repo/extensions/jmx-monitoring/target/jacoco.exec
[INFO] 
[INFO] --- resources:3.3.1:resources (default-resources) @ crate-jmx-monitoring ---
[INFO] Copying 1 resource from src/main/resources to target/classes
[INFO] Copying 1 resource from src/main/resources to target/classes
[INFO] 
[INFO] --- compiler:3.14.0:compile (default-compile) @ crate-lang-js ---
[INFO] 
[INFO] --- compiler:3.14.0:compile (default-compile) @ crate-jmx-monitoring ---
[INFO] Toolchain in maven-compiler-plugin: JDK[/opt/java/openjdk]
[INFO] Toolchain in maven-compiler-plugin: JDK[/opt/java/openjdk]
[INFO] Recompiling the module because of changed dependency.
[INFO] 
[INFO] --- clean:3.5.0:clean (default-clean) @ es-repository-azure ---
[INFO] Recompiling the module because of changed dependency.
[INFO] 
[INFO] --- enforcer:3.5.0:enforce (enforce-maven) @ es-repository-azure ---
[INFO] Skipping Rule Enforcement.
[INFO] 
[INFO] --- checkstyle:3.6.0:check (validate) @ es-repository-azure ---
[INFO] Compiling 17 source files with javac [forked debug target 24] to target/classes
[INFO] Compiling 6 source files with javac [forked debug target 24] to target/classes
[INFO] 
[INFO] --- toolchains:4.5.0:toolchain (default) @ es-repository-azure ---
[INFO] Required toolchain: jdk [ vendor='temurin' version='24.0.2' ]
[INFO] Found matching toolchain for toolchainType jdk: JDK[/opt/java/openjdk]
[INFO] 
[INFO] --- jacoco:0.8.13:prepare-agent (default-prepare-agent) @ es-repository-azure ---
[INFO] argLine set to -javaagent:/root/.m2/repository/org/jacoco/org.jacoco.agent/0.8.13/org.jacoco.agent-0.8.13-runtime.jar=destfile=/repo/plugins/es-repository-azure/target/jacoco.exec
[INFO] 
[INFO] --- resources:3.3.1:resources (default-resources) @ es-repository-azure ---
[INFO] Copying 1 resource from src/main/resources to target/classes
[INFO] 
[INFO] --- compiler:3.14.0:compile (default-compile) @ es-repository-azure ---
[INFO] Toolchain in maven-compiler-plugin: JDK[/opt/java/openjdk]
[INFO] 
[INFO] --- resources:3.3.1:testResources (default-testResources) @ crate-copy-s3 ---
[INFO] skip non existing resourceDirectory /repo/plugins/cr8-copy-s3/src/test/resources
[INFO] 
[INFO] --- compiler:3.14.0:testCompile (default-testCompile) @ crate-copy-s3 ---
[INFO] Toolchain in maven-compiler-plugin: JDK[/opt/java/openjdk]
[INFO] Recompiling the module because of changed dependency.
[INFO] Compiling 6 source files with javac [forked debug target 24] to target/classes
[INFO] Recompiling the module because of changed dependency.
[INFO] Compiling 4 source files with javac [forked debug target 24] to target/test-classes
[INFO] 
[INFO] --- resources:3.3.1:testResources (default-testResources) @ es-analysis-common ---
[INFO] skip non existing resourceDirectory /repo/plugins/es-analysis-common/src/test/resources
[INFO] 
[INFO] --- compiler:3.14.0:testCompile (default-testCompile) @ es-analysis-common ---
[INFO] Toolchain in maven-compiler-plugin: JDK[/opt/java/openjdk]
[INFO] Recompiling the module because of changed dependency.
[INFO] Compiling 4 source files with javac [forked debug target 24] to target/test-classes
[INFO] 
[INFO] --- resources:3.3.1:testResources (default-testResources) @ crate-functions ---
[INFO] skip non existing resourceDirectory /repo/extensions/functions/src/test/resources
[INFO] 
[INFO] --- compiler:3.14.0:testCompile (default-testCompile) @ crate-functions ---
[INFO] Toolchain in maven-compiler-plugin: JDK[/opt/java/openjdk]
[INFO] Recompiling the module because of changed dependency.
[INFO] Compiling 7 source files with javac [forked debug target 24] to target/test-classes
[INFO] 
[INFO] --- surefire:3.5.3:test (default-test) @ es-repository-s3 ---
[INFO] Tests are skipped.
[INFO] 
[INFO] --- jar:3.4.2:jar (default-jar) @ es-repository-s3 ---
[INFO] Set Build-Jdk-Spec based on toolchain in maven-jar-plugin JDK[/opt/java/openjdk]
[INFO] Building jar: /repo/plugins/es-repository-s3/target/es-repository-s3-6.0.4.jar
[INFO] 
[INFO] --- forbiddenapis:3.9:check (default) @ es-repository-s3 ---
[INFO] Skipping forbidden-apis checks.
[INFO] 
[INFO] --- install:3.1.4:install (default-install) @ es-repository-s3 ---
[INFO] Installing /repo/plugins/es-repository-s3/pom.xml to /root/.m2/repository/io/crate/es-repository-s3/6.0.4/es-repository-s3-6.0.4.pom
[INFO] Installing /repo/plugins/es-repository-s3/target/es-repository-s3-6.0.4.jar to /root/.m2/repository/io/crate/es-repository-s3/6.0.4/es-repository-s3-6.0.4.jar
[INFO] 
[INFO] ---------------------< io.crate:crate-copy-azure >----------------------
[INFO] Building crate-copy-azure 6.0.4                                  [24/26]
[INFO]   from plugins/crate-copy-azure/pom.xml
[INFO] --------------------------------[ jar ]---------------------------------
[INFO] 
[INFO] --- clean:3.5.0:clean (default-clean) @ crate-copy-azure ---
[INFO] 
[INFO] --- enforcer:3.5.0:enforce (enforce-maven) @ crate-copy-azure ---
[INFO] Skipping Rule Enforcement.
[INFO] 
[INFO] --- checkstyle:3.6.0:check (validate) @ crate-copy-azure ---
[INFO] 
[INFO] --- toolchains:4.5.0:toolchain (default) @ crate-copy-azure ---
[INFO] Required toolchain: jdk [ vendor='temurin' version='24.0.2' ]
[INFO] Found matching toolchain for toolchainType jdk: JDK[/opt/java/openjdk]
[INFO] 
[INFO] --- jacoco:0.8.13:prepare-agent (default-prepare-agent) @ crate-copy-azure ---
[INFO] argLine set to -javaagent:/root/.m2/repository/org/jacoco/org.jacoco.agent/0.8.13/org.jacoco.agent-0.8.13-runtime.jar=destfile=/repo/plugins/crate-copy-azure/target/jacoco.exec
[INFO] 
[INFO] --- resources:3.3.1:resources (default-resources) @ crate-copy-azure ---
[INFO] Copying 1 resource from src/main/resources to target/classes
[INFO] 
[INFO] --- compiler:3.14.0:compile (default-compile) @ crate-copy-azure ---
[INFO] Toolchain in maven-compiler-plugin: JDK[/opt/java/openjdk]
[INFO] Recompiling the module because of changed dependency.
[INFO] Compiling 9 source files with javac [forked debug target 24] to target/classes
[INFO] 
[INFO] --- resources:3.3.1:testResources (default-testResources) @ crate-lang-js ---
[INFO] skip non existing resourceDirectory /repo/extensions/lang-js/src/test/resources
[INFO] 
[INFO] --- compiler:3.14.0:testCompile (default-testCompile) @ crate-lang-js ---
[INFO] Toolchain in maven-compiler-plugin: JDK[/opt/java/openjdk]
[INFO] Recompiling the module because of changed dependency.
[INFO] Compiling 4 source files with javac [forked debug target 24] to target/test-classes
[INFO] 
[INFO] --- resources:3.3.1:testResources (default-testResources) @ crate-jmx-monitoring ---
[INFO] skip non existing resourceDirectory /repo/extensions/jmx-monitoring/src/test/resources
[INFO] 
[INFO] --- compiler:3.14.0:testCompile (default-testCompile) @ crate-jmx-monitoring ---
[INFO] Toolchain in maven-compiler-plugin: JDK[/opt/java/openjdk]
[INFO] Recompiling the module because of changed dependency.
[INFO] Compiling 2 source files with javac [forked debug target 24] to target/test-classes
[INFO] 
[INFO] --- surefire:3.5.3:test (default-test) @ repository-gcs ---
[INFO] Tests are skipped.
[INFO] 
[INFO] --- jar:3.4.2:jar (default-jar) @ repository-gcs ---
[INFO] Set Build-Jdk-Spec based on toolchain in maven-jar-plugin JDK[/opt/java/openjdk]
[INFO] Building jar: /repo/plugins/repository-gcs/target/repository-gcs-6.0.4.jar
[INFO] 
[INFO] --- forbiddenapis:3.9:check (default) @ repository-gcs ---
[INFO] Skipping forbidden-apis checks.
[INFO] 
[INFO] --- install:3.1.4:install (default-install) @ repository-gcs ---
[INFO] 
[INFO] --- surefire:3.5.3:test (default-test) @ crate-copy-s3 ---
[INFO] Installing /repo/plugins/repository-gcs/pom.xml to /root/.m2/repository/io/crate/repository-gcs/6.0.4/repository-gcs-6.0.4.pom
[INFO] Installing /repo/plugins/repository-gcs/target/repository-gcs-6.0.4.jar to /root/.m2/repository/io/crate/repository-gcs/6.0.4/repository-gcs-6.0.4.jar
[INFO] Tests are skipped.
[INFO] 
[INFO] --- jar:3.4.2:jar (default-jar) @ crate-copy-s3 ---
[INFO] Set Build-Jdk-Spec based on toolchain in maven-jar-plugin JDK[/opt/java/openjdk]
[INFO] Building jar: /repo/plugins/cr8-copy-s3/target/crate-copy-s3-6.0.4.jar
[INFO] 
[INFO] --- forbiddenapis:3.9:check (default) @ crate-copy-s3 ---
[INFO] 
[INFO] --- resources:3.3.1:testResources (default-testResources) @ es-repository-azure ---
[INFO] Skipping forbidden-apis checks.
[INFO] 
[INFO] --- install:3.1.4:install (default-install) @ crate-copy-s3 ---
[INFO] Installing /repo/plugins/cr8-copy-s3/pom.xml to /root/.m2/repository/io/crate/crate-copy-s3/6.0.4/crate-copy-s3-6.0.4.pom
[INFO] skip non existing resourceDirectory /repo/plugins/es-repository-azure/src/test/resources
[INFO] 
[INFO] --- compiler:3.14.0:testCompile (default-testCompile) @ es-repository-azure ---
[INFO] Installing /repo/plugins/cr8-copy-s3/target/crate-copy-s3-6.0.4.jar to /root/.m2/repository/io/crate/crate-copy-s3/6.0.4/crate-copy-s3-6.0.4.jar
[INFO] Toolchain in maven-compiler-plugin: JDK[/opt/java/openjdk]
[INFO] Recompiling the module because of changed dependency.
[INFO] Compiling 8 source files with javac [forked debug target 24] to target/test-classes
[INFO] 
[INFO] --- surefire:3.5.3:test (default-test) @ es-analysis-common ---
[INFO] Tests are skipped.
[INFO] 
[INFO] --- jar:3.4.2:jar (default-jar) @ es-analysis-common ---
[INFO] Set Build-Jdk-Spec based on toolchain in maven-jar-plugin JDK[/opt/java/openjdk]
[INFO] Building jar: /repo/plugins/es-analysis-common/target/es-analysis-common-6.0.4.jar
[INFO] 
[INFO] --- forbiddenapis:3.9:check (default) @ es-analysis-common ---
[INFO] Skipping forbidden-apis checks.
[INFO] 
[INFO] --- install:3.1.4:install (default-install) @ es-analysis-common ---
[INFO] Installing /repo/plugins/es-analysis-common/pom.xml to /root/.m2/repository/io/crate/es-analysis-common/6.0.4/es-analysis-common-6.0.4.pom
[INFO] Installing /repo/plugins/es-analysis-common/target/es-analysis-common-6.0.4.jar to /root/.m2/repository/io/crate/es-analysis-common/6.0.4/es-analysis-common-6.0.4.jar
[INFO] 
[INFO] --- resources:3.3.1:testResources (default-testResources) @ crate-copy-azure ---
[INFO] skip non existing resourceDirectory /repo/plugins/crate-copy-azure/src/test/resources
[INFO] 
[INFO] --- compiler:3.14.0:testCompile (default-testCompile) @ crate-copy-azure ---
[INFO] Toolchain in maven-compiler-plugin: JDK[/opt/java/openjdk]
[INFO] Recompiling the module because of changed dependency.
[INFO] Compiling 3 source files with javac [forked debug target 24] to target/test-classes
[INFO] 
[INFO] --- surefire:3.5.3:test (default-test) @ crate-functions ---
[INFO] Tests are skipped.
[INFO] 
[INFO] --- jar:3.4.2:jar (default-jar) @ crate-functions ---
[INFO] Set Build-Jdk-Spec based on toolchain in maven-jar-plugin JDK[/opt/java/openjdk]
[INFO] Building jar: /repo/extensions/functions/target/crate-functions-6.0.4.jar
[INFO] 
[INFO] --- forbiddenapis:3.9:check (default) @ crate-functions ---
[INFO] Skipping forbidden-apis checks.
[INFO] 
[INFO] --- install:3.1.4:install (default-install) @ crate-functions ---
[INFO] Installing /repo/extensions/functions/pom.xml to /root/.m2/repository/io/crate/crate-functions/6.0.4/crate-functions-6.0.4.pom
[INFO] Installing /repo/extensions/functions/target/crate-functions-6.0.4.jar to /root/.m2/repository/io/crate/crate-functions/6.0.4/crate-functions-6.0.4.jar
[INFO] 
[INFO] ---------------------< io.crate:crate-benchmarks >----------------------
[INFO] Building crate-benchmarks 6.0.4                                  [25/26]
[INFO]   from benchmarks/pom.xml
[INFO] --------------------------------[ jar ]---------------------------------
[INFO] 
[INFO] --- clean:3.5.0:clean (default-clean) @ crate-benchmarks ---
[INFO] 
[INFO] --- enforcer:3.5.0:enforce (enforce-maven) @ crate-benchmarks ---
[INFO] Skipping Rule Enforcement.
[INFO] 
[INFO] --- checkstyle:3.6.0:check (validate) @ crate-benchmarks ---
[INFO] 
[INFO] --- toolchains:4.5.0:toolchain (default) @ crate-benchmarks ---
[INFO] Required toolchain: jdk [ vendor='temurin' version='24.0.2' ]
[INFO] Found matching toolchain for toolchainType jdk: JDK[/opt/java/openjdk]
[INFO] 
[INFO] --- jacoco:0.8.13:prepare-agent (default-prepare-agent) @ crate-benchmarks ---
[INFO] argLine set to -javaagent:/root/.m2/repository/org/jacoco/org.jacoco.agent/0.8.13/org.jacoco.agent-0.8.13-runtime.jar=destfile=/repo/benchmarks/target/jacoco.exec
[INFO] 
[INFO] --- resources:3.3.1:resources (default-resources) @ crate-benchmarks ---
[INFO] skip non existing resourceDirectory /repo/benchmarks/src/main/resources
[INFO] 
[INFO] --- compiler:3.14.0:compile (default-compile) @ crate-benchmarks ---
[INFO] Toolchain in maven-compiler-plugin: JDK[/opt/java/openjdk]
[INFO] 
[INFO] --- surefire:3.5.3:test (default-test) @ crate-jmx-monitoring ---
[INFO] Tests are skipped.
[INFO] 
[INFO] --- jar:3.4.2:jar (default-jar) @ crate-jmx-monitoring ---
[INFO] Set Build-Jdk-Spec based on toolchain in maven-jar-plugin JDK[/opt/java/openjdk]
[INFO] Building jar: /repo/extensions/jmx-monitoring/target/crate-jmx-monitoring-6.0.4.jar
[INFO] 
[INFO] --- forbiddenapis:3.9:check (default) @ crate-jmx-monitoring ---
[INFO] Skipping forbidden-apis checks.
[INFO] 
[INFO] --- install:3.1.4:install (default-install) @ crate-jmx-monitoring ---
[INFO] Installing /repo/extensions/jmx-monitoring/pom.xml to /root/.m2/repository/io/crate/crate-jmx-monitoring/6.0.4/crate-jmx-monitoring-6.0.4.pom
[INFO] Installing /repo/extensions/jmx-monitoring/target/crate-jmx-monitoring-6.0.4.jar to /root/.m2/repository/io/crate/crate-jmx-monitoring/6.0.4/crate-jmx-monitoring-6.0.4.jar
[INFO] Recompiling the module because of changed dependency.
[INFO] Compiling 17 source files with javac [forked debug target 24] to target/classes
[INFO] 
[INFO] --- surefire:3.5.3:test (default-test) @ crate-lang-js ---
[INFO] Tests are skipped.
[INFO] 
[INFO] --- jar:3.4.2:jar (default-jar) @ crate-lang-js ---
[INFO] Set Build-Jdk-Spec based on toolchain in maven-jar-plugin JDK[/opt/java/openjdk]
[INFO] Building jar: /repo/extensions/lang-js/target/crate-lang-js-6.0.4.jar
[INFO] 
[INFO] --- forbiddenapis:3.9:check (default) @ crate-lang-js ---
[INFO] Skipping forbidden-apis checks.
[INFO] 
[INFO] --- install:3.1.4:install (default-install) @ crate-lang-js ---
[INFO] Installing /repo/extensions/lang-js/pom.xml to /root/.m2/repository/io/crate/crate-lang-js/6.0.4/crate-lang-js-6.0.4.pom
[INFO] Installing /repo/extensions/lang-js/target/crate-lang-js-6.0.4.jar to /root/.m2/repository/io/crate/crate-lang-js/6.0.4/crate-lang-js-6.0.4.jar
[INFO] 
[INFO] --- surefire:3.5.3:test (default-test) @ es-repository-azure ---
[INFO] Tests are skipped.
[INFO] 
[INFO] --- jar:3.4.2:jar (default-jar) @ es-repository-azure ---
[INFO] Set Build-Jdk-Spec based on toolchain in maven-jar-plugin JDK[/opt/java/openjdk]
[INFO] Building jar: /repo/plugins/es-repository-azure/target/es-repository-azure-6.0.4.jar
[INFO] 
[INFO] --- forbiddenapis:3.9:check (default) @ es-repository-azure ---
[INFO] Skipping forbidden-apis checks.
[INFO] 
[INFO] --- install:3.1.4:install (default-install) @ es-repository-azure ---
[INFO] Installing /repo/plugins/es-repository-azure/pom.xml to /root/.m2/repository/io/crate/es-repository-azure/6.0.4/es-repository-azure-6.0.4.pom
[INFO] Installing /repo/plugins/es-repository-azure/target/es-repository-azure-6.0.4.jar to /root/.m2/repository/io/crate/es-repository-azure/6.0.4/es-repository-azure-6.0.4.jar
[INFO] 
[INFO] --- surefire:3.5.3:test (default-test) @ crate-copy-azure ---
[INFO] Tests are skipped.
[INFO] 
[INFO] --- jar:3.4.2:jar (default-jar) @ crate-copy-azure ---
[INFO] Set Build-Jdk-Spec based on toolchain in maven-jar-plugin JDK[/opt/java/openjdk]
[INFO] Building jar: /repo/plugins/crate-copy-azure/target/crate-copy-azure-6.0.4.jar
[INFO] 
[INFO] --- forbiddenapis:3.9:check (default) @ crate-copy-azure ---
[INFO] Skipping forbidden-apis checks.
[INFO] 
[INFO] --- install:3.1.4:install (default-install) @ crate-copy-azure ---
[INFO] Installing /repo/plugins/crate-copy-azure/pom.xml to /root/.m2/repository/io/crate/crate-copy-azure/6.0.4/crate-copy-azure-6.0.4.pom
[INFO] Installing /repo/plugins/crate-copy-azure/target/crate-copy-azure-6.0.4.jar to /root/.m2/repository/io/crate/crate-copy-azure/6.0.4/crate-copy-azure-6.0.4.jar
[INFO] 
[INFO] -------------------------< io.crate:crate-app >-------------------------
[INFO] Building crate-app 6.0.4                                         [26/26]
[INFO]   from app/pom.xml
[INFO] --------------------------------[ jar ]---------------------------------
[INFO] 
[INFO] --- clean:3.5.0:clean (default-clean) @ crate-app ---
[INFO] 
[INFO] --- enforcer:3.5.0:enforce (enforce-maven) @ crate-app ---
[INFO] Skipping Rule Enforcement.
[INFO] 
[INFO] --- checkstyle:3.6.0:check (validate) @ crate-app ---
[INFO] 
[INFO] --- toolchains:4.5.0:toolchain (default) @ crate-app ---
[INFO] Required toolchain: jdk [ vendor='temurin' version='24.0.2' ]
[INFO] Found matching toolchain for toolchainType jdk: JDK[/opt/java/openjdk]
[INFO] 
[INFO] --- jacoco:0.8.13:prepare-agent (default-prepare-agent) @ crate-app ---
[INFO] argLine set to -javaagent:/root/.m2/repository/org/jacoco/org.jacoco.agent/0.8.13/org.jacoco.agent-0.8.13-runtime.jar=destfile=/repo/app/target/jacoco.exec
[INFO] 
[INFO] --- git-commit-id:9.0.2:revision (get-the-git-infos) @ crate-app ---
[INFO] 
[INFO] --- resources:3.3.1:resources (default-resources) @ crate-app ---
[INFO] skip non existing resourceDirectory /repo/app/src/main/resources
[INFO] 
[INFO] --- compiler:3.14.0:compile (default-compile) @ crate-app ---
[INFO] Toolchain in maven-compiler-plugin: JDK[/opt/java/openjdk]
[INFO] Recompiling the module because of changed dependency.
[INFO] Compiling 4 source files with javac [forked debug target 24] to target/classes
[INFO] 
[INFO] --- resources:3.3.1:testResources (default-testResources) @ crate-app ---
[INFO] Copying 8 resources from src/test/resources to target/test-classes
[INFO] 
[INFO] --- compiler:3.14.0:testCompile (default-testCompile) @ crate-app ---
[INFO] Toolchain in maven-compiler-plugin: JDK[/opt/java/openjdk]
[INFO] Recompiling the module because of changed dependency.
[INFO] Compiling 2 source files with javac [forked debug target 24] to target/test-classes
[INFO] 
[INFO] --- resources:3.3.1:testResources (default-testResources) @ crate-benchmarks ---
[INFO] skip non existing resourceDirectory /repo/benchmarks/src/test/resources
[INFO] 
[INFO] --- compiler:3.14.0:testCompile (default-testCompile) @ crate-benchmarks ---
[INFO] Toolchain in maven-compiler-plugin: JDK[/opt/java/openjdk]
[INFO] No sources to compile
[INFO] 
[INFO] --- surefire:3.5.3:test (default-test) @ crate-benchmarks ---
[INFO] Tests are skipped.
[INFO] 
[INFO] --- jar:3.4.2:jar (default-jar) @ crate-benchmarks ---
[INFO] Set Build-Jdk-Spec based on toolchain in maven-jar-plugin JDK[/opt/java/openjdk]
[INFO] Building jar: /repo/benchmarks/target/crate-benchmarks-6.0.4.jar
[INFO] 
[INFO] --- shade:3.6.0:shade (default) @ crate-benchmarks ---
[INFO] 
[INFO] --- surefire:3.5.3:test (default-test) @ crate-app ---
[INFO] Tests are skipped.
[INFO] 
[INFO] --- download:1.13.0:wget (download admin-ui) @ crate-app ---
[INFO] Including io.crate:crate-server:jar:6.0.4 in the shaded jar.
[INFO] Including io.crate:crate-libs-shared:jar:6.0.4 in the shaded jar.
[INFO] Including io.crate:crate-libs-dex:jar:6.0.4 in the shaded jar.
[INFO] Including io.crate:crate-libs-es-x-content:jar:6.0.4 in the shaded jar.
[INFO] Including com.fasterxml.jackson.core:jackson-core:jar:2.19.0 in the shaded jar.
[INFO] Including com.fasterxml.jackson.dataformat:jackson-dataformat-smile:jar:2.19.0 in the shaded jar.
[INFO] Including com.fasterxml.jackson.dataformat:jackson-dataformat-yaml:jar:2.19.0 in the shaded jar.
[INFO] Including org.yaml:snakeyaml:jar:2.4 in the shaded jar.
[INFO] Including io.crate:crate-libs-cli:jar:6.0.4 in the shaded jar.
[INFO] Including io.crate:crate-libs-guice:jar:6.0.4 in the shaded jar.
[INFO] Including io.crate:crate-libs-sql-parser:jar:6.0.4 in the shaded jar.
[INFO] Including io.crate:crate-libs-pgwire:jar:6.0.4 in the shaded jar.
[INFO] Including org.apache.logging.log4j:log4j-api:jar:2.24.3 in the shaded jar.
[INFO] Including org.apache.logging.log4j:log4j-core:jar:2.24.3 in the shaded jar.
[INFO] Including io.netty:netty-buffer:jar:4.2.6.Final in the shaded jar.
[INFO] Including io.netty:netty-codec-http:jar:4.2.6.Final in the shaded jar.
[INFO] Including io.netty:netty-codec-base:jar:4.2.6.Final in the shaded jar.
[INFO] Including io.netty:netty-codec-compression:jar:4.2.6.Final in the shaded jar.
[INFO] Including io.netty:netty-codec:jar:4.2.6.Final in the shaded jar.
[INFO] Including io.netty:netty-codec-protobuf:jar:4.2.6.Final in the shaded jar.
[INFO] Including io.netty:netty-codec-marshalling:jar:4.2.6.Final in the shaded jar.
[INFO] Including io.netty:netty-common:jar:4.2.6.Final in the shaded jar.
[INFO] Including io.netty:netty-handler:jar:4.2.6.Final in the shaded jar.
[INFO] Including io.netty:netty-resolver:jar:4.2.6.Final in the shaded jar.
[INFO] Including io.netty:netty-transport-native-unix-common:jar:4.2.6.Final in the shaded jar.
[INFO] Including io.netty:netty-transport-native-epoll:jar:linux-x86_64:4.2.6.Final in the shaded jar.
[INFO] Including io.netty:netty-transport-classes-epoll:jar:4.2.6.Final in the shaded jar.
[INFO] Including io.netty:netty-transport:jar:4.2.6.Final in the shaded jar.
[INFO] Including org.antlr:antlr4-runtime:jar:4.13.2 in the shaded jar.
[INFO] Including org.apache.lucene:lucene-core:jar:10.2.2 in the shaded jar.
[INFO] Including org.apache.lucene:lucene-analysis-common:jar:10.2.2 in the shaded jar.
[INFO] Including org.apache.lucene:lucene-backward-codecs:jar:10.2.2 in the shaded jar.
[INFO] Including org.apache.lucene:lucene-misc:jar:10.2.2 in the shaded jar.
[INFO] Including org.apache.lucene:lucene-queries:jar:10.2.2 in the shaded jar.
[INFO] Including org.apache.lucene:lucene-spatial-extras:jar:10.2.2 in the shaded jar.
[INFO] Including org.apache.lucene:lucene-spatial3d:jar:10.2.2 in the shaded jar.
[INFO] Including io.sgr:s2-geometry-library-java:jar:1.0.0 in the shaded jar.
[INFO] Including org.apache.lucene:lucene-suggest:jar:10.2.2 in the shaded jar.
[INFO] Including org.locationtech.spatial4j:spatial4j:jar:0.8 in the shaded jar.
[INFO] Including org.locationtech.jts:jts-core:jar:1.20.0 in the shaded jar.
[INFO] Including com.tdunning:t-digest:jar:3.3 in the shaded jar.
[INFO] Including org.hdrhistogram:HdrHistogram:jar:2.2.2 in the shaded jar.
[INFO] Including org.apache.datasketches:datasketches-java:jar:5.0.2 in the shaded jar.
[INFO] Including org.apache.datasketches:datasketches-memory:jar:2.2.0 in the shaded jar.
[INFO] Including com.carrotsearch:hppc:jar:0.8.2 in the shaded jar.
[INFO] Including com.github.ben-manes.caffeine:caffeine:jar:3.2.1 in the shaded jar.
[INFO] Including org.jspecify:jspecify:jar:1.0.0 in the shaded jar.
[INFO] Including com.google.errorprone:error_prone_annotations:jar:2.38.0 in the shaded jar.
[INFO] Including org.jetbrains:annotations:jar:26.0.2 in the shaded jar.
[INFO] Including joda-time:joda-time:jar:2.14.0 in the shaded jar.
[INFO] Including org.apache.commons:commons-math3:jar:3.6.1 in the shaded jar.
[INFO] Including ch.obermuhlner:big-math:jar:2.3.2 in the shaded jar.
[INFO] Including commons-codec:commons-codec:jar:1.18.0 in the shaded jar.
[INFO] Including com.fasterxml.jackson.dataformat:jackson-dataformat-csv:jar:2.19.0 in the shaded jar.
[INFO] Including com.fasterxml.jackson.core:jackson-annotations:jar:2.19.0 in the shaded jar.
[INFO] Including com.fasterxml.jackson.core:jackson-databind:jar:2.19.0 in the shaded jar.
[INFO] Including ch.randelshofer:fastdoubleparser:jar:2.0.1 in the shaded jar.
[INFO] Including org.postgresql:postgresql:jar:42.7.7 in the shaded jar.
[INFO] Including org.checkerframework:checker-qual:jar:3.49.3 in the shaded jar.
[INFO] Including com.auth0:java-jwt:jar:4.5.0 in the shaded jar.
[INFO] Including com.auth0:jwks-rsa:jar:0.22.1 in the shaded jar.
[INFO] Including com.google.guava:guava:jar:32.1.1-jre in the shaded jar.
[INFO] Including com.google.guava:failureaccess:jar:1.0.1 in the shaded jar.
[INFO] Including com.google.guava:listenablefuture:jar:9999.0-empty-to-avoid-conflict-with-guava in the shaded jar.
[INFO] Including com.google.code.findbugs:jsr305:jar:3.0.2 in the shaded jar.
[INFO] Including com.google.j2objc:j2objc-annotations:jar:2.8 in the shaded jar.
[INFO] Including io.crate:crate-functions:jar:6.0.4 in the shaded jar.
[INFO] Including org.openjdk.jmh:jmh-core:jar:1.37 in the shaded jar.
[INFO] Including net.sf.jopt-simple:jopt-simple:jar:5.0.4 in the shaded jar.
[INFO] Expanding: /root/.m2/repository/.cache/download-maven-plugin/crate-admin-1.24.9.tar.gz_108a4cecc41c264be8adf149c455e62d into /repo/app/target
[WARNING] Discovered module-info.class. Shading will break its strong encapsulation.
[WARNING] Discovered module-info.class. Shading will break its strong encapsulation.
[INFO] 
[INFO] --- jar:3.4.2:jar (default-jar) @ crate-app ---
[INFO] Set Build-Jdk-Spec based on toolchain in maven-jar-plugin JDK[/opt/java/openjdk]
[INFO] Building jar: /repo/app/target/crate-6.0.4-2026-04-25-09-16-c9fa90f.jar
[INFO] 
[INFO] --- assembly:3.7.1:single (make-assembly) @ crate-app ---
[WARNING] Discovered module-info.class. Shading will break its strong encapsulation.
[INFO] Reading assembly descriptor: src/assembly/src.xml
[WARNING] Discovered module-info.class. Shading will break its strong encapsulation.
[WARNING] Discovered module-info.class. Shading will break its strong encapsulation.
[WARNING] Discovered module-info.class. Shading will break its strong encapsulation.
[WARNING] Discovered module-info.class. Shading will break its strong encapsulation.
[WARNING] Discovered module-info.class. Shading will break its strong encapsulation.
[WARNING] Discovered module-info.class. Shading will break its strong encapsulation.
[WARNING] Discovered module-info.class. Shading will break its strong encapsulation.
[INFO] Building tar: /repo/app/target/crate-6.0.4-2026-04-25-09-16-c9fa90f.tar.gz
[WARNING] Discovered module-info.class. Shading will break its strong encapsulation.
[WARNING] Entry: crate-6.0.4-2026-04-25-09-16-c9fa90f/lib/site/static/plugins/tutorial/static/icons/icon-discourse.svg longer than 100 characters.
[WARNING] Resulting tar file can only be processed successfully by GNU compatible tar commands
[WARNING] Entry: crate-6.0.4-2026-04-25-09-16-c9fa90f/lib/site/static/plugins/tutorial/static/icons/icon-stackoverflow.svg longer than 100 characters.
[WARNING] Entry: crate-6.0.4-2026-04-25-09-16-c9fa90f/lib/site/static/plugins/tutorial/static/icons/icon-getstarted.svg longer than 100 characters.
[WARNING] Entry: crate-6.0.4-2026-04-25-09-16-c9fa90f/lib/site/static/plugins/tutorial/static/icons/icon-enterprise.svg longer than 100 characters.
[WARNING] Entry: crate-6.0.4-2026-04-25-09-16-c9fa90f/lib/site/static/plugins/tutorial/static/icons/icon-documentation.svg longer than 100 characters.
[WARNING] Discovered module-info.class. Shading will break its strong encapsulation.
[WARNING] Discovered module-info.class. Shading will break its strong encapsulation.
[WARNING] HdrHistogram-2.2.2.jar, checker-qual-3.49.3.jar, commons-codec-1.18.0.jar, commons-math3-3.6.1.jar, joda-time-2.14.0.jar, lucene-analysis-common-10.2.2.jar, lucene-backward-codecs-10.2.2.jar, lucene-core-10.2.2.jar, lucene-misc-10.2.2.jar, lucene-queries-10.2.2.jar, lucene-spatial-extras-10.2.2.jar, lucene-spatial3d-10.2.2.jar, lucene-suggest-10.2.2.jar define 1 overlapping resource: 
[WARNING]   - META-INF/LICENSE.txt
[WARNING] commons-codec-1.18.0.jar, commons-math3-3.6.1.jar, joda-time-2.14.0.jar, lucene-analysis-common-10.2.2.jar, lucene-backward-codecs-10.2.2.jar, lucene-core-10.2.2.jar, lucene-misc-10.2.2.jar, lucene-queries-10.2.2.jar, lucene-spatial-extras-10.2.2.jar, lucene-spatial3d-10.2.2.jar, lucene-suggest-10.2.2.jar define 1 overlapping resource: 
[WARNING]   - META-INF/NOTICE.txt
[WARNING] annotations-26.0.2.jar, commons-codec-1.18.0.jar, error_prone_annotations-2.38.0.jar, jackson-core-2.19.0.jar, jackson-databind-2.19.0.jar, jackson-dataformat-csv-2.19.0.jar, jackson-dataformat-smile-2.19.0.jar, jackson-dataformat-yaml-2.19.0.jar, java-jwt-4.5.0.jar, jspecify-1.0.0.jar, snakeyaml-2.4.jar define 1 overlapping classes: 
[WARNING]   - META-INF.versions.9.module-info
[WARNING] netty-buffer-4.2.6.Final.jar, netty-codec-4.2.6.Final.jar, netty-codec-base-4.2.6.Final.jar, netty-codec-compression-4.2.6.Final.jar, netty-codec-http-4.2.6.Final.jar, netty-codec-marshalling-4.2.6.Final.jar, netty-codec-protobuf-4.2.6.Final.jar, netty-common-4.2.6.Final.jar, netty-handler-4.2.6.Final.jar, netty-resolver-4.2.6.Final.jar, netty-transport-4.2.6.Final.jar, netty-transport-classes-epoll-4.2.6.Final.jar, netty-transport-native-epoll-4.2.6.Final-linux-x86_64.jar, netty-transport-native-unix-common-4.2.6.Final.jar define 1 overlapping resource: 
[WARNING]   - META-INF/io.netty.versions.properties
[WARNING] HdrHistogram-2.2.2.jar, annotations-26.0.2.jar, antlr4-runtime-4.13.2.jar, big-math-2.3.2.jar, caffeine-3.2.1.jar, checker-qual-3.49.3.jar, commons-codec-1.18.0.jar, commons-math3-3.6.1.jar, crate-benchmarks-6.0.4.jar, crate-functions-6.0.4.jar, crate-libs-cli-6.0.4.jar, crate-libs-dex-6.0.4.jar, crate-libs-es-x-content-6.0.4.jar, crate-libs-guice-6.0.4.jar, crate-libs-pgwire-6.0.4.jar, crate-libs-shared-6.0.4.jar, crate-libs-sql-parser-6.0.4.jar, crate-server-6.0.4.jar, datasketches-java-5.0.2.jar, datasketches-memory-2.2.0.jar, error_prone_annotations-2.38.0.jar, failureaccess-1.0.1.jar, fastdoubleparser-2.0.1.jar, guava-32.1.1-jre.jar, hppc-0.8.2.jar, j2objc-annotations-2.8.jar, jackson-annotations-2.19.0.jar, jackson-core-2.19.0.jar, jackson-databind-2.19.0.jar, jackson-dataformat-csv-2.19.0.jar, jackson-dataformat-smile-2.19.0.jar, jackson-dataformat-yaml-2.19.0.jar, java-jwt-4.5.0.jar, jmh-core-1.37.jar, joda-time-2.14.0.jar, jopt-simple-5.0.4.jar, jspecify-1.0.0.jar, jsr305-3.0.2.jar, jts-core-1.20.0.jar, jwks-rsa-0.22.1.jar, listenablefuture-9999.0-empty-to-avoid-conflict-with-guava.jar, log4j-api-2.24.3.jar, log4j-core-2.24.3.jar, lucene-analysis-common-10.2.2.jar, lucene-backward-codecs-10.2.2.jar, lucene-core-10.2.2.jar, lucene-misc-10.2.2.jar, lucene-queries-10.2.2.jar, lucene-spatial-extras-10.2.2.jar, lucene-spatial3d-10.2.2.jar, lucene-suggest-10.2.2.jar, netty-buffer-4.2.6.Final.jar, netty-codec-4.2.6.Final.jar, netty-codec-base-4.2.6.Final.jar, netty-codec-compression-4.2.6.Final.jar, netty-codec-http-4.2.6.Final.jar, netty-codec-marshalling-4.2.6.Final.jar, netty-codec-protobuf-4.2.6.Final.jar, netty-common-4.2.6.Final.jar, netty-handler-4.2.6.Final.jar, netty-resolver-4.2.6.Final.jar, netty-transport-4.2.6.Final.jar, netty-transport-classes-epoll-4.2.6.Final.jar, netty-transport-native-epoll-4.2.6.Final-linux-x86_64.jar, netty-transport-native-unix-common-4.2.6.Final.jar, postgresql-42.7.7.jar, s2-geometry-library-java-1.0.0.jar, snakeyaml-2.4.jar, spatial4j-0.8.jar, t-digest-3.3.jar define 1 overlapping resource: 
[WARNING]   - META-INF/MANIFEST.MF
[WARNING] datasketches-java-5.0.2.jar, datasketches-memory-2.2.0.jar, log4j-api-2.24.3.jar, log4j-core-2.24.3.jar define 1 overlapping resource: 
[WARNING]   - META-INF/DEPENDENCIES
[WARNING] datasketches-memory-2.2.0.jar, fastdoubleparser-2.0.1.jar, netty-buffer-4.2.6.Final.jar, netty-codec-4.2.6.Final.jar, netty-codec-base-4.2.6.Final.jar, netty-codec-compression-4.2.6.Final.jar, netty-codec-http-4.2.6.Final.jar, netty-codec-marshalling-4.2.6.Final.jar, netty-codec-protobuf-4.2.6.Final.jar, netty-common-4.2.6.Final.jar, netty-handler-4.2.6.Final.jar, netty-resolver-4.2.6.Final.jar, netty-transport-4.2.6.Final.jar, netty-transport-classes-epoll-4.2.6.Final.jar, netty-transport-native-epoll-4.2.6.Final-linux-x86_64.jar, netty-transport-native-unix-common-4.2.6.Final.jar define 1 overlapping classes: 
[WARNING]   - META-INF.versions.11.module-info
[WARNING] fastdoubleparser-2.0.1.jar, jackson-core-2.19.0.jar define 1 overlapping resource: 
[WARNING]   - META-INF/thirdparty-LICENSE
[WARNING] caffeine-3.2.1.jar, datasketches-java-5.0.2.jar, datasketches-memory-2.2.0.jar, fastdoubleparser-2.0.1.jar, guava-32.1.1-jre.jar, jackson-annotations-2.19.0.jar, jackson-core-2.19.0.jar, jackson-databind-2.19.0.jar, jackson-dataformat-csv-2.19.0.jar, jackson-dataformat-smile-2.19.0.jar, jackson-dataformat-yaml-2.19.0.jar, log4j-api-2.24.3.jar, log4j-core-2.24.3.jar, postgresql-42.7.7.jar define 1 overlapping resource: 
[WARNING]   - META-INF/LICENSE
[WARNING] datasketches-java-5.0.2.jar, datasketches-memory-2.2.0.jar, fastdoubleparser-2.0.1.jar, jackson-annotations-2.19.0.jar, jackson-core-2.19.0.jar, jackson-databind-2.19.0.jar, jackson-dataformat-csv-2.19.0.jar, jackson-dataformat-smile-2.19.0.jar, jackson-dataformat-yaml-2.19.0.jar, log4j-api-2.24.3.jar, log4j-core-2.24.3.jar define 1 overlapping resource: 
[WARNING]   - META-INF/NOTICE
[WARNING] maven-shade-plugin has detected that some files are
[WARNING] present in two or more JARs. When this happens, only one
[WARNING] single version of the file is copied to the uber jar.
[WARNING] Usually this is not harmful and you can skip these warnings,
[WARNING] otherwise try to manually exclude artifacts based on
[WARNING] mvn dependency:tree -Ddetail=true and the above output.
[WARNING] See https://maven.apache.org/plugins/maven-shade-plugin/
[INFO] Replacing /repo/benchmarks/target/benchmarks.jar with /repo/benchmarks/target/crate-benchmarks-6.0.4-shaded.jar
[INFO] 
[INFO] --- forbiddenapis:3.9:check (default) @ crate-benchmarks ---
[INFO] Skipping forbidden-apis checks.
[INFO] 
[INFO] --- install:3.1.4:install (default-install) @ crate-benchmarks ---
[INFO] Installing /repo/benchmarks/pom.xml to /root/.m2/repository/io/crate/crate-benchmarks/6.0.4/crate-benchmarks-6.0.4.pom
[INFO] Installing /repo/benchmarks/target/crate-benchmarks-6.0.4.jar to /root/.m2/repository/io/crate/crate-benchmarks/6.0.4/crate-benchmarks-6.0.4.jar
[WARNING] Entry: crate-6.0.4-2026-04-25-09-16-c9fa90f/plugins/es-analysis-phonetic/lucene-analysis-phonetic-10.2.2.jar longer than 100 characters.
[WARNING] Entry: crate-6.0.4-2026-04-25-09-16-c9fa90f/lib/listenablefuture-9999.0-empty-to-avoid-conflict-with-guava.jar longer than 100 characters.
[INFO] Building zip: /repo/app/target/crate-6.0.4-2026-04-25-09-16-c9fa90f.zip
[INFO] 
[INFO] --- forbiddenapis:3.9:check (default) @ crate-app ---
[INFO] Skipping forbidden-apis checks.
[INFO] 
[INFO] --- install:3.1.4:install (default-install) @ crate-app ---
[INFO] Installing /repo/app/pom.xml to /root/.m2/repository/io/crate/crate-app/6.0.4/crate-app-6.0.4.pom
[INFO] Installing /repo/app/target/crate-6.0.4-2026-04-25-09-16-c9fa90f.jar to /root/.m2/repository/io/crate/crate-app/6.0.4/crate-app-6.0.4.jar
[INFO] Installing /repo/app/target/crate-6.0.4-2026-04-25-09-16-c9fa90f.tar.gz to /root/.m2/repository/io/crate/crate-app/6.0.4/crate-app-6.0.4.tar.gz
[INFO] Installing /repo/app/target/crate-6.0.4-2026-04-25-09-16-c9fa90f.zip to /root/.m2/repository/io/crate/crate-app/6.0.4/crate-app-6.0.4.zip
[INFO] ------------------------------------------------------------------------
[INFO] Reactor Summary for crate 6.0.4:
[INFO] 
[INFO] crate .............................................. SUCCESS [  1.226 s]
[INFO] crate-libs-shared .................................. SUCCESS [  7.575 s]
[INFO] crate-libs-dex ..................................... SUCCESS [  6.468 s]
[INFO] crate-libs-es-x-content ............................ SUCCESS [  3.668 s]
[INFO] crate-libs-cli ..................................... SUCCESS [  1.886 s]
[INFO] crate-libs-guice ................................... SUCCESS [  7.536 s]
[INFO] crate-libs-sql-parser .............................. SUCCESS [ 10.030 s]
[INFO] crate-libs-pgwire .................................. SUCCESS [  6.134 s]
[INFO] crate-server ....................................... SUCCESS [ 47.164 s]
[INFO] crate-libs-azure-testing ........................... SUCCESS [  5.993 s]
[INFO] es-analysis-common ................................. SUCCESS [ 20.320 s]
[INFO] es-analysis-phonetic ............................... SUCCESS [ 11.104 s]
[INFO] es-discovery-ec2 ................................... SUCCESS [  7.713 s]
[INFO] es-repository-s3 ................................... SUCCESS [ 15.878 s]
[INFO] es-repository-url .................................. SUCCESS [ 10.929 s]
[INFO] es-repository-azure ................................ SUCCESS [ 12.212 s]
[INFO] repository-gcs ..................................... SUCCESS [ 17.662 s]
[INFO] dns-discovery ...................................... SUCCESS [ 11.057 s]
[INFO] crate-copy-s3 ...................................... SUCCESS [ 11.807 s]
[INFO] crate-copy-azure ................................... SUCCESS [  7.943 s]
[INFO] crate-functions .................................... SUCCESS [ 14.042 s]
[INFO] crate-lang-js ...................................... SUCCESS [ 11.834 s]
[INFO] crate-jmx-monitoring ............................... SUCCESS [ 10.912 s]
[INFO] jlink-jdk .......................................... SUCCESS [ 15.963 s]
[INFO] crate-app .......................................... SUCCESS [ 29.160 s]
[INFO] crate-benchmarks ................................... SUCCESS [ 10.268 s]
[INFO] ------------------------------------------------------------------------
[INFO] BUILD SUCCESS
[INFO] ------------------------------------------------------------------------
[INFO] Total time:  01:59 min (Wall Clock)
[INFO] Finished at: 2026-04-25T09:18:27Z
[INFO] ------------------------------------------------------------------------
✅ Build Succeeded
