--- Building code for aa0d751 ---
CPU detected: 8
Maven threads: 8
--- Changing directory to /Users/hasangaranasinghe/Documents/FYP/PORTGPT/patch-backporting/my_java_dataset/repos/crate ---
maven-cache-crate
--- Docker image maven-jdk11:latest already exists, skipping build ---
--- Setting cache permissions... ---
--- Building with Maven... ---
WARNING: A terminally deprecated method in sun.misc.Unsafe has been called
WARNING: sun.misc.Unsafe::staticFieldBase has been called by com.google.inject.internal.aop.HiddenClassDefiner (file:/usr/share/maven/lib/guice-5.1.0-classes.jar)
WARNING: Please consider reporting this to the maintainers of class com.google.inject.internal.aop.HiddenClassDefiner
WARNING: sun.misc.Unsafe::staticFieldBase will be removed in a future release
[INFO] Scanning for projects...
[INFO] ------------------------------------------------------------------------
[INFO] Reactor Build Order:
[INFO] 
[INFO] crate                                                              [pom]
[INFO] crate-libs-shared                                                  [jar]
[INFO] crate-libs-dex                                                     [jar]
[INFO] crate-libs-es-x-content                                            [jar]
[INFO] crate-libs-cli                                                     [jar]
[INFO] crate-libs-guice                                                   [jar]
[INFO] crate-libs-sql-parser                                              [jar]
[INFO] crate-libs-pgwire                                                  [jar]
[INFO] crate-server                                                       [jar]
[INFO] crate-libs-azure-testing                                           [jar]
[INFO] es-analysis-common                                                 [jar]
[INFO] es-analysis-phonetic                                               [jar]
[INFO] es-discovery-ec2                                                   [jar]
[INFO] es-repository-s3                                                   [jar]
[INFO] es-repository-url                                                  [jar]
[INFO] es-repository-azure                                                [jar]
[INFO] repository-gcs                                                     [jar]
[INFO] dns-discovery                                                      [jar]
[INFO] crate-copy-s3                                                      [jar]
[INFO] crate-copy-azure                                                   [jar]
[INFO] crate-functions                                                    [jar]
[INFO] crate-lang-js                                                      [jar]
[INFO] crate-jmx-monitoring                                               [jar]
[INFO] jlink-jdk                                                        [jlink]
[INFO] crate-app                                                          [jar]
[INFO] crate-benchmarks                                                   [jar]
[INFO] 
[INFO] Using the MultiThreadedBuilder implementation with a thread count of 8
[INFO] 
[INFO] ---------------------------< io.crate:crate >---------------------------
[INFO] Building crate 5.9.7                                              [1/26]
[INFO]   from pom.xml
[INFO] --------------------------------[ pom ]---------------------------------
[INFO] 
[INFO] --- clean:3.4.0:clean (default-clean) @ crate ---
[INFO] 
[INFO] --- enforcer:3.5.0:enforce (enforce-maven) @ crate ---
[INFO] Skipping Rule Enforcement.
[INFO] 
[INFO] --- checkstyle:3.5.0:check (validate) @ crate ---
[INFO] 
[INFO] --- toolchains:4.5.0:toolchain (default) @ crate ---
[INFO] Required toolchain: jdk [ vendor='temurin' version='22.0.2+9' ]
[INFO] Found matching toolchain for toolchainType jdk: JDK[/opt/java/jdk-22.0.2+9]
[INFO] 
[INFO] --- jacoco:0.8.12:prepare-agent (default-prepare-agent) @ crate ---
[INFO] argLine set to -javaagent:/root/.m2/repository/org/jacoco/org.jacoco.agent/0.8.12/org.jacoco.agent-0.8.12-runtime.jar=destfile=/repo/target/jacoco.exec
[INFO] 
[INFO] --- forbiddenapis:3.8:check (default) @ crate ---
[INFO] Skipping forbidden-apis checks.
[INFO] 
[INFO] --- install:3.1.3:install (default-install) @ crate ---
[INFO] Installing /repo/pom.xml to /root/.m2/repository/io/crate/crate/5.9.7/crate-5.9.7.pom
[INFO] 
[INFO] ---------------------< io.crate:crate-libs-shared >---------------------
[INFO] 
[INFO] ---------------------< io.crate:crate-libs-guice >----------------------
[INFO] Building crate-libs-guice 5.9.7                                   [3/26]
[INFO]   from libs/guice/pom.xml
[INFO] --------------------------------[ jar ]---------------------------------
[INFO] 
[INFO] Building crate-libs-shared 5.9.7                                  [2/26]
[INFO] ---------------------< io.crate:crate-libs-pgwire >---------------------
[INFO]   from libs/shared/pom.xml
[INFO] Building crate-libs-pgwire 5.9.7                                  [4/26]
[INFO] --------------------------------[ jar ]---------------------------------
[INFO]   from libs/pgwire/pom.xml
[INFO] --------------------------------[ jar ]---------------------------------
[INFO] 
[INFO] -------------------------< io.crate:jlink-jdk >-------------------------
[INFO] Building jlink-jdk 5.9.7                                          [5/26]
[INFO]   from jlink-jdk/pom.xml
[INFO] -------------------------------[ jlink ]--------------------------------
[WARNING] *****************************************************************
[WARNING] * Your build is requesting parallel execution, but this         *
[WARNING] * project contains the following plugin(s) that have goals not  *
[WARNING] * marked as thread-safe to support parallel execution.          *
[WARNING] * While this /may/ work fine, please look for plugin updates    *
[WARNING] * and/or request plugins be made thread-safe.                   *
[WARNING] * If reporting an issue, report it against the plugin in        *
[WARNING] * question, not against Apache Maven.                           *
[WARNING] *****************************************************************
[WARNING] The following plugins are not marked as thread-safe in jlink-jdk:
[WARNING]   org.apache.maven.plugins:maven-jlink-plugin:3.1.0
[WARNING] 
[WARNING] Enable debug to see precisely which goals are not marked as thread-safe.
[WARNING] *****************************************************************
[INFO] 
[INFO] --- clean:3.4.0:clean (default-clean) @ jlink-jdk ---
[INFO] 
[INFO] --- enforcer:3.5.0:enforce (enforce-maven) @ jlink-jdk ---
[INFO] Skipping Rule Enforcement.
[INFO] 
[INFO] --- checkstyle:3.5.0:check (validate) @ jlink-jdk ---
[INFO] 
[INFO] --- clean:3.4.0:clean (default-clean) @ crate-libs-pgwire ---
[INFO] 
[INFO] --- toolchains:4.5.0:toolchain (default) @ jlink-jdk ---
[INFO] Required toolchain: jdk [ vendor='temurin' version='22.0.2+9' ]
[INFO] Found matching toolchain for toolchainType jdk: JDK[/opt/java/jdk-22.0.2+9]
[INFO] 
[INFO] --- jacoco:0.8.12:prepare-agent (default-prepare-agent) @ jlink-jdk ---
[INFO] argLine set to -javaagent:/root/.m2/repository/org/jacoco/org.jacoco.agent/0.8.12/org.jacoco.agent-0.8.12-runtime.jar=destfile=/repo/jlink-jdk/target/jacoco.exec
[INFO] 
[INFO] --- resources:3.3.1:resources (default-resources) @ jlink-jdk ---
[INFO] 
[INFO] --- clean:3.4.0:clean (default-clean) @ crate-libs-guice ---
[INFO] 
[INFO] --- enforcer:3.5.0:enforce (enforce-maven) @ crate-libs-pgwire ---
[INFO] 
[INFO] --- enforcer:3.5.0:enforce (enforce-maven) @ crate-libs-guice ---
[INFO] Skipping Rule Enforcement.
[INFO] 
[INFO] --- checkstyle:3.5.0:check (validate) @ crate-libs-pgwire ---
[INFO] Skipping Rule Enforcement.
[INFO] 
[INFO] --- checkstyle:3.5.0:check (validate) @ crate-libs-guice ---
[INFO] 
[INFO] --- toolchains:4.5.0:toolchain (default) @ crate-libs-pgwire ---
[INFO] Required toolchain: jdk [ vendor='temurin' version='22.0.2+9' ]
[INFO] 
[INFO] --- toolchains:4.5.0:toolchain (default) @ crate-libs-guice ---
[INFO] Found matching toolchain for toolchainType jdk: JDK[/opt/java/jdk-22.0.2+9]
[INFO] 
[INFO] --- jacoco:0.8.12:prepare-agent (default-prepare-agent) @ crate-libs-pgwire ---
[INFO] Required toolchain: jdk [ vendor='temurin' version='22.0.2+9' ]
[INFO] Found matching toolchain for toolchainType jdk: JDK[/opt/java/jdk-22.0.2+9]
[INFO] 
[INFO] --- jacoco:0.8.12:prepare-agent (default-prepare-agent) @ crate-libs-guice ---
[INFO] argLine set to -javaagent:/root/.m2/repository/org/jacoco/org.jacoco.agent/0.8.12/org.jacoco.agent-0.8.12-runtime.jar=destfile=/repo/libs/pgwire/target/jacoco.exec
[INFO] 
[INFO] --- antlr4:4.13.2:antlr4 (antlr) @ crate-libs-pgwire ---
[INFO] 
[INFO] argLine set to -javaagent:/root/.m2/repository/org/jacoco/org.jacoco.agent/0.8.12/org.jacoco.agent-0.8.12-runtime.jar=destfile=/repo/libs/guice/target/jacoco.exec
[INFO] --- clean:3.4.0:clean (default-clean) @ crate-libs-shared ---
[INFO] 
[INFO] --- resources:3.3.1:resources (default-resources) @ crate-libs-guice ---
[INFO] 
[INFO] --- enforcer:3.5.0:enforce (enforce-maven) @ crate-libs-shared ---
[INFO] Skipping Rule Enforcement.
[INFO] 
[INFO] --- checkstyle:3.5.0:check (validate) @ crate-libs-shared ---
[INFO] 
[INFO] --- toolchains:4.5.0:toolchain (default) @ crate-libs-shared ---
[INFO] Required toolchain: jdk [ vendor='temurin' version='22.0.2+9' ]
[INFO] Found matching toolchain for toolchainType jdk: JDK[/opt/java/jdk-22.0.2+9]
[INFO] 
[INFO] --- jacoco:0.8.12:prepare-agent (default-prepare-agent) @ crate-libs-shared ---
[INFO] argLine set to -javaagent:/root/.m2/repository/org/jacoco/org.jacoco.agent/0.8.12/org.jacoco.agent-0.8.12-runtime.jar=destfile=/repo/libs/shared/target/jacoco.exec
[INFO] 
[INFO] --- resources:3.3.1:resources (default-resources) @ crate-libs-shared ---
[INFO] skip non existing resourceDirectory /repo/jlink-jdk/src/main/resources
[INFO] 
[INFO] skip non existing resourceDirectory /repo/libs/shared/src/main/resources
[INFO] --- compiler:3.13.0:compile (default-compile) @ jlink-jdk ---
[INFO] skip non existing resourceDirectory /repo/libs/guice/src/main/resources
[INFO] 
[INFO] --- compiler:3.13.0:compile (default-compile) @ crate-libs-guice ---
[INFO] 
[INFO] --- compiler:3.13.0:compile (default-compile) @ crate-libs-shared ---
[INFO] ANTLR 4: Processing source directory /repo/libs/pgwire/src/main/antlr
[INFO] Toolchain in maven-compiler-plugin: JDK[/opt/java/jdk-22.0.2+9]
[INFO] Toolchain in maven-compiler-plugin: JDK[/opt/java/jdk-22.0.2+9]
[INFO] Toolchain in maven-compiler-plugin: JDK[/opt/java/jdk-22.0.2+9]
[INFO] No sources to compile
[INFO] 
[INFO] --- resources:3.3.1:testResources (default-testResources) @ jlink-jdk ---
[INFO] skip non existing resourceDirectory /repo/jlink-jdk/src/test/resources
[INFO] 
[INFO] --- compiler:3.13.0:testCompile (default-testCompile) @ jlink-jdk ---
[INFO] Toolchain in maven-compiler-plugin: JDK[/opt/java/jdk-22.0.2+9]
[INFO] No sources to compile
[INFO] 
[INFO] --- surefire:3.5.0:test (default-test) @ jlink-jdk ---
[INFO] Tests are skipped.
[INFO] 
[INFO] --- jlink:3.1.0:jlink (default-jlink) @ jlink-jdk ---
[INFO] Toolchain in maven-jlink-plugin: jlink [ /opt/java/jdk-22.0.2+9/bin/jlink ]
[INFO] Recompiling the module because of changed source code.
[INFO] Processing grammar: io/crate/protocols/postgres/antlr/PgArray.g4
[INFO] Compiling 48 source files with javac [forked debug target 22] to target/classes
[INFO] Recompiling the module because of changed source code.
[INFO] Compiling 169 source files with javac [forked debug target 22] to target/classes
[INFO] 
[INFO] --- resources:3.3.1:resources (default-resources) @ crate-libs-pgwire ---
[INFO] skip non existing resourceDirectory /repo/libs/pgwire/src/main/resources
[INFO] 
[INFO] --- compiler:3.13.0:compile (default-compile) @ crate-libs-pgwire ---
[INFO] Toolchain in maven-compiler-plugin: JDK[/opt/java/jdk-22.0.2+9]
[INFO] Recompiling the module because of changed source code.
[INFO] Compiling 7 source files with javac [forked debug target 22] to target/classes
[INFO] ------------------------------------------------------------------------
[INFO] Reactor Summary for crate 5.9.7:
[INFO] 
[INFO] crate .............................................. SUCCESS [  0.598 s]
[INFO] crate-libs-shared .................................. FAILURE [  0.268 s]
[INFO] crate-libs-dex ..................................... SKIPPED
[INFO] crate-libs-es-x-content ............................ SKIPPED
[INFO] crate-libs-cli ..................................... SKIPPED
[INFO] crate-libs-guice ................................... FAILURE [  0.286 s]
[INFO] crate-libs-sql-parser .............................. SKIPPED
[INFO] crate-libs-pgwire .................................. FAILURE [  0.402 s]
[INFO] crate-server ....................................... SKIPPED
[INFO] crate-libs-azure-testing ........................... SKIPPED
[INFO] es-analysis-common ................................. SKIPPED
[INFO] es-analysis-phonetic ............................... SKIPPED
[INFO] es-discovery-ec2 ................................... SKIPPED
[INFO] es-repository-s3 ................................... SKIPPED
[INFO] es-repository-url .................................. SKIPPED
[INFO] es-repository-azure ................................ SKIPPED
[INFO] repository-gcs ..................................... SKIPPED
[INFO] dns-discovery ...................................... SKIPPED
[INFO] crate-copy-s3 ...................................... SKIPPED
[INFO] crate-copy-azure ................................... SKIPPED
[INFO] crate-functions .................................... SKIPPED
[INFO] crate-lang-js ...................................... SKIPPED
[INFO] crate-jmx-monitoring ............................... SKIPPED
[INFO] jlink-jdk .......................................... FAILURE [  0.226 s]
[INFO] crate-app .......................................... SKIPPED
[INFO] crate-benchmarks ................................... SKIPPED
[INFO] ------------------------------------------------------------------------
[INFO] BUILD FAILURE
[INFO] ------------------------------------------------------------------------
[INFO] Total time:  1.416 s (Wall Clock)
[INFO] Finished at: 2026-04-25T12:48:42Z
[INFO] ------------------------------------------------------------------------
[ERROR] Failed to execute goal org.apache.maven.plugins:maven-jlink-plugin:3.1.0:jlink (default-jlink) on project jlink-jdk: 
[ERROR] Exit code: 133 - rosetta error: failed to open elf at /lib64/ld-linux-x86-64.so.2
[ERROR]  Trace/breakpoint trap
[ERROR] 
[ERROR] Command line was: /bin/sh -c /opt/java/jdk-22.0.2+9/bin/jlink --module-path /opt/java/jdk-22.0.2+9/jmods --add-modules java.base,java.logging,java.compiler,java.desktop,java.management,java.naming,java.rmi,java.scripting,java.security.jgss,java.security.sasl,java.sql,jdk.unsupported,jdk.management,jdk.management.agent,jdk.crypto.ec,jdk.incubator.vector,java.instrument,jdk.httpserver,jdk.jfr,jdk.jcmd,jdk.jdwp.agent --output /repo/jlink-jdk/target/maven-jlink/default
[ERROR] 
[ERROR] 
[ERROR] -> [Help 1]
[ERROR] Failed to execute goal org.apache.maven.plugins:maven-compiler-plugin:3.13.0:compile (default-compile) on project crate-libs-shared: Fatal error compiling: Could not retrieve version from /opt/java/jdk-22.0.2+9/bin/javac. Exit code 133, Output: rosetta error: failed to open elf at /lib64/ld-linux-x86-64.so.2 -> [Help 1]
[ERROR] Failed to execute goal org.apache.maven.plugins:maven-compiler-plugin:3.13.0:compile (default-compile) on project crate-libs-guice: Fatal error compiling: Could not retrieve version from /opt/java/jdk-22.0.2+9/bin/javac. Exit code 133, Output: rosetta error: failed to open elf at /lib64/ld-linux-x86-64.so.2 -> [Help 1]
[ERROR] Failed to execute goal org.apache.maven.plugins:maven-compiler-plugin:3.13.0:compile (default-compile) on project crate-libs-pgwire: Fatal error compiling: Could not retrieve version from /opt/java/jdk-22.0.2+9/bin/javac. Exit code 133, Output: rosetta error: failed to open elf at /lib64/ld-linux-x86-64.so.2 -> [Help 1]
[ERROR] 
[ERROR] To see the full stack trace of the errors, re-run Maven with the -e switch.
[ERROR] Re-run Maven using the -X switch to enable full debug logging.
[ERROR] 
[ERROR] For more information about the errors and possible solutions, please read the following articles:
[ERROR] [Help 1] http://cwiki.apache.org/confluence/display/MAVEN/MojoExecutionException
[ERROR] 
[ERROR] After correcting the problems, you can resume the build with the command
[ERROR]   mvn <args> -rf :jlink-jdk
⚠️ Build failed; cleaning cached JDK archives and retrying once...
WARNING: A terminally deprecated method in sun.misc.Unsafe has been called
WARNING: sun.misc.Unsafe::staticFieldBase has been called by com.google.inject.internal.aop.HiddenClassDefiner (file:/usr/share/maven/lib/guice-5.1.0-classes.jar)
WARNING: Please consider reporting this to the maintainers of class com.google.inject.internal.aop.HiddenClassDefiner
WARNING: sun.misc.Unsafe::staticFieldBase will be removed in a future release
[INFO] Scanning for projects...
[INFO] ------------------------------------------------------------------------
[INFO] Reactor Build Order:
[INFO] 
[INFO] crate                                                              [pom]
[INFO] crate-libs-shared                                                  [jar]
[INFO] crate-libs-dex                                                     [jar]
[INFO] crate-libs-es-x-content                                            [jar]
[INFO] crate-libs-cli                                                     [jar]
[INFO] crate-libs-guice                                                   [jar]
[INFO] crate-libs-sql-parser                                              [jar]
[INFO] crate-libs-pgwire                                                  [jar]
[INFO] crate-server                                                       [jar]
[INFO] crate-libs-azure-testing                                           [jar]
[INFO] es-analysis-common                                                 [jar]
[INFO] es-analysis-phonetic                                               [jar]
[INFO] es-discovery-ec2                                                   [jar]
[INFO] es-repository-s3                                                   [jar]
[INFO] es-repository-url                                                  [jar]
[INFO] es-repository-azure                                                [jar]
[INFO] repository-gcs                                                     [jar]
[INFO] dns-discovery                                                      [jar]
[INFO] crate-copy-s3                                                      [jar]
[INFO] crate-copy-azure                                                   [jar]
[INFO] crate-functions                                                    [jar]
[INFO] crate-lang-js                                                      [jar]
[INFO] crate-jmx-monitoring                                               [jar]
[INFO] jlink-jdk                                                        [jlink]
[INFO] crate-app                                                          [jar]
[INFO] crate-benchmarks                                                   [jar]
[INFO] 
[INFO] Using the MultiThreadedBuilder implementation with a thread count of 8
[INFO] 
[INFO] ---------------------------< io.crate:crate >---------------------------
[INFO] Building crate 5.9.7                                              [1/26]
[INFO]   from pom.xml
[INFO] --------------------------------[ pom ]---------------------------------
[INFO] 
[INFO] --- clean:3.4.0:clean (default-clean) @ crate ---
[INFO] 
[INFO] --- enforcer:3.5.0:enforce (enforce-maven) @ crate ---
[INFO] Skipping Rule Enforcement.
[INFO] 
[INFO] --- checkstyle:3.5.0:check (validate) @ crate ---
[INFO] 
[INFO] --- toolchains:4.5.0:toolchain (default) @ crate ---
[INFO] Required toolchain: jdk [ vendor='temurin' version='22.0.2+9' ]
[INFO] Found matching toolchain for toolchainType jdk: JDK[/opt/java/jdk-22.0.2+9]
[INFO] 
[INFO] --- jacoco:0.8.12:prepare-agent (default-prepare-agent) @ crate ---
[INFO] argLine set to -javaagent:/root/.m2/repository/org/jacoco/org.jacoco.agent/0.8.12/org.jacoco.agent-0.8.12-runtime.jar=destfile=/repo/target/jacoco.exec
[INFO] 
[INFO] --- forbiddenapis:3.8:check (default) @ crate ---
[INFO] Skipping forbidden-apis checks.
[INFO] 
[INFO] --- install:3.1.3:install (default-install) @ crate ---
[INFO] Installing /repo/pom.xml to /root/.m2/repository/io/crate/crate/5.9.7/crate-5.9.7.pom
[INFO] 
[INFO] ---------------------< io.crate:crate-libs-shared >---------------------
[INFO] Building crate-libs-shared 5.9.7                                  [2/26]
[INFO]   from libs/shared/pom.xml
[INFO] --------------------------------[ jar ]---------------------------------
[INFO] 
[INFO] ---------------------< io.crate:crate-libs-guice >----------------------
[INFO] Building crate-libs-guice 5.9.7                                   [3/26]
[INFO]   from libs/guice/pom.xml
[INFO] --------------------------------[ jar ]---------------------------------
[INFO] 
[INFO] ---------------------< io.crate:crate-libs-pgwire >---------------------
[INFO] Building crate-libs-pgwire 5.9.7                                  [4/26]
[INFO]   from libs/pgwire/pom.xml
[INFO] --------------------------------[ jar ]---------------------------------
[INFO] 
[INFO] -------------------------< io.crate:jlink-jdk >-------------------------
[INFO] Building jlink-jdk 5.9.7                                          [5/26]
[INFO]   from jlink-jdk/pom.xml
[INFO] -------------------------------[ jlink ]--------------------------------
[WARNING] *****************************************************************
[WARNING] * Your build is requesting parallel execution, but this         *
[WARNING] * project contains the following plugin(s) that have goals not  *
[WARNING] * marked as thread-safe to support parallel execution.          *
[WARNING] * While this /may/ work fine, please look for plugin updates    *
[WARNING] * and/or request plugins be made thread-safe.                   *
[WARNING] * If reporting an issue, report it against the plugin in        *
[WARNING] * question, not against Apache Maven.                           *
[WARNING] *****************************************************************
[WARNING] The following plugins are not marked as thread-safe in jlink-jdk:
[WARNING]   org.apache.maven.plugins:maven-jlink-plugin:3.1.0
[WARNING] 
[WARNING] Enable debug to see precisely which goals are not marked as thread-safe.
[WARNING] *****************************************************************
[INFO] 
[INFO] --- clean:3.4.0:clean (default-clean) @ jlink-jdk ---
[INFO] 
[INFO] --- enforcer:3.5.0:enforce (enforce-maven) @ jlink-jdk ---
[INFO] Skipping Rule Enforcement.
[INFO] 
[INFO] --- checkstyle:3.5.0:check (validate) @ jlink-jdk ---
[INFO] 
[INFO] --- toolchains:4.5.0:toolchain (default) @ jlink-jdk ---
[INFO] Required toolchain: jdk [ vendor='temurin' version='22.0.2+9' ]
[INFO] Found matching toolchain for toolchainType jdk: JDK[/opt/java/jdk-22.0.2+9]
[INFO] 
[INFO] --- jacoco:0.8.12:prepare-agent (default-prepare-agent) @ jlink-jdk ---
[INFO] argLine set to -javaagent:/root/.m2/repository/org/jacoco/org.jacoco.agent/0.8.12/org.jacoco.agent-0.8.12-runtime.jar=destfile=/repo/jlink-jdk/target/jacoco.exec
[INFO] 
[INFO] --- resources:3.3.1:resources (default-resources) @ jlink-jdk ---
[INFO] 
[INFO] --- clean:3.4.0:clean (default-clean) @ crate-libs-guice ---
[INFO] Deleting /repo/libs/guice/target
[INFO] 
[INFO] --- clean:3.4.0:clean (default-clean) @ crate-libs-pgwire ---
[INFO] Deleting /repo/libs/pgwire/target
[INFO] 
[INFO] --- clean:3.4.0:clean (default-clean) @ crate-libs-shared ---
[INFO] Deleting /repo/libs/shared/target
[INFO] 
[INFO] --- enforcer:3.5.0:enforce (enforce-maven) @ crate-libs-guice ---
[INFO] Skipping Rule Enforcement.
[INFO] 
[INFO] --- checkstyle:3.5.0:check (validate) @ crate-libs-guice ---
[INFO] 
[INFO] --- toolchains:4.5.0:toolchain (default) @ crate-libs-guice ---
[INFO] Required toolchain: jdk [ vendor='temurin' version='22.0.2+9' ]
[INFO] Found matching toolchain for toolchainType jdk: JDK[/opt/java/jdk-22.0.2+9]
[INFO] 
[INFO] --- jacoco:0.8.12:prepare-agent (default-prepare-agent) @ crate-libs-guice ---
[INFO] argLine set to -javaagent:/root/.m2/repository/org/jacoco/org.jacoco.agent/0.8.12/org.jacoco.agent-0.8.12-runtime.jar=destfile=/repo/libs/guice/target/jacoco.exec
[INFO] 
[INFO] --- resources:3.3.1:resources (default-resources) @ crate-libs-guice ---
[INFO] 
[INFO] --- enforcer:3.5.0:enforce (enforce-maven) @ crate-libs-shared ---
[INFO] Skipping Rule Enforcement.
[INFO] 
[INFO] --- checkstyle:3.5.0:check (validate) @ crate-libs-shared ---
[INFO] 
[INFO] --- toolchains:4.5.0:toolchain (default) @ crate-libs-shared ---
[INFO] Required toolchain: jdk [ vendor='temurin' version='22.0.2+9' ]
[INFO] Found matching toolchain for toolchainType jdk: JDK[/opt/java/jdk-22.0.2+9]
[INFO] 
[INFO] --- jacoco:0.8.12:prepare-agent (default-prepare-agent) @ crate-libs-shared ---
[INFO] argLine set to -javaagent:/root/.m2/repository/org/jacoco/org.jacoco.agent/0.8.12/org.jacoco.agent-0.8.12-runtime.jar=destfile=/repo/libs/shared/target/jacoco.exec
[INFO] 
[INFO] --- resources:3.3.1:resources (default-resources) @ crate-libs-shared ---
[INFO] skip non existing resourceDirectory /repo/jlink-jdk/src/main/resources
[INFO] skip non existing resourceDirectory /repo/libs/guice/src/main/resources
[INFO] 
[INFO] --- compiler:3.13.0:compile (default-compile) @ crate-libs-guice ---
[INFO] 
[INFO] --- compiler:3.13.0:compile (default-compile) @ jlink-jdk ---
[INFO] skip non existing resourceDirectory /repo/libs/shared/src/main/resources
[INFO] 
[INFO] --- compiler:3.13.0:compile (default-compile) @ crate-libs-shared ---
[INFO] 
[INFO] --- enforcer:3.5.0:enforce (enforce-maven) @ crate-libs-pgwire ---
[INFO] Skipping Rule Enforcement.
[INFO] 
[INFO] --- checkstyle:3.5.0:check (validate) @ crate-libs-pgwire ---
[INFO] 
[INFO] --- toolchains:4.5.0:toolchain (default) @ crate-libs-pgwire ---
[INFO] Required toolchain: jdk [ vendor='temurin' version='22.0.2+9' ]
[INFO] Found matching toolchain for toolchainType jdk: JDK[/opt/java/jdk-22.0.2+9]
[INFO] 
[INFO] --- jacoco:0.8.12:prepare-agent (default-prepare-agent) @ crate-libs-pgwire ---
[INFO] argLine set to -javaagent:/root/.m2/repository/org/jacoco/org.jacoco.agent/0.8.12/org.jacoco.agent-0.8.12-runtime.jar=destfile=/repo/libs/pgwire/target/jacoco.exec
[INFO] 
[INFO] --- antlr4:4.13.2:antlr4 (antlr) @ crate-libs-pgwire ---
[INFO] Toolchain in maven-compiler-plugin: JDK[/opt/java/jdk-22.0.2+9]
[INFO] Toolchain in maven-compiler-plugin: JDK[/opt/java/jdk-22.0.2+9]
[INFO] Toolchain in maven-compiler-plugin: JDK[/opt/java/jdk-22.0.2+9]
[INFO] No sources to compile
[INFO] 
[INFO] --- resources:3.3.1:testResources (default-testResources) @ jlink-jdk ---
[INFO] ANTLR 4: Processing source directory /repo/libs/pgwire/src/main/antlr
[INFO] skip non existing resourceDirectory /repo/jlink-jdk/src/test/resources
[INFO] 
[INFO] --- compiler:3.13.0:testCompile (default-testCompile) @ jlink-jdk ---
[INFO] Toolchain in maven-compiler-plugin: JDK[/opt/java/jdk-22.0.2+9]
[INFO] No sources to compile
[INFO] 
[INFO] --- surefire:3.5.0:test (default-test) @ jlink-jdk ---
[INFO] Tests are skipped.
[INFO] 
[INFO] --- jlink:3.1.0:jlink (default-jlink) @ jlink-jdk ---
[INFO] Toolchain in maven-jlink-plugin: jlink [ /opt/java/jdk-22.0.2+9/bin/jlink ]
[INFO] Recompiling the module because of changed source code.
[INFO] Compiling 48 source files with javac [forked debug target 22] to target/classes
[INFO] Processing grammar: io/crate/protocols/postgres/antlr/PgArray.g4
[INFO] Recompiling the module because of changed source code.
[INFO] Compiling 169 source files with javac [forked debug target 22] to target/classes
[INFO] 
[INFO] --- resources:3.3.1:resources (default-resources) @ crate-libs-pgwire ---
[INFO] skip non existing resourceDirectory /repo/libs/pgwire/src/main/resources
[INFO] 
[INFO] --- compiler:3.13.0:compile (default-compile) @ crate-libs-pgwire ---
[INFO] Toolchain in maven-compiler-plugin: JDK[/opt/java/jdk-22.0.2+9]
[INFO] Recompiling the module because of changed source code.
[INFO] Compiling 7 source files with javac [forked debug target 22] to target/classes
[INFO] ------------------------------------------------------------------------
[INFO] Reactor Summary for crate 5.9.7:
[INFO] 
[INFO] crate .............................................. SUCCESS [  0.618 s]
[INFO] crate-libs-shared .................................. FAILURE [  0.283 s]
[INFO] crate-libs-dex ..................................... SKIPPED
[INFO] crate-libs-es-x-content ............................ SKIPPED
[INFO] crate-libs-cli ..................................... SKIPPED
[INFO] crate-libs-guice ................................... FAILURE [  0.318 s]
[INFO] crate-libs-sql-parser .............................. SKIPPED
[INFO] crate-libs-pgwire .................................. FAILURE [  0.441 s]
[INFO] crate-server ....................................... SKIPPED
[INFO] crate-libs-azure-testing ........................... SKIPPED
[INFO] es-analysis-common ................................. SKIPPED
[INFO] es-analysis-phonetic ............................... SKIPPED
[INFO] es-discovery-ec2 ................................... SKIPPED
[INFO] es-repository-s3 ................................... SKIPPED
[INFO] es-repository-url .................................. SKIPPED
[INFO] es-repository-azure ................................ SKIPPED
[INFO] repository-gcs ..................................... SKIPPED
[INFO] dns-discovery ...................................... SKIPPED
[INFO] crate-copy-s3 ...................................... SKIPPED
[INFO] crate-copy-azure ................................... SKIPPED
[INFO] crate-functions .................................... SKIPPED
[INFO] crate-lang-js ...................................... SKIPPED
[INFO] crate-jmx-monitoring ............................... SKIPPED
[INFO] jlink-jdk .......................................... FAILURE [  0.227 s]
[INFO] crate-app .......................................... SKIPPED
[INFO] crate-benchmarks ................................... SKIPPED
[INFO] ------------------------------------------------------------------------
[INFO] BUILD FAILURE
[INFO] ------------------------------------------------------------------------
[INFO] Total time:  1.444 s (Wall Clock)
[INFO] Finished at: 2026-04-25T12:48:44Z
[INFO] ------------------------------------------------------------------------
[ERROR] Failed to execute goal org.apache.maven.plugins:maven-jlink-plugin:3.1.0:jlink (default-jlink) on project jlink-jdk: 
[ERROR] Exit code: 133 - rosetta error: failed to open elf at /lib64/ld-linux-x86-64.so.2
[ERROR]  Trace/breakpoint trap
[ERROR] 
[ERROR] Command line was: /bin/sh -c /opt/java/jdk-22.0.2+9/bin/jlink --module-path /opt/java/jdk-22.0.2+9/jmods --add-modules java.base,java.logging,java.compiler,java.desktop,java.management,java.naming,java.rmi,java.scripting,java.security.jgss,java.security.sasl,java.sql,jdk.unsupported,jdk.management,jdk.management.agent,jdk.crypto.ec,jdk.incubator.vector,java.instrument,jdk.httpserver,jdk.jfr,jdk.jcmd,jdk.jdwp.agent --output /repo/jlink-jdk/target/maven-jlink/default
[ERROR] 
[ERROR] 
[ERROR] -> [Help 1]
[ERROR] Failed to execute goal org.apache.maven.plugins:maven-compiler-plugin:3.13.0:compile (default-compile) on project crate-libs-shared: Fatal error compiling: Could not retrieve version from /opt/java/jdk-22.0.2+9/bin/javac. Exit code 133, Output: rosetta error: failed to open elf at /lib64/ld-linux-x86-64.so.2 -> [Help 1]
[ERROR] Failed to execute goal org.apache.maven.plugins:maven-compiler-plugin:3.13.0:compile (default-compile) on project crate-libs-guice: Fatal error compiling: Could not retrieve version from /opt/java/jdk-22.0.2+9/bin/javac. Exit code 133, Output: rosetta error: failed to open elf at /lib64/ld-linux-x86-64.so.2 -> [Help 1]
[ERROR] Failed to execute goal org.apache.maven.plugins:maven-compiler-plugin:3.13.0:compile (default-compile) on project crate-libs-pgwire: Fatal error compiling: Could not retrieve version from /opt/java/jdk-22.0.2+9/bin/javac. Exit code 133, Output: rosetta error: failed to open elf at /lib64/ld-linux-x86-64.so.2 -> [Help 1]
[ERROR] 
[ERROR] To see the full stack trace of the errors, re-run Maven with the -e switch.
[ERROR] Re-run Maven using the -X switch to enable full debug logging.
[ERROR] 
[ERROR] For more information about the errors and possible solutions, please read the following articles:
[ERROR] [Help 1] http://cwiki.apache.org/confluence/display/MAVEN/MojoExecutionException
[ERROR] 
[ERROR] After correcting the problems, you can resume the build with the command
[ERROR]   mvn <args> -rf :jlink-jdk
❌ Build Failed
