2026-04-29 00:44:00,956 - backport - INFO - Row 168 [elasticsearch]: extracting original.patch
2026-04-29 00:44:00,965 - backport - INFO - Row 168: 12 total hunks, 9 after filtering (test/non-Java removed)
2026-04-29 00:44:00,966 - backport - INFO - Row 168 [elasticsearch]: extracting developer.patch
2026-04-29 00:44:01,026 - backport - INFO - Row 168: detected 1 test target(s) from developer.patch
2026-04-29 00:44:01,219 - backport - INFO - Row 168: starting PortGPT backport agent
2026-04-29 00:44:11,278 - backport - WARNING - Row 168: could not apply developer non-source changes — Cmd('git') failed due to: exit code(128)
  cmdline: git apply /tmp/tmpb9vjdryx.patch
  stderr: 'error: corrupt patch at line 59'
2026-04-29 00:44:11,281 - backport - INFO - Row 168: running build/test validation via helpers/
2026-04-29 00:44:11,282 - backport - INFO -   Running build for elasticsearch (helper: elasticsearch)
2026-04-29 00:48:07,655 - backport - WARNING -   Build failed — skipping test run
2026-04-29 00:48:07,661 - backport - WARNING - Row 168: PARTIAL — 9/9 hunk(s) succeeded
2026-04-29 12:32:27,565 - backport - INFO - Row 168 [elasticsearch]: extracting original.patch
2026-04-29 12:32:27,580 - backport - INFO - Row 168: 12 total hunks, 9 after filtering (test/non-Java removed)
2026-04-29 12:32:27,583 - backport - INFO - Row 168 [elasticsearch]: extracting developer.patch
2026-04-29 12:32:27,683 - backport - INFO - Row 168: detected 1 test target(s) from developer.patch
2026-04-29 12:32:28,006 - backport - INFO - Row 168: starting PortGPT backport agent
2026-04-29 12:32:36,888 - backport - INFO - Row 168: merged 3 non-source hunk(s) from developer.patch into working tree
2026-04-29 12:32:36,891 - backport - INFO - Row 168: running build/test validation via helpers/
2026-04-29 12:32:36,892 - backport - INFO -   Running build for elasticsearch (helper: elasticsearch)
2026-04-29 12:36:17,976 - backport - WARNING -   Build failed — skipping test run
2026-04-29 12:36:17,978 - backport - WARNING - Row 168: PARTIAL — 9/9 hunk(s) succeeded
