--- Building code for a2f572f ---
CPU detected: 8
Maven threads: 8
--- Changing directory to /Users/hasangaranasinghe/Documents/FYP/PORTGPT/patch-backporting/my_java_dataset/repos/crate ---
maven-cache-crate
--- Docker image maven-jdk11:latest already exists, skipping build ---
--- Verifying JDK executables in builder image... ---
openjdk version "24.0.2" 2025-07-15
OpenJDK Runtime Environment Temurin-24.0.2+12 (build 24.0.2+12)
OpenJDK 64-Bit Server VM Temurin-24.0.2+12 (build 24.0.2+12, mixed mode, sharing)
openjdk version "22.0.2" 2024-07-16
OpenJDK Runtime Environment Temurin-22.0.2+9 (build 22.0.2+9)
OpenJDK 64-Bit Server VM Temurin-22.0.2+9 (build 22.0.2+9, mixed mode, sharing)
openjdk version "21.0.4" 2024-07-16 LTS
OpenJDK Runtime Environment Temurin-21.0.4+7 (build 21.0.4+7-LTS)
OpenJDK 64-Bit Server VM Temurin-21.0.4+7 (build 21.0.4+7-LTS, mixed mode, sharing)
openjdk version "17.0.12" 2024-07-16
OpenJDK Runtime Environment Temurin-17.0.12+7 (build 17.0.12+7)
OpenJDK 64-Bit Server VM Temurin-17.0.12+7 (build 17.0.12+7, mixed mode, sharing)
--- Setting cache permissions... ---
--- Building with Maven... ---
WARNING: A terminally deprecated method in sun.misc.Unsafe has been called
WARNING: sun.misc.Unsafe::staticFieldBase has been called by com.google.inject.internal.aop.HiddenClassDefiner (file:/usr/share/maven/lib/guice-5.1.0-classes.jar)
WARNING: Please consider reporting this to the maintainers of class com.google.inject.internal.aop.HiddenClassDefiner
WARNING: sun.misc.Unsafe::staticFieldBase will be removed in a future release
[INFO] Scanning for projects...
[INFO] ------------------------------------------------------------------------
[INFO] Reactor Build Order:
[INFO] 
[INFO] crate                                                              [pom]
[INFO] crate-libs-shared                                                  [jar]
[INFO] crate-libs-dex                                                     [jar]
[INFO] crate-libs-es-x-content                                            [jar]
[INFO] crate-libs-cli                                                     [jar]
[INFO] crate-libs-guice                                                   [jar]
[INFO] crate-libs-sql-parser                                              [jar]
[INFO] crate-libs-pgwire                                                  [jar]
[INFO] crate-server                                                       [jar]
[INFO] crate-libs-azure-testing                                           [jar]
[INFO] es-analysis-common                                                 [jar]
[INFO] es-analysis-phonetic                                               [jar]
[INFO] es-discovery-ec2                                                   [jar]
[INFO] es-repository-s3                                                   [jar]
[INFO] es-repository-url                                                  [jar]
[INFO] es-repository-azure                                                [jar]
[INFO] repository-gcs                                                     [jar]
[INFO] dns-discovery                                                      [jar]
[INFO] crate-copy-s3                                                      [jar]
[INFO] crate-copy-azure                                                   [jar]
[INFO] crate-functions                                                    [jar]
[INFO] crate-lang-js                                                      [jar]
[INFO] crate-jmx-monitoring                                               [jar]
[INFO] jlink-jdk                                                        [jlink]
[INFO] crate-app                                                          [jar]
[INFO] crate-benchmarks                                                   [jar]
[INFO] 
[INFO] Using the MultiThreadedBuilder implementation with a thread count of 8
[INFO] 
[INFO] ---------------------------< io.crate:crate >---------------------------
[INFO] Building crate 5.10.15                                            [1/26]
[INFO]   from pom.xml
[INFO] --------------------------------[ pom ]---------------------------------
[INFO] 
[INFO] --- clean:3.4.0:clean (default-clean) @ crate ---
[INFO] 
[INFO] --- enforcer:3.5.0:enforce (enforce-maven) @ crate ---
[INFO] Skipping Rule Enforcement.
[INFO] 
[INFO] --- checkstyle:3.6.0:check (validate) @ crate ---
[INFO] 
[INFO] --- toolchains:4.5.0:toolchain (default) @ crate ---
[INFO] Required toolchain: jdk [ vendor='temurin' version='23.0.2' ]
[INFO] Begin to install JDK 23.0.2
[INFO] Download OpenJDK23U-jdk_aarch64_linux_hotspot_23.0.2_7.tar.gz from https://github.com/adoptium/temurin23-binaries/releases/download/jdk-23.0.2%2B7/OpenJDK23U-jdk_aarch64_linux_hotspot_23.0.2_7.tar.gz
[ERROR] Failed to download and install JDK
java.io.IOException: Premature EOF
    at sun.net.www.MeteredStream.justRead (MeteredStream.java:58)
    at sun.net.www.MeteredStream.read (MeteredStream.java:135)
    at java.io.FilterInputStream.read (FilterInputStream.java:119)
    at sun.net.www.protocol.http.HttpURLConnection$HttpInputStream.read (HttpURLConnection.java:3309)
    at sun.net.www.protocol.http.HttpURLConnection$HttpInputStream.read (HttpURLConnection.java:3302)
    at org.apache.commons.io.IOUtils.copyLarge (IOUtils.java:2146)
    at org.apache.commons.io.IOUtils.copy (IOUtils.java:2102)
    at org.apache.commons.io.IOUtils.copyLarge (IOUtils.java:2123)
    at org.apache.commons.io.IOUtils.copy (IOUtils.java:2078)
    at org.apache.commons.io.FileUtils.copyToFile (FileUtils.java:1554)
    at org.apache.commons.io.FileUtils.copyInputStreamToFile (FileUtils.java:1528)
    at org.apache.commons.io.FileUtils.copyURLToFile (FileUtils.java:1478)
    at org.apache.maven.plugins.toolchain.FoojayService.downloadAndExtract (FoojayService.java:162)
    at org.apache.maven.plugins.toolchain.FoojayService.downloadAndExtractJdk (FoojayService.java:94)
    at org.apache.maven.plugins.toolchain.ToolchainMojo.autoInstallJdk (ToolchainMojo.java:233)
    at org.apache.maven.plugins.toolchain.ToolchainMojo.selectToolchain (ToolchainMojo.java:195)
    at org.apache.maven.plugins.toolchain.ToolchainMojo.execute (ToolchainMojo.java:111)
    at org.apache.maven.plugin.DefaultBuildPluginManager.executeMojo (DefaultBuildPluginManager.java:126)
    at org.apache.maven.lifecycle.internal.MojoExecutor.doExecute2 (MojoExecutor.java:328)
    at org.apache.maven.lifecycle.internal.MojoExecutor.doExecute (MojoExecutor.java:316)
    at org.apache.maven.lifecycle.internal.MojoExecutor.execute (MojoExecutor.java:212)
    at org.apache.maven.lifecycle.internal.MojoExecutor.execute (MojoExecutor.java:174)
    at org.apache.maven.lifecycle.internal.MojoExecutor.access$000 (MojoExecutor.java:75)
    at org.apache.maven.lifecycle.internal.MojoExecutor$1.run (MojoExecutor.java:162)
    at org.apache.maven.plugin.DefaultMojosExecutionStrategy.execute (DefaultMojosExecutionStrategy.java:39)
    at org.apache.maven.lifecycle.internal.MojoExecutor.execute (MojoExecutor.java:159)
    at org.apache.maven.lifecycle.internal.LifecycleModuleBuilder.buildProject (LifecycleModuleBuilder.java:105)
    at org.apache.maven.lifecycle.internal.builder.multithreaded.MultiThreadedBuilder$1.call (MultiThreadedBuilder.java:193)
    at org.apache.maven.lifecycle.internal.builder.multithreaded.MultiThreadedBuilder$1.call (MultiThreadedBuilder.java:180)
    at java.util.concurrent.FutureTask.run (FutureTask.java:328)
    at java.util.concurrent.Executors$RunnableAdapter.call (Executors.java:545)
    at java.util.concurrent.FutureTask.run (FutureTask.java:328)
    at java.util.concurrent.ThreadPoolExecutor.runWorker (ThreadPoolExecutor.java:1095)
    at java.util.concurrent.ThreadPoolExecutor$Worker.run (ThreadPoolExecutor.java:619)
    at java.lang.Thread.run (Thread.java:1447)
[ERROR] No toolchain matched from 4 found for toolchainType jdk
[ERROR] Cannot find matching toolchain definitions for the following toolchain types:
jdk [ vendor='temurin' version='23.0.2' ]
[INFO] ------------------------------------------------------------------------
[INFO] Reactor Summary for crate 5.10.15:
[INFO] 
[INFO] crate .............................................. FAILURE [21:52 min]
[INFO] crate-libs-shared .................................. SKIPPED
[INFO] crate-libs-dex ..................................... SKIPPED
[INFO] crate-libs-es-x-content ............................ SKIPPED
[INFO] crate-libs-cli ..................................... SKIPPED
[INFO] crate-libs-guice ................................... SKIPPED
[INFO] crate-libs-sql-parser .............................. SKIPPED
[INFO] crate-libs-pgwire .................................. SKIPPED
[INFO] crate-server ....................................... SKIPPED
[INFO] crate-libs-azure-testing ........................... SKIPPED
[INFO] es-analysis-common ................................. SKIPPED
[INFO] es-analysis-phonetic ............................... SKIPPED
[INFO] es-discovery-ec2 ................................... SKIPPED
[INFO] es-repository-s3 ................................... SKIPPED
[INFO] es-repository-url .................................. SKIPPED
[INFO] es-repository-azure ................................ SKIPPED
[INFO] repository-gcs ..................................... SKIPPED
[INFO] dns-discovery ...................................... SKIPPED
[INFO] crate-copy-s3 ...................................... SKIPPED
[INFO] crate-copy-azure ................................... SKIPPED
[INFO] crate-functions .................................... SKIPPED
[INFO] crate-lang-js ...................................... SKIPPED
[INFO] crate-jmx-monitoring ............................... SKIPPED
[INFO] jlink-jdk .......................................... SKIPPED
[INFO] crate-app .......................................... SKIPPED
[INFO] crate-benchmarks ................................... SKIPPED
[INFO] ------------------------------------------------------------------------
[INFO] BUILD FAILURE
[INFO] ------------------------------------------------------------------------
[INFO] Total time:  21:52 min (Wall Clock)
[INFO] Finished at: 2026-04-26T10:20:43Z
[INFO] ------------------------------------------------------------------------
[ERROR] Failed to execute goal org.mvnsearch:toolchains-maven-plugin:4.5.0:toolchain (default) on project crate: Cannot find matching toolchain definitions for the following toolchain types:
[ERROR] jdk [ vendor='temurin' version='23.0.2' ]
[ERROR] Please make sure you define the required toolchains in your ~/.m2/toolchains.xml file.
[ERROR] -> [Help 1]
[ERROR] 
[ERROR] To see the full stack trace of the errors, re-run Maven with the -e switch.
[ERROR] Re-run Maven using the -X switch to enable full debug logging.
[ERROR] 
[ERROR] For more information about the errors and possible solutions, please read the following articles:
[ERROR] [Help 1] http://cwiki.apache.org/confluence/display/MAVEN/MojoFailureException
⚠️ Build failed; cleaning cached JDK archives and retrying once...
WARNING: A terminally deprecated method in sun.misc.Unsafe has been called
WARNING: sun.misc.Unsafe::staticFieldBase has been called by com.google.inject.internal.aop.HiddenClassDefiner (file:/usr/share/maven/lib/guice-5.1.0-classes.jar)
WARNING: Please consider reporting this to the maintainers of class com.google.inject.internal.aop.HiddenClassDefiner
WARNING: sun.misc.Unsafe::staticFieldBase will be removed in a future release
[INFO] Scanning for projects...
[INFO] ------------------------------------------------------------------------
[INFO] Reactor Build Order:
[INFO] 
[INFO] crate                                                              [pom]
[INFO] crate-libs-shared                                                  [jar]
[INFO] crate-libs-dex                                                     [jar]
[INFO] crate-libs-es-x-content                                            [jar]
[INFO] crate-libs-cli                                                     [jar]
[INFO] crate-libs-guice                                                   [jar]
[INFO] crate-libs-sql-parser                                              [jar]
[INFO] crate-libs-pgwire                                                  [jar]
[INFO] crate-server                                                       [jar]
[INFO] crate-libs-azure-testing                                           [jar]
[INFO] es-analysis-common                                                 [jar]
[INFO] es-analysis-phonetic                                               [jar]
[INFO] es-discovery-ec2                                                   [jar]
[INFO] es-repository-s3                                                   [jar]
[INFO] es-repository-url                                                  [jar]
[INFO] es-repository-azure                                                [jar]
[INFO] repository-gcs                                                     [jar]
[INFO] dns-discovery                                                      [jar]
[INFO] crate-copy-s3                                                      [jar]
[INFO] crate-copy-azure                                                   [jar]
[INFO] crate-functions                                                    [jar]
[INFO] crate-lang-js                                                      [jar]
[INFO] crate-jmx-monitoring                                               [jar]
[INFO] jlink-jdk                                                        [jlink]
[INFO] crate-app                                                          [jar]
[INFO] crate-benchmarks                                                   [jar]
[INFO] 
[INFO] Using the MultiThreadedBuilder implementation with a thread count of 8
[INFO] 
[INFO] ---------------------------< io.crate:crate >---------------------------
[INFO] Building crate 5.10.15                                            [1/26]
[INFO]   from pom.xml
[INFO] --------------------------------[ pom ]---------------------------------
[INFO] 
[INFO] --- clean:3.4.0:clean (default-clean) @ crate ---
[INFO] 
[INFO] --- enforcer:3.5.0:enforce (enforce-maven) @ crate ---
[INFO] Skipping Rule Enforcement.
[INFO] 
[INFO] --- checkstyle:3.6.0:check (validate) @ crate ---
[INFO] 
[INFO] --- toolchains:4.5.0:toolchain (default) @ crate ---
[INFO] Required toolchain: jdk [ vendor='temurin' version='23.0.2' ]
[INFO] Begin to install JDK 23.0.2
[INFO] Download OpenJDK23U-jdk_aarch64_linux_hotspot_23.0.2_7.tar.gz from https://github.com/adoptium/temurin23-binaries/releases/download/jdk-23.0.2%2B7/OpenJDK23U-jdk_aarch64_linux_hotspot_23.0.2_7.tar.gz
[ERROR] Failed to download and install JDK
java.io.IOException: Premature EOF
    at sun.net.www.MeteredStream.justRead (MeteredStream.java:58)
    at sun.net.www.MeteredStream.read (MeteredStream.java:135)
    at java.io.FilterInputStream.read (FilterInputStream.java:119)
    at sun.net.www.protocol.http.HttpURLConnection$HttpInputStream.read (HttpURLConnection.java:3309)
    at sun.net.www.protocol.http.HttpURLConnection$HttpInputStream.read (HttpURLConnection.java:3302)
    at org.apache.commons.io.IOUtils.copyLarge (IOUtils.java:2146)
    at org.apache.commons.io.IOUtils.copy (IOUtils.java:2102)
    at org.apache.commons.io.IOUtils.copyLarge (IOUtils.java:2123)
    at org.apache.commons.io.IOUtils.copy (IOUtils.java:2078)
    at org.apache.commons.io.FileUtils.copyToFile (FileUtils.java:1554)
    at org.apache.commons.io.FileUtils.copyInputStreamToFile (FileUtils.java:1528)
    at org.apache.commons.io.FileUtils.copyURLToFile (FileUtils.java:1478)
    at org.apache.maven.plugins.toolchain.FoojayService.downloadAndExtract (FoojayService.java:162)
    at org.apache.maven.plugins.toolchain.FoojayService.downloadAndExtractJdk (FoojayService.java:94)
    at org.apache.maven.plugins.toolchain.ToolchainMojo.autoInstallJdk (ToolchainMojo.java:233)
    at org.apache.maven.plugins.toolchain.ToolchainMojo.selectToolchain (ToolchainMojo.java:195)
    at org.apache.maven.plugins.toolchain.ToolchainMojo.execute (ToolchainMojo.java:111)
    at org.apache.maven.plugin.DefaultBuildPluginManager.executeMojo (DefaultBuildPluginManager.java:126)
    at org.apache.maven.lifecycle.internal.MojoExecutor.doExecute2 (MojoExecutor.java:328)
    at org.apache.maven.lifecycle.internal.MojoExecutor.doExecute (MojoExecutor.java:316)
    at org.apache.maven.lifecycle.internal.MojoExecutor.execute (MojoExecutor.java:212)
    at org.apache.maven.lifecycle.internal.MojoExecutor.execute (MojoExecutor.java:174)
    at org.apache.maven.lifecycle.internal.MojoExecutor.access$000 (MojoExecutor.java:75)
    at org.apache.maven.lifecycle.internal.MojoExecutor$1.run (MojoExecutor.java:162)
    at org.apache.maven.plugin.DefaultMojosExecutionStrategy.execute (DefaultMojosExecutionStrategy.java:39)
    at org.apache.maven.lifecycle.internal.MojoExecutor.execute (MojoExecutor.java:159)
    at org.apache.maven.lifecycle.internal.LifecycleModuleBuilder.buildProject (LifecycleModuleBuilder.java:105)
    at org.apache.maven.lifecycle.internal.builder.multithreaded.MultiThreadedBuilder$1.call (MultiThreadedBuilder.java:193)
    at org.apache.maven.lifecycle.internal.builder.multithreaded.MultiThreadedBuilder$1.call (MultiThreadedBuilder.java:180)
    at java.util.concurrent.FutureTask.run (FutureTask.java:328)
    at java.util.concurrent.Executors$RunnableAdapter.call (Executors.java:545)
    at java.util.concurrent.FutureTask.run (FutureTask.java:328)
    at java.util.concurrent.ThreadPoolExecutor.runWorker (ThreadPoolExecutor.java:1095)
    at java.util.concurrent.ThreadPoolExecutor$Worker.run (ThreadPoolExecutor.java:619)
    at java.lang.Thread.run (Thread.java:1447)
[ERROR] No toolchain matched from 4 found for toolchainType jdk
[ERROR] Cannot find matching toolchain definitions for the following toolchain types:
jdk [ vendor='temurin' version='23.0.2' ]
[INFO] ------------------------------------------------------------------------
[INFO] Reactor Summary for crate 5.10.15:
[INFO] 
[INFO] crate .............................................. FAILURE [09:19 min]
[INFO] crate-libs-shared .................................. SKIPPED
[INFO] crate-libs-dex ..................................... SKIPPED
[INFO] crate-libs-es-x-content ............................ SKIPPED
[INFO] crate-libs-cli ..................................... SKIPPED
[INFO] crate-libs-guice ................................... SKIPPED
[INFO] crate-libs-sql-parser .............................. SKIPPED
[INFO] crate-libs-pgwire .................................. SKIPPED
[INFO] crate-server ....................................... SKIPPED
[INFO] crate-libs-azure-testing ........................... SKIPPED
[INFO] es-analysis-common ................................. SKIPPED
[INFO] es-analysis-phonetic ............................... SKIPPED
[INFO] es-discovery-ec2 ................................... SKIPPED
[INFO] es-repository-s3 ................................... SKIPPED
[INFO] es-repository-url .................................. SKIPPED
[INFO] es-repository-azure ................................ SKIPPED
[INFO] repository-gcs ..................................... SKIPPED
[INFO] dns-discovery ...................................... SKIPPED
[INFO] crate-copy-s3 ...................................... SKIPPED
[INFO] crate-copy-azure ................................... SKIPPED
[INFO] crate-functions .................................... SKIPPED
[INFO] crate-lang-js ...................................... SKIPPED
[INFO] crate-jmx-monitoring ............................... SKIPPED
[INFO] jlink-jdk .......................................... SKIPPED
[INFO] crate-app .......................................... SKIPPED
[INFO] crate-benchmarks ................................... SKIPPED
[INFO] ------------------------------------------------------------------------
[INFO] BUILD FAILURE
[INFO] ------------------------------------------------------------------------
[INFO] Total time:  09:20 min (Wall Clock)
[INFO] Finished at: 2026-04-26T10:30:05Z
[INFO] ------------------------------------------------------------------------
[ERROR] Failed to execute goal org.mvnsearch:toolchains-maven-plugin:4.5.0:toolchain (default) on project crate: Cannot find matching toolchain definitions for the following toolchain types:
[ERROR] jdk [ vendor='temurin' version='23.0.2' ]
[ERROR] Please make sure you define the required toolchains in your ~/.m2/toolchains.xml file.
[ERROR] -> [Help 1]
[ERROR] 
[ERROR] To see the full stack trace of the errors, re-run Maven with the -e switch.
[ERROR] Re-run Maven using the -X switch to enable full debug logging.
[ERROR] 
[ERROR] For more information about the errors and possible solutions, please read the following articles:
[ERROR] [Help 1] http://cwiki.apache.org/confluence/display/MAVEN/MojoFailureException
❌ Build Failed
