--- Building Hibernate ORM for 23a544e ---
DEBUG: TOOLKIT_DIR=/home/hasangaranasinghe/patch-backporting/helpers/hibernate-orm
DEBUG: PROJECT_DIR=/home/hasangaranasinghe/patch-backporting/my_java_dataset/repos/hibernate-orm
--- WORKTREE_MODE=1: skipping checkout/clean (agent changes preserved) ---
gradle-cache-hibernate
gradle-wrapper-hibernate
--- Building Docker image ---
DEBUG: Image Tag=retrofit-hibernate-orm-builder:local
#0 building with "default" instance using docker driver

#1 [internal] load build definition from Dockerfile
#1 transferring dockerfile: 2.20kB done
#1 DONE 0.0s

#2 [internal] load metadata for docker.io/library/eclipse-temurin:21-jdk-jammy
#2 DONE 0.2s

#3 [internal] load .dockerignore
#3 transferring context: 2B done
#3 DONE 0.0s

#4 [1/9] FROM docker.io/library/eclipse-temurin:21-jdk-jammy@sha256:25d1276565738d3c805e632a4542c3a7598866ef967f4def6544c15de3a74b14
#4 resolve docker.io/library/eclipse-temurin:21-jdk-jammy@sha256:25d1276565738d3c805e632a4542c3a7598866ef967f4def6544c15de3a74b14 0.0s done
#4 DONE 0.0s

#5 [6/9] RUN echo "org.gradle.daemon=true" >> /home/gradle/.gradle/gradle.properties &&     echo "org.gradle.parallel=true" >> /home/gradle/.gradle/gradle.properties &&     echo "org.gradle.caching=true" >> /home/gradle/.gradle/gradle.properties &&     echo "org.gradle.jvmargs=-Xmx4g" >> /home/gradle/.gradle/gradle.properties &&     echo "org.gradle.console=plain" >> /home/gradle/.gradle/gradle.properties &&     chown gradle:gradle /home/gradle/.gradle/gradle.properties
#5 CACHED

#6 [8/9] RUN mkdir -p /repo && chown gradle:gradle /repo
#6 CACHED

#7 [3/9] RUN curl -L "https://download.java.net/java/GA/jdk25.0.1/2fbf10d8c78e40bd87641c434705079d/8/GPL/openjdk-25.0.1_linux-x64_bin.tar.gz" -o /tmp/jdk25.tar.gz &&     mkdir -p /opt/java &&     tar -xzf /tmp/jdk25.tar.gz -C /opt/java &&     mv /opt/java/jdk-25.0.1 /opt/java/jdk-25 &&     rm /tmp/jdk25.tar.gz
#7 CACHED

#8 [2/9] RUN apt-get update && apt-get install -y     git     python3     unzip     curl     && rm -rf /var/lib/apt/lists/*
#8 CACHED

#9 [4/9] RUN groupadd --gid 1000 gradle &&     useradd --uid 1000 --gid 1000 --shell /bin/bash --create-home gradle
#9 CACHED

#10 [5/9] RUN mkdir -p /home/gradle/.gradle &&     chown -R gradle:gradle /home/gradle/.gradle
#10 CACHED

#11 [7/9] RUN mkdir -p /home/gradle/.gradle/init.d &&     echo "gradle.rootProject { root ->" >> /home/gradle/.gradle/init.d/disable-scans.gradle &&     echo "  root.extensions.findByName('buildScan')?.publishOnFailure()" >> /home/gradle/.gradle/init.d/disable-scans.gradle &&     echo "  root.extensions.findByName('buildScan')?.publishAlways()" >> /home/gradle/.gradle/init.d/disable-scans.gradle &&     echo "}" >> /home/gradle/.gradle/init.d/disable-scans.gradle &&     chown -R gradle:gradle /home/gradle/.gradle/init.d
#11 CACHED

#12 [9/9] WORKDIR /repo
#12 CACHED

#13 exporting to image
#13 exporting layers done
#13 exporting manifest sha256:c8e56d502f7e5886261103cbd3e5a3b21c09352bf8e7dbcda287d3ebbf5d9ca0 done
#13 exporting config sha256:2e37fa2f4fee9671e16e0f3a71d7eb81c9e81b4903ce34f67ac3fdded4001788 done
#13 exporting attestation manifest sha256:53266c40970cd05ca097f3442dfda01aa78ca6518f0dc65d775646b77feaeb18 0.0s done
#13 exporting manifest list sha256:ef380d68879824a04f8f3d0952ef3dab74e46e6c35b86fe13b1f878594cd3a4a
#13 exporting manifest list sha256:ef380d68879824a04f8f3d0952ef3dab74e46e6c35b86fe13b1f878594cd3a4a 0.0s done
#13 naming to docker.io/library/retrofit-hibernate-orm-builder:local done
#13 unpacking to docker.io/library/retrofit-hibernate-orm-builder:local 0.0s done
#13 DONE 0.1s
--- Running Gradle build (compile only, no tests) ---
--- Full build (no SOURCE_MODULES specified) ---
--- Attempting build with default JDK ---
Downloading https://services.gradle.org/distributions/gradle-9.1.0-bin.zip
............10%.............20%.............30%.............40%.............50%............60%.............70%.............80%.............90%.............100%

Welcome to Gradle 9.1.0!

Here are the highlights of this release:
 - Full Java 25 support
 - Native task graph visualization
 - Enhanced console output

For more details see https://docs.gradle.org/9.1.0/release-notes.html

To honour the JVM settings for this build a single-use Daemon process will be forked. For more on this, please refer to https://docs.gradle.org/9.1.0/userguide/gradle_daemon.html#sec:disabling_the_daemon in the Gradle documentation.
Daemon will be stopped at the end of the build 
> Task :local-build-plugins:extractPluginRequests
> Task :local-build-plugins:generatePluginAdapters
> Task :local-build-plugins:spotlessInternalRegisterDependencies
> Task :local-build-plugins:spotlessJava
> Task :local-build-plugins:spotlessJavaApply
Note: /repo/local-build-plugins/src/main/java/org/hibernate/orm/antlr/GrammarDescriptorFactory.java uses or overrides a deprecated API.
Note: Recompile with -Xlint:deprecation for details.

> Task :local-build-plugins:compileJava

> Task :local-build-plugins:compileGroovy
> Task :local-build-plugins:compileGroovyPlugins
> Task :local-build-plugins:pluginDescriptors
> Task :local-build-plugins:processResources
> Task :local-build-plugins:classes
> Task :local-build-plugins:jar

[Incubating] Problems report is available at: file:///repo/build/reports/problems/problems-report.html

FAILURE: Build failed with an exception.

* Where:
Settings file '/repo/settings.gradle' line: 20

* What went wrong:
An exception occurred applying plugin request [id: 'org.hibernate.orm.build.jdks-settings']
> Failed to apply plugin 'org.hibernate.orm.build.jdks-settings'.
   > This build requires at least JDK 25, but you are using JDK 21

* Try:
> Run with --stacktrace option to get the stack trace.
> Run with --info or --debug option to get more log output.
> Run with --scan to generate a Build Scan (Powered by Develocity).
> Get more help at https://help.gradle.org.

BUILD FAILED11 actionable tasks: 11 executed
 in 1m
--- Detected JDK 25 requirement. Retrying with JDK 25... ---
Downloading https://services.gradle.org/distributions/gradle-9.1.0-bin.zip
............10%.............20%.............30%.............40%.............50%............60%.............70%.............80%.............90%.............100%

Welcome to Gradle 9.1.0!

Here are the highlights of this release:
 - Full Java 25 support
 - Native task graph visualization
 - Enhanced console output

For more details see https://docs.gradle.org/9.1.0/release-notes.html

To honour the JVM settings for this build a single-use Daemon process will be forked. For more on this, please refer to https://docs.gradle.org/9.1.0/userguide/gradle_daemon.html#sec:disabling_the_daemon in the Gradle documentation.
Daemon will be stopped at the end of the build 
> Task :local-build-plugins:extractPluginRequests UP-TO-DATE
> Task :local-build-plugins:generatePluginAdapters UP-TO-DATE
> Task :local-build-plugins:spotlessInternalRegisterDependencies UP-TO-DATE
> Task :local-build-plugins:spotlessJava UP-TO-DATE
> Task :local-build-plugins:spotlessJavaApply UP-TO-DATE
Note: /repo/local-build-plugins/src/main/java/org/hibernate/orm/antlr/GrammarDescriptorFactory.java uses or overrides a deprecated API.
Note: Recompile with -Xlint:deprecation for details.

> Task :local-build-plugins:compileJava

> Task :local-build-plugins:compileGroovy
> Task :local-build-plugins:compileGroovyPlugins
> Task :local-build-plugins:pluginDescriptors UP-TO-DATE
> Task :local-build-plugins:processResources UP-TO-DATE
> Task :local-build-plugins:classes
> Task :local-build-plugins:jar
Java versions for main code: [compiler: 25, release:17, explicit: false]
Java versions for test code: [compiler: 25, release:17, launcher: 25, explicit: false]

> Configure project :
No android or java plugins found in the project hibernate-orm, checker compiler options will not be applied.

> Configure project :hibernate-gradle-plugin
Skipping hibernate-gradle-plugin tests for JDK version 25

> Task :hibernate-jcache:cleanClasses UP-TO-DATE
> Task :hibernate-agroal:cleanClasses UP-TO-DATE
> Task :hibernate-core:cleanClasses UP-TO-DATE
> Task :hibernate-ant:cleanClasses UP-TO-DATE
> Task :hibernate-envers:cleanClasses UP-TO-DATE
> Task :hibernate-jfr:cleanClasses UP-TO-DATE
> Task :hibernate-hikaricp:cleanClasses UP-TO-DATE
> Task :hibernate-gradle-plugin:cleanClasses UP-TO-DATE
> Task :hibernate-c3p0:cleanClasses UP-TO-DATE
> Task :hibernate-integrationtest-java-modules:cleanClasses UP-TO-DATE
> Task :hibernate-community-dialects:cleanClasses UP-TO-DATE
> Task :hibernate-graalvm:cleanClasses UP-TO-DATE
> Task :hibernate-processor:cleanClasses UP-TO-DATE
> Task :hibernate-maven-plugin:cleanClasses UP-TO-DATE
> Task :hibernate-scan-jandex:cleanClasses UP-TO-DATE
> Task :hibernate-spatial:cleanClasses UP-TO-DATE
> Task :hibernate-micrometer:cleanClasses UP-TO-DATE
> Task :hibernate-vector:cleanClasses UP-TO-DATE
> Task :local-build-asciidoctor-extensions:cleanClasses UP-TO-DATE
> Task :hibernate-testing:cleanClasses UP-TO-DATE
> Task :hibernate-ant:processResources NO-SOURCE
> Task :hibernate-graalvm:processResources NO-SOURCE
> Task :hibernate-integrationtest-java-modules:processResources NO-SOURCE
> Task :hibernate-agroal:processResources
> Task :hibernate-processor:processResources
> Task :hibernate-community-dialects:processResources
> Task :hibernate-gradle-plugin:pluginDescriptors
> Task :hibernate-hikaricp:processResources
> Task :hibernate-maven-plugin:generateMavenPluginHelpMojoSources SKIPPED
> Task :hibernate-envers:processResources
> Task :hibernate-c3p0:processResources
> Task :hibernate-micrometer:processResources NO-SOURCE
> Task :hibernate-maven-plugin:processResources NO-SOURCE
> Task :hibernate-jcache:processResources
> Task :spotlessInternalRegisterDependencies
> Task :hibernate-scan-jandex:processResources
> Task :hibernate-jfr:processResources
> Task :hibernate-testing:processResources
> Task :hibernate-vector:processResources
> Task :hibernate-spatial:processResources
> Task :hibernate-gradle-plugin:processResources
> Task :hibernate-ant:processTestResources
> Task :hibernate-agroal:processTestResources
> Task :hibernate-core:generateGraphParser FROM-CACHE
> Task :hibernate-scan-jandex:spotlessJava FROM-CACHE
> Task :hibernate-ant:spotlessJava FROM-CACHE
> Task :hibernate-ant:spotlessJavaApply UP-TO-DATE
> Task :hibernate-scan-jandex:spotlessJavaApply UP-TO-DATE
> Task :hibernate-graalvm:spotlessJava
> Task :hibernate-agroal:spotlessJava
> Task :hibernate-graalvm:spotlessJavaApply
> Task :hibernate-agroal:spotlessJavaApply
> Task :hibernate-hikaricp:spotlessJava
> Task :hibernate-hikaricp:spotlessJavaApply
> Task :hibernate-c3p0:spotlessJava
> Task :hibernate-c3p0:spotlessJavaApply
> Task :hibernate-gradle-plugin:spotlessJava
> Task :hibernate-gradle-plugin:spotlessJavaApply
> Task :hibernate-micrometer:spotlessJava
> Task :hibernate-jfr:spotlessJava
> Task :hibernate-jfr:spotlessJavaApply
> Task :hibernate-micrometer:spotlessJavaApply
> Task :hibernate-graalvm:processTestResources NO-SOURCE
> Task :hibernate-maven-plugin:spotlessJava
> Task :hibernate-maven-plugin:spotlessJavaApply
> Task :hibernate-jcache:spotlessJava
> Task :hibernate-jcache:spotlessJavaApply
> Task :hibernate-c3p0:processTestResources
> Task :hibernate-hikaricp:processTestResources
> Task :hibernate-integrationtest-java-modules:processTestResources
> Task :hibernate-maven-plugin:processTestResources NO-SOURCE
> Task :hibernate-micrometer:processTestResources
> Task :hibernate-jfr:processTestResources
> Task :hibernate-scan-jandex:processTestResources NO-SOURCE
> Task :hibernate-jcache:processTestResources
> Task :hibernate-gradle-plugin:processTestResources
> Task :hibernate-vector:spotlessJava
> Task :hibernate-vector:spotlessJavaApply
> Task :hibernate-vector:processTestResources
> Task :hibernate-core:generateHqlParser FROM-CACHE
> Task :hibernate-core:generateOrderingParser FROM-CACHE
> Task :hibernate-spatial:spotlessJava
> Task :hibernate-spatial:spotlessJavaApply
> Task :hibernate-spatial:processTestResources
> Task :hibernate-core:generateSqlScriptParser FROM-CACHE
> Task :hibernate-core:generateParsers UP-TO-DATE
> Task :hibernate-community-dialects:spotlessJava
> Task :hibernate-community-dialects:spotlessJavaApply
> Task :hibernate-community-dialects:processTestResources
> Task :hibernate-core:xjcCfg FROM-CACHE
> Task :hibernate-processor:spotlessJava
> Task :hibernate-core:xjcConfiguration FROM-CACHE
> Task :hibernate-processor:spotlessJavaApply
> Task :hibernate-testing:spotlessJava
> Task :hibernate-testing:spotlessJavaApply
> Task :hibernate-testing:processTestResources
> Task :hibernate-processor:processTestResources
> Task :hibernate-core:xjcHbm FROM-CACHE
> Task :hibernate-core:xjcMapping FROM-CACHE
> Task :hibernate-envers:spotlessJava
> Task :hibernate-envers:spotlessJavaApply
> Task :hibernate-envers:processTestResources
> Task :local-build-asciidoctor-extensions:compileJava
> Task :local-build-asciidoctor-extensions:processResources
> Task :local-build-asciidoctor-extensions:classes
> Task :local-build-asciidoctor-extensions:compileTestJava NO-SOURCE
> Task :local-build-asciidoctor-extensions:processTestResources NO-SOURCE
> Task :local-build-asciidoctor-extensions:testClasses UP-TO-DATE
> Task :hibernate-core:spotlessJava
> Task :hibernate-core:spotlessJavaApply

> Task :hibernate-core:compileJava
/repo/hibernate-core/src/main/java/org/hibernate/mapping/Join.java:17: warning: [removal] ExecuteUpdateResultCheckStyle in org.hibernate.engine.spi has been deprecated and marked for removal
import static org.hibernate.engine.spi.ExecuteUpdateResultCheckStyle.expectationConstructor;
                                      ^
/repo/hibernate-core/src/main/java/org/hibernate/mapping/Collection.java:37: warning: [removal] ExecuteUpdateResultCheckStyle in org.hibernate.engine.spi has been deprecated and marked for removal
import static org.hibernate.engine.spi.ExecuteUpdateResultCheckStyle.expectationConstructor;
                                      ^
/repo/hibernate-core/src/main/java/org/hibernate/boot/model/internal/CollectionBinder.java:87: warning: [removal] CascadeType in org.hibernate.annotations has been deprecated and marked for removal
import static org.hibernate.annotations.CascadeType.DELETE_ORPHAN;
                                       ^
/repo/hibernate-core/src/main/java/org/hibernate/boot/model/internal/CollectionBinder.java:115: warning: [removal] ExecuteUpdateResultCheckStyle in org.hibernate.engine.spi has been deprecated and marked for removal
import static org.hibernate.engine.spi.ExecuteUpdateResultCheckStyle.fromResultCheckStyle;
                                      ^
/repo/hibernate-core/src/main/java/org/hibernate/boot/model/internal/EntityBinder.java:114: warning: [removal] ExecuteUpdateResultCheckStyle in org.hibernate.engine.spi has been deprecated and marked for removal
import static org.hibernate.engine.spi.ExecuteUpdateResultCheckStyle.fromResultCheckStyle;
                                      ^
/repo/hibernate-core/src/main/java/org/hibernate/mapping/Join.java:17: warning: [removal] ExecuteUpdateResultCheckStyle in org.hibernate.engine.spi has been deprecated and marked for removal
import static org.hibernate.engine.spi.ExecuteUpdateResultCheckStyle.expectationConstructor;
                                      ^
/repo/hibernate-core/src/main/java/org/hibernate/mapping/Collection.java:37: warning: [removal] ExecuteUpdateResultCheckStyle in org.hibernate.engine.spi has been deprecated and marked for removal
import static org.hibernate.engine.spi.ExecuteUpdateResultCheckStyle.expectationConstructor;
                                      ^
/repo/hibernate-core/src/main/java/org/hibernate/boot/model/internal/CollectionBinder.java:87: warning: [removal] CascadeType in org.hibernate.annotations has been deprecated and marked for removal
import static org.hibernate.annotations.CascadeType.DELETE_ORPHAN;
                                       ^
/repo/hibernate-core/src/main/java/org/hibernate/boot/model/internal/CollectionBinder.java:115: warning: [removal] ExecuteUpdateResultCheckStyle in org.hibernate.engine.spi has been deprecated and marked for removal
import static org.hibernate.engine.spi.ExecuteUpdateResultCheckStyle.fromResultCheckStyle;
                                      ^
/repo/hibernate-core/src/main/java/org/hibernate/boot/model/internal/EntityBinder.java:114: warning: [removal] ExecuteUpdateResultCheckStyle in org.hibernate.engine.spi has been deprecated and marked for removal
import static org.hibernate.engine.spi.ExecuteUpdateResultCheckStyle.fromResultCheckStyle;
                                      ^
/repo/hibernate-core/src/main/java/org/hibernate/mapping/Join.java:17: warning: [removal] ExecuteUpdateResultCheckStyle in org.hibernate.engine.spi has been deprecated and marked for removal
import static org.hibernate.engine.spi.ExecuteUpdateResultCheckStyle.expectationConstructor;
                                      ^
/repo/hibernate-core/src/main/java/org/hibernate/mapping/Collection.java:37: warning: [removal] ExecuteUpdateResultCheckStyle in org.hibernate.engine.spi has been deprecated and marked for removal
import static org.hibernate.engine.spi.ExecuteUpdateResultCheckStyle.expectationConstructor;
                                      ^
/repo/hibernate-core/src/main/java/org/hibernate/boot/model/internal/CollectionBinder.java:87: warning: [removal] CascadeType in org.hibernate.annotations has been deprecated and marked for removal
import static org.hibernate.annotations.CascadeType.DELETE_ORPHAN;
                                       ^
/repo/hibernate-core/src/main/java/org/hibernate/boot/model/internal/CollectionBinder.java:115: warning: [removal] ExecuteUpdateResultCheckStyle in org.hibernate.engine.spi has been deprecated and marked for removal
import static org.hibernate.engine.spi.ExecuteUpdateResultCheckStyle.fromResultCheckStyle;
                                      ^
/repo/hibernate-core/src/main/java/org/hibernate/boot/model/internal/EntityBinder.java:114: warning: [removal] ExecuteUpdateResultCheckStyle in org.hibernate.engine.spi has been deprecated and marked for removal
import static org.hibernate.engine.spi.ExecuteUpdateResultCheckStyle.fromResultCheckStyle;
                                      ^
/repo/hibernate-core/src/main/java/org/hibernate/mapping/Join.java:17: warning: [removal] ExecuteUpdateResultCheckStyle in org.hibernate.engine.spi has been deprecated and marked for removal
import static org.hibernate.engine.spi.ExecuteUpdateResultCheckStyle.expectationConstructor;
                                      ^
/repo/hibernate-core/src/main/java/org/hibernate/mapping/Collection.java:37: warning: [removal] ExecuteUpdateResultCheckStyle in org.hibernate.engine.spi has been deprecated and marked for removal
import static org.hibernate.engine.spi.ExecuteUpdateResultCheckStyle.expectationConstructor;
                                      ^
/repo/hibernate-core/src/main/java/org/hibernate/boot/model/internal/CollectionBinder.java:87: warning: [removal] CascadeType in org.hibernate.annotations has been deprecated and marked for removal
import static org.hibernate.annotations.CascadeType.DELETE_ORPHAN;
                                       ^
/repo/hibernate-core/src/main/java/org/hibernate/boot/model/internal/CollectionBinder.java:115: warning: [removal] ExecuteUpdateResultCheckStyle in org.hibernate.engine.spi has been deprecated and marked for removal
import static org.hibernate.engine.spi.ExecuteUpdateResultCheckStyle.fromResultCheckStyle;
                                      ^
/repo/hibernate-core/src/main/java/org/hibernate/boot/model/internal/EntityBinder.java:114: warning: [removal] ExecuteUpdateResultCheckStyle in org.hibernate.engine.spi has been deprecated and marked for removal
import static org.hibernate.engine.spi.ExecuteUpdateResultCheckStyle.fromResultCheckStyle;
                                      ^
/repo/hibernate-core/src/main/java/org/hibernate/dialect/Dialect.java:1778: warning: [removal] IntervalType in org.hibernate.query.sqm has been deprecated and marked for removal
	public String timestampaddPattern(TemporalUnit unit, TemporalType temporalType, IntervalType intervalType) {
	                                                                                ^
/repo/hibernate-core/src/main/java/org/hibernate/dialect/Dialect.java:1778: warning: [removal] IntervalType in org.hibernate.query.sqm has been deprecated and marked for removal
	public String timestampaddPattern(TemporalUnit unit, TemporalType temporalType, IntervalType intervalType) {
	                                                                                ^
/repo/hibernate-core/src/main/java/org/hibernate/dialect/Dialect.java:1778: warning: [removal] IntervalType in org.hibernate.query.sqm has been deprecated and marked for removal
	public String timestampaddPattern(TemporalUnit unit, TemporalType temporalType, IntervalType intervalType) {
	                                                                                ^
/repo/hibernate-core/src/main/java/org/hibernate/dialect/Dialect.java:1778: warning: [removal] IntervalType in org.hibernate.query.sqm has been deprecated and marked for removal
	public String timestampaddPattern(TemporalUnit unit, TemporalType temporalType, IntervalType intervalType) {
	                                                                                ^
/repo/hibernate-core/src/main/java/org/hibernate/dialect/Dialect.java:2355: warning: [removal] LockOptions in org.hibernate has been deprecated and marked for removal
	public LockingClauseStrategy getLockingClauseStrategy(QuerySpec querySpec, LockOptions lockOptions) {
	                                                                           ^
/repo/hibernate-core/src/main/java/org/hibernate/dialect/Dialect.java:2355: warning: [removal] LockOptions in org.hibernate has been deprecated and marked for removal
	public LockingClauseStrategy getLockingClauseStrategy(QuerySpec querySpec, LockOptions lockOptions) {
	                                                                           ^
/repo/hibernate-core/src/main/java/org/hibernate/dialect/Dialect.java:2355: warning: [removal] LockOptions in org.hibernate has been deprecated and marked for removal
	public LockingClauseStrategy getLockingClauseStrategy(QuerySpec querySpec, LockOptions lockOptions) {
	                                                                           ^
/repo/hibernate-core/src/main/java/org/hibernate/dialect/Dialect.java:2355: warning: [removal] LockOptions in org.hibernate has been deprecated and marked for removal
	public LockingClauseStrategy getLockingClauseStrategy(QuerySpec querySpec, LockOptions lockOptions) {
	                                                                           ^
/repo/hibernate-core/src/main/java/org/hibernate/dialect/Dialect.java:2379: warning: [removal] LockOptions in org.hibernate has been deprecated and marked for removal
			LockOptions lockOptions,
			^
/repo/hibernate-core/src/main/java/org/hibernate/dialect/Dialect.java:2379: warning: [removal] LockOptions in org.hibernate has been deprecated and marked for removal
			LockOptions lockOptions,
			^
/repo/hibernate-core/src/main/java/org/hibernate/dialect/Dialect.java:2379: warning: [removal] LockOptions in org.hibernate has been deprecated and marked for removal
			LockOptions lockOptions,
			^
/repo/hibernate-core/src/main/java/org/hibernate/dialect/Dialect.java:2379: warning: [removal] LockOptions in org.hibernate has been deprecated and marked for removal
			LockOptions lockOptions,
			^
/repo/hibernate-core/src/main/java/org/hibernate/dialect/Dialect.java:2455: warning: [removal] LockOptions in org.hibernate has been deprecated and marked for removal
	public String getForUpdateString(LockOptions lockOptions) {
	                                 ^
/repo/hibernate-core/src/main/java/org/hibernate/dialect/Dialect.java:2455: warning: [removal] LockOptions in org.hibernate has been deprecated and marked for removal
	public String getForUpdateString(LockOptions lockOptions) {
	                                 ^
/repo/hibernate-core/src/main/java/org/hibernate/dialect/Dialect.java:2455: warning: [removal] LockOptions in org.hibernate has been deprecated and marked for removal
	public String getForUpdateString(LockOptions lockOptions) {
	                                 ^
/repo/hibernate-core/src/main/java/org/hibernate/dialect/Dialect.java:2455: warning: [removal] LockOptions in org.hibernate has been deprecated and marked for removal
	public String getForUpdateString(LockOptions lockOptions) {
	                                 ^
/repo/hibernate-core/src/main/java/org/hibernate/dialect/Dialect.java:2714: warning: [removal] LockOptions in org.hibernate has been deprecated and marked for removal
	public String getForUpdateString(String aliases, LockOptions lockOptions) {
	                                                 ^
/repo/hibernate-core/src/main/java/org/hibernate/dialect/Dialect.java:2714: warning: [removal] LockOptions in org.hibernate has been deprecated and marked for removal
	public String getForUpdateString(String aliases, LockOptions lockOptions) {
	                                                 ^
/repo/hibernate-core/src/main/java/org/hibernate/dialect/Dialect.java:2714: warning: [removal] LockOptions in org.hibernate has been deprecated and marked for removal
	public String getForUpdateString(String aliases, LockOptions lockOptions) {
	                                                 ^
/repo/hibernate-core/src/main/java/org/hibernate/dialect/Dialect.java:2714: warning: [removal] LockOptions in org.hibernate has been deprecated and marked for removal
	public String getForUpdateString(String aliases, LockOptions lockOptions) {
	                                                 ^
/repo/hibernate-core/src/main/java/org/hibernate/dialect/Dialect.java:2780: warning: [removal] LockOptions in org.hibernate has been deprecated and marked for removal
	public String appendLockHint(LockOptions lockOptions, String tableName){
	                             ^
/repo/hibernate-core/src/main/java/org/hibernate/dialect/Dialect.java:2780: warning: [removal] LockOptions in org.hibernate has been deprecated and marked for removal
	public String appendLockHint(LockOptions lockOptions, String tableName){
	                             ^
/repo/hibernate-core/src/main/java/org/hibernate/dialect/Dialect.java:2780: warning: [removal] LockOptions in org.hibernate has been deprecated and marked for removal
	public String appendLockHint(LockOptions lockOptions, String tableName){
	                             ^
/repo/hibernate-core/src/main/java/org/hibernate/dialect/Dialect.java:2780: warning: [removal] LockOptions in org.hibernate has been deprecated and marked for removal
	public String appendLockHint(LockOptions lockOptions, String tableName){
	                             ^
/repo/hibernate-core/src/main/java/org/hibernate/dialect/Dialect.java:2796: warning: [removal] LockOptions in org.hibernate has been deprecated and marked for removal
	public String applyLocksToSql(String sql, LockOptions aliasedLockOptions, Map<String, String[]> keyColumnNames) {
	                                          ^
/repo/hibernate-core/src/main/java/org/hibernate/dialect/Dialect.java:2796: warning: [removal] LockOptions in org.hibernate has been deprecated and marked for removal
	public String applyLocksToSql(String sql, LockOptions aliasedLockOptions, Map<String, String[]> keyColumnNames) {
	                                          ^
/repo/hibernate-core/src/main/java/org/hibernate/dialect/Dialect.java:2796: warning: [removal] LockOptions in org.hibernate has been deprecated and marked for removal
	public String applyLocksToSql(String sql, LockOptions aliasedLockOptions, Map<String, String[]> keyColumnNames) {
	                                          ^
/repo/hibernate-core/src/main/java/org/hibernate/dialect/Dialect.java:2796: warning: [removal] LockOptions in org.hibernate has been deprecated and marked for removal
	public String applyLocksToSql(String sql, LockOptions aliasedLockOptions, Map<String, String[]> keyColumnNames) {
	                                          ^
/repo/hibernate-core/src/main/java/org/hibernate/dialect/Dialect.java:3912: warning: [removal] LegacyTemporaryTableStrategy in org.hibernate.dialect.temptable has been deprecated and marked for removal
				? new LegacyTemporaryTableStrategy( this )
				      ^
/repo/hibernate-core/src/main/java/org/hibernate/dialect/Dialect.java:3922: warning: [removal] LegacyTemporaryTableStrategy in org.hibernate.dialect.temptable has been deprecated and marked for removal
		return getSupportedTemporaryTableKind() == TemporaryTableKind.LOCAL ? new LegacyTemporaryTableStrategy( this )
		                                                                          ^
/repo/hibernate-core/src/main/java/org/hibernate/dialect/Dialect.java:3932: warning: [removal] LegacyTemporaryTableStrategy in org.hibernate.dialect.temptable has been deprecated and marked for removal
		return getSupportedTemporaryTableKind() == TemporaryTableKind.GLOBAL ? new LegacyTemporaryTableStrategy( this )
		                                                                           ^
/repo/hibernate-core/src/main/java/org/hibernate/type/descriptor/sql/internal/DdlTypeImpl.java:109: warning: [removal] getCastTypeName(JdbcType,JavaType<?>,Long,Integer,Integer) in DdlType has been deprecated and marked for removal
	public String getCastTypeName(JdbcType jdbcType, JavaType<?> javaType, Long length, Integer precision, Integer scale) {
	              ^
/repo/hibernate-core/src/main/java/org/hibernate/type/descriptor/sql/internal/DdlTypeImpl.java:127: warning: [removal] getCastTypeName(JdbcType,JavaType<?>) in DdlType has been deprecated and marked for removal
	public String getCastTypeName(JdbcType jdbcType, JavaType<?> javaType) {
	              ^
/repo/hibernate-core/src/main/java/org/hibernate/type/spi/TypeConfiguration.java:939: warning: [removal] IntervalType in org.hibernate.query.sqm has been deprecated and marked for removal
	public static @Nullable IntervalType getSqlIntervalType(JdbcMappingContainer jdbcMappings) {
	                        ^
/repo/hibernate-core/src/main/java/org/hibernate/type/spi/TypeConfiguration.java:939: warning: [removal] IntervalType in org.hibernate.query.sqm has been deprecated and marked for removal
	public static @Nullable IntervalType getSqlIntervalType(JdbcMappingContainer jdbcMappings) {
	                        ^
/repo/hibernate-core/src/main/java/org/hibernate/type/spi/TypeConfiguration.java:939: warning: [removal] IntervalType in org.hibernate.query.sqm has been deprecated and marked for removal
	public static @Nullable IntervalType getSqlIntervalType(JdbcMappingContainer jdbcMappings) {
	                        ^
/repo/hibernate-core/src/main/java/org/hibernate/type/spi/TypeConfiguration.java:939: warning: [removal] IntervalType in org.hibernate.query.sqm has been deprecated and marked for removal
	public static @Nullable IntervalType getSqlIntervalType(JdbcMappingContainer jdbcMappings) {
	                        ^
/repo/hibernate-core/src/main/java/org/hibernate/type/spi/TypeConfiguration.java:944: warning: [removal] IntervalType in org.hibernate.query.sqm has been deprecated and marked for removal
	public static @Nullable IntervalType getSqlIntervalType(JdbcType descriptor) {
	                        ^
/repo/hibernate-core/src/main/java/org/hibernate/type/spi/TypeConfiguration.java:944: warning: [removal] IntervalType in org.hibernate.query.sqm has been deprecated and marked for removal
	public static @Nullable IntervalType getSqlIntervalType(JdbcType descriptor) {
	                        ^
/repo/hibernate-core/src/main/java/org/hibernate/type/spi/TypeConfiguration.java:944: warning: [removal] IntervalType in org.hibernate.query.sqm has been deprecated and marked for removal
	public static @Nullable IntervalType getSqlIntervalType(JdbcType descriptor) {
	                        ^
/repo/hibernate-core/src/main/java/org/hibernate/type/spi/TypeConfiguration.java:944: warning: [removal] IntervalType in org.hibernate.query.sqm has been deprecated and marked for removal
	public static @Nullable IntervalType getSqlIntervalType(JdbcType descriptor) {
	                        ^
/repo/hibernate-core/src/main/java/org/hibernate/type/spi/TypeConfiguration.java:948: warning: [removal] IntervalType in org.hibernate.query.sqm has been deprecated and marked for removal
	protected static @Nullable IntervalType getSqlIntervalType(int jdbcTypeCode) {
	                           ^
/repo/hibernate-core/src/main/java/org/hibernate/type/spi/TypeConfiguration.java:948: warning: [removal] IntervalType in org.hibernate.query.sqm has been deprecated and marked for removal
	protected static @Nullable IntervalType getSqlIntervalType(int jdbcTypeCode) {
	                           ^
/repo/hibernate-core/src/main/java/org/hibernate/type/spi/TypeConfiguration.java:948: warning: [removal] IntervalType in org.hibernate.query.sqm has been deprecated and marked for removal
	protected static @Nullable IntervalType getSqlIntervalType(int jdbcTypeCode) {
	                           ^
/repo/hibernate-core/src/main/java/org/hibernate/type/spi/TypeConfiguration.java:948: warning: [removal] IntervalType in org.hibernate.query.sqm has been deprecated and marked for removal
	protected static @Nullable IntervalType getSqlIntervalType(int jdbcTypeCode) {
	                           ^
/repo/hibernate-core/src/main/java/org/hibernate/type/spi/TypeConfiguration.java:949: warning: [removal] IntervalType in org.hibernate.query.sqm has been deprecated and marked for removal
		return jdbcTypeCode == SqlTypes.INTERVAL_SECOND ? IntervalType.SECOND : null;
		                                                  ^
/repo/hibernate-core/src/main/java/org/hibernate/query/spi/QueryOptions.java:125: warning: [removal] LockOptions in org.hibernate has been deprecated and marked for removal
	LockOptions getLockOptions();
	^
/repo/hibernate-core/src/main/java/org/hibernate/query/spi/QueryOptions.java:125: warning: [removal] LockOptions in org.hibernate has been deprecated and marked for removal
	LockOptions getLockOptions();
	^
/repo/hibernate-core/src/main/java/org/hibernate/query/spi/QueryOptions.java:125: warning: [removal] LockOptions in org.hibernate has been deprecated and marked for removal
	LockOptions getLockOptions();
	^
/repo/hibernate-core/src/main/java/org/hibernate/query/spi/QueryOptions.java:125: warning: [removal] LockOptions in org.hibernate has been deprecated and marked for removal
	LockOptions getLockOptions();
	^
/repo/hibernate-core/src/main/java/org/hibernate/query/spi/QueryOptionsAdapter.java:23: warning: [removal] LockOptions in org.hibernate has been deprecated and marked for removal
	private final LockOptions lockOptions = new LockOptions();
	              ^
/repo/hibernate-core/src/main/java/org/hibernate/query/spi/QueryOptionsAdapter.java:23: warning: [removal] LockOptions in org.hibernate has been deprecated and marked for removal
	private final LockOptions lockOptions = new LockOptions();
	              ^
/repo/hibernate-core/src/main/java/org/hibernate/query/spi/QueryOptionsAdapter.java:23: warning: [removal] LockOptions in org.hibernate has been deprecated and marked for removal
	private final LockOptions lockOptions = new LockOptions();
	              ^
/repo/hibernate-core/src/main/java/org/hibernate/query/spi/QueryOptionsAdapter.java:23: warning: [removal] LockOptions in org.hibernate has been deprecated and marked for removal
	private final LockOptions lockOptions = new LockOptions();
	              ^
/repo/hibernate-core/src/main/java/org/hibernate/query/spi/QueryOptionsAdapter.java:23: warning: [removal] LockOptions in org.hibernate has been deprecated and marked for removal
	private final LockOptions lockOptions = new LockOptions();
	                                            ^
/repo/hibernate-core/src/main/java/org/hibernate/query/spi/QueryOptionsAdapter.java:41: warning: [removal] LockOptions in org.hibernate has been deprecated and marked for removal
	public LockOptions getLockOptions() {
	       ^
/repo/hibernate-core/src/main/java/org/hibernate/query/spi/QueryOptionsAdapter.java:41: warning: [removal] LockOptions in org.hibernate has been deprecated and marked for removal
	public LockOptions getLockOptions() {
	       ^
/repo/hibernate-core/src/main/java/org/hibernate/query/spi/QueryOptionsAdapter.java:41: warning: [removal] LockOptions in org.hibernate has been deprecated and marked for removal
	public LockOptions getLockOptions() {
	       ^
/repo/hibernate-core/src/main/java/org/hibernate/query/spi/QueryOptionsAdapter.java:41: warning: [removal] LockOptions in org.hibernate has been deprecated and marked for removal
	public LockOptions getLockOptions() {
	       ^
/repo/hibernate-core/src/main/java/org/hibernate/persister/entity/EntityPersister.java:172: warning: [removal] EntityEntryFactory in org.hibernate.engine.spi has been deprecated and marked for removal
	EntityEntryFactory getEntityEntryFactory();
	^
/repo/hibernate-core/src/main/java/org/hibernate/persister/entity/EntityPersister.java:172: warning: [removal] EntityEntryFactory in org.hibernate.engine.spi has been deprecated and marked for removal
	EntityEntryFactory getEntityEntryFactory();
	^
/repo/hibernate-core/src/main/java/org/hibernate/persister/entity/EntityPersister.java:172: warning: [removal] EntityEntryFactory in org.hibernate.engine.spi has been deprecated and marked for removal
	EntityEntryFactory getEntityEntryFactory();
	^
/repo/hibernate-core/src/main/java/org/hibernate/persister/entity/EntityPersister.java:172: warning: [removal] EntityEntryFactory in org.hibernate.engine.spi has been deprecated and marked for removal
	EntityEntryFactory getEntityEntryFactory();
	^
/repo/hibernate-core/src/main/java/org/hibernate/persister/entity/EntityPersister.java:217: warning: [removal] EntityMetamodel in org.hibernate.tuple.entity has been deprecated and marked for removal
	EntityMetamodel getEntityMetamodel();
	^
/repo/hibernate-core/src/main/java/org/hibernate/persister/entity/EntityPersister.java:217: warning: [removal] EntityMetamodel in org.hibernate.tuple.entity has been deprecated and marked for removal
	EntityMetamodel getEntityMetamodel();
	^
/repo/hibernate-core/src/main/java/org/hibernate/persister/entity/EntityPersister.java:217: warning: [removal] EntityMetamodel in org.hibernate.tuple.entity has been deprecated and marked for removal
	EntityMetamodel getEntityMetamodel();
	^
/repo/hibernate-core/src/main/java/org/hibernate/persister/entity/EntityPersister.java:217: warning: [removal] EntityMetamodel in org.hibernate.tuple.entity has been deprecated and marked for removal
	EntityMetamodel getEntityMetamodel();
	^
/repo/hibernate-core/src/main/java/org/hibernate/persister/entity/EntityPersister.java:635: warning: [removal] LockOptions in org.hibernate has been deprecated and marked for removal
			LockOptions lockOptions,
			^
/repo/hibernate-core/src/main/java/org/hibernate/persister/entity/EntityPersister.java:635: warning: [removal] LockOptions in org.hibernate has been deprecated and marked for removal
			LockOptions lockOptions,
			^
/repo/hibernate-core/src/main/java/org/hibernate/persister/entity/EntityPersister.java:635: warning: [removal] LockOptions in org.hibernate has been deprecated and marked for removal
			LockOptions lockOptions,
			^
/repo/hibernate-core/src/main/java/org/hibernate/persister/entity/EntityPersister.java:635: warning: [removal] LockOptions in org.hibernate has been deprecated and marked for removal
			LockOptions lockOptions,
			^
/repo/hibernate-core/src/main/java/org/hibernate/persister/entity/EntityPersister.java:646: warning: [removal] LockOptions in org.hibernate has been deprecated and marked for removal
	Object load(Object id, Object optionalObject, LockOptions lockOptions, SharedSessionContractImplementor session);
	                                              ^
/repo/hibernate-core/src/main/java/org/hibernate/persister/entity/EntityPersister.java:646: warning: [removal] LockOptions in org.hibernate has been deprecated and marked for removal
	Object load(Object id, Object optionalObject, LockOptions lockOptions, SharedSessionContractImplementor session);
	                                              ^
/repo/hibernate-core/src/main/java/org/hibernate/persister/entity/EntityPersister.java:646: warning: [removal] LockOptions in org.hibernate has been deprecated and marked for removal
	Object load(Object id, Object optionalObject, LockOptions lockOptions, SharedSessionContractImplementor session);
	                                              ^
/repo/hibernate-core/src/main/java/org/hibernate/persister/entity/EntityPersister.java:646: warning: [removal] LockOptions in org.hibernate has been deprecated and marked for removal
	Object load(Object id, Object optionalObject, LockOptions lockOptions, SharedSessionContractImplementor session);
	                                              ^
/repo/hibernate-core/src/main/java/org/hibernate/persister/entity/EntityPersister.java:648: warning: [removal] LockOptions in org.hibernate has been deprecated and marked for removal
	default Object load(Object id, Object optionalObject, LockOptions lockOptions, SharedSessionContractImplementor session, Boolean readOnly)
	                                                      ^
/repo/hibernate-core/src/main/java/org/hibernate/persister/entity/EntityPersister.java:648: warning: [removal] LockOptions in org.hibernate has been deprecated and marked for removal
	default Object load(Object id, Object optionalObject, LockOptions lockOptions, SharedSessionContractImplementor session, Boolean readOnly)
	                                                      ^
/repo/hibernate-core/src/main/java/org/hibernate/persister/entity/EntityPersister.java:648: warning: [removal] LockOptions in org.hibernate has been deprecated and marked for removal
	default Object load(Object id, Object optionalObject, LockOptions lockOptions, SharedSessionContractImplementor session, Boolean readOnly)
	                                                      ^
/repo/hibernate-core/src/main/java/org/hibernate/persister/entity/EntityPersister.java:648: warning: [removal] LockOptions in org.hibernate has been deprecated and marked for removal
	default Object load(Object id, Object optionalObject, LockOptions lockOptions, SharedSessionContractImplementor session, Boolean readOnly)
	                                                      ^
/repo/hibernate-core/src/main/java/org/hibernate/persister/entity/EntityPersister.java:709: warning: [removal] LockOptions in org.hibernate has been deprecated and marked for removal
	default void lock(Object id, Object version, Object object, LockOptions lockOptions, EventSource session) {
	                                                            ^
/repo/hibernate-core/src/main/java/org/hibernate/bytecode/enhance/internal/bytebuddy/EnhancerImpl.java:379: error: cannot assign a value to final variable builder
			builder = addInterceptorHandling( builder, managedCtClass );
			^
/repo/hibernate-core/src/main/java/org/hibernate/bytecode/enhance/internal/bytebuddy/EnhancerImpl.java:382: error: cannot assign a value to final variable builder
				builder = builder.implement( constants.INTERFACES_for_CompositeTracker )
				^
Note: Some input files use or override a deprecated API.
Note: Recompile with -Xlint:deprecation for details.
Note: Some input files additionally use or override a deprecated API that is marked for removal.
Note: Some input files use unchecked or unsafe operations.
Note: Recompile with -Xlint:unchecked for details.
2 errors
100 warnings

> Task :hibernate-core:compileJava FAILED

[Incubating] Problems report is available at: file:///repo/target/reports/problems/problems-report.html

FAILURE: Build failed with an exception.

* What went wrong:
Execution failed for task ':hibernate-core:compileJava'.
> Compilation failed; see the compiler output below.
  /repo/hibernate-core/src/main/java/org/hibernate/mapping/Join.java:17: warning: [removal] ExecuteUpdateResultCheckStyle in org.hibernate.engine.spi has been deprecated and marked for removal
  import static org.hibernate.engine.spi.ExecuteUpdateResultCheckStyle.expectationConstructor;
                                        ^
  2 errors
  100 warnings

BUILD FAILED in 3m 15s

Deprecated Gradle features were used in this build, making it incompatible with Gradle 10.

You can use '--warning-mode all' to show the individual deprecation warnings and determine if they come from your own scripts or plugins.

For more on this, please refer to https://docs.gradle.org/9.1.0/userguide/command_line_interface.html#sec:command_line_warnings in the Gradle documentation.
108 actionable tasks: 69 executed, 10 from cache, 29 up-to-date