--- Building code for a143937 ---
CPU detected: 8
Maven threads: 8
--- Changing directory to /Users/hasangaranasinghe/Documents/FYP/PORTGPT/patch-backporting/my_java_dataset/repos/crate ---
maven-cache-crate
--- Docker image maven-jdk11:latest already exists, skipping build ---
--- Verifying JDK executables in builder image... ---
openjdk version "24.0.2" 2025-07-15
OpenJDK Runtime Environment Temurin-24.0.2+12 (build 24.0.2+12)
OpenJDK 64-Bit Server VM Temurin-24.0.2+12 (build 24.0.2+12, mixed mode, sharing)
openjdk version "22.0.2" 2024-07-16
OpenJDK Runtime Environment Temurin-22.0.2+9 (build 22.0.2+9)
OpenJDK 64-Bit Server VM Temurin-22.0.2+9 (build 22.0.2+9, mixed mode, sharing)
openjdk version "21.0.4" 2024-07-16 LTS
OpenJDK Runtime Environment Temurin-21.0.4+7 (build 21.0.4+7-LTS)
OpenJDK 64-Bit Server VM Temurin-21.0.4+7 (build 21.0.4+7-LTS, mixed mode, sharing)
openjdk version "17.0.12" 2024-07-16
OpenJDK Runtime Environment Temurin-17.0.12+7 (build 17.0.12+7)
OpenJDK 64-Bit Server VM Temurin-17.0.12+7 (build 17.0.12+7, mixed mode, sharing)
--- Setting cache permissions... ---
--- Building with Maven... ---
WARNING: A terminally deprecated method in sun.misc.Unsafe has been called
WARNING: sun.misc.Unsafe::staticFieldBase has been called by com.google.inject.internal.aop.HiddenClassDefiner (file:/usr/share/maven/lib/guice-5.1.0-classes.jar)
WARNING: Please consider reporting this to the maintainers of class com.google.inject.internal.aop.HiddenClassDefiner
WARNING: sun.misc.Unsafe::staticFieldBase will be removed in a future release
[INFO] Scanning for projects...
[INFO] ------------------------------------------------------------------------
[INFO] Reactor Build Order:
[INFO] 
[INFO] crate                                                              [pom]
[INFO] crate-libs-shared                                                  [jar]
[INFO] crate-libs-dex                                                     [jar]
[INFO] crate-libs-es-x-content                                            [jar]
[INFO] crate-libs-cli                                                     [jar]
[INFO] crate-libs-guice                                                   [jar]
[INFO] crate-libs-sql-parser                                              [jar]
[INFO] crate-libs-pgwire                                                  [jar]
[INFO] crate-server                                                       [jar]
[INFO] es-analysis-common                                                 [jar]
[INFO] es-analysis-phonetic                                               [jar]
[INFO] es-discovery-ec2                                                   [jar]
[INFO] es-repository-s3                                                   [jar]
[INFO] es-repository-url                                                  [jar]
[INFO] es-repository-azure                                                [jar]
[INFO] dns-discovery                                                      [jar]
[INFO] crate-copy-s3                                                      [jar]
[INFO] crate-functions                                                    [jar]
[INFO] crate-lang-js                                                      [jar]
[INFO] crate-jmx-monitoring                                               [jar]
[INFO] jlink-jdk                                                        [jlink]
[INFO] crate-app                                                          [jar]
[INFO] crate-benchmarks                                                   [jar]
[INFO] 
[INFO] Using the MultiThreadedBuilder implementation with a thread count of 8
[INFO] 
[INFO] ---------------------------< io.crate:crate >---------------------------
[INFO] Building crate 5.6.3                                              [1/23]
[INFO]   from pom.xml
[INFO] --------------------------------[ pom ]---------------------------------
[INFO] 
[INFO] --- clean:3.3.2:clean (default-clean) @ crate ---
[INFO] 
[INFO] --- enforcer:3.4.1:enforce (enforce-maven) @ crate ---
[INFO] Skipping Rule Enforcement.
[INFO] 
[INFO] --- checkstyle:3.3.1:check (validate) @ crate ---
[INFO] 
[INFO] --- toolchains:4.5.0:toolchain (default) @ crate ---
[INFO] Required toolchain: jdk [ vendor='temurin' version='21.0.2' ]
[INFO] Begin to install JDK 21.0.2
[INFO] Download OpenJDK21U-jdk_aarch64_linux_hotspot_21.0.10_7.tar.gz from https://github.com/adoptium/temurin21-binaries/releases/download/jdk-21.0.10%2B7/OpenJDK21U-jdk_aarch64_linux_hotspot_21.0.10_7.tar.gz
[INFO] Extract OpenJDK21U-jdk_aarch64_linux_hotspot_21.0.10_7.tar.gz
[INFO] JDK installed: /root/.m2/jdks/jdk-21.0.10+7
[INFO] 
[INFO] --- jacoco:0.8.11:prepare-agent (default-prepare-agent) @ crate ---
[INFO] argLine set to -javaagent:/root/.m2/repository/org/jacoco/org.jacoco.agent/0.8.11/org.jacoco.agent-0.8.11-runtime.jar=destfile=/repo/target/jacoco.exec
[INFO] 
[INFO] --- forbiddenapis:3.6:check (default) @ crate ---
[INFO] Skipping forbidden-apis checks.
[INFO] 
[INFO] --- install:3.1.1:install (default-install) @ crate ---
[INFO] Installing /repo/pom.xml to /root/.m2/repository/io/crate/crate/5.6.3/crate-5.6.3.pom
[INFO] 
[INFO] ---------------------< io.crate:crate-libs-shared >---------------------
[INFO] Building crate-libs-shared 5.6.3                                  [2/23]
[INFO]   from libs/shared/pom.xml
[INFO] --------------------------------[ jar ]---------------------------------
[INFO] 
[INFO] ---------------------< io.crate:crate-libs-guice >----------------------
[INFO] Building crate-libs-guice 5.6.3                                   [3/23]
[INFO]   from libs/guice/pom.xml
[INFO] 
[INFO] ---------------------< io.crate:crate-libs-pgwire >---------------------
[INFO] Building crate-libs-pgwire 5.6.3                                  [4/23]
[INFO]   from libs/pgwire/pom.xml
[INFO] --------------------------------[ jar ]---------------------------------
[INFO] --------------------------------[ jar ]---------------------------------
[INFO] 
[INFO] -------------------------< io.crate:jlink-jdk >-------------------------
[INFO] Building jlink-jdk 5.6.3                                          [5/23]
[INFO]   from jlink-jdk/pom.xml
[INFO] -------------------------------[ jlink ]--------------------------------
[WARNING] *****************************************************************
[WARNING] * Your build is requesting parallel execution, but this         *
[WARNING] * project contains the following plugin(s) that have goals not  *
[WARNING] * marked as thread-safe to support parallel execution.          *
[WARNING] * While this /may/ work fine, please look for plugin updates    *
[WARNING] * and/or request plugins be made thread-safe.                   *
[WARNING] * If reporting an issue, report it against the plugin in        *
[WARNING] * question, not against Apache Maven.                           *
[WARNING] *****************************************************************
[WARNING] The following plugins are not marked as thread-safe in jlink-jdk:
[WARNING]   org.apache.maven.plugins:maven-jlink-plugin:3.1.0
[WARNING] 
[WARNING] Enable debug to see precisely which goals are not marked as thread-safe.
[WARNING] *****************************************************************
[INFO] 
[INFO] --- clean:3.3.2:clean (default-clean) @ jlink-jdk ---
[INFO] 
[INFO] --- enforcer:3.4.1:enforce (enforce-maven) @ jlink-jdk ---
[INFO] Skipping Rule Enforcement.
[INFO] 
[INFO] --- checkstyle:3.3.1:check (validate) @ jlink-jdk ---
[INFO] 
[INFO] --- toolchains:4.5.0:toolchain (default) @ jlink-jdk ---
[INFO] Required toolchain: jdk [ vendor='temurin' version='21.0.2' ]
[INFO] Found matching toolchain for toolchainType jdk: JDK[/root/.m2/jdks/jdk-21.0.10+7]
[INFO] 
[INFO] --- jacoco:0.8.11:prepare-agent (default-prepare-agent) @ jlink-jdk ---
[INFO] argLine set to -javaagent:/root/.m2/repository/org/jacoco/org.jacoco.agent/0.8.11/org.jacoco.agent-0.8.11-runtime.jar=destfile=/repo/jlink-jdk/target/jacoco.exec
[INFO] 
[INFO] --- resources:3.3.1:resources (default-resources) @ jlink-jdk ---
[INFO] 
[INFO] --- clean:3.3.2:clean (default-clean) @ crate-libs-guice ---
[INFO] 
[INFO] --- enforcer:3.4.1:enforce (enforce-maven) @ crate-libs-guice ---
[INFO] Skipping Rule Enforcement.
[INFO] 
[INFO] --- checkstyle:3.3.1:check (validate) @ crate-libs-guice ---
[INFO] 
[INFO] --- clean:3.3.2:clean (default-clean) @ crate-libs-pgwire ---
[INFO] 
[INFO] --- clean:3.3.2:clean (default-clean) @ crate-libs-shared ---
[INFO] 
[INFO] --- toolchains:4.5.0:toolchain (default) @ crate-libs-guice ---
[INFO] Required toolchain: jdk [ vendor='temurin' version='21.0.2' ]
[INFO] Found matching toolchain for toolchainType jdk: JDK[/root/.m2/jdks/jdk-21.0.10+7]
[INFO] 
[INFO] --- jacoco:0.8.11:prepare-agent (default-prepare-agent) @ crate-libs-guice ---
[INFO] argLine set to -javaagent:/root/.m2/repository/org/jacoco/org.jacoco.agent/0.8.11/org.jacoco.agent-0.8.11-runtime.jar=destfile=/repo/libs/guice/target/jacoco.exec
[INFO] 
[INFO] --- resources:3.3.1:resources (default-resources) @ crate-libs-guice ---
[INFO] 
[INFO] --- enforcer:3.4.1:enforce (enforce-maven) @ crate-libs-shared ---
[INFO] 
[INFO] --- enforcer:3.4.1:enforce (enforce-maven) @ crate-libs-pgwire ---
[INFO] Skipping Rule Enforcement.
[INFO] 
[INFO] --- checkstyle:3.3.1:check (validate) @ crate-libs-pgwire ---
[INFO] Skipping Rule Enforcement.
[INFO] 
[INFO] --- checkstyle:3.3.1:check (validate) @ crate-libs-shared ---
[INFO] 
[INFO] --- toolchains:4.5.0:toolchain (default) @ crate-libs-pgwire ---
[INFO] 
[INFO] --- toolchains:4.5.0:toolchain (default) @ crate-libs-shared ---
[INFO] Required toolchain: jdk [ vendor='temurin' version='21.0.2' ]
[INFO] Required toolchain: jdk [ vendor='temurin' version='21.0.2' ]
[INFO] Found matching toolchain for toolchainType jdk: JDK[/root/.m2/jdks/jdk-21.0.10+7]
[INFO] 
[INFO] --- jacoco:0.8.11:prepare-agent (default-prepare-agent) @ crate-libs-shared ---
[INFO] argLine set to -javaagent:/root/.m2/repository/org/jacoco/org.jacoco.agent/0.8.11/org.jacoco.agent-0.8.11-runtime.jar=destfile=/repo/libs/shared/target/jacoco.exec
[INFO] 
[INFO] --- resources:3.3.1:resources (default-resources) @ crate-libs-shared ---
[INFO] Found matching toolchain for toolchainType jdk: JDK[/root/.m2/jdks/jdk-21.0.10+7]
[INFO] 
[INFO] --- jacoco:0.8.11:prepare-agent (default-prepare-agent) @ crate-libs-pgwire ---
[INFO] argLine set to -javaagent:/root/.m2/repository/org/jacoco/org.jacoco.agent/0.8.11/org.jacoco.agent-0.8.11-runtime.jar=destfile=/repo/libs/pgwire/target/jacoco.exec
[INFO] 
[INFO] --- antlr4:4.13.1:antlr4 (antlr) @ crate-libs-pgwire ---
[INFO] skip non existing resourceDirectory /repo/jlink-jdk/src/main/resources
[INFO] 
[INFO] --- compiler:3.11.0:compile (default-compile) @ jlink-jdk ---
[INFO] skip non existing resourceDirectory /repo/libs/shared/src/main/resources
[INFO] skip non existing resourceDirectory /repo/libs/guice/src/main/resources
[INFO] 
[INFO] --- compiler:3.11.0:compile (default-compile) @ crate-libs-shared ---
[INFO] 
[INFO] --- compiler:3.11.0:compile (default-compile) @ crate-libs-guice ---
[INFO] ANTLR 4: Processing source directory /repo/libs/pgwire/src/main/antlr
[INFO] Toolchain in maven-compiler-plugin: JDK[/root/.m2/jdks/jdk-21.0.10+7]
[INFO] Toolchain in maven-compiler-plugin: JDK[/root/.m2/jdks/jdk-21.0.10+7]
[INFO] Toolchain in maven-compiler-plugin: JDK[/root/.m2/jdks/jdk-21.0.10+7]
[INFO] No sources to compile
[INFO] 
[INFO] --- resources:3.3.1:testResources (default-testResources) @ jlink-jdk ---
[INFO] skip non existing resourceDirectory /repo/jlink-jdk/src/test/resources
[INFO] 
[INFO] --- compiler:3.11.0:testCompile (default-testCompile) @ jlink-jdk ---
[INFO] Toolchain in maven-compiler-plugin: JDK[/root/.m2/jdks/jdk-21.0.10+7]
[INFO] No sources to compile
[INFO] 
[INFO] --- surefire:3.2.2:test (default-test) @ jlink-jdk ---
[INFO] Changes detected - recompiling the module! :source
[INFO] Compiling 50 source files with javac [forked debug target 21] to target/classes
[INFO] Tests are skipped.
[INFO] 
[INFO] --- jlink:3.1.0:jlink (default-jlink) @ jlink-jdk ---
[INFO] Processing grammar: io/crate/protocols/postgres/antlr/PgArray.g4
[INFO] Changes detected - recompiling the module! :source
[INFO] Compiling 169 source files with javac [forked debug target 21] to target/classes
[INFO] Toolchain in maven-jlink-plugin: jlink [ /root/.m2/jdks/jdk-21.0.10+7/bin/jlink ]
[INFO] 
[INFO] --- resources:3.3.1:resources (default-resources) @ crate-libs-pgwire ---
[INFO] skip non existing resourceDirectory /repo/libs/pgwire/src/main/resources
[INFO] 
[INFO] --- compiler:3.11.0:compile (default-compile) @ crate-libs-pgwire ---
[INFO] Toolchain in maven-compiler-plugin: JDK[/root/.m2/jdks/jdk-21.0.10+7]
[INFO] Changes detected - recompiling the module! :source
[INFO] Compiling 7 source files with javac [forked debug target 21] to target/classes
[INFO] 
[INFO] --- resources:3.3.1:testResources (default-testResources) @ crate-libs-pgwire ---
[INFO] skip non existing resourceDirectory /repo/libs/pgwire/src/test/resources
[INFO] 
[INFO] --- compiler:3.11.0:testCompile (default-testCompile) @ crate-libs-pgwire ---
[INFO] Toolchain in maven-compiler-plugin: JDK[/root/.m2/jdks/jdk-21.0.10+7]
[INFO] Changes detected - recompiling the module! :dependency
[INFO] Compiling 1 source file with javac [forked debug target 21] to target/test-classes
[INFO] 
[INFO] --- build-helper:3.5.0:add-test-source (add-gradle-testfixtures) @ crate-libs-shared ---
[INFO] Test Source directory: /repo/libs/shared/src/testFixtures/java added.
[INFO] 
[INFO] --- resources:3.3.1:testResources (default-testResources) @ crate-libs-shared ---
[INFO] skip non existing resourceDirectory /repo/libs/shared/src/test/resources
[INFO] 
[INFO] --- compiler:3.11.0:testCompile (default-testCompile) @ crate-libs-shared ---
[INFO] Toolchain in maven-compiler-plugin: JDK[/root/.m2/jdks/jdk-21.0.10+7]
[INFO] Changes detected - recompiling the module! :dependency
[INFO] Compiling 9 source files with javac [forked debug target 21] to target/test-classes
[INFO] 
[INFO] --- surefire:3.2.2:test (default-test) @ crate-libs-pgwire ---
[INFO] Tests are skipped.
[INFO] 
[INFO] --- jar:3.3.0:jar (default-jar) @ crate-libs-pgwire ---
[INFO] Building jar: /repo/libs/pgwire/target/crate-libs-pgwire-5.6.3.jar
[INFO] 
[INFO] --- forbiddenapis:3.6:check (default) @ crate-libs-pgwire ---
[INFO] Skipping forbidden-apis checks.
[INFO] 
[INFO] --- install:3.1.1:install (default-install) @ crate-libs-pgwire ---
[INFO] Installing /repo/libs/pgwire/pom.xml to /root/.m2/repository/io/crate/crate-libs-pgwire/5.6.3/crate-libs-pgwire-5.6.3.pom
[INFO] Installing /repo/libs/pgwire/target/crate-libs-pgwire-5.6.3.jar to /root/.m2/repository/io/crate/crate-libs-pgwire/5.6.3/crate-libs-pgwire-5.6.3.jar
[INFO] 
[INFO] --- surefire:3.2.2:test (default-test) @ crate-libs-shared ---
[INFO] Tests are skipped.
[INFO] 
[INFO] --- jar:3.3.0:jar (default-jar) @ crate-libs-shared ---
[INFO] 
[INFO] --- resources:3.3.1:testResources (default-testResources) @ crate-libs-guice ---
[INFO] Building jar: /repo/libs/shared/target/crate-libs-shared-5.6.3.jar
[INFO] skip non existing resourceDirectory /repo/libs/guice/src/test/resources
[INFO] 
[INFO] --- compiler:3.11.0:testCompile (default-testCompile) @ crate-libs-guice ---
[INFO] Toolchain in maven-compiler-plugin: JDK[/root/.m2/jdks/jdk-21.0.10+7]
[INFO] No sources to compile
[INFO] 
[INFO] --- surefire:3.2.2:test (default-test) @ crate-libs-guice ---
[INFO] Tests are skipped.
[INFO] 
[INFO] --- jar:3.3.0:jar (default-jar) @ crate-libs-guice ---
[INFO] 
[INFO] --- jar:3.3.0:test-jar (default) @ crate-libs-shared ---
[INFO] Building jar: /repo/libs/shared/target/crate-libs-shared-5.6.3-tests.jar
[INFO] 
[INFO] --- forbiddenapis:3.6:check (default) @ crate-libs-shared ---
[INFO] Skipping forbidden-apis checks.
[INFO] 
[INFO] --- install:3.1.1:install (default-install) @ crate-libs-shared ---
[INFO] Installing /repo/libs/shared/pom.xml to /root/.m2/repository/io/crate/crate-libs-shared/5.6.3/crate-libs-shared-5.6.3.pom
[INFO] Installing /repo/libs/shared/target/crate-libs-shared-5.6.3.jar to /root/.m2/repository/io/crate/crate-libs-shared/5.6.3/crate-libs-shared-5.6.3.jar
[INFO] Installing /repo/libs/shared/target/crate-libs-shared-5.6.3-tests.jar to /root/.m2/repository/io/crate/crate-libs-shared/5.6.3/crate-libs-shared-5.6.3-tests.jar
[INFO] Building jar: /repo/libs/guice/target/crate-libs-guice-5.6.3.jar
[INFO] 
[INFO] 
[INFO] ------------------< io.crate:crate-libs-es-x-content >------------------
[INFO] Building crate-libs-es-x-content 5.6.3                            [6/23]
[INFO]   from libs/es-x-content/pom.xml
[INFO] --------------------------------[ jar ]---------------------------------
[INFO] ----------------------< io.crate:crate-libs-dex >-----------------------
[INFO] Building crate-libs-dex 5.6.3                                     [7/23]
[INFO]   from libs/dex/pom.xml
[INFO] --------------------------------[ jar ]---------------------------------
[INFO] 
[INFO] ----------------------< io.crate:crate-libs-cli >-----------------------
[INFO] Building crate-libs-cli 5.6.3                                     [8/23]
[INFO]   from libs/cli/pom.xml
[INFO] --------------------------------[ jar ]---------------------------------
[INFO] 
[INFO] -------------------< io.crate:crate-libs-sql-parser >-------------------
[INFO] Building crate-libs-sql-parser 5.6.3                              [9/23]
[INFO]   from libs/sql-parser/pom.xml
[INFO] --------------------------------[ jar ]---------------------------------
[INFO] 
[INFO] --- clean:3.3.2:clean (default-clean) @ crate-libs-dex ---
[INFO] 
[INFO] --- enforcer:3.4.1:enforce (enforce-maven) @ crate-libs-dex ---
[INFO] 
[INFO] --- clean:3.3.2:clean (default-clean) @ crate-libs-cli ---
[INFO] 
[INFO] --- clean:3.3.2:clean (default-clean) @ crate-libs-es-x-content ---
[INFO] Skipping Rule Enforcement.
[INFO] 
[INFO] --- checkstyle:3.3.1:check (validate) @ crate-libs-dex ---
[INFO] 
[INFO] --- toolchains:4.5.0:toolchain (default) @ crate-libs-dex ---
[INFO] 
[INFO] Required toolchain: jdk [ vendor='temurin' version='21.0.2' ]
[INFO] --- enforcer:3.4.1:enforce (enforce-maven) @ crate-libs-cli ---
[INFO] Found matching toolchain for toolchainType jdk: JDK[/root/.m2/jdks/jdk-21.0.10+7]
[INFO] 
[INFO] --- jacoco:0.8.11:prepare-agent (default-prepare-agent) @ crate-libs-dex ---
[WARNING] 1 problem was encountered while building the effective model for org.javassist:javassist:jar:3.20.0-GA during dependency collection step for project (use -X to see details)
[INFO] 
[INFO] --- enforcer:3.4.1:enforce (enforce-maven) @ crate-libs-es-x-content ---
[INFO] argLine set to -javaagent:/root/.m2/repository/org/jacoco/org.jacoco.agent/0.8.11/org.jacoco.agent-0.8.11-runtime.jar=destfile=/repo/libs/dex/target/jacoco.exec
[INFO] 
[INFO] --- resources:3.3.1:resources (default-resources) @ crate-libs-dex ---
[INFO] Skipping Rule Enforcement.
[INFO] 
[INFO] --- checkstyle:3.3.1:check (validate) @ crate-libs-cli ---
[INFO] Skipping Rule Enforcement.
[INFO] 
[INFO] --- checkstyle:3.3.1:check (validate) @ crate-libs-es-x-content ---
[INFO] 
[INFO] --- toolchains:4.5.0:toolchain (default) @ crate-libs-cli ---
[INFO] 
[INFO] --- toolchains:4.5.0:toolchain (default) @ crate-libs-es-x-content ---
[INFO] Required toolchain: jdk [ vendor='temurin' version='21.0.2' ]
[INFO] Found matching toolchain for toolchainType jdk: JDK[/root/.m2/jdks/jdk-21.0.10+7]
[INFO] Required toolchain: jdk [ vendor='temurin' version='21.0.2' ]
[INFO] 
[INFO] --- jacoco:0.8.11:prepare-agent (default-prepare-agent) @ crate-libs-cli ---
[INFO] Found matching toolchain for toolchainType jdk: JDK[/root/.m2/jdks/jdk-21.0.10+7]
[INFO] 
[INFO] --- jacoco:0.8.11:prepare-agent (default-prepare-agent) @ crate-libs-es-x-content ---
[INFO] argLine set to -javaagent:/root/.m2/repository/org/jacoco/org.jacoco.agent/0.8.11/org.jacoco.agent-0.8.11-runtime.jar=destfile=/repo/libs/cli/target/jacoco.exec
[INFO] skip non existing resourceDirectory /repo/libs/dex/src/main/resources
[INFO] 
[INFO] argLine set to -javaagent:/root/.m2/repository/org/jacoco/org.jacoco.agent/0.8.11/org.jacoco.agent-0.8.11-runtime.jar=destfile=/repo/libs/es-x-content/target/jacoco.exec
[INFO] 
[INFO] --- resources:3.3.1:resources (default-resources) @ crate-libs-es-x-content ---
[INFO] --- resources:3.3.1:resources (default-resources) @ crate-libs-cli ---
[INFO] 
[INFO] --- compiler:3.11.0:compile (default-compile) @ crate-libs-dex ---
[INFO] Toolchain in maven-compiler-plugin: JDK[/root/.m2/jdks/jdk-21.0.10+7]
[INFO] skip non existing resourceDirectory /repo/libs/es-x-content/src/main/resources
[INFO] 
[INFO] --- compiler:3.11.0:compile (default-compile) @ crate-libs-es-x-content ---
[INFO] Toolchain in maven-compiler-plugin: JDK[/root/.m2/jdks/jdk-21.0.10+7]
[INFO] skip non existing resourceDirectory /repo/libs/cli/src/main/resources
[INFO] 
[INFO] --- clean:3.3.2:clean (default-clean) @ crate-libs-sql-parser ---
[INFO] 
[INFO] --- compiler:3.11.0:compile (default-compile) @ crate-libs-cli ---
[INFO] Toolchain in maven-compiler-plugin: JDK[/root/.m2/jdks/jdk-21.0.10+7]
[INFO] 
[INFO] --- enforcer:3.4.1:enforce (enforce-maven) @ crate-libs-sql-parser ---
[INFO] Skipping Rule Enforcement.
[INFO] 
[INFO] --- checkstyle:3.3.1:check (validate) @ crate-libs-sql-parser ---
[INFO] 
[INFO] --- toolchains:4.5.0:toolchain (default) @ crate-libs-sql-parser ---
[INFO] Required toolchain: jdk [ vendor='temurin' version='21.0.2' ]
[INFO] Found matching toolchain for toolchainType jdk: JDK[/root/.m2/jdks/jdk-21.0.10+7]
[INFO] 
[INFO] --- jacoco:0.8.11:prepare-agent (default-prepare-agent) @ crate-libs-sql-parser ---
[INFO] argLine set to -javaagent:/root/.m2/repository/org/jacoco/org.jacoco.agent/0.8.11/org.jacoco.agent-0.8.11-runtime.jar=destfile=/repo/libs/sql-parser/target/jacoco.exec
[INFO] 
[INFO] --- antlr4:4.13.1:antlr4 (antlr) @ crate-libs-sql-parser ---
[INFO] ANTLR 4: Processing source directory /repo/libs/sql-parser/src/main/antlr
[INFO] Changes detected - recompiling the module! :dependency
[INFO] Compiling 5 source files with javac [forked debug target 21] to target/classes
[INFO] 
[INFO] --- forbiddenapis:3.6:check (default) @ crate-libs-guice ---
[INFO] Skipping forbidden-apis checks.
[INFO] 
[INFO] --- install:3.1.1:install (default-install) @ crate-libs-guice ---
[INFO] Installing /repo/libs/guice/pom.xml to /root/.m2/repository/io/crate/crate-libs-guice/5.6.3/crate-libs-guice-5.6.3.pom
[INFO] Installing /repo/libs/guice/target/crate-libs-guice-5.6.3.jar to /root/.m2/repository/io/crate/crate-libs-guice/5.6.3/crate-libs-guice-5.6.3.jar
[INFO] Changes detected - recompiling the module! :dependency
[INFO] Changes detected - recompiling the module! :dependency
[INFO] Compiling 30 source files with javac [forked debug target 21] to target/classes
[INFO] Compiling 47 source files with javac [forked debug target 21] to target/classes
[INFO] Processing grammar: io/crate/sql/parser/antlr/SqlBaseLexer.g4
[INFO] Processing grammar: io/crate/sql/parser/antlr/SqlBaseParser.g4
[INFO] 
[INFO] --- resources:3.3.1:resources (default-resources) @ crate-libs-sql-parser ---
[INFO] skip non existing resourceDirectory /repo/libs/sql-parser/src/main/resources
[INFO] 
[INFO] --- compiler:3.11.0:compile (default-compile) @ crate-libs-sql-parser ---
[INFO] Toolchain in maven-compiler-plugin: JDK[/root/.m2/jdks/jdk-21.0.10+7]
[INFO] Changes detected - recompiling the module! :dependency
[INFO] Compiling 209 source files with javac [forked debug target 21] to target/classes
[INFO] 
[INFO] --- resources:3.3.1:testResources (default-testResources) @ crate-libs-cli ---
[INFO] skip non existing resourceDirectory /repo/libs/cli/src/test/resources
[INFO] 
[INFO] --- compiler:3.11.0:testCompile (default-testCompile) @ crate-libs-cli ---
[INFO] Toolchain in maven-compiler-plugin: JDK[/root/.m2/jdks/jdk-21.0.10+7]
[INFO] No sources to compile
[INFO] 
[INFO] --- surefire:3.2.2:test (default-test) @ crate-libs-cli ---
[INFO] Tests are skipped.
[INFO] 
[INFO] --- jar:3.3.0:jar (default-jar) @ crate-libs-cli ---
[INFO] Building jar: /repo/libs/cli/target/crate-libs-cli-5.6.3.jar
[INFO] 
[INFO] --- forbiddenapis:3.6:check (default) @ crate-libs-cli ---
[INFO] Skipping forbidden-apis checks.
[INFO] 
[INFO] --- install:3.1.1:install (default-install) @ crate-libs-cli ---
[INFO] Installing /repo/libs/cli/pom.xml to /root/.m2/repository/io/crate/crate-libs-cli/5.6.3/crate-libs-cli-5.6.3.pom
[INFO] Installing /repo/libs/cli/target/crate-libs-cli-5.6.3.jar to /root/.m2/repository/io/crate/crate-libs-cli/5.6.3/crate-libs-cli-5.6.3.jar
[INFO] 
[INFO] --- build-helper:3.5.0:add-test-source (add-testfixtures) @ crate-libs-dex ---
[INFO] Test Source directory: /repo/libs/dex/src/testFixtures/java added.
[INFO] 
[INFO] --- resources:3.3.1:testResources (default-testResources) @ crate-libs-dex ---
[INFO] skip non existing resourceDirectory /repo/libs/dex/src/test/resources
[INFO] 
[INFO] --- compiler:3.11.0:testCompile (default-testCompile) @ crate-libs-dex ---
[INFO] Toolchain in maven-compiler-plugin: JDK[/root/.m2/jdks/jdk-21.0.10+7]
[INFO] Changes detected - recompiling the module! :dependency
[INFO] Compiling 22 source files with javac [forked debug target 21] to target/test-classes
[INFO] 
[INFO] --- resources:3.3.1:testResources (default-testResources) @ crate-libs-es-x-content ---
[INFO] skip non existing resourceDirectory /repo/libs/es-x-content/src/test/resources
[INFO] 
[INFO] --- compiler:3.11.0:testCompile (default-testCompile) @ crate-libs-es-x-content ---
[INFO] Toolchain in maven-compiler-plugin: JDK[/root/.m2/jdks/jdk-21.0.10+7]
[INFO] No sources to compile
[INFO] 
[INFO] --- surefire:3.2.2:test (default-test) @ crate-libs-es-x-content ---
[INFO] Tests are skipped.
[INFO] 
[INFO] --- jar:3.3.0:jar (default-jar) @ crate-libs-es-x-content ---
[INFO] Building jar: /repo/libs/es-x-content/target/crate-libs-es-x-content-5.6.3.jar
[INFO] 
[INFO] --- forbiddenapis:3.6:check (default) @ crate-libs-es-x-content ---
[INFO] Skipping forbidden-apis checks.
[INFO] 
[INFO] --- install:3.1.1:install (default-install) @ crate-libs-es-x-content ---
[INFO] Installing /repo/libs/es-x-content/pom.xml to /root/.m2/repository/io/crate/crate-libs-es-x-content/5.6.3/crate-libs-es-x-content-5.6.3.pom
[INFO] Installing /repo/libs/es-x-content/target/crate-libs-es-x-content-5.6.3.jar to /root/.m2/repository/io/crate/crate-libs-es-x-content/5.6.3/crate-libs-es-x-content-5.6.3.jar
[INFO] 
[INFO] --- surefire:3.2.2:test (default-test) @ crate-libs-dex ---
[INFO] Tests are skipped.
[INFO] 
[INFO] --- jar:3.3.0:jar (default-jar) @ crate-libs-dex ---
[INFO] Building jar: /repo/libs/dex/target/crate-libs-dex-5.6.3.jar
[INFO] 
[INFO] --- jar:3.3.0:test-jar (default) @ crate-libs-dex ---
[INFO] Building jar: /repo/libs/dex/target/crate-libs-dex-5.6.3-tests.jar
[INFO] 
[INFO] --- forbiddenapis:3.6:check (default) @ crate-libs-dex ---
[INFO] Skipping forbidden-apis checks.
[INFO] 
[INFO] --- install:3.1.1:install (default-install) @ crate-libs-dex ---
[INFO] Installing /repo/libs/dex/pom.xml to /root/.m2/repository/io/crate/crate-libs-dex/5.6.3/crate-libs-dex-5.6.3.pom
[INFO] Installing /repo/libs/dex/target/crate-libs-dex-5.6.3.jar to /root/.m2/repository/io/crate/crate-libs-dex/5.6.3/crate-libs-dex-5.6.3.jar
[INFO] Installing /repo/libs/dex/target/crate-libs-dex-5.6.3-tests.jar to /root/.m2/repository/io/crate/crate-libs-dex/5.6.3/crate-libs-dex-5.6.3-tests.jar
[INFO] Building zip: /repo/jlink-jdk/target/jlink-jdk-5.6.3.zip
[INFO] 
[INFO] --- resources:3.3.1:testResources (default-testResources) @ crate-libs-sql-parser ---
[INFO] Copying 22 resources from src/test/resources to target/test-classes
[INFO] 
[INFO] --- compiler:3.11.0:testCompile (default-testCompile) @ crate-libs-sql-parser ---
[INFO] Toolchain in maven-compiler-plugin: JDK[/root/.m2/jdks/jdk-21.0.10+7]
[INFO] Changes detected - recompiling the module! :dependency
[INFO] Compiling 14 source files with javac [forked debug target 21] to target/test-classes
[INFO] 
[INFO] --- forbiddenapis:3.6:check (default) @ jlink-jdk ---
[INFO] Skipping forbidden-apis checks.
[INFO] 
[INFO] --- install:3.1.1:install (default-install) @ jlink-jdk ---
[INFO] Installing /repo/jlink-jdk/pom.xml to /root/.m2/repository/io/crate/jlink-jdk/5.6.3/jlink-jdk-5.6.3.pom
[INFO] Installing /repo/jlink-jdk/target/jlink-jdk-5.6.3.zip to /root/.m2/repository/io/crate/jlink-jdk/5.6.3/jlink-jdk-5.6.3.zip
[INFO] 
[INFO] --- surefire:3.2.2:test (default-test) @ crate-libs-sql-parser ---
[INFO] Tests are skipped.
[INFO] 
[INFO] --- jar:3.3.0:jar (default-jar) @ crate-libs-sql-parser ---
[INFO] Building jar: /repo/libs/sql-parser/target/crate-libs-sql-parser-5.6.3.jar
[INFO] 
[INFO] --- forbiddenapis:3.6:check (default) @ crate-libs-sql-parser ---
[INFO] Skipping forbidden-apis checks.
[INFO] 
[INFO] --- install:3.1.1:install (default-install) @ crate-libs-sql-parser ---
[INFO] Installing /repo/libs/sql-parser/pom.xml to /root/.m2/repository/io/crate/crate-libs-sql-parser/5.6.3/crate-libs-sql-parser-5.6.3.pom
[INFO] Installing /repo/libs/sql-parser/target/crate-libs-sql-parser-5.6.3.jar to /root/.m2/repository/io/crate/crate-libs-sql-parser/5.6.3/crate-libs-sql-parser-5.6.3.jar
[INFO] 
[INFO] -----------------------< io.crate:crate-server >------------------------
[INFO] Building crate-server 5.6.3                                      [10/23]
[INFO]   from server/pom.xml
[INFO] --------------------------------[ jar ]---------------------------------
[INFO] 
[INFO] --- clean:3.3.2:clean (default-clean) @ crate-server ---
[INFO] 
[INFO] --- enforcer:3.4.1:enforce (enforce-maven) @ crate-server ---
[INFO] Skipping Rule Enforcement.
[INFO] 
[INFO] --- checkstyle:3.3.1:check (validate) @ crate-server ---
[INFO] 
[INFO] --- toolchains:4.5.0:toolchain (default) @ crate-server ---
[INFO] Required toolchain: jdk [ vendor='temurin' version='21.0.2' ]
[INFO] Found matching toolchain for toolchainType jdk: JDK[/root/.m2/jdks/jdk-21.0.10+7]
[INFO] 
[INFO] --- jacoco:0.8.11:prepare-agent (default-prepare-agent) @ crate-server ---
[INFO] argLine set to -javaagent:/root/.m2/repository/org/jacoco/org.jacoco.agent/0.8.11/org.jacoco.agent-0.8.11-runtime.jar=destfile=/repo/server/target/jacoco.exec
[INFO] 
[INFO] --- antlr4:4.13.1:antlr4 (antlr) @ crate-server ---
[INFO] ANTLR 4: Processing source directory /repo/server/src/main/antlr
[INFO] Processing grammar: io/crate/signatures/antlr/TypeSignatures.g4
[INFO] 
[INFO] --- resources:3.3.1:resources (default-resources) @ crate-server ---
[INFO] Copying 11 resources from src/main/resources to target/classes
[INFO] 
[INFO] --- compiler:3.11.0:compile (default-compile) @ crate-server ---
[INFO] Toolchain in maven-compiler-plugin: JDK[/root/.m2/jdks/jdk-21.0.10+7]
[INFO] Changes detected - recompiling the module! :dependency
[INFO] Compiling 2888 source files with javac [forked debug target 21] to target/classes
[INFO] -------------------------------------------------------------
[ERROR] COMPILATION ERROR : 
[INFO] -------------------------------------------------------------
[ERROR]   on the class path. A future release of javac may disable annotation processing
  unless at least one processor is specified by name (-processor), or a search
  path is specified (--processor-path, --processor-module-path), or annotation
  processing is enabled explicitly (-proc:only, -proc:full).
  Use -Xlint:-options to suppress this message.
  Use -proc:none to disable annotation processing.
Note: Processing Log4j annotations
Note: Annotations processed
Note: Processing Log4j annotations
Note: No elements to process
/repo/server/src/main/java/io/crate/planner/operators/HashJoinConditionSymbolsExtractor.java:[89,33] error: isEquiJoin(Symbol) has private access in EquiJoinDetector
[INFO] 1 error
[INFO] -------------------------------------------------------------
[INFO] ------------------------------------------------------------------------
[INFO] Reactor Summary for crate 5.6.3:
[INFO] 
[INFO] crate .............................................. SUCCESS [ 42.998 s]
[INFO] crate-libs-shared .................................. SUCCESS [  6.630 s]
[INFO] crate-libs-dex ..................................... SUCCESS [  5.771 s]
[INFO] crate-libs-es-x-content ............................ SUCCESS [  3.648 s]
[INFO] crate-libs-cli ..................................... SUCCESS [  1.853 s]
[INFO] crate-libs-guice ................................... SUCCESS [  6.800 s]
[INFO] crate-libs-sql-parser .............................. SUCCESS [ 10.364 s]
[INFO] crate-libs-pgwire .................................. SUCCESS [  5.074 s]
[INFO] crate-server ....................................... FAILURE [ 18.997 s]
[INFO] es-analysis-common ................................. SKIPPED
[INFO] es-analysis-phonetic ............................... SKIPPED
[INFO] es-discovery-ec2 ................................... SKIPPED
[INFO] es-repository-s3 ................................... SKIPPED
[INFO] es-repository-url .................................. SKIPPED
[INFO] es-repository-azure ................................ SKIPPED
[INFO] dns-discovery ...................................... SKIPPED
[INFO] crate-copy-s3 ...................................... SKIPPED
[INFO] crate-functions .................................... SKIPPED
[INFO] crate-lang-js ...................................... SKIPPED
[INFO] crate-jmx-monitoring ............................... SKIPPED
[INFO] jlink-jdk .......................................... SUCCESS [ 16.609 s]
[INFO] crate-app .......................................... SKIPPED
[INFO] crate-benchmarks ................................... SKIPPED
[INFO] ------------------------------------------------------------------------
[INFO] BUILD FAILURE
[INFO] ------------------------------------------------------------------------
[INFO] Total time:  01:19 min (Wall Clock)
[INFO] Finished at: 2026-04-25T15:39:11Z
[INFO] ------------------------------------------------------------------------
[ERROR] Failed to execute goal org.apache.maven.plugins:maven-compiler-plugin:3.11.0:compile (default-compile) on project crate-server: Compilation failure
[ERROR]   on the class path. A future release of javac may disable annotation processing
[ERROR]   unless at least one processor is specified by name (-processor), or a search
[ERROR]   path is specified (--processor-path, --processor-module-path), or annotation
[ERROR]   processing is enabled explicitly (-proc:only, -proc:full).
[ERROR]   Use -Xlint:-options to suppress this message.
[ERROR]   Use -proc:none to disable annotation processing.
[ERROR] Note: Processing Log4j annotations
[ERROR] Note: Annotations processed
[ERROR] Note: Processing Log4j annotations
[ERROR] Note: No elements to process
[ERROR] /repo/server/src/main/java/io/crate/planner/operators/HashJoinConditionSymbolsExtractor.java:[89,33] error: isEquiJoin(Symbol) has private access in EquiJoinDetector
[ERROR] 
[ERROR] -> [Help 1]
[ERROR] 
[ERROR] To see the full stack trace of the errors, re-run Maven with the -e switch.
[ERROR] Re-run Maven using the -X switch to enable full debug logging.
[ERROR] 
[ERROR] For more information about the errors and possible solutions, please read the following articles:
[ERROR] [Help 1] http://cwiki.apache.org/confluence/display/MAVEN/MojoFailureException
[ERROR] 
[ERROR] After correcting the problems, you can resume the build with the command
[ERROR]   mvn <args> -rf :crate-server
⚠️ Build failed; cleaning cached JDK archives and retrying once...
WARNING: A terminally deprecated method in sun.misc.Unsafe has been called
WARNING: sun.misc.Unsafe::staticFieldBase has been called by com.google.inject.internal.aop.HiddenClassDefiner (file:/usr/share/maven/lib/guice-5.1.0-classes.jar)
WARNING: Please consider reporting this to the maintainers of class com.google.inject.internal.aop.HiddenClassDefiner
WARNING: sun.misc.Unsafe::staticFieldBase will be removed in a future release
[INFO] Scanning for projects...
[INFO] ------------------------------------------------------------------------
[INFO] Reactor Build Order:
[INFO] 
[INFO] crate                                                              [pom]
[INFO] crate-libs-shared                                                  [jar]
[INFO] crate-libs-dex                                                     [jar]
[INFO] crate-libs-es-x-content                                            [jar]
[INFO] crate-libs-cli                                                     [jar]
[INFO] crate-libs-guice                                                   [jar]
[INFO] crate-libs-sql-parser                                              [jar]
[INFO] crate-libs-pgwire                                                  [jar]
[INFO] crate-server                                                       [jar]
[INFO] es-analysis-common                                                 [jar]
[INFO] es-analysis-phonetic                                               [jar]
[INFO] es-discovery-ec2                                                   [jar]
[INFO] es-repository-s3                                                   [jar]
[INFO] es-repository-url                                                  [jar]
[INFO] es-repository-azure                                                [jar]
[INFO] dns-discovery                                                      [jar]
[INFO] crate-copy-s3                                                      [jar]
[INFO] crate-functions                                                    [jar]
[INFO] crate-lang-js                                                      [jar]
[INFO] crate-jmx-monitoring                                               [jar]
[INFO] jlink-jdk                                                        [jlink]
[INFO] crate-app                                                          [jar]
[INFO] crate-benchmarks                                                   [jar]
[INFO] 
[INFO] Using the MultiThreadedBuilder implementation with a thread count of 8
[INFO] 
[INFO] ---------------------------< io.crate:crate >---------------------------
[INFO] Building crate 5.6.3                                              [1/23]
[INFO]   from pom.xml
[INFO] --------------------------------[ pom ]---------------------------------
[INFO] 
[INFO] --- clean:3.3.2:clean (default-clean) @ crate ---
[INFO] 
[INFO] --- enforcer:3.4.1:enforce (enforce-maven) @ crate ---
[INFO] Skipping Rule Enforcement.
[INFO] 
[INFO] --- checkstyle:3.3.1:check (validate) @ crate ---
[INFO] 
[INFO] --- toolchains:4.5.0:toolchain (default) @ crate ---
[INFO] Required toolchain: jdk [ vendor='temurin' version='21.0.2' ]
[INFO] Begin to install JDK 21.0.2
[INFO] Download OpenJDK21U-jdk_aarch64_linux_hotspot_21.0.10_7.tar.gz from https://github.com/adoptium/temurin21-binaries/releases/download/jdk-21.0.10%2B7/OpenJDK21U-jdk_aarch64_linux_hotspot_21.0.10_7.tar.gz
[INFO] Extract OpenJDK21U-jdk_aarch64_linux_hotspot_21.0.10_7.tar.gz
[INFO] JDK installed: /root/.m2/jdks/jdk-21.0.10+7
[INFO] 
[INFO] --- jacoco:0.8.11:prepare-agent (default-prepare-agent) @ crate ---
[INFO] argLine set to -javaagent:/root/.m2/repository/org/jacoco/org.jacoco.agent/0.8.11/org.jacoco.agent-0.8.11-runtime.jar=destfile=/repo/target/jacoco.exec
[INFO] 
[INFO] --- forbiddenapis:3.6:check (default) @ crate ---
[INFO] Skipping forbidden-apis checks.
[INFO] 
[INFO] --- install:3.1.1:install (default-install) @ crate ---
[INFO] Installing /repo/pom.xml to /root/.m2/repository/io/crate/crate/5.6.3/crate-5.6.3.pom
[INFO] 
[INFO] ---------------------< io.crate:crate-libs-shared >---------------------
[INFO] Building crate-libs-shared 5.6.3                                  [2/23]
[INFO]   from libs/shared/pom.xml
[INFO] --------------------------------[ jar ]---------------------------------
[INFO] 
[INFO] ---------------------< io.crate:crate-libs-guice >----------------------
[INFO] Building crate-libs-guice 5.6.3                                   [3/23]
[INFO]   from libs/guice/pom.xml
[INFO] --------------------------------[ jar ]---------------------------------
[INFO] 
[INFO] ---------------------< io.crate:crate-libs-pgwire >---------------------
[INFO] Building crate-libs-pgwire 5.6.3                                  [4/23]
[INFO]   from libs/pgwire/pom.xml
[INFO] --------------------------------[ jar ]---------------------------------
[INFO] 
[INFO] -------------------------< io.crate:jlink-jdk >-------------------------
[INFO] Building jlink-jdk 5.6.3                                          [5/23]
[INFO]   from jlink-jdk/pom.xml
[INFO] -------------------------------[ jlink ]--------------------------------
[WARNING] *****************************************************************
[WARNING] * Your build is requesting parallel execution, but this         *
[WARNING] * project contains the following plugin(s) that have goals not  *
[WARNING] * marked as thread-safe to support parallel execution.          *
[WARNING] * While this /may/ work fine, please look for plugin updates    *
[WARNING] * and/or request plugins be made thread-safe.                   *
[WARNING] * If reporting an issue, report it against the plugin in        *
[WARNING] * question, not against Apache Maven.                           *
[WARNING] *****************************************************************
[WARNING] The following plugins are not marked as thread-safe in jlink-jdk:
[WARNING]   org.apache.maven.plugins:maven-jlink-plugin:3.1.0
[WARNING] 
[WARNING] Enable debug to see precisely which goals are not marked as thread-safe.
[WARNING] *****************************************************************
[INFO] 
[INFO] --- clean:3.3.2:clean (default-clean) @ jlink-jdk ---
[INFO] Deleting /repo/jlink-jdk/target
[INFO] 
[INFO] --- clean:3.3.2:clean (default-clean) @ crate-libs-pgwire ---
[INFO] 
[INFO] --- clean:3.3.2:clean (default-clean) @ crate-libs-shared ---
[INFO] Deleting /repo/libs/shared/target
[INFO] Deleting /repo/libs/pgwire/target
[INFO] 
[INFO] --- clean:3.3.2:clean (default-clean) @ crate-libs-guice ---
[INFO] Deleting /repo/libs/guice/target
[INFO] 
[INFO] --- enforcer:3.4.1:enforce (enforce-maven) @ crate-libs-pgwire ---
[INFO] Skipping Rule Enforcement.
[INFO] 
[INFO] --- checkstyle:3.3.1:check (validate) @ crate-libs-pgwire ---
[INFO] 
[INFO] --- toolchains:4.5.0:toolchain (default) @ crate-libs-pgwire ---
[INFO] Required toolchain: jdk [ vendor='temurin' version='21.0.2' ]
[INFO] Found matching toolchain for toolchainType jdk: JDK[/root/.m2/jdks/jdk-21.0.10+7]
[INFO] 
[INFO] --- jacoco:0.8.11:prepare-agent (default-prepare-agent) @ crate-libs-pgwire ---
[INFO] argLine set to -javaagent:/root/.m2/repository/org/jacoco/org.jacoco.agent/0.8.11/org.jacoco.agent-0.8.11-runtime.jar=destfile=/repo/libs/pgwire/target/jacoco.exec
[INFO] 
[INFO] --- antlr4:4.13.1:antlr4 (antlr) @ crate-libs-pgwire ---
[INFO] ANTLR 4: Processing source directory /repo/libs/pgwire/src/main/antlr
[INFO] 
[INFO] --- enforcer:3.4.1:enforce (enforce-maven) @ crate-libs-shared ---
[INFO] Skipping Rule Enforcement.
[INFO] 
[INFO] --- checkstyle:3.3.1:check (validate) @ crate-libs-shared ---
[INFO] 
[INFO] --- toolchains:4.5.0:toolchain (default) @ crate-libs-shared ---
[INFO] Required toolchain: jdk [ vendor='temurin' version='21.0.2' ]
[INFO] Found matching toolchain for toolchainType jdk: JDK[/root/.m2/jdks/jdk-21.0.10+7]
[INFO] 
[INFO] --- jacoco:0.8.11:prepare-agent (default-prepare-agent) @ crate-libs-shared ---
[INFO] argLine set to -javaagent:/root/.m2/repository/org/jacoco/org.jacoco.agent/0.8.11/org.jacoco.agent-0.8.11-runtime.jar=destfile=/repo/libs/shared/target/jacoco.exec
[INFO] 
[INFO] --- resources:3.3.1:resources (default-resources) @ crate-libs-shared ---
[INFO] skip non existing resourceDirectory /repo/libs/shared/src/main/resources
[INFO] 
[INFO] --- compiler:3.11.0:compile (default-compile) @ crate-libs-shared ---
[INFO] Toolchain in maven-compiler-plugin: JDK[/root/.m2/jdks/jdk-21.0.10+7]
[INFO] 
[INFO] --- enforcer:3.4.1:enforce (enforce-maven) @ jlink-jdk ---
[INFO] Skipping Rule Enforcement.
[INFO] 
[INFO] --- checkstyle:3.3.1:check (validate) @ jlink-jdk ---
[INFO] 
[INFO] --- toolchains:4.5.0:toolchain (default) @ jlink-jdk ---
[INFO] Required toolchain: jdk [ vendor='temurin' version='21.0.2' ]
[INFO] Found matching toolchain for toolchainType jdk: JDK[/root/.m2/jdks/jdk-21.0.10+7]
[INFO] 
[INFO] --- jacoco:0.8.11:prepare-agent (default-prepare-agent) @ jlink-jdk ---
[INFO] argLine set to -javaagent:/root/.m2/repository/org/jacoco/org.jacoco.agent/0.8.11/org.jacoco.agent-0.8.11-runtime.jar=destfile=/repo/jlink-jdk/target/jacoco.exec
[INFO] 
[INFO] --- resources:3.3.1:resources (default-resources) @ jlink-jdk ---
[INFO] skip non existing resourceDirectory /repo/jlink-jdk/src/main/resources
[INFO] 
[INFO] --- compiler:3.11.0:compile (default-compile) @ jlink-jdk ---
[INFO] Toolchain in maven-compiler-plugin: JDK[/root/.m2/jdks/jdk-21.0.10+7]
[INFO] No sources to compile
[INFO] 
[INFO] --- resources:3.3.1:testResources (default-testResources) @ jlink-jdk ---
[INFO] skip non existing resourceDirectory /repo/jlink-jdk/src/test/resources
[INFO] 
[INFO] --- compiler:3.11.0:testCompile (default-testCompile) @ jlink-jdk ---
[INFO] Toolchain in maven-compiler-plugin: JDK[/root/.m2/jdks/jdk-21.0.10+7]
[INFO] No sources to compile
[INFO] 
[INFO] --- surefire:3.2.2:test (default-test) @ jlink-jdk ---
[INFO] Processing grammar: io/crate/protocols/postgres/antlr/PgArray.g4
[INFO] Changes detected - recompiling the module! :source
[INFO] Compiling 50 source files with javac [forked debug target 21] to target/classes
[INFO] 
[INFO] --- enforcer:3.4.1:enforce (enforce-maven) @ crate-libs-guice ---
[INFO] Skipping Rule Enforcement.
[INFO] 
[INFO] --- checkstyle:3.3.1:check (validate) @ crate-libs-guice ---
[INFO] 
[INFO] --- toolchains:4.5.0:toolchain (default) @ crate-libs-guice ---
[INFO] Required toolchain: jdk [ vendor='temurin' version='21.0.2' ]
[INFO] Found matching toolchain for toolchainType jdk: JDK[/root/.m2/jdks/jdk-21.0.10+7]
[INFO] 
[INFO] --- jacoco:0.8.11:prepare-agent (default-prepare-agent) @ crate-libs-guice ---
[INFO] argLine set to -javaagent:/root/.m2/repository/org/jacoco/org.jacoco.agent/0.8.11/org.jacoco.agent-0.8.11-runtime.jar=destfile=/repo/libs/guice/target/jacoco.exec
[INFO] 
[INFO] --- resources:3.3.1:resources (default-resources) @ crate-libs-guice ---
[INFO] skip non existing resourceDirectory /repo/libs/guice/src/main/resources
[INFO] 
[INFO] --- compiler:3.11.0:compile (default-compile) @ crate-libs-guice ---
[INFO] Toolchain in maven-compiler-plugin: JDK[/root/.m2/jdks/jdk-21.0.10+7]
[INFO] Tests are skipped.
[INFO] 
[INFO] --- jlink:3.1.0:jlink (default-jlink) @ jlink-jdk ---
[INFO] Toolchain in maven-jlink-plugin: jlink [ /root/.m2/jdks/jdk-21.0.10+7/bin/jlink ]
[INFO] 
[INFO] --- resources:3.3.1:resources (default-resources) @ crate-libs-pgwire ---
[INFO] skip non existing resourceDirectory /repo/libs/pgwire/src/main/resources
[INFO] 
[INFO] --- compiler:3.11.0:compile (default-compile) @ crate-libs-pgwire ---
[INFO] Toolchain in maven-compiler-plugin: JDK[/root/.m2/jdks/jdk-21.0.10+7]
[INFO] Changes detected - recompiling the module! :source
[INFO] Compiling 169 source files with javac [forked debug target 21] to target/classes
[INFO] Changes detected - recompiling the module! :source
[INFO] Compiling 7 source files with javac [forked debug target 21] to target/classes
[INFO] 
[INFO] --- resources:3.3.1:testResources (default-testResources) @ crate-libs-pgwire ---
[INFO] skip non existing resourceDirectory /repo/libs/pgwire/src/test/resources
[INFO] 
[INFO] --- compiler:3.11.0:testCompile (default-testCompile) @ crate-libs-pgwire ---
[INFO] Toolchain in maven-compiler-plugin: JDK[/root/.m2/jdks/jdk-21.0.10+7]
[INFO] Changes detected - recompiling the module! :dependency
[INFO] Compiling 1 source file with javac [forked debug target 21] to target/test-classes
[INFO] 
[INFO] --- build-helper:3.5.0:add-test-source (add-gradle-testfixtures) @ crate-libs-shared ---
[INFO] Test Source directory: /repo/libs/shared/src/testFixtures/java added.
[INFO] 
[INFO] --- resources:3.3.1:testResources (default-testResources) @ crate-libs-shared ---
[INFO] skip non existing resourceDirectory /repo/libs/shared/src/test/resources
[INFO] 
[INFO] --- compiler:3.11.0:testCompile (default-testCompile) @ crate-libs-shared ---
[INFO] Toolchain in maven-compiler-plugin: JDK[/root/.m2/jdks/jdk-21.0.10+7]
[INFO] Changes detected - recompiling the module! :dependency
[INFO] Compiling 9 source files with javac [forked debug target 21] to target/test-classes
[INFO] 
[INFO] --- surefire:3.2.2:test (default-test) @ crate-libs-pgwire ---
[INFO] Tests are skipped.
[INFO] 
[INFO] --- jar:3.3.0:jar (default-jar) @ crate-libs-pgwire ---
[INFO] Building jar: /repo/libs/pgwire/target/crate-libs-pgwire-5.6.3.jar
[INFO] 
[INFO] --- forbiddenapis:3.6:check (default) @ crate-libs-pgwire ---
[INFO] Skipping forbidden-apis checks.
[INFO] 
[INFO] --- install:3.1.1:install (default-install) @ crate-libs-pgwire ---
[INFO] Installing /repo/libs/pgwire/pom.xml to /root/.m2/repository/io/crate/crate-libs-pgwire/5.6.3/crate-libs-pgwire-5.6.3.pom
[INFO] Installing /repo/libs/pgwire/target/crate-libs-pgwire-5.6.3.jar to /root/.m2/repository/io/crate/crate-libs-pgwire/5.6.3/crate-libs-pgwire-5.6.3.jar
[INFO] 
[INFO] --- surefire:3.2.2:test (default-test) @ crate-libs-shared ---
[INFO] Tests are skipped.
[INFO] 
[INFO] --- jar:3.3.0:jar (default-jar) @ crate-libs-shared ---
[INFO] Building jar: /repo/libs/shared/target/crate-libs-shared-5.6.3.jar
[INFO] 
[INFO] --- jar:3.3.0:test-jar (default) @ crate-libs-shared ---
[INFO] Building jar: /repo/libs/shared/target/crate-libs-shared-5.6.3-tests.jar
[INFO] 
[INFO] --- forbiddenapis:3.6:check (default) @ crate-libs-shared ---
[INFO] Skipping forbidden-apis checks.
[INFO] 
[INFO] --- install:3.1.1:install (default-install) @ crate-libs-shared ---
[INFO] Installing /repo/libs/shared/pom.xml to /root/.m2/repository/io/crate/crate-libs-shared/5.6.3/crate-libs-shared-5.6.3.pom
[INFO] Installing /repo/libs/shared/target/crate-libs-shared-5.6.3.jar to /root/.m2/repository/io/crate/crate-libs-shared/5.6.3/crate-libs-shared-5.6.3.jar
[INFO] Installing /repo/libs/shared/target/crate-libs-shared-5.6.3-tests.jar to /root/.m2/repository/io/crate/crate-libs-shared/5.6.3/crate-libs-shared-5.6.3-tests.jar
[INFO] 
[INFO] 
[INFO] ------------------< io.crate:crate-libs-es-x-content >------------------
[INFO] ----------------------< io.crate:crate-libs-dex >-----------------------
[INFO] Building crate-libs-es-x-content 5.6.3                            [6/23]
[INFO] Building crate-libs-dex 5.6.3                                     [7/23]
[INFO]   from libs/es-x-content/pom.xml
[INFO] --------------------------------[ jar ]---------------------------------
[INFO]   from libs/dex/pom.xml
[INFO] --------------------------------[ jar ]---------------------------------
[INFO] 
[INFO] ----------------------< io.crate:crate-libs-cli >-----------------------
[INFO] Building crate-libs-cli 5.6.3                                     [8/23]
[INFO]   from libs/cli/pom.xml
[INFO] --------------------------------[ jar ]---------------------------------
[INFO] 
[INFO] -------------------< io.crate:crate-libs-sql-parser >-------------------
[INFO] Building crate-libs-sql-parser 5.6.3                              [9/23]
[INFO]   from libs/sql-parser/pom.xml
[INFO] --------------------------------[ jar ]---------------------------------
[INFO] 
[INFO] --- clean:3.3.2:clean (default-clean) @ crate-libs-dex ---
[INFO] Deleting /repo/libs/dex/target
[INFO] 
[INFO] --- clean:3.3.2:clean (default-clean) @ crate-libs-es-x-content ---
[INFO] 
[INFO] --- clean:3.3.2:clean (default-clean) @ crate-libs-cli ---
[INFO] Deleting /repo/libs/es-x-content/target
[INFO] Deleting /repo/libs/cli/target
[WARNING] 1 problem was encountered while building the effective model for org.javassist:javassist:jar:3.20.0-GA during dependency collection step for project (use -X to see details)
[INFO] 
[INFO] --- clean:3.3.2:clean (default-clean) @ crate-libs-sql-parser ---
[INFO] Deleting /repo/libs/sql-parser/target
[INFO] 
[INFO] --- enforcer:3.4.1:enforce (enforce-maven) @ crate-libs-cli ---
[INFO] Skipping Rule Enforcement.
[INFO] 
[INFO] --- checkstyle:3.3.1:check (validate) @ crate-libs-cli ---
[INFO] 
[INFO] --- toolchains:4.5.0:toolchain (default) @ crate-libs-cli ---
[INFO] Required toolchain: jdk [ vendor='temurin' version='21.0.2' ]
[INFO] Found matching toolchain for toolchainType jdk: JDK[/root/.m2/jdks/jdk-21.0.10+7]
[INFO] 
[INFO] --- jacoco:0.8.11:prepare-agent (default-prepare-agent) @ crate-libs-cli ---
[INFO] argLine set to -javaagent:/root/.m2/repository/org/jacoco/org.jacoco.agent/0.8.11/org.jacoco.agent-0.8.11-runtime.jar=destfile=/repo/libs/cli/target/jacoco.exec
[INFO] 
[INFO] --- resources:3.3.1:resources (default-resources) @ crate-libs-cli ---
[INFO] skip non existing resourceDirectory /repo/libs/cli/src/main/resources
[INFO] 
[INFO] --- compiler:3.11.0:compile (default-compile) @ crate-libs-cli ---
[INFO] Toolchain in maven-compiler-plugin: JDK[/root/.m2/jdks/jdk-21.0.10+7]
[INFO] Changes detected - recompiling the module! :dependency
[INFO] Compiling 5 source files with javac [forked debug target 21] to target/classes
[INFO] 
[INFO] --- enforcer:3.4.1:enforce (enforce-maven) @ crate-libs-es-x-content ---
[INFO] Skipping Rule Enforcement.
[INFO] 
[INFO] --- checkstyle:3.3.1:check (validate) @ crate-libs-es-x-content ---
[INFO] 
[INFO] --- toolchains:4.5.0:toolchain (default) @ crate-libs-es-x-content ---
[INFO] Required toolchain: jdk [ vendor='temurin' version='21.0.2' ]
[INFO] Found matching toolchain for toolchainType jdk: JDK[/root/.m2/jdks/jdk-21.0.10+7]
[INFO] 
[INFO] --- jacoco:0.8.11:prepare-agent (default-prepare-agent) @ crate-libs-es-x-content ---
[INFO] argLine set to -javaagent:/root/.m2/repository/org/jacoco/org.jacoco.agent/0.8.11/org.jacoco.agent-0.8.11-runtime.jar=destfile=/repo/libs/es-x-content/target/jacoco.exec
[INFO] 
[INFO] --- resources:3.3.1:resources (default-resources) @ crate-libs-es-x-content ---
[INFO] skip non existing resourceDirectory /repo/libs/es-x-content/src/main/resources
[INFO] 
[INFO] --- compiler:3.11.0:compile (default-compile) @ crate-libs-es-x-content ---
[INFO] Toolchain in maven-compiler-plugin: JDK[/root/.m2/jdks/jdk-21.0.10+7]
[INFO] 
[INFO] --- enforcer:3.4.1:enforce (enforce-maven) @ crate-libs-dex ---
[INFO] Skipping Rule Enforcement.
[INFO] 
[INFO] --- checkstyle:3.3.1:check (validate) @ crate-libs-dex ---
[INFO] 
[INFO] --- toolchains:4.5.0:toolchain (default) @ crate-libs-dex ---
[INFO] Required toolchain: jdk [ vendor='temurin' version='21.0.2' ]
[INFO] Found matching toolchain for toolchainType jdk: JDK[/root/.m2/jdks/jdk-21.0.10+7]
[INFO] 
[INFO] --- jacoco:0.8.11:prepare-agent (default-prepare-agent) @ crate-libs-dex ---
[INFO] argLine set to -javaagent:/root/.m2/repository/org/jacoco/org.jacoco.agent/0.8.11/org.jacoco.agent-0.8.11-runtime.jar=destfile=/repo/libs/dex/target/jacoco.exec
[INFO] 
[INFO] --- resources:3.3.1:resources (default-resources) @ crate-libs-dex ---
[INFO] skip non existing resourceDirectory /repo/libs/dex/src/main/resources
[INFO] 
[INFO] --- compiler:3.11.0:compile (default-compile) @ crate-libs-dex ---
[INFO] Toolchain in maven-compiler-plugin: JDK[/root/.m2/jdks/jdk-21.0.10+7]
[INFO] Changes detected - recompiling the module! :dependency
[INFO] Compiling 30 source files with javac [forked debug target 21] to target/classes
[INFO] Changes detected - recompiling the module! :dependency
[INFO] Compiling 47 source files with javac [forked debug target 21] to target/classes
[INFO] 
[INFO] --- resources:3.3.1:testResources (default-testResources) @ crate-libs-guice ---
[INFO] skip non existing resourceDirectory /repo/libs/guice/src/test/resources
[INFO] 
[INFO] --- compiler:3.11.0:testCompile (default-testCompile) @ crate-libs-guice ---
[INFO] Toolchain in maven-compiler-plugin: JDK[/root/.m2/jdks/jdk-21.0.10+7]
[INFO] No sources to compile
[INFO] 
[INFO] --- surefire:3.2.2:test (default-test) @ crate-libs-guice ---
[INFO] Tests are skipped.
[INFO] 
[INFO] --- jar:3.3.0:jar (default-jar) @ crate-libs-guice ---
[INFO] Building jar: /repo/libs/guice/target/crate-libs-guice-5.6.3.jar
[INFO] 
[INFO] --- forbiddenapis:3.6:check (default) @ crate-libs-guice ---
[INFO] Skipping forbidden-apis checks.
[INFO] 
[INFO] --- install:3.1.1:install (default-install) @ crate-libs-guice ---
[INFO] Installing /repo/libs/guice/pom.xml to /root/.m2/repository/io/crate/crate-libs-guice/5.6.3/crate-libs-guice-5.6.3.pom
[INFO] Installing /repo/libs/guice/target/crate-libs-guice-5.6.3.jar to /root/.m2/repository/io/crate/crate-libs-guice/5.6.3/crate-libs-guice-5.6.3.jar
[INFO] 
[INFO] --- enforcer:3.4.1:enforce (enforce-maven) @ crate-libs-sql-parser ---
[INFO] Skipping Rule Enforcement.
[INFO] 
[INFO] --- checkstyle:3.3.1:check (validate) @ crate-libs-sql-parser ---
[INFO] 
[INFO] --- toolchains:4.5.0:toolchain (default) @ crate-libs-sql-parser ---
[INFO] Required toolchain: jdk [ vendor='temurin' version='21.0.2' ]
[INFO] Found matching toolchain for toolchainType jdk: JDK[/root/.m2/jdks/jdk-21.0.10+7]
[INFO] 
[INFO] --- jacoco:0.8.11:prepare-agent (default-prepare-agent) @ crate-libs-sql-parser ---
[INFO] argLine set to -javaagent:/root/.m2/repository/org/jacoco/org.jacoco.agent/0.8.11/org.jacoco.agent-0.8.11-runtime.jar=destfile=/repo/libs/sql-parser/target/jacoco.exec
[INFO] 
[INFO] --- antlr4:4.13.1:antlr4 (antlr) @ crate-libs-sql-parser ---
[INFO] ANTLR 4: Processing source directory /repo/libs/sql-parser/src/main/antlr
[INFO] Processing grammar: io/crate/sql/parser/antlr/SqlBaseLexer.g4
[INFO] 
[INFO] --- resources:3.3.1:testResources (default-testResources) @ crate-libs-cli ---
[INFO] skip non existing resourceDirectory /repo/libs/cli/src/test/resources
[INFO] 
[INFO] --- compiler:3.11.0:testCompile (default-testCompile) @ crate-libs-cli ---
[INFO] Toolchain in maven-compiler-plugin: JDK[/root/.m2/jdks/jdk-21.0.10+7]
[INFO] No sources to compile
[INFO] 
[INFO] --- surefire:3.2.2:test (default-test) @ crate-libs-cli ---
[INFO] Tests are skipped.
[INFO] 
[INFO] --- jar:3.3.0:jar (default-jar) @ crate-libs-cli ---
[INFO] Building jar: /repo/libs/cli/target/crate-libs-cli-5.6.3.jar
[INFO] 
[INFO] --- forbiddenapis:3.6:check (default) @ crate-libs-cli ---
[INFO] Skipping forbidden-apis checks.
[INFO] 
[INFO] --- install:3.1.1:install (default-install) @ crate-libs-cli ---
[INFO] Installing /repo/libs/cli/pom.xml to /root/.m2/repository/io/crate/crate-libs-cli/5.6.3/crate-libs-cli-5.6.3.pom
[INFO] Installing /repo/libs/cli/target/crate-libs-cli-5.6.3.jar to /root/.m2/repository/io/crate/crate-libs-cli/5.6.3/crate-libs-cli-5.6.3.jar
[INFO] Processing grammar: io/crate/sql/parser/antlr/SqlBaseParser.g4
[INFO] 
[INFO] --- resources:3.3.1:resources (default-resources) @ crate-libs-sql-parser ---
[INFO] skip non existing resourceDirectory /repo/libs/sql-parser/src/main/resources
[INFO] 
[INFO] --- compiler:3.11.0:compile (default-compile) @ crate-libs-sql-parser ---
[INFO] Toolchain in maven-compiler-plugin: JDK[/root/.m2/jdks/jdk-21.0.10+7]
[INFO] Changes detected - recompiling the module! :dependency
[INFO] Compiling 209 source files with javac [forked debug target 21] to target/classes
[INFO] 
[INFO] --- build-helper:3.5.0:add-test-source (add-testfixtures) @ crate-libs-dex ---
[INFO] Test Source directory: /repo/libs/dex/src/testFixtures/java added.
[INFO] 
[INFO] --- resources:3.3.1:testResources (default-testResources) @ crate-libs-dex ---
[INFO] skip non existing resourceDirectory /repo/libs/dex/src/test/resources
[INFO] 
[INFO] --- compiler:3.11.0:testCompile (default-testCompile) @ crate-libs-dex ---
[INFO] Toolchain in maven-compiler-plugin: JDK[/root/.m2/jdks/jdk-21.0.10+7]
[INFO] Changes detected - recompiling the module! :dependency
[INFO] Compiling 22 source files with javac [forked debug target 21] to target/test-classes
[INFO] 
[INFO] --- resources:3.3.1:testResources (default-testResources) @ crate-libs-es-x-content ---
[INFO] skip non existing resourceDirectory /repo/libs/es-x-content/src/test/resources
[INFO] 
[INFO] --- compiler:3.11.0:testCompile (default-testCompile) @ crate-libs-es-x-content ---
[INFO] Toolchain in maven-compiler-plugin: JDK[/root/.m2/jdks/jdk-21.0.10+7]
[INFO] No sources to compile
[INFO] 
[INFO] --- surefire:3.2.2:test (default-test) @ crate-libs-es-x-content ---
[INFO] Tests are skipped.
[INFO] 
[INFO] --- jar:3.3.0:jar (default-jar) @ crate-libs-es-x-content ---
[INFO] Building jar: /repo/libs/es-x-content/target/crate-libs-es-x-content-5.6.3.jar
[INFO] 
[INFO] --- forbiddenapis:3.6:check (default) @ crate-libs-es-x-content ---
[INFO] Skipping forbidden-apis checks.
[INFO] 
[INFO] --- install:3.1.1:install (default-install) @ crate-libs-es-x-content ---
[INFO] Installing /repo/libs/es-x-content/pom.xml to /root/.m2/repository/io/crate/crate-libs-es-x-content/5.6.3/crate-libs-es-x-content-5.6.3.pom
[INFO] Installing /repo/libs/es-x-content/target/crate-libs-es-x-content-5.6.3.jar to /root/.m2/repository/io/crate/crate-libs-es-x-content/5.6.3/crate-libs-es-x-content-5.6.3.jar
[INFO] 
[INFO] --- surefire:3.2.2:test (default-test) @ crate-libs-dex ---
[INFO] Tests are skipped.
[INFO] 
[INFO] --- jar:3.3.0:jar (default-jar) @ crate-libs-dex ---
[INFO] Building jar: /repo/libs/dex/target/crate-libs-dex-5.6.3.jar
[INFO] 
[INFO] --- jar:3.3.0:test-jar (default) @ crate-libs-dex ---
[INFO] Building jar: /repo/libs/dex/target/crate-libs-dex-5.6.3-tests.jar
[INFO] 
[INFO] --- forbiddenapis:3.6:check (default) @ crate-libs-dex ---
[INFO] Skipping forbidden-apis checks.
[INFO] 
[INFO] --- install:3.1.1:install (default-install) @ crate-libs-dex ---
[INFO] Installing /repo/libs/dex/pom.xml to /root/.m2/repository/io/crate/crate-libs-dex/5.6.3/crate-libs-dex-5.6.3.pom
[INFO] Installing /repo/libs/dex/target/crate-libs-dex-5.6.3.jar to /root/.m2/repository/io/crate/crate-libs-dex/5.6.3/crate-libs-dex-5.6.3.jar
[INFO] Installing /repo/libs/dex/target/crate-libs-dex-5.6.3-tests.jar to /root/.m2/repository/io/crate/crate-libs-dex/5.6.3/crate-libs-dex-5.6.3-tests.jar
[INFO] Building zip: /repo/jlink-jdk/target/jlink-jdk-5.6.3.zip
[INFO] 
[INFO] --- resources:3.3.1:testResources (default-testResources) @ crate-libs-sql-parser ---
[INFO] Copying 22 resources from src/test/resources to target/test-classes
[INFO] 
[INFO] --- compiler:3.11.0:testCompile (default-testCompile) @ crate-libs-sql-parser ---
[INFO] Toolchain in maven-compiler-plugin: JDK[/root/.m2/jdks/jdk-21.0.10+7]
[INFO] Changes detected - recompiling the module! :dependency
[INFO] Compiling 14 source files with javac [forked debug target 21] to target/test-classes
[INFO] 
[INFO] --- forbiddenapis:3.6:check (default) @ jlink-jdk ---
[INFO] Skipping forbidden-apis checks.
[INFO] 
[INFO] --- install:3.1.1:install (default-install) @ jlink-jdk ---
[INFO] Installing /repo/jlink-jdk/pom.xml to /root/.m2/repository/io/crate/jlink-jdk/5.6.3/jlink-jdk-5.6.3.pom
[INFO] Installing /repo/jlink-jdk/target/jlink-jdk-5.6.3.zip to /root/.m2/repository/io/crate/jlink-jdk/5.6.3/jlink-jdk-5.6.3.zip
[INFO] 
[INFO] --- surefire:3.2.2:test (default-test) @ crate-libs-sql-parser ---
[INFO] Tests are skipped.
[INFO] 
[INFO] --- jar:3.3.0:jar (default-jar) @ crate-libs-sql-parser ---
[INFO] Building jar: /repo/libs/sql-parser/target/crate-libs-sql-parser-5.6.3.jar
[INFO] 
[INFO] --- forbiddenapis:3.6:check (default) @ crate-libs-sql-parser ---
[INFO] Skipping forbidden-apis checks.
[INFO] 
[INFO] --- install:3.1.1:install (default-install) @ crate-libs-sql-parser ---
[INFO] Installing /repo/libs/sql-parser/pom.xml to /root/.m2/repository/io/crate/crate-libs-sql-parser/5.6.3/crate-libs-sql-parser-5.6.3.pom
[INFO] Installing /repo/libs/sql-parser/target/crate-libs-sql-parser-5.6.3.jar to /root/.m2/repository/io/crate/crate-libs-sql-parser/5.6.3/crate-libs-sql-parser-5.6.3.jar
[INFO] 
[INFO] -----------------------< io.crate:crate-server >------------------------
[INFO] Building crate-server 5.6.3                                      [10/23]
[INFO]   from server/pom.xml
[INFO] --------------------------------[ jar ]---------------------------------
[INFO] 
[INFO] --- clean:3.3.2:clean (default-clean) @ crate-server ---
[INFO] Deleting /repo/server/target
[INFO] 
[INFO] --- enforcer:3.4.1:enforce (enforce-maven) @ crate-server ---
[INFO] Skipping Rule Enforcement.
[INFO] 
[INFO] --- checkstyle:3.3.1:check (validate) @ crate-server ---
[INFO] 
[INFO] --- toolchains:4.5.0:toolchain (default) @ crate-server ---
[INFO] Required toolchain: jdk [ vendor='temurin' version='21.0.2' ]
[INFO] Found matching toolchain for toolchainType jdk: JDK[/root/.m2/jdks/jdk-21.0.10+7]
[INFO] 
[INFO] --- jacoco:0.8.11:prepare-agent (default-prepare-agent) @ crate-server ---
[INFO] argLine set to -javaagent:/root/.m2/repository/org/jacoco/org.jacoco.agent/0.8.11/org.jacoco.agent-0.8.11-runtime.jar=destfile=/repo/server/target/jacoco.exec
[INFO] 
[INFO] --- antlr4:4.13.1:antlr4 (antlr) @ crate-server ---
[INFO] ANTLR 4: Processing source directory /repo/server/src/main/antlr
[INFO] Processing grammar: io/crate/signatures/antlr/TypeSignatures.g4
[INFO] 
[INFO] --- resources:3.3.1:resources (default-resources) @ crate-server ---
[INFO] Copying 11 resources from src/main/resources to target/classes
[INFO] 
[INFO] --- compiler:3.11.0:compile (default-compile) @ crate-server ---
[INFO] Toolchain in maven-compiler-plugin: JDK[/root/.m2/jdks/jdk-21.0.10+7]
[INFO] Changes detected - recompiling the module! :dependency
[INFO] Compiling 2888 source files with javac [forked debug target 21] to target/classes
[INFO] -------------------------------------------------------------
[ERROR] COMPILATION ERROR : 
[INFO] -------------------------------------------------------------
[ERROR]   on the class path. A future release of javac may disable annotation processing
  unless at least one processor is specified by name (-processor), or a search
  path is specified (--processor-path, --processor-module-path), or annotation
  processing is enabled explicitly (-proc:only, -proc:full).
  Use -Xlint:-options to suppress this message.
  Use -proc:none to disable annotation processing.
Note: Processing Log4j annotations
Note: Annotations processed
Note: Processing Log4j annotations
Note: No elements to process
/repo/server/src/main/java/io/crate/planner/operators/HashJoinConditionSymbolsExtractor.java:[89,33] error: isEquiJoin(Symbol) has private access in EquiJoinDetector
[INFO] 1 error
[INFO] -------------------------------------------------------------
[INFO] ------------------------------------------------------------------------
[INFO] Reactor Summary for crate 5.6.3:
[INFO] 
[INFO] crate .............................................. SUCCESS [ 35.286 s]
[INFO] crate-libs-shared .................................. SUCCESS [  5.770 s]
[INFO] crate-libs-dex ..................................... SUCCESS [  5.997 s]
[INFO] crate-libs-es-x-content ............................ SUCCESS [  3.337 s]
[INFO] crate-libs-cli ..................................... SUCCESS [  1.589 s]
[INFO] crate-libs-guice ................................... SUCCESS [  6.916 s]
[INFO] crate-libs-sql-parser .............................. SUCCESS [ 10.621 s]
[INFO] crate-libs-pgwire .................................. SUCCESS [  4.511 s]
[INFO] crate-server ....................................... FAILURE [ 20.903 s]
[INFO] es-analysis-common ................................. SKIPPED
[INFO] es-analysis-phonetic ............................... SKIPPED
[INFO] es-discovery-ec2 ................................... SKIPPED
[INFO] es-repository-s3 ................................... SKIPPED
[INFO] es-repository-url .................................. SKIPPED
[INFO] es-repository-azure ................................ SKIPPED
[INFO] dns-discovery ...................................... SKIPPED
[INFO] crate-copy-s3 ...................................... SKIPPED
[INFO] crate-functions .................................... SKIPPED
[INFO] crate-lang-js ...................................... SKIPPED
[INFO] crate-jmx-monitoring ............................... SKIPPED
[INFO] jlink-jdk .......................................... SUCCESS [ 15.408 s]
[INFO] crate-app .......................................... SKIPPED
[INFO] crate-benchmarks ................................... SKIPPED
[INFO] ------------------------------------------------------------------------
[INFO] BUILD FAILURE
[INFO] ------------------------------------------------------------------------
[INFO] Total time:  01:13 min (Wall Clock)
[INFO] Finished at: 2026-04-25T15:40:26Z
[INFO] ------------------------------------------------------------------------
[ERROR] Failed to execute goal org.apache.maven.plugins:maven-compiler-plugin:3.11.0:compile (default-compile) on project crate-server: Compilation failure
[ERROR]   on the class path. A future release of javac may disable annotation processing
[ERROR]   unless at least one processor is specified by name (-processor), or a search
[ERROR]   path is specified (--processor-path, --processor-module-path), or annotation
[ERROR]   processing is enabled explicitly (-proc:only, -proc:full).
[ERROR]   Use -Xlint:-options to suppress this message.
[ERROR]   Use -proc:none to disable annotation processing.
[ERROR] Note: Processing Log4j annotations
[ERROR] Note: Annotations processed
[ERROR] Note: Processing Log4j annotations
[ERROR] Note: No elements to process
[ERROR] /repo/server/src/main/java/io/crate/planner/operators/HashJoinConditionSymbolsExtractor.java:[89,33] error: isEquiJoin(Symbol) has private access in EquiJoinDetector
[ERROR] 
[ERROR] -> [Help 1]
[ERROR] 
[ERROR] To see the full stack trace of the errors, re-run Maven with the -e switch.
[ERROR] Re-run Maven using the -X switch to enable full debug logging.
[ERROR] 
[ERROR] For more information about the errors and possible solutions, please read the following articles:
[ERROR] [Help 1] http://cwiki.apache.org/confluence/display/MAVEN/MojoFailureException
[ERROR] 
[ERROR] After correcting the problems, you can resume the build with the command
[ERROR]   mvn <args> -rf :crate-server
❌ Build Failed
