--- Building code for 114e47c ---
CPU detected: 8
Maven threads: 8
--- Changing directory to /Users/hasangaranasinghe/Documents/FYP/PORTGPT/patch-backporting/my_java_dataset/repos/crate ---
maven-cache-crate
--- Docker image maven-jdk11:latest already exists, skipping build ---
--- Verifying JDK executables in builder image... ---
openjdk version "24.0.2" 2025-07-15
OpenJDK Runtime Environment Temurin-24.0.2+12 (build 24.0.2+12)
OpenJDK 64-Bit Server VM Temurin-24.0.2+12 (build 24.0.2+12, mixed mode, sharing)
openjdk version "22.0.2" 2024-07-16
OpenJDK Runtime Environment Temurin-22.0.2+9 (build 22.0.2+9)
OpenJDK 64-Bit Server VM Temurin-22.0.2+9 (build 22.0.2+9, mixed mode, sharing)
openjdk version "21.0.4" 2024-07-16 LTS
OpenJDK Runtime Environment Temurin-21.0.4+7 (build 21.0.4+7-LTS)
OpenJDK 64-Bit Server VM Temurin-21.0.4+7 (build 21.0.4+7-LTS, mixed mode, sharing)
openjdk version "17.0.12" 2024-07-16
OpenJDK Runtime Environment Temurin-17.0.12+7 (build 17.0.12+7)
OpenJDK 64-Bit Server VM Temurin-17.0.12+7 (build 17.0.12+7, mixed mode, sharing)
--- Setting cache permissions... ---
--- Building with Maven... ---
WARNING: A terminally deprecated method in sun.misc.Unsafe has been called
WARNING: sun.misc.Unsafe::staticFieldBase has been called by com.google.inject.internal.aop.HiddenClassDefiner (file:/usr/share/maven/lib/guice-5.1.0-classes.jar)
WARNING: Please consider reporting this to the maintainers of class com.google.inject.internal.aop.HiddenClassDefiner
WARNING: sun.misc.Unsafe::staticFieldBase will be removed in a future release
[INFO] Scanning for projects...
[INFO] ------------------------------------------------------------------------
[INFO] Reactor Build Order:
[INFO] 
[INFO] crate                                                              [pom]
[INFO] crate-libs-shared                                                  [jar]
[INFO] crate-libs-dex                                                     [jar]
[INFO] crate-libs-es-x-content                                            [jar]
[INFO] crate-libs-cli                                                     [jar]
[INFO] crate-libs-guice                                                   [jar]
[INFO] crate-libs-sql-parser                                              [jar]
[INFO] crate-libs-pgwire                                                  [jar]
[INFO] crate-server                                                       [jar]
[INFO] crate-libs-azure-testing                                           [jar]
[INFO] es-analysis-common                                                 [jar]
[INFO] es-analysis-phonetic                                               [jar]
[INFO] es-discovery-ec2                                                   [jar]
[INFO] es-repository-s3                                                   [jar]
[INFO] es-repository-url                                                  [jar]
[INFO] es-repository-azure                                                [jar]
[INFO] repository-gcs                                                     [jar]
[INFO] dns-discovery                                                      [jar]
[INFO] crate-copy-s3                                                      [jar]
[INFO] crate-copy-azure                                                   [jar]
[INFO] crate-functions                                                    [jar]
[INFO] crate-lang-js                                                      [jar]
[INFO] crate-jmx-monitoring                                               [jar]
[INFO] jlink-jdk                                                        [jlink]
[INFO] crate-app                                                          [jar]
[INFO] crate-benchmarks                                                   [jar]
[INFO] 
[INFO] Using the MultiThreadedBuilder implementation with a thread count of 8
[INFO] 
[INFO] ---------------------------< io.crate:crate >---------------------------
[INFO] Building crate 6.1.1                                              [1/26]
[INFO]   from pom.xml
[INFO] --------------------------------[ pom ]---------------------------------
[INFO] 
[INFO] --- clean:3.5.0:clean (default-clean) @ crate ---
[INFO] 
[INFO] --- enforcer:3.6.2:enforce (enforce-maven) @ crate ---
[INFO] Skipping Rule Enforcement.
[INFO] 
[INFO] --- checkstyle:3.6.0:check (validate) @ crate ---
[INFO] 
[INFO] --- toolchains:4.5.0:toolchain (default) @ crate ---
[INFO] Required toolchain: jdk [ vendor='temurin' version='24.0.2' ]
[INFO] Found matching toolchain for toolchainType jdk: JDK[/opt/java/openjdk]
[INFO] 
[INFO] --- jacoco:0.8.14:prepare-agent (default-prepare-agent) @ crate ---
[INFO] argLine set to -javaagent:/root/.m2/repository/org/jacoco/org.jacoco.agent/0.8.14/org.jacoco.agent-0.8.14-runtime.jar=destfile=/repo/target/jacoco.exec
[INFO] 
[INFO] --- forbiddenapis:3.10:check (default) @ crate ---
[INFO] Skipping forbidden-apis checks.
[INFO] 
[INFO] --- install:3.1.4:install (default-install) @ crate ---
[INFO] Installing /repo/pom.xml to /root/.m2/repository/io/crate/crate/6.1.1/crate-6.1.1.pom
[INFO] 
[INFO] ---------------------< io.crate:crate-libs-shared >---------------------
[INFO] Building crate-libs-shared 6.1.1                                  [2/26]
[INFO]   from libs/shared/pom.xml
[INFO] --------------------------------[ jar ]---------------------------------
[INFO] 
[INFO] 
[INFO] ---------------------< io.crate:crate-libs-pgwire >---------------------
[INFO] Building crate-libs-pgwire 6.1.1                                  [3/26]
[INFO]   from libs/pgwire/pom.xml
[INFO] --------------------------------[ jar ]---------------------------------
[INFO] 
[INFO] -------------------------< io.crate:jlink-jdk >-------------------------
[INFO] ---------------------< io.crate:crate-libs-guice >----------------------
[INFO] Building crate-libs-guice 6.1.1                                   [5/26]
[INFO]   from libs/guice/pom.xml
[INFO] --------------------------------[ jar ]---------------------------------
[INFO] Building jlink-jdk 6.1.1                                          [4/26]
[INFO]   from jlink-jdk/pom.xml
[INFO] -------------------------------[ jlink ]--------------------------------
[WARNING] *****************************************************************
[WARNING] * Your build is requesting parallel execution, but this         *
[WARNING] * project contains the following plugin(s) that have goals not  *
[WARNING] * marked as thread-safe to support parallel execution.          *
[WARNING] * While this /may/ work fine, please look for plugin updates    *
[WARNING] * and/or request plugins be made thread-safe.                   *
[WARNING] * If reporting an issue, report it against the plugin in        *
[WARNING] * question, not against Apache Maven.                           *
[WARNING] *****************************************************************
[WARNING] The following plugins are not marked as thread-safe in jlink-jdk:
[WARNING]   org.apache.maven.plugins:maven-jlink-plugin:3.1.0
[WARNING] 
[WARNING] Enable debug to see precisely which goals are not marked as thread-safe.
[WARNING] *****************************************************************
[INFO] 
[INFO] --- clean:3.5.0:clean (default-clean) @ jlink-jdk ---
[INFO] 
[INFO] 
[INFO] --- clean:3.5.0:clean (default-clean) @ crate-libs-shared ---
[INFO] --- enforcer:3.6.2:enforce (enforce-maven) @ jlink-jdk ---
[INFO] 
[INFO] --- clean:3.5.0:clean (default-clean) @ crate-libs-guice ---
[INFO] 
[INFO] --- enforcer:3.6.2:enforce (enforce-maven) @ crate-libs-guice ---
[INFO] 
[INFO] --- enforcer:3.6.2:enforce (enforce-maven) @ crate-libs-shared ---
[INFO] 
[INFO] --- clean:3.5.0:clean (default-clean) @ crate-libs-pgwire ---
[INFO] Skipping Rule Enforcement.
[INFO] Skipping Rule Enforcement.
[INFO] 
[INFO] 
[INFO] --- checkstyle:3.6.0:check (validate) @ crate-libs-guice ---
[INFO] --- checkstyle:3.6.0:check (validate) @ crate-libs-shared ---
[INFO] 
[INFO] --- enforcer:3.6.2:enforce (enforce-maven) @ crate-libs-pgwire ---
[INFO] Skipping Rule Enforcement.
[INFO] 
[INFO] --- checkstyle:3.6.0:check (validate) @ crate-libs-pgwire ---
[INFO] 
[INFO] --- toolchains:4.5.0:toolchain (default) @ crate-libs-guice ---
[INFO] 
[INFO] --- toolchains:4.5.0:toolchain (default) @ crate-libs-shared ---
[INFO] Required toolchain: jdk [ vendor='temurin' version='24.0.2' ]
[INFO] 
[INFO] --- toolchains:4.5.0:toolchain (default) @ crate-libs-pgwire ---
[INFO] Required toolchain: jdk [ vendor='temurin' version='24.0.2' ]
[INFO] Found matching toolchain for toolchainType jdk: JDK[/opt/java/openjdk]
[INFO] Found matching toolchain for toolchainType jdk: JDK[/opt/java/openjdk]
[INFO] 
[INFO] --- jacoco:0.8.14:prepare-agent (default-prepare-agent) @ crate-libs-guice ---
[INFO] 
[INFO] --- jacoco:0.8.14:prepare-agent (default-prepare-agent) @ crate-libs-shared ---
[INFO] argLine set to -javaagent:/root/.m2/repository/org/jacoco/org.jacoco.agent/0.8.14/org.jacoco.agent-0.8.14-runtime.jar=destfile=/repo/libs/guice/target/jacoco.exec
[INFO] 
[INFO] Required toolchain: jdk [ vendor='temurin' version='24.0.2' ]
[INFO] --- resources:3.3.1:resources (default-resources) @ crate-libs-guice ---
[INFO] Found matching toolchain for toolchainType jdk: JDK[/opt/java/openjdk]
[INFO] argLine set to -javaagent:/root/.m2/repository/org/jacoco/org.jacoco.agent/0.8.14/org.jacoco.agent-0.8.14-runtime.jar=destfile=/repo/libs/shared/target/jacoco.exec
[INFO] 
[INFO] --- resources:3.3.1:resources (default-resources) @ crate-libs-shared ---
[INFO] 
[INFO] --- jacoco:0.8.14:prepare-agent (default-prepare-agent) @ crate-libs-pgwire ---
[INFO] argLine set to -javaagent:/root/.m2/repository/org/jacoco/org.jacoco.agent/0.8.14/org.jacoco.agent-0.8.14-runtime.jar=destfile=/repo/libs/pgwire/target/jacoco.exec
[INFO] 
[INFO] --- antlr4:4.13.2:antlr4 (antlr) @ crate-libs-pgwire ---
[INFO] skip non existing resourceDirectory /repo/libs/shared/src/main/resources
[INFO] skip non existing resourceDirectory /repo/libs/guice/src/main/resources
[INFO] 
[INFO] --- compiler:3.14.1:compile (default-compile) @ crate-libs-shared ---
[INFO] 
[INFO] --- compiler:3.14.1:compile (default-compile) @ crate-libs-guice ---
[INFO] ANTLR 4: Processing source directory /repo/libs/pgwire/src/main/antlr
[INFO] Skipping Rule Enforcement.
[INFO] 
[INFO] --- checkstyle:3.6.0:check (validate) @ jlink-jdk ---
[INFO] Toolchain in maven-compiler-plugin: JDK[/opt/java/openjdk]
[INFO] Processing grammar: io/crate/protocols/postgres/antlr/PgArray.g4
[INFO] Recompiling the module because of changed source code.
[INFO] Toolchain in maven-compiler-plugin: JDK[/opt/java/openjdk]
[INFO] 
[INFO] --- toolchains:4.5.0:toolchain (default) @ jlink-jdk ---
[INFO] Compiling 169 source files with javac [forked debug target 24] to target/classes
[INFO] Recompiling the module because of changed source code.
[INFO] Compiling 48 source files with javac [forked debug target 24] to target/classes
[INFO] Required toolchain: jdk [ vendor='temurin' version='24.0.2' ]
[INFO] Found matching toolchain for toolchainType jdk: JDK[/opt/java/openjdk]
[INFO] 
[INFO] --- jacoco:0.8.14:prepare-agent (default-prepare-agent) @ jlink-jdk ---
[INFO] argLine set to -javaagent:/root/.m2/repository/org/jacoco/org.jacoco.agent/0.8.14/org.jacoco.agent-0.8.14-runtime.jar=destfile=/repo/jlink-jdk/target/jacoco.exec
[INFO] 
[INFO] --- resources:3.3.1:resources (default-resources) @ jlink-jdk ---
[INFO] skip non existing resourceDirectory /repo/jlink-jdk/src/main/resources
[INFO] 
[INFO] --- compiler:3.14.1:compile (default-compile) @ jlink-jdk ---
[INFO] 
[INFO] --- resources:3.3.1:resources (default-resources) @ crate-libs-pgwire ---
[INFO] skip non existing resourceDirectory /repo/libs/pgwire/src/main/resources
[INFO] 
[INFO] --- compiler:3.14.1:compile (default-compile) @ crate-libs-pgwire ---
[INFO] Toolchain in maven-compiler-plugin: JDK[/opt/java/openjdk]
[INFO] Toolchain in maven-compiler-plugin: JDK[/opt/java/openjdk]
[INFO] No sources to compile
[INFO] 
[INFO] --- resources:3.3.1:testResources (default-testResources) @ jlink-jdk ---
[INFO] skip non existing resourceDirectory /repo/jlink-jdk/src/test/resources
[INFO] 
[INFO] --- compiler:3.14.1:testCompile (default-testCompile) @ jlink-jdk ---
[INFO] Toolchain in maven-compiler-plugin: JDK[/opt/java/openjdk]
[INFO] No sources to compile
[INFO] 
[INFO] --- surefire:3.5.4:test (default-test) @ jlink-jdk ---
[INFO] Recompiling the module because of changed source code.
[INFO] Compiling 7 source files with javac [forked debug target 24] to target/classes
[INFO] Tests are skipped.
[INFO] 
[INFO] --- jlink:3.1.0:jlink (default-jlink) @ jlink-jdk ---
[INFO] Toolchain in maven-jlink-plugin: jlink [ /opt/java/openjdk/bin/jlink ]
[INFO] 
[INFO] --- resources:3.3.1:testResources (default-testResources) @ crate-libs-pgwire ---
[INFO] skip non existing resourceDirectory /repo/libs/pgwire/src/test/resources
[INFO] 
[INFO] --- compiler:3.14.1:testCompile (default-testCompile) @ crate-libs-pgwire ---
[INFO] Toolchain in maven-compiler-plugin: JDK[/opt/java/openjdk]
[INFO] Recompiling the module because of changed dependency.
[INFO] Compiling 1 source file with javac [forked debug target 24] to target/test-classes
[INFO] 
[INFO] --- surefire:3.5.4:test (default-test) @ crate-libs-pgwire ---
[INFO] 
[INFO] --- build-helper:3.6.1:add-test-source (add-gradle-testfixtures) @ crate-libs-shared ---
[INFO] Test Source directory: /repo/libs/shared/src/testFixtures/java added.
[INFO] 
[INFO] --- resources:3.3.1:testResources (default-testResources) @ crate-libs-shared ---
[INFO] skip non existing resourceDirectory /repo/libs/shared/src/test/resources
[INFO] 
[INFO] --- compiler:3.14.1:testCompile (default-testCompile) @ crate-libs-shared ---
[INFO] Toolchain in maven-compiler-plugin: JDK[/opt/java/openjdk]
[INFO] Tests are skipped.
[INFO] 
[INFO] --- jar:3.4.2:jar (default-jar) @ crate-libs-pgwire ---
[INFO] Recompiling the module because of changed dependency.
[INFO] Compiling 10 source files with javac [forked debug target 24] to target/test-classes
[INFO] Set Build-Jdk-Spec based on toolchain in maven-jar-plugin JDK[/opt/java/openjdk]
[INFO] Building jar: /repo/libs/pgwire/target/crate-libs-pgwire-6.1.1.jar
[INFO] 
[INFO] --- forbiddenapis:3.10:check (default) @ crate-libs-pgwire ---
[INFO] Skipping forbidden-apis checks.
[INFO] 
[INFO] --- install:3.1.4:install (default-install) @ crate-libs-pgwire ---
[INFO] Installing /repo/libs/pgwire/pom.xml to /root/.m2/repository/io/crate/crate-libs-pgwire/6.1.1/crate-libs-pgwire-6.1.1.pom
[INFO] Installing /repo/libs/pgwire/target/crate-libs-pgwire-6.1.1.jar to /root/.m2/repository/io/crate/crate-libs-pgwire/6.1.1/crate-libs-pgwire-6.1.1.jar
[INFO] 
[INFO] --- resources:3.3.1:testResources (default-testResources) @ crate-libs-guice ---
[INFO] skip non existing resourceDirectory /repo/libs/guice/src/test/resources
[INFO] 
[INFO] --- compiler:3.14.1:testCompile (default-testCompile) @ crate-libs-guice ---
[INFO] Toolchain in maven-compiler-plugin: JDK[/opt/java/openjdk]
[INFO] No sources to compile
[INFO] 
[INFO] --- surefire:3.5.4:test (default-test) @ crate-libs-guice ---
[INFO] Tests are skipped.
[INFO] 
[INFO] --- jar:3.4.2:jar (default-jar) @ crate-libs-guice ---
[INFO] Set Build-Jdk-Spec based on toolchain in maven-jar-plugin JDK[/opt/java/openjdk]
[INFO] Building jar: /repo/libs/guice/target/crate-libs-guice-6.1.1.jar
[INFO] 
[INFO] --- forbiddenapis:3.10:check (default) @ crate-libs-guice ---
[INFO] 
[INFO] --- surefire:3.5.4:test (default-test) @ crate-libs-shared ---
[INFO] Skipping forbidden-apis checks.
[INFO] 
[INFO] --- install:3.1.4:install (default-install) @ crate-libs-guice ---
[INFO] Installing /repo/libs/guice/pom.xml to /root/.m2/repository/io/crate/crate-libs-guice/6.1.1/crate-libs-guice-6.1.1.pom
[INFO] Tests are skipped.
[INFO] Installing /repo/libs/guice/target/crate-libs-guice-6.1.1.jar to /root/.m2/repository/io/crate/crate-libs-guice/6.1.1/crate-libs-guice-6.1.1.jar
[INFO] 
[INFO] --- jar:3.4.2:jar (default-jar) @ crate-libs-shared ---
[INFO] Set Build-Jdk-Spec based on toolchain in maven-jar-plugin JDK[/opt/java/openjdk]
[INFO] Building jar: /repo/libs/shared/target/crate-libs-shared-6.1.1.jar
[INFO] 
[INFO] --- jar:3.4.2:test-jar (default) @ crate-libs-shared ---
[INFO] Set Build-Jdk-Spec based on toolchain in maven-jar-plugin JDK[/opt/java/openjdk]
[INFO] Building jar: /repo/libs/shared/target/crate-libs-shared-6.1.1-tests.jar
[INFO] 
[INFO] --- forbiddenapis:3.10:check (default) @ crate-libs-shared ---
[INFO] Skipping forbidden-apis checks.
[INFO] 
[INFO] --- install:3.1.4:install (default-install) @ crate-libs-shared ---
[INFO] Installing /repo/libs/shared/pom.xml to /root/.m2/repository/io/crate/crate-libs-shared/6.1.1/crate-libs-shared-6.1.1.pom
[INFO] Installing /repo/libs/shared/target/crate-libs-shared-6.1.1.jar to /root/.m2/repository/io/crate/crate-libs-shared/6.1.1/crate-libs-shared-6.1.1.jar
[INFO] Installing /repo/libs/shared/target/crate-libs-shared-6.1.1-tests.jar to /root/.m2/repository/io/crate/crate-libs-shared/6.1.1/crate-libs-shared-6.1.1-tests.jar
[INFO] 
[INFO] ----------------------< io.crate:crate-libs-dex >-----------------------
[INFO] Building crate-libs-dex 6.1.1                                     [6/26]
[INFO] 
[INFO]   from libs/dex/pom.xml
[INFO] ------------------< io.crate:crate-libs-es-x-content >------------------
[INFO] --------------------------------[ jar ]---------------------------------
[INFO] 
[INFO] ----------------------< io.crate:crate-libs-cli >-----------------------
[INFO] Building crate-libs-cli 6.1.1                                     [8/26]
[INFO]   from libs/cli/pom.xml
[INFO] --------------------------------[ jar ]---------------------------------
[INFO] Building crate-libs-es-x-content 6.1.1                            [7/26]
[INFO]   from libs/es-x-content/pom.xml
[INFO] --------------------------------[ jar ]---------------------------------
[INFO] 
[INFO] -------------------< io.crate:crate-libs-sql-parser >-------------------
[INFO] Building crate-libs-sql-parser 6.1.1                              [9/26]
[INFO]   from libs/sql-parser/pom.xml
[INFO] --------------------------------[ jar ]---------------------------------
[INFO] 
[INFO] --- clean:3.5.0:clean (default-clean) @ crate-libs-dex ---
[INFO] 
[INFO] --- clean:3.5.0:clean (default-clean) @ crate-libs-cli ---
[INFO] 
[INFO] --- enforcer:3.6.2:enforce (enforce-maven) @ crate-libs-dex ---
[INFO] 
[INFO] --- enforcer:3.6.2:enforce (enforce-maven) @ crate-libs-cli ---
[INFO] 
[INFO] --- clean:3.5.0:clean (default-clean) @ crate-libs-sql-parser ---
[INFO] Skipping Rule Enforcement.
[INFO] 
[INFO] --- checkstyle:3.6.0:check (validate) @ crate-libs-cli ---
[INFO] Skipping Rule Enforcement.
[INFO] 
[INFO] --- checkstyle:3.6.0:check (validate) @ crate-libs-dex ---
[INFO] 
[INFO] --- toolchains:4.5.0:toolchain (default) @ crate-libs-dex ---
[INFO] 
[INFO] --- toolchains:4.5.0:toolchain (default) @ crate-libs-cli ---
[INFO] Required toolchain: jdk [ vendor='temurin' version='24.0.2' ]
[INFO] Required toolchain: jdk [ vendor='temurin' version='24.0.2' ]
[INFO] Found matching toolchain for toolchainType jdk: JDK[/opt/java/openjdk]
[INFO] 
[INFO] --- jacoco:0.8.14:prepare-agent (default-prepare-agent) @ crate-libs-dex ---
[INFO] Found matching toolchain for toolchainType jdk: JDK[/opt/java/openjdk]
[INFO] argLine set to -javaagent:/root/.m2/repository/org/jacoco/org.jacoco.agent/0.8.14/org.jacoco.agent-0.8.14-runtime.jar=destfile=/repo/libs/dex/target/jacoco.exec
[INFO] 
[INFO] --- jacoco:0.8.14:prepare-agent (default-prepare-agent) @ crate-libs-cli ---
[INFO] 
[INFO] --- resources:3.3.1:resources (default-resources) @ crate-libs-dex ---
[INFO] argLine set to -javaagent:/root/.m2/repository/org/jacoco/org.jacoco.agent/0.8.14/org.jacoco.agent-0.8.14-runtime.jar=destfile=/repo/libs/cli/target/jacoco.exec
[INFO] 
[INFO] 
[INFO] --- enforcer:3.6.2:enforce (enforce-maven) @ crate-libs-sql-parser ---
[INFO] --- resources:3.3.1:resources (default-resources) @ crate-libs-cli ---
[INFO] Skipping Rule Enforcement.
[INFO] 
[INFO] --- checkstyle:3.6.0:check (validate) @ crate-libs-sql-parser ---
[INFO] 
[INFO] --- toolchains:4.5.0:toolchain (default) @ crate-libs-sql-parser ---
[INFO] Required toolchain: jdk [ vendor='temurin' version='24.0.2' ]
[INFO] Found matching toolchain for toolchainType jdk: JDK[/opt/java/openjdk]
[INFO] 
[INFO] --- jacoco:0.8.14:prepare-agent (default-prepare-agent) @ crate-libs-sql-parser ---
[INFO] argLine set to -javaagent:/root/.m2/repository/org/jacoco/org.jacoco.agent/0.8.14/org.jacoco.agent-0.8.14-runtime.jar=destfile=/repo/libs/sql-parser/target/jacoco.exec
[INFO] 
[INFO] --- antlr4:4.13.2:antlr4 (antlr) @ crate-libs-sql-parser ---
[INFO] skip non existing resourceDirectory /repo/libs/dex/src/main/resources
[INFO] 
[INFO] --- clean:3.5.0:clean (default-clean) @ crate-libs-es-x-content ---
[INFO] 
[INFO] --- compiler:3.14.1:compile (default-compile) @ crate-libs-dex ---
[INFO] skip non existing resourceDirectory /repo/libs/cli/src/main/resources
[INFO] 
[INFO] --- compiler:3.14.1:compile (default-compile) @ crate-libs-cli ---
[INFO] Toolchain in maven-compiler-plugin: JDK[/opt/java/openjdk]
[INFO] 
[INFO] --- enforcer:3.6.2:enforce (enforce-maven) @ crate-libs-es-x-content ---
[INFO] Skipping Rule Enforcement.
[INFO] 
[INFO] --- checkstyle:3.6.0:check (validate) @ crate-libs-es-x-content ---
[INFO] Toolchain in maven-compiler-plugin: JDK[/opt/java/openjdk]
[INFO] 
[INFO] --- toolchains:4.5.0:toolchain (default) @ crate-libs-es-x-content ---
[INFO] Required toolchain: jdk [ vendor='temurin' version='24.0.2' ]
[INFO] Found matching toolchain for toolchainType jdk: JDK[/opt/java/openjdk]
[INFO] 
[INFO] --- jacoco:0.8.14:prepare-agent (default-prepare-agent) @ crate-libs-es-x-content ---
[INFO] argLine set to -javaagent:/root/.m2/repository/org/jacoco/org.jacoco.agent/0.8.14/org.jacoco.agent-0.8.14-runtime.jar=destfile=/repo/libs/es-x-content/target/jacoco.exec
[INFO] 
[INFO] --- resources:3.3.1:resources (default-resources) @ crate-libs-es-x-content ---
[INFO] skip non existing resourceDirectory /repo/libs/es-x-content/src/main/resources
[INFO] 
[INFO] --- compiler:3.14.1:compile (default-compile) @ crate-libs-es-x-content ---
[INFO] Toolchain in maven-compiler-plugin: JDK[/opt/java/openjdk]
[INFO] ANTLR 4: Processing source directory /repo/libs/sql-parser/src/main/antlr
[INFO] Recompiling the module because of changed dependency.
[INFO] Compiling 5 source files with javac [forked debug target 24] to target/classes
[INFO] Recompiling the module because of changed dependency.
[INFO] Compiling 27 source files with javac [forked debug target 24] to target/classes
[INFO] Recompiling the module because of changed dependency.
[INFO] Compiling 47 source files with javac [forked debug target 24] to target/classes
[INFO] Processing grammar: io/crate/sql/parser/antlr/SqlBaseLexer.g4
[INFO] Processing grammar: io/crate/sql/parser/antlr/SqlBaseParser.g4
[INFO] 
[INFO] --- resources:3.3.1:resources (default-resources) @ crate-libs-sql-parser ---
[INFO] skip non existing resourceDirectory /repo/libs/sql-parser/src/main/resources
[INFO] 
[INFO] --- compiler:3.14.1:compile (default-compile) @ crate-libs-sql-parser ---
[INFO] Toolchain in maven-compiler-plugin: JDK[/opt/java/openjdk]
[INFO] Recompiling the module because of changed dependency.
[INFO] Compiling 219 source files with javac [forked debug target 24] to target/classes
[INFO] 
[INFO] --- resources:3.3.1:testResources (default-testResources) @ crate-libs-cli ---
[INFO] skip non existing resourceDirectory /repo/libs/cli/src/test/resources
[INFO] 
[INFO] --- compiler:3.14.1:testCompile (default-testCompile) @ crate-libs-cli ---
[INFO] Toolchain in maven-compiler-plugin: JDK[/opt/java/openjdk]
[INFO] No sources to compile
[INFO] 
[INFO] --- surefire:3.5.4:test (default-test) @ crate-libs-cli ---
[INFO] Tests are skipped.
[INFO] 
[INFO] --- jar:3.4.2:jar (default-jar) @ crate-libs-cli ---
[INFO] Set Build-Jdk-Spec based on toolchain in maven-jar-plugin JDK[/opt/java/openjdk]
[INFO] Building jar: /repo/libs/cli/target/crate-libs-cli-6.1.1.jar
[INFO] 
[INFO] --- forbiddenapis:3.10:check (default) @ crate-libs-cli ---
[INFO] Skipping forbidden-apis checks.
[INFO] 
[INFO] --- install:3.1.4:install (default-install) @ crate-libs-cli ---
[INFO] Installing /repo/libs/cli/pom.xml to /root/.m2/repository/io/crate/crate-libs-cli/6.1.1/crate-libs-cli-6.1.1.pom
[INFO] Installing /repo/libs/cli/target/crate-libs-cli-6.1.1.jar to /root/.m2/repository/io/crate/crate-libs-cli/6.1.1/crate-libs-cli-6.1.1.jar
[INFO] 
[INFO] WARNING: Using incubator modules: jdk.incubator.vector
[INFO] 
[INFO] --- build-helper:3.6.1:add-test-source (add-testfixtures) @ crate-libs-dex ---
[INFO] Test Source directory: /repo/libs/dex/src/testFixtures/java added.
[INFO] 
[INFO] --- resources:3.3.1:testResources (default-testResources) @ crate-libs-dex ---
[INFO] skip non existing resourceDirectory /repo/libs/dex/src/test/resources
[INFO] 
[INFO] --- compiler:3.14.1:testCompile (default-testCompile) @ crate-libs-dex ---
[INFO] Toolchain in maven-compiler-plugin: JDK[/opt/java/openjdk]
[INFO] Building zip: /repo/jlink-jdk/target/jlink-jdk-6.1.1.zip
[INFO] Recompiling the module because of changed dependency.
[INFO] Compiling 22 source files with javac [forked debug target 24] to target/test-classes
[INFO] 
[INFO] --- resources:3.3.1:testResources (default-testResources) @ crate-libs-es-x-content ---
[INFO] skip non existing resourceDirectory /repo/libs/es-x-content/src/test/resources
[INFO] 
[INFO] --- compiler:3.14.1:testCompile (default-testCompile) @ crate-libs-es-x-content ---
[INFO] Toolchain in maven-compiler-plugin: JDK[/opt/java/openjdk]
[INFO] No sources to compile
[INFO] 
[INFO] --- surefire:3.5.4:test (default-test) @ crate-libs-es-x-content ---
[INFO] Tests are skipped.
[INFO] 
[INFO] --- jar:3.4.2:jar (default-jar) @ crate-libs-es-x-content ---
[INFO] Set Build-Jdk-Spec based on toolchain in maven-jar-plugin JDK[/opt/java/openjdk]
[INFO] Building jar: /repo/libs/es-x-content/target/crate-libs-es-x-content-6.1.1.jar
[INFO] 
[INFO] --- forbiddenapis:3.10:check (default) @ crate-libs-es-x-content ---
[INFO] Skipping forbidden-apis checks.
[INFO] 
[INFO] --- install:3.1.4:install (default-install) @ crate-libs-es-x-content ---
[INFO] Installing /repo/libs/es-x-content/pom.xml to /root/.m2/repository/io/crate/crate-libs-es-x-content/6.1.1/crate-libs-es-x-content-6.1.1.pom
[INFO] Installing /repo/libs/es-x-content/target/crate-libs-es-x-content-6.1.1.jar to /root/.m2/repository/io/crate/crate-libs-es-x-content/6.1.1/crate-libs-es-x-content-6.1.1.jar
[INFO] 
[INFO] --- surefire:3.5.4:test (default-test) @ crate-libs-dex ---
[INFO] Tests are skipped.
[INFO] 
[INFO] --- jar:3.4.2:jar (default-jar) @ crate-libs-dex ---
[INFO] Set Build-Jdk-Spec based on toolchain in maven-jar-plugin JDK[/opt/java/openjdk]
[INFO] Building jar: /repo/libs/dex/target/crate-libs-dex-6.1.1.jar
[INFO] 
[INFO] --- jar:3.4.2:test-jar (default) @ crate-libs-dex ---
[INFO] Set Build-Jdk-Spec based on toolchain in maven-jar-plugin JDK[/opt/java/openjdk]
[INFO] Building jar: /repo/libs/dex/target/crate-libs-dex-6.1.1-tests.jar
[INFO] 
[INFO] --- forbiddenapis:3.10:check (default) @ crate-libs-dex ---
[INFO] Skipping forbidden-apis checks.
[INFO] 
[INFO] --- install:3.1.4:install (default-install) @ crate-libs-dex ---
[INFO] Installing /repo/libs/dex/pom.xml to /root/.m2/repository/io/crate/crate-libs-dex/6.1.1/crate-libs-dex-6.1.1.pom
[INFO] Installing /repo/libs/dex/target/crate-libs-dex-6.1.1.jar to /root/.m2/repository/io/crate/crate-libs-dex/6.1.1/crate-libs-dex-6.1.1.jar
[INFO] Installing /repo/libs/dex/target/crate-libs-dex-6.1.1-tests.jar to /root/.m2/repository/io/crate/crate-libs-dex/6.1.1/crate-libs-dex-6.1.1-tests.jar
[INFO] 
[INFO] --- forbiddenapis:3.10:check (default) @ jlink-jdk ---
[INFO] Skipping forbidden-apis checks.
[INFO] 
[INFO] --- install:3.1.4:install (default-install) @ jlink-jdk ---
[INFO] Installing /repo/jlink-jdk/pom.xml to /root/.m2/repository/io/crate/jlink-jdk/6.1.1/jlink-jdk-6.1.1.pom
[INFO] Installing /repo/jlink-jdk/target/jlink-jdk-6.1.1.zip to /root/.m2/repository/io/crate/jlink-jdk/6.1.1/jlink-jdk-6.1.1.zip
[INFO] 
[INFO] --- resources:3.3.1:testResources (default-testResources) @ crate-libs-sql-parser ---
[INFO] Copying 22 resources from src/test/resources to target/test-classes
[INFO] 
[INFO] --- compiler:3.14.1:testCompile (default-testCompile) @ crate-libs-sql-parser ---
[INFO] Toolchain in maven-compiler-plugin: JDK[/opt/java/openjdk]
[INFO] Recompiling the module because of changed dependency.
[INFO] Compiling 14 source files with javac [forked debug target 24] to target/test-classes
[INFO] 
[INFO] --- surefire:3.5.4:test (default-test) @ crate-libs-sql-parser ---
[INFO] Tests are skipped.
[INFO] 
[INFO] --- jar:3.4.2:jar (default-jar) @ crate-libs-sql-parser ---
[INFO] Set Build-Jdk-Spec based on toolchain in maven-jar-plugin JDK[/opt/java/openjdk]
[INFO] Building jar: /repo/libs/sql-parser/target/crate-libs-sql-parser-6.1.1.jar
[INFO] 
[INFO] --- forbiddenapis:3.10:check (default) @ crate-libs-sql-parser ---
[INFO] Skipping forbidden-apis checks.
[INFO] 
[INFO] --- install:3.1.4:install (default-install) @ crate-libs-sql-parser ---
[INFO] Installing /repo/libs/sql-parser/pom.xml to /root/.m2/repository/io/crate/crate-libs-sql-parser/6.1.1/crate-libs-sql-parser-6.1.1.pom
[INFO] Installing /repo/libs/sql-parser/target/crate-libs-sql-parser-6.1.1.jar to /root/.m2/repository/io/crate/crate-libs-sql-parser/6.1.1/crate-libs-sql-parser-6.1.1.jar
[INFO] 
[INFO] -----------------------< io.crate:crate-server >------------------------
[INFO] Building crate-server 6.1.1                                      [10/26]
[INFO]   from server/pom.xml
[INFO] --------------------------------[ jar ]---------------------------------
[INFO] 
[INFO] --- clean:3.5.0:clean (default-clean) @ crate-server ---
[INFO] 
[INFO] --- enforcer:3.6.2:enforce (enforce-maven) @ crate-server ---
[INFO] Skipping Rule Enforcement.
[INFO] 
[INFO] --- checkstyle:3.6.0:check (validate) @ crate-server ---
[INFO] 
[INFO] --- toolchains:4.5.0:toolchain (default) @ crate-server ---
[INFO] Required toolchain: jdk [ vendor='temurin' version='24.0.2' ]
[INFO] Found matching toolchain for toolchainType jdk: JDK[/opt/java/openjdk]
[INFO] 
[INFO] --- jacoco:0.8.14:prepare-agent (default-prepare-agent) @ crate-server ---
[INFO] argLine set to -javaagent:/root/.m2/repository/org/jacoco/org.jacoco.agent/0.8.14/org.jacoco.agent-0.8.14-runtime.jar=destfile=/repo/server/target/jacoco.exec
[INFO] 
[INFO] --- antlr4:4.13.2:antlr4 (antlr) @ crate-server ---
[INFO] ANTLR 4: Processing source directory /repo/server/src/main/antlr
[INFO] Processing grammar: io/crate/signatures/antlr/TypeSignatures.g4
[INFO] 
[INFO] --- resources:3.3.1:resources (default-resources) @ crate-server ---
[INFO] Copying 8 resources from src/main/resources to target/classes
[INFO] 
[INFO] --- compiler:3.14.1:compile (default-compile) @ crate-server ---
[INFO] Toolchain in maven-compiler-plugin: JDK[/opt/java/openjdk]
[INFO] Recompiling the module because of changed dependency.
[INFO] Compiling 2827 source files with javac [forked debug target 24] to target/classes
[WARNING] The `GraalVmProcessor` annotation processor is missing the recommended `log4j.graalvm.groupId` and `log4j.graalvm.artifactId` options.
[INFO] 
[INFO] --- build-helper:3.6.1:add-test-source (add-testfixtures) @ crate-server ---
[INFO] Test Source directory: /repo/server/src/testFixtures/java added.
[INFO] 
[INFO] --- build-helper:3.6.1:add-test-resource (add-testfixtures-resources) @ crate-server ---
[INFO] 
[INFO] --- resources:3.3.1:testResources (default-testResources) @ crate-server ---
[INFO] Copying 54 resources from src/test/resources to target/test-classes
[INFO] Copying 1 resource from src/testFixtures/resources to target/test-classes
[INFO] 
[INFO] --- compiler:3.14.1:testCompile (default-testCompile) @ crate-server ---
[INFO] Toolchain in maven-compiler-plugin: JDK[/opt/java/openjdk]
[INFO] Recompiling the module because of changed dependency.
[INFO] Compiling 1319 source files with javac [forked debug target 24] to target/test-classes
[WARNING] The `GraalVmProcessor` annotation processor is missing the recommended `log4j.graalvm.groupId` and `log4j.graalvm.artifactId` options.
[INFO] 
[INFO] --- surefire:3.5.4:test (default-test) @ crate-server ---
[INFO] Tests are skipped.
[INFO] 
[INFO] --- jar:3.4.2:jar (default-jar) @ crate-server ---
[INFO] Set Build-Jdk-Spec based on toolchain in maven-jar-plugin JDK[/opt/java/openjdk]
[INFO] Building jar: /repo/server/target/crate-server-6.1.1.jar
[INFO] 
[INFO] --- jar:3.4.2:test-jar (default) @ crate-server ---
[INFO] Set Build-Jdk-Spec based on toolchain in maven-jar-plugin JDK[/opt/java/openjdk]
[INFO] Building jar: /repo/server/target/crate-server-6.1.1-tests.jar
[INFO] 
[INFO] --- forbiddenapis:3.10:check (default) @ crate-server ---
[INFO] Skipping forbidden-apis checks.
[INFO] 
[INFO] --- install:3.1.4:install (default-install) @ crate-server ---
[INFO] Installing /repo/server/pom.xml to /root/.m2/repository/io/crate/crate-server/6.1.1/crate-server-6.1.1.pom
[INFO] Installing /repo/server/target/crate-server-6.1.1.jar to /root/.m2/repository/io/crate/crate-server/6.1.1/crate-server-6.1.1.jar
[INFO] Installing /repo/server/target/crate-server-6.1.1-tests.jar to /root/.m2/repository/io/crate/crate-server/6.1.1/crate-server-6.1.1-tests.jar
[INFO] 
[INFO] 
[INFO] --------------------< io.crate:es-analysis-common >---------------------
[INFO] -----------------< io.crate:crate-libs-azure-testing >------------------
[INFO] Building es-analysis-common 6.1.1                                [11/26]
[INFO] 
[INFO]   from plugins/es-analysis-common/pom.xml
[INFO] ---------------------< io.crate:es-discovery-ec2 >----------------------
[INFO] --------------------------------[ jar ]---------------------------------
[INFO] Building es-discovery-ec2 6.1.1                                  [13/26]
[INFO]   from plugins/es-discovery-ec2/pom.xml
[INFO] 
[INFO] 
[INFO] ---------------------< io.crate:es-repository-s3 >----------------------
[INFO] Building es-repository-s3 6.1.1                                  [14/26]
[INFO]   from plugins/es-repository-s3/pom.xml
[INFO] --------------------------------[ jar ]---------------------------------
[INFO] Building crate-libs-azure-testing 6.1.1                          [12/26]
[INFO]   from libs/azure-testing/pom.xml
[INFO] --------------------------------[ jar ]---------------------------------
[INFO] 
[INFO] -----------------------< io.crate:dns-discovery >-----------------------
[INFO] Building dns-discovery 6.1.1                                     [15/26]
[INFO]   from plugins/dns-discovery/pom.xml
[INFO] --------------------------------[ jar ]---------------------------------
[INFO] 
[INFO] ----------------------< io.crate:repository-gcs >-----------------------
[INFO] Building repository-gcs 6.1.1                                    [16/26]
[INFO]   from plugins/repository-gcs/pom.xml
[INFO] --------------------------------[ jar ]---------------------------------
[INFO] 
[INFO] ---------------------< io.crate:es-repository-url >---------------------
[INFO] Building es-repository-url 6.1.1                                 [17/26]
[INFO]   from plugins/es-repository-url/pom.xml
[INFO] --------------------------------[ jar ]---------------------------------
[INFO] -------------------< io.crate:es-analysis-phonetic >--------------------
[INFO] Building es-analysis-phonetic 6.1.1                              [18/26]
[INFO]   from plugins/es-analysis-phonetic/pom.xml
[INFO] --------------------------------[ jar ]---------------------------------
[INFO] --------------------------------[ jar ]---------------------------------
[INFO] 
[INFO] --- clean:3.5.0:clean (default-clean) @ crate-libs-azure-testing ---
[INFO] 
[INFO] --- clean:3.5.0:clean (default-clean) @ dns-discovery ---
[INFO] 
[INFO] --- clean:3.5.0:clean (default-clean) @ es-repository-url ---
[INFO] 
[INFO] 
[INFO] --- enforcer:3.6.2:enforce (enforce-maven) @ es-repository-url ---
[INFO] 
[INFO] --- enforcer:3.6.2:enforce (enforce-maven) @ dns-discovery ---
[INFO] Skipping Rule Enforcement.
[INFO] 
[INFO] --- checkstyle:3.6.0:check (validate) @ es-repository-url ---
[INFO] --- enforcer:3.6.2:enforce (enforce-maven) @ crate-libs-azure-testing ---
[INFO] Skipping Rule Enforcement.
[INFO] 
[INFO] Skipping Rule Enforcement.
[INFO] --- checkstyle:3.6.0:check (validate) @ dns-discovery ---
[INFO] 
[INFO] --- checkstyle:3.6.0:check (validate) @ crate-libs-azure-testing ---
[INFO] 
[INFO] --- toolchains:4.5.0:toolchain (default) @ dns-discovery ---
[INFO] Required toolchain: jdk [ vendor='temurin' version='24.0.2' ]
[INFO] Found matching toolchain for toolchainType jdk: JDK[/opt/java/openjdk]
[INFO] 
[INFO] --- toolchains:4.5.0:toolchain (default) @ es-repository-url ---
[INFO] 
[INFO] --- jacoco:0.8.14:prepare-agent (default-prepare-agent) @ dns-discovery ---
[INFO] Required toolchain: jdk [ vendor='temurin' version='24.0.2' ]
[INFO] 
[INFO] Found matching toolchain for toolchainType jdk: JDK[/opt/java/openjdk]
[INFO] --- toolchains:4.5.0:toolchain (default) @ crate-libs-azure-testing ---
[INFO] 
[INFO] --- jacoco:0.8.14:prepare-agent (default-prepare-agent) @ es-repository-url ---
[INFO] argLine set to -javaagent:/root/.m2/repository/org/jacoco/org.jacoco.agent/0.8.14/org.jacoco.agent-0.8.14-runtime.jar=destfile=/repo/plugins/dns-discovery/target/jacoco.exec
[INFO] 
[INFO] --- resources:3.3.1:resources (default-resources) @ dns-discovery ---
[INFO] Required toolchain: jdk [ vendor='temurin' version='24.0.2' ]
[INFO] Found matching toolchain for toolchainType jdk: JDK[/opt/java/openjdk]
[INFO] 
[INFO] --- jacoco:0.8.14:prepare-agent (default-prepare-agent) @ crate-libs-azure-testing ---
[INFO] argLine set to -javaagent:/root/.m2/repository/org/jacoco/org.jacoco.agent/0.8.14/org.jacoco.agent-0.8.14-runtime.jar=destfile=/repo/libs/azure-testing/target/jacoco.exec
[INFO] 
[INFO] --- clean:3.5.0:clean (default-clean) @ es-analysis-common ---
[INFO] argLine set to -javaagent:/root/.m2/repository/org/jacoco/org.jacoco.agent/0.8.14/org.jacoco.agent-0.8.14-runtime.jar=destfile=/repo/plugins/es-repository-url/target/jacoco.exec
[INFO] 
[INFO] --- resources:3.3.1:resources (default-resources) @ es-repository-url ---
[INFO] 
[INFO] --- resources:3.3.1:resources (default-resources) @ crate-libs-azure-testing ---
[INFO] skip non existing resourceDirectory /repo/plugins/es-repository-url/src/main/resources
[INFO] 
[INFO] --- compiler:3.14.1:compile (default-compile) @ es-repository-url ---
[INFO] skip non existing resourceDirectory /repo/libs/azure-testing/src/main/resources
[INFO] 
[INFO] --- compiler:3.14.1:compile (default-compile) @ crate-libs-azure-testing ---
[INFO] Toolchain in maven-compiler-plugin: JDK[/opt/java/openjdk]
[INFO] Toolchain in maven-compiler-plugin: JDK[/opt/java/openjdk]
[INFO] No sources to compile
[INFO] 
[INFO] --- build-helper:3.6.1:add-test-source (add-testfixtures) @ crate-libs-azure-testing ---
[INFO] 
[INFO] Copying 1 resource from src/main/resources to target/classes
[INFO] --- enforcer:3.6.2:enforce (enforce-maven) @ es-analysis-common ---
[INFO] Test Source directory: /repo/libs/azure-testing/src/testFixtures/java added.
[INFO] 
[INFO] --- resources:3.3.1:testResources (default-testResources) @ crate-libs-azure-testing ---
[INFO] Skipping Rule Enforcement.
[INFO] 
[INFO] --- checkstyle:3.6.0:check (validate) @ es-analysis-common ---
[INFO] skip non existing resourceDirectory /repo/libs/azure-testing/src/test/resources
[INFO] 
[INFO] --- compiler:3.14.1:testCompile (default-testCompile) @ crate-libs-azure-testing ---
[INFO] 
[INFO] --- toolchains:4.5.0:toolchain (default) @ es-analysis-common ---
[INFO] Required toolchain: jdk [ vendor='temurin' version='24.0.2' ]
[INFO] Found matching toolchain for toolchainType jdk: JDK[/opt/java/openjdk]
[INFO] 
[INFO] --- compiler:3.14.1:compile (default-compile) @ dns-discovery ---
[INFO] 
[INFO] --- jacoco:0.8.14:prepare-agent (default-prepare-agent) @ es-analysis-common ---
[INFO] argLine set to -javaagent:/root/.m2/repository/org/jacoco/org.jacoco.agent/0.8.14/org.jacoco.agent-0.8.14-runtime.jar=destfile=/repo/plugins/es-analysis-common/target/jacoco.exec
[INFO] 
[INFO] --- resources:3.3.1:resources (default-resources) @ es-analysis-common ---
[INFO] Toolchain in maven-compiler-plugin: JDK[/opt/java/openjdk]
[INFO] 
[INFO] --- clean:3.5.0:clean (default-clean) @ es-analysis-phonetic ---
[INFO] Toolchain in maven-compiler-plugin: JDK[/opt/java/openjdk]
[INFO] 
[INFO] --- enforcer:3.6.2:enforce (enforce-maven) @ es-analysis-phonetic ---
[INFO] Skipping Rule Enforcement.
[INFO] 
[INFO] --- checkstyle:3.6.0:check (validate) @ es-analysis-phonetic ---
[INFO] 
[INFO] --- toolchains:4.5.0:toolchain (default) @ es-analysis-phonetic ---
[INFO] Required toolchain: jdk [ vendor='temurin' version='24.0.2' ]
[INFO] Found matching toolchain for toolchainType jdk: JDK[/opt/java/openjdk]
[INFO] 
[INFO] --- jacoco:0.8.14:prepare-agent (default-prepare-agent) @ es-analysis-phonetic ---
[INFO] argLine set to -javaagent:/root/.m2/repository/org/jacoco/org.jacoco.agent/0.8.14/org.jacoco.agent-0.8.14-runtime.jar=destfile=/repo/plugins/es-analysis-phonetic/target/jacoco.exec
[INFO] 
[INFO] --- resources:3.3.1:resources (default-resources) @ es-analysis-phonetic ---
[INFO] 
[INFO] --- clean:3.5.0:clean (default-clean) @ es-discovery-ec2 ---
[INFO] Copying 1 resource from src/main/resources to target/classes
[INFO] 
[INFO] --- clean:3.5.0:clean (default-clean) @ es-repository-s3 ---
[INFO] 
[INFO] --- enforcer:3.6.2:enforce (enforce-maven) @ es-discovery-ec2 ---
[INFO] Skipping Rule Enforcement.
[INFO] 
[INFO] --- checkstyle:3.6.0:check (validate) @ es-discovery-ec2 ---
[INFO] 
[INFO] --- toolchains:4.5.0:toolchain (default) @ es-discovery-ec2 ---
[INFO] Required toolchain: jdk [ vendor='temurin' version='24.0.2' ]
[INFO] Found matching toolchain for toolchainType jdk: JDK[/opt/java/openjdk]
[INFO] 
[INFO] --- jacoco:0.8.14:prepare-agent (default-prepare-agent) @ es-discovery-ec2 ---
[INFO] argLine set to -javaagent:/root/.m2/repository/org/jacoco/org.jacoco.agent/0.8.14/org.jacoco.agent-0.8.14-runtime.jar=destfile=/repo/plugins/es-discovery-ec2/target/jacoco.exec
[INFO] 
[INFO] --- resources:3.3.1:resources (default-resources) @ es-discovery-ec2 ---
[INFO] 
[INFO] Copying 1 resource from src/main/resources to target/classes
[INFO] --- compiler:3.14.1:compile (default-compile) @ es-analysis-common ---
[INFO] 
[INFO] --- enforcer:3.6.2:enforce (enforce-maven) @ es-repository-s3 ---
[INFO] Skipping Rule Enforcement.
[INFO] skip non existing resourceDirectory /repo/plugins/es-discovery-ec2/src/main/resources
[INFO] 
[INFO] --- checkstyle:3.6.0:check (validate) @ es-repository-s3 ---
[INFO] 
[INFO] --- compiler:3.14.1:compile (default-compile) @ es-discovery-ec2 ---
[INFO] 
[INFO] --- toolchains:4.5.0:toolchain (default) @ es-repository-s3 ---
[INFO] Required toolchain: jdk [ vendor='temurin' version='24.0.2' ]
[INFO] Found matching toolchain for toolchainType jdk: JDK[/opt/java/openjdk]
[INFO] 
[INFO] --- jacoco:0.8.14:prepare-agent (default-prepare-agent) @ es-repository-s3 ---
[INFO] argLine set to -javaagent:/root/.m2/repository/org/jacoco/org.jacoco.agent/0.8.14/org.jacoco.agent-0.8.14-runtime.jar=destfile=/repo/plugins/es-repository-s3/target/jacoco.exec
[INFO] 
[INFO] --- resources:3.3.1:resources (default-resources) @ es-repository-s3 ---
[INFO] Toolchain in maven-compiler-plugin: JDK[/opt/java/openjdk]
[INFO] skip non existing resourceDirectory /repo/plugins/es-repository-s3/src/main/resources
[INFO] 
[INFO] --- compiler:3.14.1:compile (default-compile) @ es-repository-s3 ---
[INFO] 
[INFO] --- compiler:3.14.1:compile (default-compile) @ es-analysis-phonetic ---
[INFO] Toolchain in maven-compiler-plugin: JDK[/opt/java/openjdk]
[INFO] Toolchain in maven-compiler-plugin: JDK[/opt/java/openjdk]
[INFO] Toolchain in maven-compiler-plugin: JDK[/opt/java/openjdk]
[INFO] Recompiling the module because of changed dependency.
[INFO] Recompiling the module because of changed dependency.
[INFO] Compiling 2 source files with javac [forked debug target 24] to target/classes
[INFO] Recompiling the module because of changed dependency.
[INFO] Compiling 1 source file with javac [forked debug target 24] to target/test-classes
[INFO] Compiling 4 source files with javac [forked debug target 24] to target/classes
[INFO] Recompiling the module because of changed dependency.
[INFO] Compiling 7 source files with javac [forked debug target 24] to target/classes
[INFO] Recompiling the module because of changed dependency.
[INFO] Recompiling the module because of changed dependency.
[INFO] Compiling 9 source files with javac [forked debug target 24] to target/classes
[INFO] Compiling 5 source files with javac [forked debug target 24] to target/classes
[INFO] Recompiling the module because of changed dependency.
[INFO] Compiling 120 source files with javac [forked debug target 24] to target/classes
[INFO] 
[INFO] --- clean:3.5.0:clean (default-clean) @ repository-gcs ---
[INFO] 
[INFO] --- enforcer:3.6.2:enforce (enforce-maven) @ repository-gcs ---
[INFO] Skipping Rule Enforcement.
[INFO] 
[INFO] --- checkstyle:3.6.0:check (validate) @ repository-gcs ---
[INFO] 
[INFO] --- toolchains:4.5.0:toolchain (default) @ repository-gcs ---
[INFO] Required toolchain: jdk [ vendor='temurin' version='24.0.2' ]
[INFO] Found matching toolchain for toolchainType jdk: JDK[/opt/java/openjdk]
[INFO] 
[INFO] --- jacoco:0.8.14:prepare-agent (default-prepare-agent) @ repository-gcs ---
[INFO] argLine set to -javaagent:/root/.m2/repository/org/jacoco/org.jacoco.agent/0.8.14/org.jacoco.agent-0.8.14-runtime.jar=destfile=/repo/plugins/repository-gcs/target/jacoco.exec
[INFO] 
[INFO] --- resources:3.3.1:resources (default-resources) @ repository-gcs ---
[INFO] Copying 1 resource from src/main/resources to target/classes
[INFO] 
[INFO] --- compiler:3.14.1:compile (default-compile) @ repository-gcs ---
[INFO] Toolchain in maven-compiler-plugin: JDK[/opt/java/openjdk]
[INFO] Recompiling the module because of changed dependency.
[INFO] Compiling 7 source files with javac [forked debug target 24] to target/classes
[INFO] 
[INFO] --- surefire:3.5.4:test (default-test) @ crate-libs-azure-testing ---
[INFO] Tests are skipped.
[INFO] 
[INFO] --- jar:3.4.2:jar (default-jar) @ crate-libs-azure-testing ---
[INFO] Set Build-Jdk-Spec based on toolchain in maven-jar-plugin JDK[/opt/java/openjdk]
[WARNING] JAR will be empty - no content was marked for inclusion!
[INFO] Building jar: /repo/libs/azure-testing/target/crate-libs-azure-testing-6.1.1.jar
[INFO] 
[INFO] --- jar:3.4.2:test-jar (default) @ crate-libs-azure-testing ---
[INFO] Set Build-Jdk-Spec based on toolchain in maven-jar-plugin JDK[/opt/java/openjdk]
[INFO] Building jar: /repo/libs/azure-testing/target/crate-libs-azure-testing-6.1.1-tests.jar
[INFO] 
[INFO] --- resources:3.3.1:testResources (default-testResources) @ es-analysis-phonetic ---
[INFO] 
[INFO] --- forbiddenapis:3.10:check (default) @ crate-libs-azure-testing ---
[INFO] Skipping forbidden-apis checks.
[INFO] 
[INFO] --- install:3.1.4:install (default-install) @ crate-libs-azure-testing ---
[INFO] Installing /repo/libs/azure-testing/pom.xml to /root/.m2/repository/io/crate/crate-libs-azure-testing/6.1.1/crate-libs-azure-testing-6.1.1.pom
[INFO] Installing /repo/libs/azure-testing/target/crate-libs-azure-testing-6.1.1.jar to /root/.m2/repository/io/crate/crate-libs-azure-testing/6.1.1/crate-libs-azure-testing-6.1.1.jar
[INFO] Installing /repo/libs/azure-testing/target/crate-libs-azure-testing-6.1.1-tests.jar to /root/.m2/repository/io/crate/crate-libs-azure-testing/6.1.1/crate-libs-azure-testing-6.1.1-tests.jar
[INFO] Copying 1 resource from src/test/resources to target/test-classes
[INFO] 
[INFO] -----------------------< io.crate:crate-copy-s3 >-----------------------
[INFO] Building crate-copy-s3 6.1.1                                     [19/26]
[INFO]   from plugins/cr8-copy-s3/pom.xml
[INFO] --------------------------------[ jar ]---------------------------------
[INFO] 
[INFO] --- compiler:3.14.1:testCompile (default-testCompile) @ es-analysis-phonetic ---
[INFO] Toolchain in maven-compiler-plugin: JDK[/opt/java/openjdk]
[INFO] 
[INFO] --- clean:3.5.0:clean (default-clean) @ crate-copy-s3 ---
[INFO] 
[INFO] --- enforcer:3.6.2:enforce (enforce-maven) @ crate-copy-s3 ---
[INFO] Skipping Rule Enforcement.
[INFO] 
[INFO] --- checkstyle:3.6.0:check (validate) @ crate-copy-s3 ---
[INFO] 
[INFO] --- toolchains:4.5.0:toolchain (default) @ crate-copy-s3 ---
[INFO] Required toolchain: jdk [ vendor='temurin' version='24.0.2' ]
[INFO] Found matching toolchain for toolchainType jdk: JDK[/opt/java/openjdk]
[INFO] 
[INFO] --- jacoco:0.8.14:prepare-agent (default-prepare-agent) @ crate-copy-s3 ---
[INFO] argLine set to -javaagent:/root/.m2/repository/org/jacoco/org.jacoco.agent/0.8.14/org.jacoco.agent-0.8.14-runtime.jar=destfile=/repo/plugins/cr8-copy-s3/target/jacoco.exec
[INFO] 
[INFO] --- resources:3.3.1:resources (default-resources) @ crate-copy-s3 ---
[INFO] Copying 1 resource from src/main/resources to target/classes
[INFO] Recompiling the module because of changed dependency.
[INFO] 
[INFO] --- compiler:3.14.1:compile (default-compile) @ crate-copy-s3 ---
[INFO] Toolchain in maven-compiler-plugin: JDK[/opt/java/openjdk]
[INFO] Compiling 2 source files with javac [forked debug target 24] to target/test-classes
[INFO] 
[INFO] --- resources:3.3.1:testResources (default-testResources) @ dns-discovery ---
[INFO] skip non existing resourceDirectory /repo/plugins/dns-discovery/src/test/resources
[INFO] 
[INFO] --- compiler:3.14.1:testCompile (default-testCompile) @ dns-discovery ---
[INFO] Toolchain in maven-compiler-plugin: JDK[/opt/java/openjdk]
[INFO] Recompiling the module because of changed dependency.
[INFO] Compiling 8 source files with javac [forked debug target 24] to target/classes
[INFO] Recompiling the module because of changed dependency.
[INFO] Compiling 1 source file with javac [forked debug target 24] to target/test-classes
[INFO] 
[INFO] --- resources:3.3.1:testResources (default-testResources) @ es-discovery-ec2 ---
[INFO] 
[INFO] --- resources:3.3.1:testResources (default-testResources) @ es-repository-url ---
[INFO] skip non existing resourceDirectory /repo/plugins/es-discovery-ec2/src/test/resources
[INFO] 
[INFO] --- compiler:3.14.1:testCompile (default-testCompile) @ es-discovery-ec2 ---
[INFO] skip non existing resourceDirectory /repo/plugins/es-repository-url/src/test/resources
[INFO] 
[INFO] --- compiler:3.14.1:testCompile (default-testCompile) @ es-repository-url ---
[INFO] Toolchain in maven-compiler-plugin: JDK[/opt/java/openjdk]
[INFO] No sources to compile
[INFO] 
[INFO] --- surefire:3.5.4:test (default-test) @ es-discovery-ec2 ---
[INFO] Toolchain in maven-compiler-plugin: JDK[/opt/java/openjdk]
[INFO] Tests are skipped.
[INFO] 
[INFO] --- jar:3.4.2:jar (default-jar) @ es-discovery-ec2 ---
[INFO] Set Build-Jdk-Spec based on toolchain in maven-jar-plugin JDK[/opt/java/openjdk]
[INFO] Building jar: /repo/plugins/es-discovery-ec2/target/es-discovery-ec2-6.1.1.jar
[INFO] Recompiling the module because of changed dependency.
[INFO] 
[INFO] --- forbiddenapis:3.10:check (default) @ es-discovery-ec2 ---
[INFO] Skipping forbidden-apis checks.
[INFO] 
[INFO] --- install:3.1.4:install (default-install) @ es-discovery-ec2 ---
[INFO] Installing /repo/plugins/es-discovery-ec2/pom.xml to /root/.m2/repository/io/crate/es-discovery-ec2/6.1.1/es-discovery-ec2-6.1.1.pom
[INFO] Compiling 1 source file with javac [forked debug target 24] to target/test-classes
[INFO] Installing /repo/plugins/es-discovery-ec2/target/es-discovery-ec2-6.1.1.jar to /root/.m2/repository/io/crate/es-discovery-ec2/6.1.1/es-discovery-ec2-6.1.1.jar
[INFO] 
[INFO] ----------------------< io.crate:crate-functions >----------------------
[INFO] Building crate-functions 6.1.1                                   [20/26]
[INFO]   from extensions/functions/pom.xml
[INFO] --------------------------------[ jar ]---------------------------------
[INFO] 
[INFO] --- clean:3.5.0:clean (default-clean) @ crate-functions ---
[INFO] 
[INFO] --- enforcer:3.6.2:enforce (enforce-maven) @ crate-functions ---
[INFO] Skipping Rule Enforcement.
[INFO] 
[INFO] --- checkstyle:3.6.0:check (validate) @ crate-functions ---
[INFO] 
[INFO] --- toolchains:4.5.0:toolchain (default) @ crate-functions ---
[INFO] Required toolchain: jdk [ vendor='temurin' version='24.0.2' ]
[INFO] Found matching toolchain for toolchainType jdk: JDK[/opt/java/openjdk]
[INFO] 
[INFO] --- jacoco:0.8.14:prepare-agent (default-prepare-agent) @ crate-functions ---
[INFO] argLine set to -javaagent:/root/.m2/repository/org/jacoco/org.jacoco.agent/0.8.14/org.jacoco.agent-0.8.14-runtime.jar=destfile=/repo/extensions/functions/target/jacoco.exec
[INFO] 
[INFO] --- resources:3.3.1:resources (default-resources) @ crate-functions ---
[INFO] Copying 2 resources from src/main/resources to target/classes
[INFO] 
[INFO] --- compiler:3.14.1:compile (default-compile) @ crate-functions ---
[INFO] Toolchain in maven-compiler-plugin: JDK[/opt/java/openjdk]
[INFO] Recompiling the module because of changed dependency.
[INFO] Compiling 7 source files with javac [forked debug target 24] to target/classes
[INFO] 
[INFO] --- resources:3.3.1:testResources (default-testResources) @ es-repository-s3 ---
[INFO] skip non existing resourceDirectory /repo/plugins/es-repository-s3/src/test/resources
[INFO] 
[INFO] --- compiler:3.14.1:testCompile (default-testCompile) @ es-repository-s3 ---
[INFO] Toolchain in maven-compiler-plugin: JDK[/opt/java/openjdk]
[INFO] Recompiling the module because of changed dependency.
[INFO] Compiling 8 source files with javac [forked debug target 24] to target/test-classes
[INFO] 
[INFO] --- resources:3.3.1:testResources (default-testResources) @ repository-gcs ---
[INFO] skip non existing resourceDirectory /repo/plugins/repository-gcs/src/test/resources
[INFO] 
[INFO] --- compiler:3.14.1:testCompile (default-testCompile) @ repository-gcs ---
[INFO] Toolchain in maven-compiler-plugin: JDK[/opt/java/openjdk]
[INFO] Recompiling the module because of changed dependency.
[INFO] Compiling 5 source files with javac [forked debug target 24] to target/test-classes
[INFO] 
[INFO] --- surefire:3.5.4:test (default-test) @ es-repository-url ---
[INFO] 
[INFO] --- surefire:3.5.4:test (default-test) @ dns-discovery ---
[INFO] Tests are skipped.
[INFO] 
[INFO] --- jar:3.4.2:jar (default-jar) @ es-repository-url ---
[INFO] Tests are skipped.
[INFO] 
[INFO] --- jar:3.4.2:jar (default-jar) @ dns-discovery ---
[INFO] Set Build-Jdk-Spec based on toolchain in maven-jar-plugin JDK[/opt/java/openjdk]
[INFO] Set Build-Jdk-Spec based on toolchain in maven-jar-plugin JDK[/opt/java/openjdk]
[INFO] Building jar: /repo/plugins/dns-discovery/target/dns-discovery-6.1.1.jar
[INFO] Building jar: /repo/plugins/es-repository-url/target/es-repository-url-6.1.1.jar
[INFO] 
[INFO] --- forbiddenapis:3.10:check (default) @ dns-discovery ---
[INFO] Skipping forbidden-apis checks.
[INFO] 
[INFO] --- install:3.1.4:install (default-install) @ dns-discovery ---
[INFO] Installing /repo/plugins/dns-discovery/pom.xml to /root/.m2/repository/io/crate/dns-discovery/6.1.1/dns-discovery-6.1.1.pom
[INFO] 
[INFO] --- forbiddenapis:3.10:check (default) @ es-repository-url ---
[INFO] 
[INFO] --- surefire:3.5.4:test (default-test) @ es-analysis-phonetic ---
[INFO] Skipping forbidden-apis checks.
[INFO] 
[INFO] --- install:3.1.4:install (default-install) @ es-repository-url ---
[INFO] Installing /repo/plugins/es-repository-url/pom.xml to /root/.m2/repository/io/crate/es-repository-url/6.1.1/es-repository-url-6.1.1.pom
[INFO] Installing /repo/plugins/es-repository-url/target/es-repository-url-6.1.1.jar to /root/.m2/repository/io/crate/es-repository-url/6.1.1/es-repository-url-6.1.1.jar
[INFO] Tests are skipped.
[INFO] 
[INFO] --- jar:3.4.2:jar (default-jar) @ es-analysis-phonetic ---
[INFO] Installing /repo/plugins/dns-discovery/target/dns-discovery-6.1.1.jar to /root/.m2/repository/io/crate/dns-discovery/6.1.1/dns-discovery-6.1.1.jar
[INFO] 
[INFO] --- resources:3.3.1:testResources (default-testResources) @ crate-copy-s3 ---
[INFO] skip non existing resourceDirectory /repo/plugins/cr8-copy-s3/src/test/resources
[INFO] 
[INFO] --- compiler:3.14.1:testCompile (default-testCompile) @ crate-copy-s3 ---
[INFO] 
[INFO] -----------------------< io.crate:crate-lang-js >-----------------------
[INFO] Building crate-lang-js 6.1.1                                     [21/26]
[INFO]   from extensions/lang-js/pom.xml
[INFO] --------------------------------[ jar ]---------------------------------
[INFO] Set Build-Jdk-Spec based on toolchain in maven-jar-plugin JDK[/opt/java/openjdk]
[INFO] 
[INFO] -------------------< io.crate:crate-jmx-monitoring >--------------------
[INFO] Building crate-jmx-monitoring 6.1.1                              [22/26]
[INFO]   from extensions/jmx-monitoring/pom.xml
[INFO] --------------------------------[ jar ]---------------------------------
[INFO] Toolchain in maven-compiler-plugin: JDK[/opt/java/openjdk]
[INFO] 
[INFO] --- clean:3.5.0:clean (default-clean) @ crate-jmx-monitoring ---
[INFO] Building jar: /repo/plugins/es-analysis-phonetic/target/es-analysis-phonetic-6.1.1.jar
[INFO] 
[INFO] --- enforcer:3.6.2:enforce (enforce-maven) @ crate-jmx-monitoring ---
[INFO] Skipping Rule Enforcement.
[INFO] 
[INFO] --- checkstyle:3.6.0:check (validate) @ crate-jmx-monitoring ---
[INFO] 
[INFO] --- toolchains:4.5.0:toolchain (default) @ crate-jmx-monitoring ---
[INFO] Required toolchain: jdk [ vendor='temurin' version='24.0.2' ]
[INFO] Found matching toolchain for toolchainType jdk: JDK[/opt/java/openjdk]
[INFO] 
[INFO] --- jacoco:0.8.14:prepare-agent (default-prepare-agent) @ crate-jmx-monitoring ---
[INFO] argLine set to -javaagent:/root/.m2/repository/org/jacoco/org.jacoco.agent/0.8.14/org.jacoco.agent-0.8.14-runtime.jar=destfile=/repo/extensions/jmx-monitoring/target/jacoco.exec
[INFO] 
[INFO] --- resources:3.3.1:resources (default-resources) @ crate-jmx-monitoring ---
[INFO] Copying 1 resource from src/main/resources to target/classes
[INFO] 
[INFO] --- compiler:3.14.1:compile (default-compile) @ crate-jmx-monitoring ---
[INFO] Toolchain in maven-compiler-plugin: JDK[/opt/java/openjdk]
[INFO] 
[INFO] --- forbiddenapis:3.10:check (default) @ es-analysis-phonetic ---
[INFO] Skipping forbidden-apis checks.
[INFO] 
[INFO] --- install:3.1.4:install (default-install) @ es-analysis-phonetic ---
[INFO] Installing /repo/plugins/es-analysis-phonetic/pom.xml to /root/.m2/repository/io/crate/es-analysis-phonetic/6.1.1/es-analysis-phonetic-6.1.1.pom
[INFO] Installing /repo/plugins/es-analysis-phonetic/target/es-analysis-phonetic-6.1.1.jar to /root/.m2/repository/io/crate/es-analysis-phonetic/6.1.1/es-analysis-phonetic-6.1.1.jar
[INFO] 
[INFO] --------------------< io.crate:es-repository-azure >--------------------
[INFO] Building es-repository-azure 6.1.1                               [23/26]
[INFO]   from plugins/es-repository-azure/pom.xml
[INFO] --------------------------------[ jar ]---------------------------------
[INFO] 
[INFO] --- clean:3.5.0:clean (default-clean) @ crate-lang-js ---
[INFO] Recompiling the module because of changed dependency.
[INFO] 
[INFO] --- enforcer:3.6.2:enforce (enforce-maven) @ crate-lang-js ---
[INFO] Skipping Rule Enforcement.
[INFO] 
[INFO] --- checkstyle:3.6.0:check (validate) @ crate-lang-js ---
[INFO] 
[INFO] --- toolchains:4.5.0:toolchain (default) @ crate-lang-js ---
[INFO] Required toolchain: jdk [ vendor='temurin' version='24.0.2' ]
[INFO] Found matching toolchain for toolchainType jdk: JDK[/opt/java/openjdk]
[INFO] 
[INFO] --- jacoco:0.8.14:prepare-agent (default-prepare-agent) @ crate-lang-js ---
[INFO] argLine set to -javaagent:/root/.m2/repository/org/jacoco/org.jacoco.agent/0.8.14/org.jacoco.agent-0.8.14-runtime.jar=destfile=/repo/extensions/lang-js/target/jacoco.exec
[INFO] 
[INFO] --- resources:3.3.1:resources (default-resources) @ crate-lang-js ---
[INFO] Compiling 4 source files with javac [forked debug target 24] to target/test-classes
[INFO] Copying 1 resource from src/main/resources to target/classes
[INFO] 
[INFO] --- compiler:3.14.1:compile (default-compile) @ crate-lang-js ---
[INFO] Recompiling the module because of changed dependency.
[INFO] Toolchain in maven-compiler-plugin: JDK[/opt/java/openjdk]
[INFO] Compiling 17 source files with javac [forked debug target 24] to target/classes
[INFO] Recompiling the module because of changed dependency.
[INFO] Compiling 6 source files with javac [forked debug target 24] to target/classes
[INFO] 
[INFO] --- clean:3.5.0:clean (default-clean) @ es-repository-azure ---
[INFO] 
[INFO] --- enforcer:3.6.2:enforce (enforce-maven) @ es-repository-azure ---
[INFO] Skipping Rule Enforcement.
[INFO] 
[INFO] --- checkstyle:3.6.0:check (validate) @ es-repository-azure ---
[INFO] 
[INFO] --- toolchains:4.5.0:toolchain (default) @ es-repository-azure ---
[INFO] Required toolchain: jdk [ vendor='temurin' version='24.0.2' ]
[INFO] Found matching toolchain for toolchainType jdk: JDK[/opt/java/openjdk]
[INFO] 
[INFO] --- jacoco:0.8.14:prepare-agent (default-prepare-agent) @ es-repository-azure ---
[INFO] argLine set to -javaagent:/root/.m2/repository/org/jacoco/org.jacoco.agent/0.8.14/org.jacoco.agent-0.8.14-runtime.jar=destfile=/repo/plugins/es-repository-azure/target/jacoco.exec
[INFO] 
[INFO] --- resources:3.3.1:resources (default-resources) @ es-repository-azure ---
[INFO] Copying 1 resource from src/main/resources to target/classes
[INFO] 
[INFO] --- compiler:3.14.1:compile (default-compile) @ es-repository-azure ---
[INFO] Toolchain in maven-compiler-plugin: JDK[/opt/java/openjdk]
[INFO] Recompiling the module because of changed dependency.
[INFO] Compiling 6 source files with javac [forked debug target 24] to target/classes
[INFO] 
[INFO] --- resources:3.3.1:testResources (default-testResources) @ es-analysis-common ---
[INFO] skip non existing resourceDirectory /repo/plugins/es-analysis-common/src/test/resources
[INFO] 
[INFO] --- compiler:3.14.1:testCompile (default-testCompile) @ es-analysis-common ---
[INFO] Toolchain in maven-compiler-plugin: JDK[/opt/java/openjdk]
[INFO] Recompiling the module because of changed dependency.
[INFO] Compiling 4 source files with javac [forked debug target 24] to target/test-classes
[INFO] 
[INFO] --- resources:3.3.1:testResources (default-testResources) @ crate-functions ---
[INFO] skip non existing resourceDirectory /repo/extensions/functions/src/test/resources
[INFO] 
[INFO] --- compiler:3.14.1:testCompile (default-testCompile) @ crate-functions ---
[INFO] Toolchain in maven-compiler-plugin: JDK[/opt/java/openjdk]
[INFO] Recompiling the module because of changed dependency.
[INFO] Compiling 7 source files with javac [forked debug target 24] to target/test-classes
[INFO] 
[INFO] --- surefire:3.5.4:test (default-test) @ es-repository-s3 ---
[INFO] Tests are skipped.
[INFO] 
[INFO] --- jar:3.4.2:jar (default-jar) @ es-repository-s3 ---
[INFO] Set Build-Jdk-Spec based on toolchain in maven-jar-plugin JDK[/opt/java/openjdk]
[INFO] Building jar: /repo/plugins/es-repository-s3/target/es-repository-s3-6.1.1.jar
[INFO] 
[INFO] --- forbiddenapis:3.10:check (default) @ es-repository-s3 ---
[INFO] Skipping forbidden-apis checks.
[INFO] 
[INFO] --- install:3.1.4:install (default-install) @ es-repository-s3 ---
[INFO] Installing /repo/plugins/es-repository-s3/pom.xml to /root/.m2/repository/io/crate/es-repository-s3/6.1.1/es-repository-s3-6.1.1.pom
[INFO] Installing /repo/plugins/es-repository-s3/target/es-repository-s3-6.1.1.jar to /root/.m2/repository/io/crate/es-repository-s3/6.1.1/es-repository-s3-6.1.1.jar
[INFO] 
[INFO] ---------------------< io.crate:crate-copy-azure >----------------------
[INFO] Building crate-copy-azure 6.1.1                                  [24/26]
[INFO]   from plugins/crate-copy-azure/pom.xml
[INFO] --------------------------------[ jar ]---------------------------------
[INFO] 
[INFO] --- clean:3.5.0:clean (default-clean) @ crate-copy-azure ---
[INFO] 
[INFO] --- enforcer:3.6.2:enforce (enforce-maven) @ crate-copy-azure ---
[INFO] Skipping Rule Enforcement.
[INFO] 
[INFO] --- checkstyle:3.6.0:check (validate) @ crate-copy-azure ---
[INFO] 
[INFO] --- toolchains:4.5.0:toolchain (default) @ crate-copy-azure ---
[INFO] Required toolchain: jdk [ vendor='temurin' version='24.0.2' ]
[INFO] Found matching toolchain for toolchainType jdk: JDK[/opt/java/openjdk]
[INFO] 
[INFO] --- jacoco:0.8.14:prepare-agent (default-prepare-agent) @ crate-copy-azure ---
[INFO] argLine set to -javaagent:/root/.m2/repository/org/jacoco/org.jacoco.agent/0.8.14/org.jacoco.agent-0.8.14-runtime.jar=destfile=/repo/plugins/crate-copy-azure/target/jacoco.exec
[INFO] 
[INFO] --- resources:3.3.1:resources (default-resources) @ crate-copy-azure ---
[INFO] Copying 1 resource from src/main/resources to target/classes
[INFO] 
[INFO] --- compiler:3.14.1:compile (default-compile) @ crate-copy-azure ---
[INFO] Toolchain in maven-compiler-plugin: JDK[/opt/java/openjdk]
[INFO] Recompiling the module because of changed dependency.
[INFO] Compiling 9 source files with javac [forked debug target 24] to target/classes
[INFO] 
[INFO] --- surefire:3.5.4:test (default-test) @ repository-gcs ---
[INFO] Tests are skipped.
[INFO] 
[INFO] --- jar:3.4.2:jar (default-jar) @ repository-gcs ---
[INFO] Set Build-Jdk-Spec based on toolchain in maven-jar-plugin JDK[/opt/java/openjdk]
[INFO] Building jar: /repo/plugins/repository-gcs/target/repository-gcs-6.1.1.jar
[INFO] 
[INFO] --- forbiddenapis:3.10:check (default) @ repository-gcs ---
[INFO] Skipping forbidden-apis checks.
[INFO] 
[INFO] --- install:3.1.4:install (default-install) @ repository-gcs ---
[INFO] Installing /repo/plugins/repository-gcs/pom.xml to /root/.m2/repository/io/crate/repository-gcs/6.1.1/repository-gcs-6.1.1.pom
[INFO] Installing /repo/plugins/repository-gcs/target/repository-gcs-6.1.1.jar to /root/.m2/repository/io/crate/repository-gcs/6.1.1/repository-gcs-6.1.1.jar
[INFO] 
[INFO] --- resources:3.3.1:testResources (default-testResources) @ crate-lang-js ---
[INFO] skip non existing resourceDirectory /repo/extensions/lang-js/src/test/resources
[INFO] 
[INFO] --- compiler:3.14.1:testCompile (default-testCompile) @ crate-lang-js ---
[INFO] Toolchain in maven-compiler-plugin: JDK[/opt/java/openjdk]
[INFO] Recompiling the module because of changed dependency.
[INFO] Compiling 4 source files with javac [forked debug target 24] to target/test-classes
[INFO] 
[INFO] --- resources:3.3.1:testResources (default-testResources) @ es-repository-azure ---
[INFO] skip non existing resourceDirectory /repo/plugins/es-repository-azure/src/test/resources
[INFO] 
[INFO] --- compiler:3.14.1:testCompile (default-testCompile) @ es-repository-azure ---
[INFO] Toolchain in maven-compiler-plugin: JDK[/opt/java/openjdk]
[INFO] Recompiling the module because of changed dependency.
[INFO] Compiling 8 source files with javac [forked debug target 24] to target/test-classes
[INFO] 
[INFO] --- surefire:3.5.4:test (default-test) @ crate-copy-s3 ---
[INFO] Tests are skipped.
[INFO] 
[INFO] --- jar:3.4.2:jar (default-jar) @ crate-copy-s3 ---
[INFO] 
[INFO] --- resources:3.3.1:testResources (default-testResources) @ crate-jmx-monitoring ---
[INFO] skip non existing resourceDirectory /repo/extensions/jmx-monitoring/src/test/resources
[INFO] 
[INFO] --- compiler:3.14.1:testCompile (default-testCompile) @ crate-jmx-monitoring ---
[INFO] Toolchain in maven-compiler-plugin: JDK[/opt/java/openjdk]
[INFO] Set Build-Jdk-Spec based on toolchain in maven-jar-plugin JDK[/opt/java/openjdk]
[INFO] Building jar: /repo/plugins/cr8-copy-s3/target/crate-copy-s3-6.1.1.jar
[INFO] Recompiling the module because of changed dependency.
[INFO] Compiling 2 source files with javac [forked debug target 24] to target/test-classes
[INFO] 
[INFO] --- forbiddenapis:3.10:check (default) @ crate-copy-s3 ---
[INFO] Skipping forbidden-apis checks.
[INFO] 
[INFO] --- install:3.1.4:install (default-install) @ crate-copy-s3 ---
[INFO] Installing /repo/plugins/cr8-copy-s3/pom.xml to /root/.m2/repository/io/crate/crate-copy-s3/6.1.1/crate-copy-s3-6.1.1.pom
[INFO] Installing /repo/plugins/cr8-copy-s3/target/crate-copy-s3-6.1.1.jar to /root/.m2/repository/io/crate/crate-copy-s3/6.1.1/crate-copy-s3-6.1.1.jar
[INFO] 
[INFO] --- surefire:3.5.4:test (default-test) @ es-analysis-common ---
[INFO] Tests are skipped.
[INFO] 
[INFO] --- jar:3.4.2:jar (default-jar) @ es-analysis-common ---
[INFO] Set Build-Jdk-Spec based on toolchain in maven-jar-plugin JDK[/opt/java/openjdk]
[INFO] Building jar: /repo/plugins/es-analysis-common/target/es-analysis-common-6.1.1.jar
[INFO] 
[INFO] --- forbiddenapis:3.10:check (default) @ es-analysis-common ---
[INFO] Skipping forbidden-apis checks.
[INFO] 
[INFO] --- install:3.1.4:install (default-install) @ es-analysis-common ---
[INFO] Installing /repo/plugins/es-analysis-common/pom.xml to /root/.m2/repository/io/crate/es-analysis-common/6.1.1/es-analysis-common-6.1.1.pom
[INFO] Installing /repo/plugins/es-analysis-common/target/es-analysis-common-6.1.1.jar to /root/.m2/repository/io/crate/es-analysis-common/6.1.1/es-analysis-common-6.1.1.jar
[INFO] 
[INFO] --- surefire:3.5.4:test (default-test) @ crate-functions ---
[INFO] Tests are skipped.
[INFO] 
[INFO] --- jar:3.4.2:jar (default-jar) @ crate-functions ---
[INFO] Set Build-Jdk-Spec based on toolchain in maven-jar-plugin JDK[/opt/java/openjdk]
[INFO] Building jar: /repo/extensions/functions/target/crate-functions-6.1.1.jar
[INFO] 
[INFO] --- forbiddenapis:3.10:check (default) @ crate-functions ---
[INFO] 
[INFO] --- resources:3.3.1:testResources (default-testResources) @ crate-copy-azure ---
[INFO] Skipping forbidden-apis checks.
[INFO] 
[INFO] --- install:3.1.4:install (default-install) @ crate-functions ---
[INFO] Installing /repo/extensions/functions/pom.xml to /root/.m2/repository/io/crate/crate-functions/6.1.1/crate-functions-6.1.1.pom
[INFO] skip non existing resourceDirectory /repo/plugins/crate-copy-azure/src/test/resources
[INFO] 
[INFO] --- compiler:3.14.1:testCompile (default-testCompile) @ crate-copy-azure ---
[INFO] Installing /repo/extensions/functions/target/crate-functions-6.1.1.jar to /root/.m2/repository/io/crate/crate-functions/6.1.1/crate-functions-6.1.1.jar
[INFO] Toolchain in maven-compiler-plugin: JDK[/opt/java/openjdk]
[INFO] 
[INFO] ---------------------< io.crate:crate-benchmarks >----------------------
[INFO] Building crate-benchmarks 6.1.1                                  [25/26]
[INFO]   from benchmarks/pom.xml
[INFO] --------------------------------[ jar ]---------------------------------
[INFO] Recompiling the module because of changed dependency.
[INFO] Compiling 3 source files with javac [forked debug target 24] to target/test-classes
[INFO] 
[INFO] --- clean:3.5.0:clean (default-clean) @ crate-benchmarks ---
[INFO] 
[INFO] --- enforcer:3.6.2:enforce (enforce-maven) @ crate-benchmarks ---
[INFO] Skipping Rule Enforcement.
[INFO] 
[INFO] --- checkstyle:3.6.0:check (validate) @ crate-benchmarks ---
[INFO] 
[INFO] --- toolchains:4.5.0:toolchain (default) @ crate-benchmarks ---
[INFO] Required toolchain: jdk [ vendor='temurin' version='24.0.2' ]
[INFO] Found matching toolchain for toolchainType jdk: JDK[/opt/java/openjdk]
[INFO] 
[INFO] --- jacoco:0.8.14:prepare-agent (default-prepare-agent) @ crate-benchmarks ---
[INFO] argLine set to -javaagent:/root/.m2/repository/org/jacoco/org.jacoco.agent/0.8.14/org.jacoco.agent-0.8.14-runtime.jar=destfile=/repo/benchmarks/target/jacoco.exec
[INFO] 
[INFO] --- resources:3.3.1:resources (default-resources) @ crate-benchmarks ---
[INFO] skip non existing resourceDirectory /repo/benchmarks/src/main/resources
[INFO] 
[INFO] --- compiler:3.14.1:compile (default-compile) @ crate-benchmarks ---
[INFO] Toolchain in maven-compiler-plugin: JDK[/opt/java/openjdk]
[INFO] Recompiling the module because of changed dependency.
[INFO] Compiling 18 source files with javac [forked debug target 24] to target/classes
[INFO] 
[INFO] --- surefire:3.5.4:test (default-test) @ crate-jmx-monitoring ---
[INFO] Tests are skipped.
[INFO] 
[INFO] --- jar:3.4.2:jar (default-jar) @ crate-jmx-monitoring ---
[INFO] Set Build-Jdk-Spec based on toolchain in maven-jar-plugin JDK[/opt/java/openjdk]
[INFO] Building jar: /repo/extensions/jmx-monitoring/target/crate-jmx-monitoring-6.1.1.jar
[INFO] 
[INFO] --- forbiddenapis:3.10:check (default) @ crate-jmx-monitoring ---
[INFO] Skipping forbidden-apis checks.
[INFO] 
[INFO] --- install:3.1.4:install (default-install) @ crate-jmx-monitoring ---
[INFO] Installing /repo/extensions/jmx-monitoring/pom.xml to /root/.m2/repository/io/crate/crate-jmx-monitoring/6.1.1/crate-jmx-monitoring-6.1.1.pom
[INFO] Installing /repo/extensions/jmx-monitoring/target/crate-jmx-monitoring-6.1.1.jar to /root/.m2/repository/io/crate/crate-jmx-monitoring/6.1.1/crate-jmx-monitoring-6.1.1.jar
[INFO] 
[INFO] --- surefire:3.5.4:test (default-test) @ crate-lang-js ---
[INFO] Tests are skipped.
[INFO] 
[INFO] --- jar:3.4.2:jar (default-jar) @ crate-lang-js ---
[INFO] Set Build-Jdk-Spec based on toolchain in maven-jar-plugin JDK[/opt/java/openjdk]
[INFO] Building jar: /repo/extensions/lang-js/target/crate-lang-js-6.1.1.jar
[INFO] 
[INFO] --- forbiddenapis:3.10:check (default) @ crate-lang-js ---
[INFO] Skipping forbidden-apis checks.
[INFO] 
[INFO] --- install:3.1.4:install (default-install) @ crate-lang-js ---
[INFO] Installing /repo/extensions/lang-js/pom.xml to /root/.m2/repository/io/crate/crate-lang-js/6.1.1/crate-lang-js-6.1.1.pom
[INFO] Installing /repo/extensions/lang-js/target/crate-lang-js-6.1.1.jar to /root/.m2/repository/io/crate/crate-lang-js/6.1.1/crate-lang-js-6.1.1.jar
[INFO] 
[INFO] --- surefire:3.5.4:test (default-test) @ es-repository-azure ---
[INFO] Tests are skipped.
[INFO] 
[INFO] --- jar:3.4.2:jar (default-jar) @ es-repository-azure ---
[INFO] Set Build-Jdk-Spec based on toolchain in maven-jar-plugin JDK[/opt/java/openjdk]
[INFO] Building jar: /repo/plugins/es-repository-azure/target/es-repository-azure-6.1.1.jar
[INFO] 
[INFO] --- forbiddenapis:3.10:check (default) @ es-repository-azure ---
[INFO] Skipping forbidden-apis checks.
[INFO] 
[INFO] --- install:3.1.4:install (default-install) @ es-repository-azure ---
[INFO] Installing /repo/plugins/es-repository-azure/pom.xml to /root/.m2/repository/io/crate/es-repository-azure/6.1.1/es-repository-azure-6.1.1.pom
[INFO] Installing /repo/plugins/es-repository-azure/target/es-repository-azure-6.1.1.jar to /root/.m2/repository/io/crate/es-repository-azure/6.1.1/es-repository-azure-6.1.1.jar
[INFO] 
[INFO] --- surefire:3.5.4:test (default-test) @ crate-copy-azure ---
[INFO] Tests are skipped.
[INFO] 
[INFO] --- jar:3.4.2:jar (default-jar) @ crate-copy-azure ---
[INFO] Set Build-Jdk-Spec based on toolchain in maven-jar-plugin JDK[/opt/java/openjdk]
[INFO] Building jar: /repo/plugins/crate-copy-azure/target/crate-copy-azure-6.1.1.jar
[INFO] 
[INFO] --- forbiddenapis:3.10:check (default) @ crate-copy-azure ---
[INFO] Skipping forbidden-apis checks.
[INFO] 
[INFO] --- install:3.1.4:install (default-install) @ crate-copy-azure ---
[INFO] Installing /repo/plugins/crate-copy-azure/pom.xml to /root/.m2/repository/io/crate/crate-copy-azure/6.1.1/crate-copy-azure-6.1.1.pom
[INFO] Installing /repo/plugins/crate-copy-azure/target/crate-copy-azure-6.1.1.jar to /root/.m2/repository/io/crate/crate-copy-azure/6.1.1/crate-copy-azure-6.1.1.jar
[INFO] 
[INFO] -------------------------< io.crate:crate-app >-------------------------
[INFO] Building crate-app 6.1.1                                         [26/26]
[INFO]   from app/pom.xml
[INFO] --------------------------------[ jar ]---------------------------------
[INFO] 
[INFO] --- clean:3.5.0:clean (default-clean) @ crate-app ---
[INFO] 
[INFO] --- enforcer:3.6.2:enforce (enforce-maven) @ crate-app ---
[INFO] Skipping Rule Enforcement.
[INFO] 
[INFO] --- checkstyle:3.6.0:check (validate) @ crate-app ---
[INFO] 
[INFO] --- toolchains:4.5.0:toolchain (default) @ crate-app ---
[INFO] Required toolchain: jdk [ vendor='temurin' version='24.0.2' ]
[INFO] Found matching toolchain for toolchainType jdk: JDK[/opt/java/openjdk]
[INFO] 
[INFO] --- jacoco:0.8.14:prepare-agent (default-prepare-agent) @ crate-app ---
[INFO] argLine set to -javaagent:/root/.m2/repository/org/jacoco/org.jacoco.agent/0.8.14/org.jacoco.agent-0.8.14-runtime.jar=destfile=/repo/app/target/jacoco.exec
[INFO] 
[INFO] --- git-commit-id:9.0.2:revision (get-the-git-infos) @ crate-app ---
[INFO] 
[INFO] --- resources:3.3.1:resources (default-resources) @ crate-app ---
[INFO] skip non existing resourceDirectory /repo/app/src/main/resources
[INFO] 
[INFO] --- compiler:3.14.1:compile (default-compile) @ crate-app ---
[INFO] Toolchain in maven-compiler-plugin: JDK[/opt/java/openjdk]
[INFO] Recompiling the module because of changed dependency.
[INFO] Compiling 4 source files with javac [forked debug target 24] to target/classes
[INFO] 
[INFO] --- resources:3.3.1:testResources (default-testResources) @ crate-app ---
[INFO] Copying 8 resources from src/test/resources to target/test-classes
[INFO] 
[INFO] --- compiler:3.14.1:testCompile (default-testCompile) @ crate-app ---
[INFO] Toolchain in maven-compiler-plugin: JDK[/opt/java/openjdk]
[INFO] Recompiling the module because of changed dependency.
[INFO] Compiling 2 source files with javac [forked debug target 24] to target/test-classes
[INFO] 
[INFO] --- resources:3.3.1:testResources (default-testResources) @ crate-benchmarks ---
[INFO] skip non existing resourceDirectory /repo/benchmarks/src/test/resources
[INFO] 
[INFO] --- compiler:3.14.1:testCompile (default-testCompile) @ crate-benchmarks ---
[INFO] Toolchain in maven-compiler-plugin: JDK[/opt/java/openjdk]
[INFO] No sources to compile
[INFO] 
[INFO] --- surefire:3.5.4:test (default-test) @ crate-benchmarks ---
[INFO] Tests are skipped.
[INFO] 
[INFO] --- jar:3.4.2:jar (default-jar) @ crate-benchmarks ---
[INFO] Set Build-Jdk-Spec based on toolchain in maven-jar-plugin JDK[/opt/java/openjdk]
[INFO] Building jar: /repo/benchmarks/target/crate-benchmarks-6.1.1.jar
[INFO] 
[INFO] --- surefire:3.5.4:test (default-test) @ crate-app ---
[INFO] Tests are skipped.
[INFO] 
[INFO] --- download:1.13.0:wget (download admin-ui) @ crate-app ---
[INFO] 
[INFO] --- shade:3.6.1:shade (default) @ crate-benchmarks ---
[INFO] Expanding: /root/.m2/repository/.cache/download-maven-plugin/crate-admin-1.24.9.tar.gz_108a4cecc41c264be8adf149c455e62d into /repo/app/target
[INFO] 
[INFO] --- jar:3.4.2:jar (default-jar) @ crate-app ---
[INFO] Set Build-Jdk-Spec based on toolchain in maven-jar-plugin JDK[/opt/java/openjdk]
[INFO] Building jar: /repo/app/target/crate-6.1.1-2026-04-26-10-46-600d06d.jar
[INFO] 
[INFO] --- assembly:3.7.1:single (make-assembly) @ crate-app ---
[WARNING] Discovered module-info.class. Shading will break its strong encapsulation.
[INFO] Reading assembly descriptor: src/assembly/src.xml
[WARNING] Discovered module-info.class. Shading will break its strong encapsulation.
[WARNING] Failed to build parent project for org.apache.logging.log4j:log4j-core:jar:2.25.1
[WARNING] Discovered module-info.class. Shading will break its strong encapsulation.
[WARNING] Failed to build parent project for org.apache.logging.log4j:log4j-api:jar:2.25.1
[WARNING] Discovered module-info.class. Shading will break its strong encapsulation.
[INFO] Building tar: /repo/app/target/crate-6.1.1-2026-04-26-10-46-600d06d.tar.gz
[WARNING] Discovered module-info.class. Shading will break its strong encapsulation.
[WARNING] Discovered module-info.class. Shading will break its strong encapsulation.
[WARNING] Discovered module-info.class. Shading will break its strong encapsulation.
[WARNING] Entry: crate-6.1.1-2026-04-26-10-46-600d06d/lib/site/static/plugins/tutorial/static/icons/icon-discourse.svg longer than 100 characters.
[WARNING] Resulting tar file can only be processed successfully by GNU compatible tar commands
[WARNING] Entry: crate-6.1.1-2026-04-26-10-46-600d06d/lib/site/static/plugins/tutorial/static/icons/icon-stackoverflow.svg longer than 100 characters.
[WARNING] Entry: crate-6.1.1-2026-04-26-10-46-600d06d/lib/site/static/plugins/tutorial/static/icons/icon-getstarted.svg longer than 100 characters.
[WARNING] Entry: crate-6.1.1-2026-04-26-10-46-600d06d/lib/site/static/plugins/tutorial/static/icons/icon-enterprise.svg longer than 100 characters.
[WARNING] Entry: crate-6.1.1-2026-04-26-10-46-600d06d/lib/site/static/plugins/tutorial/static/icons/icon-documentation.svg longer than 100 characters.
[WARNING] Discovered module-info.class. Shading will break its strong encapsulation.
[WARNING] Discovered module-info.class. Shading will break its strong encapsulation.
[WARNING] Discovered module-info.class. Shading will break its strong encapsulation.
[WARNING] Discovered module-info.class. Shading will break its strong encapsulation.
[WARNING] Discovered module-info.class. Shading will break its strong encapsulation.
[WARNING] Discovered module-info.class. Shading will break its strong encapsulation.
[WARNING] Discovered module-info.class. Shading will break its strong encapsulation.
[WARNING] byte-buddy-1.17.5.jar, byte-buddy-agent-1.17.5.jar, datasketches-java-5.0.2.jar, datasketches-memory-2.2.0.jar, fastdoubleparser-2.0.1.jar, jackson-annotations-2.19.2.jar, jackson-core-2.19.2.jar, jackson-databind-2.19.2.jar, jackson-dataformat-csv-2.19.2.jar, jackson-dataformat-smile-2.19.2.jar, jackson-dataformat-yaml-2.19.2.jar, log4j-api-2.25.1.jar, log4j-core-2.25.1.jar, objenesis-3.3.jar define 1 overlapping resource: 
[WARNING]   - META-INF/NOTICE
[WARNING] fastdoubleparser-2.0.1.jar, jackson-core-2.19.2.jar define 1 overlapping resource: 
[WARNING]   - META-INF/thirdparty-LICENSE
[WARNING] annotations-26.0.2.jar, byte-buddy-1.17.5.jar, byte-buddy-agent-1.17.5.jar, commons-codec-1.19.0.jar, error_prone_annotations-2.40.0.jar, jackson-core-2.19.2.jar, jackson-databind-2.19.2.jar, jackson-dataformat-csv-2.19.2.jar, jackson-dataformat-smile-2.19.2.jar, jackson-dataformat-yaml-2.19.2.jar, java-jwt-4.5.0.jar, jspecify-1.0.0.jar, snakeyaml-2.4.jar define 1 overlapping classes: 
[WARNING]   - META-INF.versions.9.module-info
[WARNING] datasketches-memory-2.2.0.jar, fastdoubleparser-2.0.1.jar, netty-buffer-4.2.7.Final.jar, netty-codec-4.2.7.Final.jar, netty-codec-base-4.2.7.Final.jar, netty-codec-compression-4.2.7.Final.jar, netty-codec-http-4.2.7.Final.jar, netty-codec-marshalling-4.2.7.Final.jar, netty-codec-protobuf-4.2.7.Final.jar, netty-common-4.2.7.Final.jar, netty-handler-4.2.7.Final.jar, netty-resolver-4.2.7.Final.jar, netty-transport-4.2.7.Final.jar, netty-transport-classes-epoll-4.2.7.Final.jar, netty-transport-native-epoll-4.2.7.Final-linux-x86_64.jar, netty-transport-native-unix-common-4.2.7.Final.jar define 1 overlapping classes: 
[WARNING]   - META-INF.versions.11.module-info
[WARNING] jmh-core-1.37.jar, mockito-core-5.18.0.jar define 1 overlapping resource: 
[WARNING]   - LICENSE
[WARNING] datasketches-java-5.0.2.jar, datasketches-memory-2.2.0.jar, log4j-api-2.25.1.jar, log4j-core-2.25.1.jar define 1 overlapping resource: 
[WARNING]   - META-INF/DEPENDENCIES
[WARNING] netty-buffer-4.2.7.Final.jar, netty-codec-4.2.7.Final.jar, netty-codec-base-4.2.7.Final.jar, netty-codec-compression-4.2.7.Final.jar, netty-codec-http-4.2.7.Final.jar, netty-codec-marshalling-4.2.7.Final.jar, netty-codec-protobuf-4.2.7.Final.jar, netty-common-4.2.7.Final.jar, netty-handler-4.2.7.Final.jar, netty-resolver-4.2.7.Final.jar, netty-transport-4.2.7.Final.jar, netty-transport-classes-epoll-4.2.7.Final.jar, netty-transport-native-epoll-4.2.7.Final-linux-x86_64.jar, netty-transport-native-unix-common-4.2.7.Final.jar define 1 overlapping resource: 
[WARNING]   - META-INF/io.netty.versions.properties
[WARNING] commons-codec-1.19.0.jar, commons-math3-3.6.1.jar, joda-time-2.14.0.jar, lucene-analysis-common-10.2.2.jar, lucene-backward-codecs-10.2.2.jar, lucene-core-10.2.2.jar, lucene-misc-10.2.2.jar, lucene-queries-10.2.2.jar, lucene-spatial-extras-10.2.2.jar, lucene-spatial3d-10.2.2.jar, lucene-suggest-10.2.2.jar define 1 overlapping resource: 
[WARNING]   - META-INF/NOTICE.txt
[WARNING] HdrHistogram-2.2.2.jar, annotations-26.0.2.jar, antlr4-runtime-4.13.2.jar, big-math-2.3.2.jar, byte-buddy-1.17.5.jar, byte-buddy-agent-1.17.5.jar, caffeine-3.2.2.jar, checker-qual-3.49.5.jar, commons-codec-1.19.0.jar, commons-math3-3.6.1.jar, crate-benchmarks-6.1.1.jar, crate-functions-6.1.1.jar, crate-libs-cli-6.1.1.jar, crate-libs-dex-6.1.1.jar, crate-libs-es-x-content-6.1.1.jar, crate-libs-guice-6.1.1.jar, crate-libs-pgwire-6.1.1.jar, crate-libs-shared-6.1.1.jar, crate-libs-sql-parser-6.1.1.jar, crate-server-6.1.1.jar, datasketches-java-5.0.2.jar, datasketches-memory-2.2.0.jar, error_prone_annotations-2.40.0.jar, failureaccess-1.0.1.jar, fastdoubleparser-2.0.1.jar, guava-32.1.2-jre.jar, hppc-0.8.2.jar, j2objc-annotations-2.8.jar, jackson-annotations-2.19.2.jar, jackson-core-2.19.2.jar, jackson-databind-2.19.2.jar, jackson-dataformat-csv-2.19.2.jar, jackson-dataformat-smile-2.19.2.jar, jackson-dataformat-yaml-2.19.2.jar, java-jwt-4.5.0.jar, jmh-core-1.37.jar, joda-time-2.14.0.jar, jopt-simple-5.0.4.jar, jspecify-1.0.0.jar, jsr305-3.0.2.jar, jts-core-1.20.0.jar, jwks-rsa-0.22.2.jar, listenablefuture-9999.0-empty-to-avoid-conflict-with-guava.jar, log4j-api-2.25.1.jar, log4j-core-2.25.1.jar, lucene-analysis-common-10.2.2.jar, lucene-backward-codecs-10.2.2.jar, lucene-core-10.2.2.jar, lucene-misc-10.2.2.jar, lucene-queries-10.2.2.jar, lucene-spatial-extras-10.2.2.jar, lucene-spatial3d-10.2.2.jar, lucene-suggest-10.2.2.jar, mockito-core-5.18.0.jar, netty-buffer-4.2.7.Final.jar, netty-codec-4.2.7.Final.jar, netty-codec-base-4.2.7.Final.jar, netty-codec-compression-4.2.7.Final.jar, netty-codec-http-4.2.7.Final.jar, netty-codec-marshalling-4.2.7.Final.jar, netty-codec-protobuf-4.2.7.Final.jar, netty-common-4.2.7.Final.jar, netty-handler-4.2.7.Final.jar, netty-resolver-4.2.7.Final.jar, netty-transport-4.2.7.Final.jar, netty-transport-classes-epoll-4.2.7.Final.jar, netty-transport-native-epoll-4.2.7.Final-linux-x86_64.jar, netty-transport-native-unix-common-4.2.7.Final.jar, objenesis-3.3.jar, postgresql-42.7.8.jar, s2-geometry-library-java-1.0.0.jar, snakeyaml-2.4.jar, spatial4j-0.8.jar, t-digest-3.3.jar define 1 overlapping resource: 
[WARNING]   - META-INF/MANIFEST.MF
[WARNING] byte-buddy-1.17.5.jar, byte-buddy-agent-1.17.5.jar, caffeine-3.2.2.jar, datasketches-java-5.0.2.jar, datasketches-memory-2.2.0.jar, fastdoubleparser-2.0.1.jar, guava-32.1.2-jre.jar, jackson-annotations-2.19.2.jar, jackson-core-2.19.2.jar, jackson-databind-2.19.2.jar, jackson-dataformat-csv-2.19.2.jar, jackson-dataformat-smile-2.19.2.jar, jackson-dataformat-yaml-2.19.2.jar, log4j-api-2.25.1.jar, log4j-core-2.25.1.jar, objenesis-3.3.jar, postgresql-42.7.8.jar define 1 overlapping resource: 
[WARNING]   - META-INF/LICENSE
[WARNING] HdrHistogram-2.2.2.jar, checker-qual-3.49.5.jar, commons-codec-1.19.0.jar, commons-math3-3.6.1.jar, joda-time-2.14.0.jar, lucene-analysis-common-10.2.2.jar, lucene-backward-codecs-10.2.2.jar, lucene-core-10.2.2.jar, lucene-misc-10.2.2.jar, lucene-queries-10.2.2.jar, lucene-spatial-extras-10.2.2.jar, lucene-spatial3d-10.2.2.jar, lucene-suggest-10.2.2.jar define 1 overlapping resource: 
[WARNING]   - META-INF/LICENSE.txt
[WARNING] maven-shade-plugin has detected that some files are
[WARNING] present in two or more JARs. When this happens, only one
[WARNING] single version of the file is copied to the uber jar.
[WARNING] Usually this is not harmful and you can skip these warnings,
[WARNING] otherwise try to manually exclude artifacts based on
[WARNING] mvn dependency:tree -Ddetail=true and the above output.
[WARNING] See https://maven.apache.org/plugins/maven-shade-plugin/
[INFO] 
[INFO] --- forbiddenapis:3.10:check (default) @ crate-benchmarks ---
[INFO] Skipping forbidden-apis checks.
[INFO] 
[INFO] --- install:3.1.4:install (default-install) @ crate-benchmarks ---
[INFO] Installing /repo/benchmarks/pom.xml to /root/.m2/repository/io/crate/crate-benchmarks/6.1.1/crate-benchmarks-6.1.1.pom
[INFO] Installing /repo/benchmarks/target/crate-benchmarks-6.1.1.jar to /root/.m2/repository/io/crate/crate-benchmarks/6.1.1/crate-benchmarks-6.1.1.jar
[WARNING] Entry: crate-6.1.1-2026-04-26-10-46-600d06d/plugins/es-analysis-phonetic/lucene-analysis-phonetic-10.2.2.jar longer than 100 characters.
[WARNING] Entry: crate-6.1.1-2026-04-26-10-46-600d06d/lib/listenablefuture-9999.0-empty-to-avoid-conflict-with-guava.jar longer than 100 characters.
[WARNING] Failed to build parent project for org.apache.logging.log4j:log4j-core:jar:2.25.1
[WARNING] Failed to build parent project for org.apache.logging.log4j:log4j-api:jar:2.25.1
[INFO] Building zip: /repo/app/target/crate-6.1.1-2026-04-26-10-46-600d06d.zip
[INFO] 
[INFO] --- forbiddenapis:3.10:check (default) @ crate-app ---
[INFO] Skipping forbidden-apis checks.
[INFO] 
[INFO] --- install:3.1.4:install (default-install) @ crate-app ---
[INFO] Installing /repo/app/pom.xml to /root/.m2/repository/io/crate/crate-app/6.1.1/crate-app-6.1.1.pom
[INFO] Installing /repo/app/target/crate-6.1.1-2026-04-26-10-46-600d06d.jar to /root/.m2/repository/io/crate/crate-app/6.1.1/crate-app-6.1.1.jar
[INFO] Installing /repo/app/target/crate-6.1.1-2026-04-26-10-46-600d06d.tar.gz to /root/.m2/repository/io/crate/crate-app/6.1.1/crate-app-6.1.1.tar.gz
[INFO] Installing /repo/app/target/crate-6.1.1-2026-04-26-10-46-600d06d.zip to /root/.m2/repository/io/crate/crate-app/6.1.1/crate-app-6.1.1.zip
[INFO] ------------------------------------------------------------------------
[INFO] Reactor Summary for crate 6.1.1:
[INFO] 
[INFO] crate .............................................. SUCCESS [  0.666 s]
[INFO] crate-libs-shared .................................. SUCCESS [  6.752 s]
[INFO] crate-libs-dex ..................................... SUCCESS [  6.923 s]
[INFO] crate-libs-es-x-content ............................ SUCCESS [  4.170 s]
[INFO] crate-libs-cli ..................................... SUCCESS [  1.934 s]
[INFO] crate-libs-guice ................................... SUCCESS [  6.666 s]
[INFO] crate-libs-sql-parser .............................. SUCCESS [ 10.296 s]
[INFO] crate-libs-pgwire .................................. SUCCESS [  5.124 s]
[INFO] crate-server ....................................... SUCCESS [ 45.766 s]
[INFO] crate-libs-azure-testing ........................... SUCCESS [  4.903 s]
[INFO] es-analysis-common ................................. SUCCESS [ 18.602 s]
[INFO] es-analysis-phonetic ............................... SUCCESS [  9.981 s]
[INFO] es-discovery-ec2 ................................... SUCCESS [  5.654 s]
[INFO] es-repository-s3 ................................... SUCCESS [ 14.413 s]
[INFO] es-repository-url .................................. SUCCESS [  9.818 s]
[INFO] es-repository-azure ................................ SUCCESS [ 11.001 s]
[INFO] repository-gcs ..................................... SUCCESS [ 14.983 s]
[INFO] dns-discovery ...................................... SUCCESS [  9.807 s]
[INFO] crate-copy-s3 ...................................... SUCCESS [ 10.784 s]
[INFO] crate-copy-azure ................................... SUCCESS [  7.520 s]
[INFO] crate-functions .................................... SUCCESS [ 13.299 s]
[INFO] crate-lang-js ...................................... SUCCESS [ 10.982 s]
[INFO] crate-jmx-monitoring ............................... SUCCESS [ 10.754 s]
[INFO] jlink-jdk .......................................... SUCCESS [ 14.007 s]
[INFO] crate-app .......................................... SUCCESS [ 29.835 s]
[INFO] crate-benchmarks ................................... SUCCESS [ 12.216 s]
[INFO] ------------------------------------------------------------------------
[INFO] BUILD SUCCESS
[INFO] ------------------------------------------------------------------------
[INFO] Total time:  01:55 min (Wall Clock)
[INFO] Finished at: 2026-04-26T10:48:19Z
[INFO] ------------------------------------------------------------------------
✅ Build Succeeded
