--- Building grpc-java for d89628c ---
--- Container user: 501:20 ---
CPU detected: 8
--- Changing directory to /Users/hasangaranasinghe/Documents/FYP/PORTGPT/patch-backporting/my_java_dataset/repos/grpc-java ---
gradle-cache-grpc-java
gradle-wrapper-grpc-java
--- Building Docker image: maven-jdk11:latest ---
#0 building with "desktop-linux" instance using docker driver

#1 [internal] load build definition from Dockerfile
#1 transferring dockerfile: 1.65kB 0.0s done
#1 DONE 0.1s

#2 [internal] load metadata for docker.io/library/eclipse-temurin:17-jdk-jammy
#2 ...

#3 [auth] library/eclipse-temurin:pull token for registry-1.docker.io
#3 DONE 0.0s

#2 [internal] load metadata for docker.io/library/eclipse-temurin:17-jdk-jammy
#2 DONE 5.2s

#4 [internal] load .dockerignore
#4 transferring context: 2B done
#4 DONE 0.0s

#5 [1/8] FROM docker.io/library/eclipse-temurin:17-jdk-jammy@sha256:978ed38b7785312f7761bee5e24cfcd7ac2fe466c5f07acee7b322e0bae6d0ec
#5 resolve docker.io/library/eclipse-temurin:17-jdk-jammy@sha256:978ed38b7785312f7761bee5e24cfcd7ac2fe466c5f07acee7b322e0bae6d0ec 0.0s done
#5 DONE 0.1s

#5 [1/8] FROM docker.io/library/eclipse-temurin:17-jdk-jammy@sha256:978ed38b7785312f7761bee5e24cfcd7ac2fe466c5f07acee7b322e0bae6d0ec
#5 sha256:0a76215754fc99add6fda17805adcc997f26280c9ab0080a839640177626d4dd 0B / 2.28kB 0.2s
#5 sha256:6e83fbe2a3c3796f8b7bf1a7ebd384a0b4bd24630681e7f9b35054276c412bbb 0B / 159B 0.2s
#5 sha256:3302317eabf56e2908f7324c3d79145d4fe4a7ed9d07bc1c75f862bd4189f90a 0B / 22.11MB 0.2s
#5 sha256:3ff34e23ca952c6f15f11e2b73e1a5897227abb5b63dbebc70849a7c47b95d74 0B / 144.44MB 0.2s
#5 sha256:0a76215754fc99add6fda17805adcc997f26280c9ab0080a839640177626d4dd 2.28kB / 2.28kB 0.7s done
#5 sha256:6edbc812af48552062d74659cf0a08b413dbfdbacdd5aac73329d889d9b3b44a 0B / 27.61MB 0.2s
#5 sha256:6e83fbe2a3c3796f8b7bf1a7ebd384a0b4bd24630681e7f9b35054276c412bbb 159B / 159B 1.5s done
#5 sha256:3302317eabf56e2908f7324c3d79145d4fe4a7ed9d07bc1c75f862bd4189f90a 2.10MB / 22.11MB 2.0s
#5 sha256:3302317eabf56e2908f7324c3d79145d4fe4a7ed9d07bc1c75f862bd4189f90a 4.19MB / 22.11MB 2.6s
#5 sha256:3302317eabf56e2908f7324c3d79145d4fe4a7ed9d07bc1c75f862bd4189f90a 6.29MB / 22.11MB 3.3s
#5 sha256:6edbc812af48552062d74659cf0a08b413dbfdbacdd5aac73329d889d9b3b44a 2.10MB / 27.61MB 3.5s
#5 sha256:3302317eabf56e2908f7324c3d79145d4fe4a7ed9d07bc1c75f862bd4189f90a 8.39MB / 22.11MB 4.4s
#5 sha256:3302317eabf56e2908f7324c3d79145d4fe4a7ed9d07bc1c75f862bd4189f90a 10.49MB / 22.11MB 5.1s
#5 sha256:3ff34e23ca952c6f15f11e2b73e1a5897227abb5b63dbebc70849a7c47b95d74 3.15MB / 144.44MB 5.3s
#5 sha256:3302317eabf56e2908f7324c3d79145d4fe4a7ed9d07bc1c75f862bd4189f90a 12.58MB / 22.11MB 6.3s
#5 sha256:6edbc812af48552062d74659cf0a08b413dbfdbacdd5aac73329d889d9b3b44a 4.19MB / 27.61MB 6.2s
#5 sha256:3302317eabf56e2908f7324c3d79145d4fe4a7ed9d07bc1c75f862bd4189f90a 14.68MB / 22.11MB 7.4s
#5 sha256:3302317eabf56e2908f7324c3d79145d4fe4a7ed9d07bc1c75f862bd4189f90a 16.78MB / 22.11MB 8.4s
#5 sha256:6edbc812af48552062d74659cf0a08b413dbfdbacdd5aac73329d889d9b3b44a 6.29MB / 27.61MB 8.6s
#5 sha256:3302317eabf56e2908f7324c3d79145d4fe4a7ed9d07bc1c75f862bd4189f90a 18.87MB / 22.11MB 9.3s
#5 sha256:3302317eabf56e2908f7324c3d79145d4fe4a7ed9d07bc1c75f862bd4189f90a 20.97MB / 22.11MB 10.4s
#5 sha256:3ff34e23ca952c6f15f11e2b73e1a5897227abb5b63dbebc70849a7c47b95d74 8.39MB / 144.44MB 10.4s
#5 sha256:3302317eabf56e2908f7324c3d79145d4fe4a7ed9d07bc1c75f862bd4189f90a 22.11MB / 22.11MB 10.8s done
#5 sha256:6edbc812af48552062d74659cf0a08b413dbfdbacdd5aac73329d889d9b3b44a 8.39MB / 27.61MB 10.5s
#5 sha256:6edbc812af48552062d74659cf0a08b413dbfdbacdd5aac73329d889d9b3b44a 10.49MB / 27.61MB 11.4s
#5 sha256:6edbc812af48552062d74659cf0a08b413dbfdbacdd5aac73329d889d9b3b44a 12.58MB / 27.61MB 12.2s
#5 sha256:6edbc812af48552062d74659cf0a08b413dbfdbacdd5aac73329d889d9b3b44a 14.68MB / 27.61MB 12.9s
#5 sha256:6edbc812af48552062d74659cf0a08b413dbfdbacdd5aac73329d889d9b3b44a 16.78MB / 27.61MB 13.7s
#5 sha256:6edbc812af48552062d74659cf0a08b413dbfdbacdd5aac73329d889d9b3b44a 18.41MB / 27.61MB 14.3s
#5 sha256:3ff34e23ca952c6f15f11e2b73e1a5897227abb5b63dbebc70849a7c47b95d74 15.73MB / 144.44MB 15.2s
#5 sha256:6edbc812af48552062d74659cf0a08b413dbfdbacdd5aac73329d889d9b3b44a 19.92MB / 27.61MB 14.7s
#5 sha256:6edbc812af48552062d74659cf0a08b413dbfdbacdd5aac73329d889d9b3b44a 22.02MB / 27.61MB 15.5s
#5 sha256:6edbc812af48552062d74659cf0a08b413dbfdbacdd5aac73329d889d9b3b44a 24.12MB / 27.61MB 16.2s
#5 sha256:6edbc812af48552062d74659cf0a08b413dbfdbacdd5aac73329d889d9b3b44a 26.21MB / 27.61MB 17.3s
#5 sha256:6edbc812af48552062d74659cf0a08b413dbfdbacdd5aac73329d889d9b3b44a 27.61MB / 27.61MB 17.9s done
#5 extracting sha256:6edbc812af48552062d74659cf0a08b413dbfdbacdd5aac73329d889d9b3b44a
#5 sha256:3ff34e23ca952c6f15f11e2b73e1a5897227abb5b63dbebc70849a7c47b95d74 23.07MB / 144.44MB 19.1s
#5 extracting sha256:6edbc812af48552062d74659cf0a08b413dbfdbacdd5aac73329d889d9b3b44a 2.0s done
#5 extracting sha256:3302317eabf56e2908f7324c3d79145d4fe4a7ed9d07bc1c75f862bd4189f90a
#5 sha256:3ff34e23ca952c6f15f11e2b73e1a5897227abb5b63dbebc70849a7c47b95d74 30.41MB / 144.44MB 20.9s
#5 extracting sha256:3302317eabf56e2908f7324c3d79145d4fe4a7ed9d07bc1c75f862bd4189f90a 1.8s done
#5 sha256:3ff34e23ca952c6f15f11e2b73e1a5897227abb5b63dbebc70849a7c47b95d74 37.75MB / 144.44MB 22.5s
#5 sha256:3ff34e23ca952c6f15f11e2b73e1a5897227abb5b63dbebc70849a7c47b95d74 45.09MB / 144.44MB 24.0s
#5 sha256:3ff34e23ca952c6f15f11e2b73e1a5897227abb5b63dbebc70849a7c47b95d74 52.43MB / 144.44MB 25.8s
#5 sha256:3ff34e23ca952c6f15f11e2b73e1a5897227abb5b63dbebc70849a7c47b95d74 59.77MB / 144.44MB 27.5s
#5 sha256:3ff34e23ca952c6f15f11e2b73e1a5897227abb5b63dbebc70849a7c47b95d74 67.11MB / 144.44MB 29.3s
#5 sha256:3ff34e23ca952c6f15f11e2b73e1a5897227abb5b63dbebc70849a7c47b95d74 74.45MB / 144.44MB 30.9s
#5 sha256:3ff34e23ca952c6f15f11e2b73e1a5897227abb5b63dbebc70849a7c47b95d74 81.79MB / 144.44MB 32.4s
#5 sha256:3ff34e23ca952c6f15f11e2b73e1a5897227abb5b63dbebc70849a7c47b95d74 89.13MB / 144.44MB 33.9s
#5 sha256:3ff34e23ca952c6f15f11e2b73e1a5897227abb5b63dbebc70849a7c47b95d74 96.47MB / 144.44MB 35.4s
#5 sha256:3ff34e23ca952c6f15f11e2b73e1a5897227abb5b63dbebc70849a7c47b95d74 103.81MB / 144.44MB 36.9s
#5 sha256:3ff34e23ca952c6f15f11e2b73e1a5897227abb5b63dbebc70849a7c47b95d74 111.15MB / 144.44MB 38.3s
#5 sha256:3ff34e23ca952c6f15f11e2b73e1a5897227abb5b63dbebc70849a7c47b95d74 118.49MB / 144.44MB 39.8s
#5 sha256:3ff34e23ca952c6f15f11e2b73e1a5897227abb5b63dbebc70849a7c47b95d74 125.83MB / 144.44MB 41.0s
#5 sha256:3ff34e23ca952c6f15f11e2b73e1a5897227abb5b63dbebc70849a7c47b95d74 133.17MB / 144.44MB 42.2s
#5 sha256:3ff34e23ca952c6f15f11e2b73e1a5897227abb5b63dbebc70849a7c47b95d74 140.51MB / 144.44MB 43.7s
#5 sha256:3ff34e23ca952c6f15f11e2b73e1a5897227abb5b63dbebc70849a7c47b95d74 144.44MB / 144.44MB 44.3s done
#5 extracting sha256:3ff34e23ca952c6f15f11e2b73e1a5897227abb5b63dbebc70849a7c47b95d74
#5 extracting sha256:3ff34e23ca952c6f15f11e2b73e1a5897227abb5b63dbebc70849a7c47b95d74 5.0s done
#5 DONE 49.5s

#5 [1/8] FROM docker.io/library/eclipse-temurin:17-jdk-jammy@sha256:978ed38b7785312f7761bee5e24cfcd7ac2fe466c5f07acee7b322e0bae6d0ec
#5 extracting sha256:6e83fbe2a3c3796f8b7bf1a7ebd384a0b4bd24630681e7f9b35054276c412bbb 0.0s done
#5 extracting sha256:0a76215754fc99add6fda17805adcc997f26280c9ab0080a839640177626d4dd 0.0s done
#5 DONE 49.5s

#6 [2/8] RUN apt-get update && apt-get install -y     git     rsync     curl     wget     protobuf-compiler     libprotobuf-dev     libprotoc-dev     build-essential     && rm -rf /var/lib/apt/lists/*
#6 2.164 Get:1 http://ports.ubuntu.com/ubuntu-ports jammy InRelease [270 kB]
#6 3.117 Get:2 http://ports.ubuntu.com/ubuntu-ports jammy-updates InRelease [128 kB]
#6 3.341 Get:3 http://ports.ubuntu.com/ubuntu-ports jammy-backports InRelease [127 kB]
#6 3.566 Get:4 http://ports.ubuntu.com/ubuntu-ports jammy-security InRelease [129 kB]
#6 3.800 Get:5 http://ports.ubuntu.com/ubuntu-ports jammy/universe arm64 Packages [17.2 MB]
#6 7.238 Get:6 http://ports.ubuntu.com/ubuntu-ports jammy/main arm64 Packages [1,758 kB]
#6 7.646 Get:7 http://ports.ubuntu.com/ubuntu-ports jammy/multiverse arm64 Packages [224 kB]
#6 7.679 Get:8 http://ports.ubuntu.com/ubuntu-ports jammy/restricted arm64 Packages [24.2 kB]
#6 7.682 Get:9 http://ports.ubuntu.com/ubuntu-ports jammy-updates/multiverse arm64 Packages [47.1 kB]
#6 7.687 Get:10 http://ports.ubuntu.com/ubuntu-ports jammy-updates/universe arm64 Packages [1,653 kB]
#6 8.028 Get:11 http://ports.ubuntu.com/ubuntu-ports jammy-updates/restricted arm64 Packages [6,961 kB]
#6 9.395 Get:12 http://ports.ubuntu.com/ubuntu-ports jammy-updates/main arm64 Packages [3,983 kB]
#6 10.31 Get:13 http://ports.ubuntu.com/ubuntu-ports jammy-backports/main arm64 Packages [82.3 kB]
#6 10.33 Get:14 http://ports.ubuntu.com/ubuntu-ports jammy-backports/universe arm64 Packages [33.7 kB]
#6 10.33 Get:15 http://ports.ubuntu.com/ubuntu-ports jammy-security/multiverse arm64 Packages [40.7 kB]
#6 10.34 Get:16 http://ports.ubuntu.com/ubuntu-ports jammy-security/restricted arm64 Packages [6,774 kB]
#6 11.54 Get:17 http://ports.ubuntu.com/ubuntu-ports jammy-security/main arm64 Packages [3,669 kB]
#6 12.19 Get:18 http://ports.ubuntu.com/ubuntu-ports jammy-security/universe arm64 Packages [1,353 kB]
#6 12.52 Fetched 44.5 MB in 11s (4,090 kB/s)
#6 12.52 Reading package lists...
#6 13.60 Reading package lists...
#6 14.69 Building dependency tree...
#6 14.84 Reading state information...
#6 14.99 curl is already the newest version (7.81.0-1ubuntu1.23).
#6 14.99 wget is already the newest version (1.21.2-2ubuntu1.1).
#6 14.99 The following additional packages will be installed:
#6 14.99   bzip2 cpp cpp-11 dpkg-dev fakeroot g++ g++-11 gcc gcc-11 gcc-11-base git-man
#6 14.99   less libalgorithm-diff-perl libalgorithm-diff-xs-perl
#6 14.99   libalgorithm-merge-perl libasan6 libatomic1 libbsd0 libc-dev-bin
#6 14.99   libc-devtools libc6-dev libcbor0.8 libcc1-0 libcrypt-dev libcurl3-gnutls
#6 14.99   libdeflate0 libdpkg-perl libedit2 liberror-perl libfakeroot libfido2-1
#6 14.99   libfile-fcntllock-perl libgcc-11-dev libgd3 libgdbm-compat4 libgdbm6
#6 14.99   libgomp1 libhwasan0 libisl23 libitm1 libjbig0 libjpeg-turbo8 libjpeg8
#6 14.99   liblocale-gettext-perl liblsan0 libmd0 libmpc3 libmpfr6 libnsl-dev
#6 14.99   libperl5.34 libpopt0 libprotobuf-lite23 libprotobuf23 libprotoc23
#6 14.99   libstdc++-11-dev libtiff5 libtirpc-dev libtsan0 libubsan1 libwebp7 libx11-6
#6 14.99   libx11-data libxau6 libxcb1 libxdmcp6 libxext6 libxmuu1 libxpm4
#6 14.99   linux-libc-dev lto-disabled-list make manpages manpages-dev netbase
#6 14.99   openssh-client patch perl perl-modules-5.34 rpcsvc-proto xauth xz-utils
#6 14.99   zlib1g-dev
#6 15.00 Suggested packages:
#6 15.00   bzip2-doc cpp-doc gcc-11-locales debian-keyring gcc-11-doc gcc-multilib
#6 15.00   autoconf automake libtool flex bison gdb gcc-doc gettext-base git-daemon-run
#6 15.00   | git-daemon-sysvinit git-doc git-email git-gui gitk gitweb git-cvs
#6 15.00   git-mediawiki git-svn glibc-doc bzr libgd-tools gdbm-l10n libstdc++-11-doc
#6 15.00   make-doc man-browser keychain libpam-ssh monkeysphere ssh-askpass ed
#6 15.00   diffutils-doc perl-doc libterm-readline-gnu-perl
#6 15.00   | libterm-readline-perl-perl libtap-harness-archive-perl protobuf-mode-el
#6 15.00   openssh-server python3 python3-braceexpand
#6 15.13 The following NEW packages will be installed:
#6 15.13   build-essential bzip2 cpp cpp-11 dpkg-dev fakeroot g++ g++-11 gcc gcc-11
#6 15.13   gcc-11-base git git-man less libalgorithm-diff-perl
#6 15.13   libalgorithm-diff-xs-perl libalgorithm-merge-perl libasan6 libatomic1
#6 15.13   libbsd0 libc-dev-bin libc-devtools libc6-dev libcbor0.8 libcc1-0
#6 15.13   libcrypt-dev libcurl3-gnutls libdeflate0 libdpkg-perl libedit2 liberror-perl
#6 15.13   libfakeroot libfido2-1 libfile-fcntllock-perl libgcc-11-dev libgd3
#6 15.13   libgdbm-compat4 libgdbm6 libgomp1 libhwasan0 libisl23 libitm1 libjbig0
#6 15.13   libjpeg-turbo8 libjpeg8 liblocale-gettext-perl liblsan0 libmd0 libmpc3
#6 15.14   libmpfr6 libnsl-dev libperl5.34 libpopt0 libprotobuf-dev libprotobuf-lite23
#6 15.14   libprotobuf23 libprotoc-dev libprotoc23 libstdc++-11-dev libtiff5
#6 15.14   libtirpc-dev libtsan0 libubsan1 libwebp7 libx11-6 libx11-data libxau6
#6 15.14   libxcb1 libxdmcp6 libxext6 libxmuu1 libxpm4 linux-libc-dev lto-disabled-list
#6 15.14   make manpages manpages-dev netbase openssh-client patch perl
#6 15.14   perl-modules-5.34 protobuf-compiler rpcsvc-proto rsync xauth xz-utils
#6 15.14   zlib1g-dev
#6 15.51 0 upgraded, 88 newly installed, 0 to remove and 1 not upgraded.
#6 15.51 Need to get 81.5 MB of archives.
#6 15.51 After this operation, 297 MB of additional disk space will be used.
#6 15.51 Get:1 http://ports.ubuntu.com/ubuntu-ports jammy/main arm64 liblocale-gettext-perl arm64 1.07-4build3 [16.9 kB]
#6 15.84 Get:2 http://ports.ubuntu.com/ubuntu-ports jammy/main arm64 libpopt0 arm64 1.18-3build1 [28.0 kB]
#6 15.94 Get:3 http://ports.ubuntu.com/ubuntu-ports jammy-updates/main arm64 rsync arm64 3.2.7-0ubuntu0.22.04.4 [430 kB]
#6 16.53 Get:4 http://ports.ubuntu.com/ubuntu-ports jammy-updates/main arm64 perl-modules-5.34 all 5.34.0-3ubuntu1.5 [2,977 kB]
#6 17.20 Get:5 http://ports.ubuntu.com/ubuntu-ports jammy/main arm64 libgdbm6 arm64 1.23-1 [34.1 kB]
#6 17.20 Get:6 http://ports.ubuntu.com/ubuntu-ports jammy/main arm64 libgdbm-compat4 arm64 1.23-1 [6,294 B]
#6 17.20 Get:7 http://ports.ubuntu.com/ubuntu-ports jammy-updates/main arm64 libperl5.34 arm64 5.34.0-3ubuntu1.5 [4,721 kB]
#6 18.03 Get:8 http://ports.ubuntu.com/ubuntu-ports jammy-updates/main arm64 perl arm64 5.34.0-3ubuntu1.5 [232 kB]
#6 18.06 Get:9 http://ports.ubuntu.com/ubuntu-ports jammy-updates/main arm64 less arm64 590-1ubuntu0.22.04.3 [141 kB]
#6 18.10 Get:10 http://ports.ubuntu.com/ubuntu-ports jammy/main arm64 libmd0 arm64 1.0.4-1build1 [23.8 kB]
#6 18.10 Get:11 http://ports.ubuntu.com/ubuntu-ports jammy/main arm64 libbsd0 arm64 0.11.5-1 [43.7 kB]
#6 18.10 Get:12 http://ports.ubuntu.com/ubuntu-ports jammy/main arm64 netbase all 6.3 [12.9 kB]
#6 18.10 Get:13 http://ports.ubuntu.com/ubuntu-ports jammy/main arm64 libcbor0.8 arm64 0.8.0-2ubuntu1 [24.3 kB]
#6 18.10 Get:14 http://ports.ubuntu.com/ubuntu-ports jammy/main arm64 libedit2 arm64 3.1-20210910-1build1 [96.0 kB]
#6 18.12 Get:15 http://ports.ubuntu.com/ubuntu-ports jammy/main arm64 libfido2-1 arm64 1.10.0-1 [81.8 kB]
#6 18.13 Get:16 http://ports.ubuntu.com/ubuntu-ports jammy/main arm64 libxau6 arm64 1:1.0.9-1build5 [7,624 B]
#6 18.19 Get:17 http://ports.ubuntu.com/ubuntu-ports jammy/main arm64 libxdmcp6 arm64 1:1.1.3-0ubuntu5 [10.8 kB]
#6 18.24 Get:18 http://ports.ubuntu.com/ubuntu-ports jammy/main arm64 libxcb1 arm64 1.14-3ubuntu3 [49.0 kB]
#6 18.29 Get:19 http://ports.ubuntu.com/ubuntu-ports jammy-updates/main arm64 libx11-data all 2:1.7.5-1ubuntu0.3 [120 kB]
#6 18.31 Get:20 http://ports.ubuntu.com/ubuntu-ports jammy-updates/main arm64 libx11-6 arm64 2:1.7.5-1ubuntu0.3 [661 kB]
#6 18.42 Get:21 http://ports.ubuntu.com/ubuntu-ports jammy/main arm64 libxext6 arm64 2:1.3.4-1build1 [31.1 kB]
#6 18.42 Get:22 http://ports.ubuntu.com/ubuntu-ports jammy/main arm64 libxmuu1 arm64 2:1.1.3-3 [10.4 kB]
#6 18.43 Get:23 http://ports.ubuntu.com/ubuntu-ports jammy/main arm64 manpages all 5.10-1ubuntu1 [1,375 kB]
#6 18.68 Get:24 http://ports.ubuntu.com/ubuntu-ports jammy-updates/main arm64 openssh-client arm64 1:8.9p1-3ubuntu0.14 [860 kB]
#6 18.83 Get:25 http://ports.ubuntu.com/ubuntu-ports jammy/main arm64 xauth arm64 1:1.1-1build2 [26.8 kB]
#6 18.83 Get:26 http://ports.ubuntu.com/ubuntu-ports jammy/main arm64 xz-utils arm64 5.2.5-2ubuntu1 [84.4 kB]
#6 18.85 Get:27 http://ports.ubuntu.com/ubuntu-ports jammy-updates/main arm64 libc-dev-bin arm64 2.35-0ubuntu3.13 [19.7 kB]
#6 18.85 Get:28 http://ports.ubuntu.com/ubuntu-ports jammy-updates/main arm64 linux-libc-dev arm64 5.15.0-176.186 [1,304 kB]
#6 19.08 Get:29 http://ports.ubuntu.com/ubuntu-ports jammy/main arm64 libcrypt-dev arm64 1:4.4.27-1 [119 kB]
#6 19.09 Get:30 http://ports.ubuntu.com/ubuntu-ports jammy/main arm64 rpcsvc-proto arm64 1.4.2-0ubuntu6 [65.4 kB]
#6 19.10 Get:31 http://ports.ubuntu.com/ubuntu-ports jammy-updates/main arm64 libtirpc-dev arm64 1.3.2-2ubuntu0.1 [199 kB]
#6 19.13 Get:32 http://ports.ubuntu.com/ubuntu-ports jammy/main arm64 libnsl-dev arm64 1.3.0-2build2 [72.1 kB]
#6 19.14 Get:33 http://ports.ubuntu.com/ubuntu-ports jammy-updates/main arm64 libc6-dev arm64 2.35-0ubuntu3.13 [1,548 kB]
#6 19.41 Get:34 http://ports.ubuntu.com/ubuntu-ports jammy-updates/main arm64 gcc-11-base arm64 11.4.0-1ubuntu1~22.04.3 [216 kB]
#6 19.47 Get:35 http://ports.ubuntu.com/ubuntu-ports jammy/main arm64 libisl23 arm64 0.24-2build1 [689 kB]
#6 19.65 Get:36 http://ports.ubuntu.com/ubuntu-ports jammy/main arm64 libmpfr6 arm64 4.1.0-3build3 [245 kB]
#6 19.70 Get:37 http://ports.ubuntu.com/ubuntu-ports jammy/main arm64 libmpc3 arm64 1.2.1-2build1 [48.1 kB]
#6 19.71 Get:38 http://ports.ubuntu.com/ubuntu-ports jammy-updates/main arm64 cpp-11 arm64 11.4.0-1ubuntu1~22.04.3 [9,756 kB]
#6 22.23 Get:39 http://ports.ubuntu.com/ubuntu-ports jammy/main arm64 cpp arm64 4:11.2.0-1ubuntu1 [27.7 kB]
#6 22.23 Get:40 http://ports.ubuntu.com/ubuntu-ports jammy-updates/main arm64 libcc1-0 arm64 12.3.0-1ubuntu1~22.04.3 [45.0 kB]
#6 22.24 Get:41 http://ports.ubuntu.com/ubuntu-ports jammy-updates/main arm64 libgomp1 arm64 12.3.0-1ubuntu1~22.04.3 [124 kB]
#6 22.27 Get:42 http://ports.ubuntu.com/ubuntu-ports jammy-updates/main arm64 libitm1 arm64 12.3.0-1ubuntu1~22.04.3 [28.5 kB]
#6 22.27 Get:43 http://ports.ubuntu.com/ubuntu-ports jammy-updates/main arm64 libatomic1 arm64 12.3.0-1ubuntu1~22.04.3 [10.7 kB]
#6 22.28 Get:44 http://ports.ubuntu.com/ubuntu-ports jammy-updates/main arm64 libasan6 arm64 11.4.0-1ubuntu1~22.04.3 [2,235 kB]
#6 22.78 Get:45 http://ports.ubuntu.com/ubuntu-ports jammy-updates/main arm64 liblsan0 arm64 12.3.0-1ubuntu1~22.04.3 [1,038 kB]
#6 22.97 Get:46 http://ports.ubuntu.com/ubuntu-ports jammy-updates/main arm64 libtsan0 arm64 11.4.0-1ubuntu1~22.04.3 [2,239 kB]
#6 23.36 Get:47 http://ports.ubuntu.com/ubuntu-ports jammy-updates/main arm64 libubsan1 arm64 12.3.0-1ubuntu1~22.04.3 [967 kB]
#6 24.08 Get:48 http://ports.ubuntu.com/ubuntu-ports jammy-updates/main arm64 libhwasan0 arm64 12.3.0-1ubuntu1~22.04.3 [1,120 kB]
#6 24.10 Get:49 http://ports.ubuntu.com/ubuntu-ports jammy-updates/main arm64 libgcc-11-dev arm64 11.4.0-1ubuntu1~22.04.3 [1,143 kB]
#6 24.23 Get:50 http://ports.ubuntu.com/ubuntu-ports jammy-updates/main arm64 gcc-11 arm64 11.4.0-1ubuntu1~22.04.3 [19.5 MB]
#6 29.06 Get:51 http://ports.ubuntu.com/ubuntu-ports jammy/main arm64 gcc arm64 4:11.2.0-1ubuntu1 [5,128 B]
#6 29.06 Get:52 http://ports.ubuntu.com/ubuntu-ports jammy-updates/main arm64 libstdc++-11-dev arm64 11.4.0-1ubuntu1~22.04.3 [2,089 kB]
#6 29.25 Get:53 http://ports.ubuntu.com/ubuntu-ports jammy-updates/main arm64 g++-11 arm64 11.4.0-1ubuntu1~22.04.3 [11.2 MB]
#6 31.42 Get:54 http://ports.ubuntu.com/ubuntu-ports jammy/main arm64 g++ arm64 4:11.2.0-1ubuntu1 [1,394 B]
#6 31.42 Get:55 http://ports.ubuntu.com/ubuntu-ports jammy/main arm64 make arm64 4.3-4.1build1 [177 kB]
#6 31.45 Get:56 http://ports.ubuntu.com/ubuntu-ports jammy-updates/main arm64 libdpkg-perl all 1.21.1ubuntu2.6 [237 kB]
#6 31.50 Get:57 http://ports.ubuntu.com/ubuntu-ports jammy/main arm64 bzip2 arm64 1.0.8-5build1 [34.6 kB]
#6 31.50 Get:58 http://ports.ubuntu.com/ubuntu-ports jammy/main arm64 patch arm64 2.7.6-7build2 [105 kB]
#6 31.52 Get:59 http://ports.ubuntu.com/ubuntu-ports jammy/main arm64 lto-disabled-list all 24 [12.5 kB]
#6 31.52 Get:60 http://ports.ubuntu.com/ubuntu-ports jammy-updates/main arm64 dpkg-dev all 1.21.1ubuntu2.6 [922 kB]
#6 31.68 Get:61 http://ports.ubuntu.com/ubuntu-ports jammy/main arm64 build-essential arm64 12.9ubuntu3 [4,740 B]
#6 31.68 Get:62 http://ports.ubuntu.com/ubuntu-ports jammy/main arm64 libfakeroot arm64 1.28-1ubuntu1 [31.5 kB]
#6 31.69 Get:63 http://ports.ubuntu.com/ubuntu-ports jammy/main arm64 fakeroot arm64 1.28-1ubuntu1 [60.5 kB]
#6 31.70 Get:64 http://ports.ubuntu.com/ubuntu-ports jammy-updates/main arm64 libcurl3-gnutls arm64 7.81.0-1ubuntu1.23 [279 kB]
#6 31.73 Get:65 http://ports.ubuntu.com/ubuntu-ports jammy/main arm64 liberror-perl all 0.17029-1 [26.5 kB]
#6 31.73 Get:66 http://ports.ubuntu.com/ubuntu-ports jammy-updates/main arm64 git-man all 1:2.34.1-1ubuntu1.17 [954 kB]
#6 31.99 Get:67 http://ports.ubuntu.com/ubuntu-ports jammy-updates/main arm64 git arm64 1:2.34.1-1ubuntu1.17 [3,222 kB]
#6 33.02 Get:68 http://ports.ubuntu.com/ubuntu-ports jammy/main arm64 libalgorithm-diff-perl all 1.201-1 [41.8 kB]
#6 33.03 Get:69 http://ports.ubuntu.com/ubuntu-ports jammy/main arm64 libalgorithm-diff-xs-perl arm64 0.04-6build3 [11.7 kB]
#6 33.03 Get:70 http://ports.ubuntu.com/ubuntu-ports jammy/main arm64 libalgorithm-merge-perl all 0.08-3 [12.0 kB]
#6 33.03 Get:71 http://ports.ubuntu.com/ubuntu-ports jammy/main arm64 libjpeg-turbo8 arm64 2.1.2-0ubuntu1 [129 kB]
#6 33.04 Get:72 http://ports.ubuntu.com/ubuntu-ports jammy/main arm64 libjpeg8 arm64 8c-2ubuntu10 [2,264 B]
#6 33.04 Get:73 http://ports.ubuntu.com/ubuntu-ports jammy/main arm64 libdeflate0 arm64 1.10-2 [69.1 kB]
#6 33.04 Get:74 http://ports.ubuntu.com/ubuntu-ports jammy-updates/main arm64 libjbig0 arm64 2.1-3.1ubuntu0.22.04.1 [29.1 kB]
#6 33.05 Get:75 http://ports.ubuntu.com/ubuntu-ports jammy-updates/main arm64 libwebp7 arm64 1.2.2-2ubuntu0.22.04.2 [193 kB]
#6 33.05 Get:76 http://ports.ubuntu.com/ubuntu-ports jammy-updates/main arm64 libtiff5 arm64 4.3.0-6ubuntu0.13 [181 kB]
#6 33.22 Get:77 http://ports.ubuntu.com/ubuntu-ports jammy-updates/main arm64 libxpm4 arm64 1:3.5.12-1ubuntu0.22.04.2 [35.5 kB]
#6 33.23 Get:78 http://ports.ubuntu.com/ubuntu-ports jammy-updates/main arm64 libgd3 arm64 2.3.0-2ubuntu2.3 [127 kB]
#6 33.26 Get:79 http://ports.ubuntu.com/ubuntu-ports jammy-updates/main arm64 libc-devtools arm64 2.35-0ubuntu3.13 [27.8 kB]
#6 33.27 Get:80 http://ports.ubuntu.com/ubuntu-ports jammy/main arm64 libfile-fcntllock-perl arm64 0.22-3build7 [33.7 kB]
#6 33.27 Get:81 http://ports.ubuntu.com/ubuntu-ports jammy-updates/main arm64 libprotobuf-lite23 arm64 3.12.4-1ubuntu7.22.04.6 [191 kB]
#6 33.31 Get:82 http://ports.ubuntu.com/ubuntu-ports jammy-updates/main arm64 libprotobuf23 arm64 3.12.4-1ubuntu7.22.04.6 [810 kB]
#6 33.48 Get:83 http://ports.ubuntu.com/ubuntu-ports jammy-updates/main arm64 libprotoc23 arm64 3.12.4-1ubuntu7.22.04.6 [610 kB]
#6 34.31 Get:84 http://ports.ubuntu.com/ubuntu-ports jammy/main arm64 manpages-dev all 5.10-1ubuntu1 [2,309 kB]
#6 34.36 Get:85 http://ports.ubuntu.com/ubuntu-ports jammy-updates/main arm64 zlib1g-dev arm64 1:1.2.11.dfsg-2ubuntu9.2 [163 kB]
#6 34.37 Get:86 http://ports.ubuntu.com/ubuntu-ports jammy-updates/main arm64 libprotobuf-dev arm64 3.12.4-1ubuntu7.22.04.6 [1,328 kB]
#6 34.47 Get:87 http://ports.ubuntu.com/ubuntu-ports jammy-updates/main arm64 libprotoc-dev arm64 3.12.4-1ubuntu7.22.04.6 [958 kB]
#6 34.65 Get:88 http://ports.ubuntu.com/ubuntu-ports jammy-updates/universe arm64 protobuf-compiler arm64 3.12.4-1ubuntu7.22.04.6 [28.9 kB]
#6 34.99 debconf: delaying package configuration, since apt-utils is not installed
#6 35.03 Fetched 81.5 MB in 20s (4,181 kB/s)
#6 35.05 Selecting previously unselected package liblocale-gettext-perl.
#6 35.05 (Reading database ... 
(Reading database ... 5%
(Reading database ... 10%
(Reading database ... 15%
(Reading database ... 20%
(Reading database ... 25%
(Reading database ... 30%
(Reading database ... 35%
(Reading database ... 40%
(Reading database ... 45%
(Reading database ... 50%
(Reading database ... 55%
(Reading database ... 60%
(Reading database ... 65%
(Reading database ... 70%
(Reading database ... 75%
(Reading database ... 80%
(Reading database ... 85%
(Reading database ... 90%
(Reading database ... 95%
(Reading database ... 100%
(Reading database ... 8320 files and directories currently installed.)
#6 35.06 Preparing to unpack .../00-liblocale-gettext-perl_1.07-4build3_arm64.deb ...
#6 35.06 Unpacking liblocale-gettext-perl (1.07-4build3) ...
#6 35.08 Selecting previously unselected package libpopt0:arm64.
#6 35.08 Preparing to unpack .../01-libpopt0_1.18-3build1_arm64.deb ...
#6 35.08 Unpacking libpopt0:arm64 (1.18-3build1) ...
#6 35.09 Selecting previously unselected package rsync.
#6 35.09 Preparing to unpack .../02-rsync_3.2.7-0ubuntu0.22.04.4_arm64.deb ...
#6 35.10 Unpacking rsync (3.2.7-0ubuntu0.22.04.4) ...
#6 35.13 Selecting previously unselected package perl-modules-5.34.
#6 35.13 Preparing to unpack .../03-perl-modules-5.34_5.34.0-3ubuntu1.5_all.deb ...
#6 35.13 Unpacking perl-modules-5.34 (5.34.0-3ubuntu1.5) ...
#6 35.44 Selecting previously unselected package libgdbm6:arm64.
#6 35.44 Preparing to unpack .../04-libgdbm6_1.23-1_arm64.deb ...
#6 35.44 Unpacking libgdbm6:arm64 (1.23-1) ...
#6 35.45 Selecting previously unselected package libgdbm-compat4:arm64.
#6 35.45 Preparing to unpack .../05-libgdbm-compat4_1.23-1_arm64.deb ...
#6 35.45 Unpacking libgdbm-compat4:arm64 (1.23-1) ...
#6 35.47 Selecting previously unselected package libperl5.34:arm64.
#6 35.47 Preparing to unpack .../06-libperl5.34_5.34.0-3ubuntu1.5_arm64.deb ...
#6 35.47 Unpacking libperl5.34:arm64 (5.34.0-3ubuntu1.5) ...
#6 35.71 Selecting previously unselected package perl.
#6 35.71 Preparing to unpack .../07-perl_5.34.0-3ubuntu1.5_arm64.deb ...
#6 35.71 Unpacking perl (5.34.0-3ubuntu1.5) ...
#6 35.73 Selecting previously unselected package less.
#6 35.73 Preparing to unpack .../08-less_590-1ubuntu0.22.04.3_arm64.deb ...
#6 35.73 Unpacking less (590-1ubuntu0.22.04.3) ...
#6 35.75 Selecting previously unselected package libmd0:arm64.
#6 35.75 Preparing to unpack .../09-libmd0_1.0.4-1build1_arm64.deb ...
#6 35.75 Unpacking libmd0:arm64 (1.0.4-1build1) ...
#6 35.76 Selecting previously unselected package libbsd0:arm64.
#6 35.76 Preparing to unpack .../10-libbsd0_0.11.5-1_arm64.deb ...
#6 35.76 Unpacking libbsd0:arm64 (0.11.5-1) ...
#6 35.77 Selecting previously unselected package netbase.
#6 35.78 Preparing to unpack .../11-netbase_6.3_all.deb ...
#6 35.78 Unpacking netbase (6.3) ...
#6 35.79 Selecting previously unselected package libcbor0.8:arm64.
#6 35.79 Preparing to unpack .../12-libcbor0.8_0.8.0-2ubuntu1_arm64.deb ...
#6 35.79 Unpacking libcbor0.8:arm64 (0.8.0-2ubuntu1) ...
#6 35.80 Selecting previously unselected package libedit2:arm64.
#6 35.80 Preparing to unpack .../13-libedit2_3.1-20210910-1build1_arm64.deb ...
#6 35.80 Unpacking libedit2:arm64 (3.1-20210910-1build1) ...
#6 35.81 Selecting previously unselected package libfido2-1:arm64.
#6 35.81 Preparing to unpack .../14-libfido2-1_1.10.0-1_arm64.deb ...
#6 35.81 Unpacking libfido2-1:arm64 (1.10.0-1) ...
#6 35.83 Selecting previously unselected package libxau6:arm64.
#6 35.83 Preparing to unpack .../15-libxau6_1%3a1.0.9-1build5_arm64.deb ...
#6 35.83 Unpacking libxau6:arm64 (1:1.0.9-1build5) ...
#6 35.84 Selecting previously unselected package libxdmcp6:arm64.
#6 35.84 Preparing to unpack .../16-libxdmcp6_1%3a1.1.3-0ubuntu5_arm64.deb ...
#6 35.84 Unpacking libxdmcp6:arm64 (1:1.1.3-0ubuntu5) ...
#6 35.85 Selecting previously unselected package libxcb1:arm64.
#6 35.85 Preparing to unpack .../17-libxcb1_1.14-3ubuntu3_arm64.deb ...
#6 35.85 Unpacking libxcb1:arm64 (1.14-3ubuntu3) ...
#6 35.86 Selecting previously unselected package libx11-data.
#6 35.86 Preparing to unpack .../18-libx11-data_2%3a1.7.5-1ubuntu0.3_all.deb ...
#6 35.86 Unpacking libx11-data (2:1.7.5-1ubuntu0.3) ...
#6 35.91 Selecting previously unselected package libx11-6:arm64.
#6 35.91 Preparing to unpack .../19-libx11-6_2%3a1.7.5-1ubuntu0.3_arm64.deb ...
#6 35.91 Unpacking libx11-6:arm64 (2:1.7.5-1ubuntu0.3) ...
#6 35.93 Selecting previously unselected package libxext6:arm64.
#6 35.93 Preparing to unpack .../20-libxext6_2%3a1.3.4-1build1_arm64.deb ...
#6 35.93 Unpacking libxext6:arm64 (2:1.3.4-1build1) ...
#6 35.94 Selecting previously unselected package libxmuu1:arm64.
#6 35.94 Preparing to unpack .../21-libxmuu1_2%3a1.1.3-3_arm64.deb ...
#6 35.94 Unpacking libxmuu1:arm64 (2:1.1.3-3) ...
#6 35.95 Selecting previously unselected package manpages.
#6 35.95 Preparing to unpack .../22-manpages_5.10-1ubuntu1_all.deb ...
#6 35.95 Unpacking manpages (5.10-1ubuntu1) ...
#6 36.02 Selecting previously unselected package openssh-client.
#6 36.02 Preparing to unpack .../23-openssh-client_1%3a8.9p1-3ubuntu0.14_arm64.deb ...
#6 36.03 Unpacking openssh-client (1:8.9p1-3ubuntu0.14) ...
#6 36.05 Selecting previously unselected package xauth.
#6 36.05 Preparing to unpack .../24-xauth_1%3a1.1-1build2_arm64.deb ...
#6 36.05 Unpacking xauth (1:1.1-1build2) ...
#6 36.06 Selecting previously unselected package xz-utils.
#6 36.06 Preparing to unpack .../25-xz-utils_5.2.5-2ubuntu1_arm64.deb ...
#6 36.06 Unpacking xz-utils (5.2.5-2ubuntu1) ...
#6 36.07 Selecting previously unselected package libc-dev-bin.
#6 36.07 Preparing to unpack .../26-libc-dev-bin_2.35-0ubuntu3.13_arm64.deb ...
#6 36.08 Unpacking libc-dev-bin (2.35-0ubuntu3.13) ...
#6 36.08 Selecting previously unselected package linux-libc-dev:arm64.
#6 36.09 Preparing to unpack .../27-linux-libc-dev_5.15.0-176.186_arm64.deb ...
#6 36.09 Unpacking linux-libc-dev:arm64 (5.15.0-176.186) ...
#6 36.29 Selecting previously unselected package libcrypt-dev:arm64.
#6 36.29 Preparing to unpack .../28-libcrypt-dev_1%3a4.4.27-1_arm64.deb ...
#6 36.29 Unpacking libcrypt-dev:arm64 (1:4.4.27-1) ...
#6 36.31 Selecting previously unselected package rpcsvc-proto.
#6 36.31 Preparing to unpack .../29-rpcsvc-proto_1.4.2-0ubuntu6_arm64.deb ...
#6 36.31 Unpacking rpcsvc-proto (1.4.2-0ubuntu6) ...
#6 36.33 Selecting previously unselected package libtirpc-dev:arm64.
#6 36.33 Preparing to unpack .../30-libtirpc-dev_1.3.2-2ubuntu0.1_arm64.deb ...
#6 36.33 Unpacking libtirpc-dev:arm64 (1.3.2-2ubuntu0.1) ...
#6 36.37 Selecting previously unselected package libnsl-dev:arm64.
#6 36.37 Preparing to unpack .../31-libnsl-dev_1.3.0-2build2_arm64.deb ...
#6 36.37 Unpacking libnsl-dev:arm64 (1.3.0-2build2) ...
#6 36.39 Selecting previously unselected package libc6-dev:arm64.
#6 36.39 Preparing to unpack .../32-libc6-dev_2.35-0ubuntu3.13_arm64.deb ...
#6 36.39 Unpacking libc6-dev:arm64 (2.35-0ubuntu3.13) ...
#6 36.62 Selecting previously unselected package gcc-11-base:arm64.
#6 36.62 Preparing to unpack .../33-gcc-11-base_11.4.0-1ubuntu1~22.04.3_arm64.deb ...
#6 36.63 Unpacking gcc-11-base:arm64 (11.4.0-1ubuntu1~22.04.3) ...
#6 36.64 Selecting previously unselected package libisl23:arm64.
#6 36.64 Preparing to unpack .../34-libisl23_0.24-2build1_arm64.deb ...
#6 36.64 Unpacking libisl23:arm64 (0.24-2build1) ...
#6 36.66 Selecting previously unselected package libmpfr6:arm64.
#6 36.66 Preparing to unpack .../35-libmpfr6_4.1.0-3build3_arm64.deb ...
#6 36.66 Unpacking libmpfr6:arm64 (4.1.0-3build3) ...
#6 36.67 Selecting previously unselected package libmpc3:arm64.
#6 36.67 Preparing to unpack .../36-libmpc3_1.2.1-2build1_arm64.deb ...
#6 36.67 Unpacking libmpc3:arm64 (1.2.1-2build1) ...
#6 36.68 Selecting previously unselected package cpp-11.
#6 36.68 Preparing to unpack .../37-cpp-11_11.4.0-1ubuntu1~22.04.3_arm64.deb ...
#6 36.68 Unpacking cpp-11 (11.4.0-1ubuntu1~22.04.3) ...
#6 36.93 Selecting previously unselected package cpp.
#6 36.94 Preparing to unpack .../38-cpp_4%3a11.2.0-1ubuntu1_arm64.deb ...
#6 36.94 Unpacking cpp (4:11.2.0-1ubuntu1) ...
#6 36.95 Selecting previously unselected package libcc1-0:arm64.
#6 36.95 Preparing to unpack .../39-libcc1-0_12.3.0-1ubuntu1~22.04.3_arm64.deb ...
#6 36.95 Unpacking libcc1-0:arm64 (12.3.0-1ubuntu1~22.04.3) ...
#6 36.96 Selecting previously unselected package libgomp1:arm64.
#6 36.96 Preparing to unpack .../40-libgomp1_12.3.0-1ubuntu1~22.04.3_arm64.deb ...
#6 36.96 Unpacking libgomp1:arm64 (12.3.0-1ubuntu1~22.04.3) ...
#6 36.97 Selecting previously unselected package libitm1:arm64.
#6 36.98 Preparing to unpack .../41-libitm1_12.3.0-1ubuntu1~22.04.3_arm64.deb ...
#6 36.98 Unpacking libitm1:arm64 (12.3.0-1ubuntu1~22.04.3) ...
#6 36.99 Selecting previously unselected package libatomic1:arm64.
#6 36.99 Preparing to unpack .../42-libatomic1_12.3.0-1ubuntu1~22.04.3_arm64.deb ...
#6 36.99 Unpacking libatomic1:arm64 (12.3.0-1ubuntu1~22.04.3) ...
#6 37.00 Selecting previously unselected package libasan6:arm64.
#6 37.00 Preparing to unpack .../43-libasan6_11.4.0-1ubuntu1~22.04.3_arm64.deb ...
#6 37.00 Unpacking libasan6:arm64 (11.4.0-1ubuntu1~22.04.3) ...
#6 37.08 Selecting previously unselected package liblsan0:arm64.
#6 37.09 Preparing to unpack .../44-liblsan0_12.3.0-1ubuntu1~22.04.3_arm64.deb ...
#6 37.09 Unpacking liblsan0:arm64 (12.3.0-1ubuntu1~22.04.3) ...
#6 37.13 Selecting previously unselected package libtsan0:arm64.
#6 37.13 Preparing to unpack .../45-libtsan0_11.4.0-1ubuntu1~22.04.3_arm64.deb ...
#6 37.13 Unpacking libtsan0:arm64 (11.4.0-1ubuntu1~22.04.3) ...
#6 37.24 Selecting previously unselected package libubsan1:arm64.
#6 37.24 Preparing to unpack .../46-libubsan1_12.3.0-1ubuntu1~22.04.3_arm64.deb ...
#6 37.24 Unpacking libubsan1:arm64 (12.3.0-1ubuntu1~22.04.3) ...
#6 37.29 Selecting previously unselected package libhwasan0:arm64.
#6 37.29 Preparing to unpack .../47-libhwasan0_12.3.0-1ubuntu1~22.04.3_arm64.deb ...
#6 37.29 Unpacking libhwasan0:arm64 (12.3.0-1ubuntu1~22.04.3) ...
#6 37.36 Selecting previously unselected package libgcc-11-dev:arm64.
#6 37.36 Preparing to unpack .../48-libgcc-11-dev_11.4.0-1ubuntu1~22.04.3_arm64.deb ...
#6 37.36 Unpacking libgcc-11-dev:arm64 (11.4.0-1ubuntu1~22.04.3) ...
#6 37.55 Selecting previously unselected package gcc-11.
#6 37.55 Preparing to unpack .../49-gcc-11_11.4.0-1ubuntu1~22.04.3_arm64.deb ...
#6 37.55 Unpacking gcc-11 (11.4.0-1ubuntu1~22.04.3) ...
#6 37.91 Selecting previously unselected package gcc.
#6 37.91 Preparing to unpack .../50-gcc_4%3a11.2.0-1ubuntu1_arm64.deb ...
#6 37.92 Unpacking gcc (4:11.2.0-1ubuntu1) ...
#6 37.93 Selecting previously unselected package libstdc++-11-dev:arm64.
#6 37.93 Preparing to unpack .../51-libstdc++-11-dev_11.4.0-1ubuntu1~22.04.3_arm64.deb ...
#6 37.93 Unpacking libstdc++-11-dev:arm64 (11.4.0-1ubuntu1~22.04.3) ...
#6 38.05 Selecting previously unselected package g++-11.
#6 38.05 Preparing to unpack .../52-g++-11_11.4.0-1ubuntu1~22.04.3_arm64.deb ...
#6 38.05 Unpacking g++-11 (11.4.0-1ubuntu1~22.04.3) ...
#6 38.15 Selecting previously unselected package g++.
#6 38.15 Preparing to unpack .../53-g++_4%3a11.2.0-1ubuntu1_arm64.deb ...
#6 38.15 Unpacking g++ (4:11.2.0-1ubuntu1) ...
#6 38.16 Selecting previously unselected package make.
#6 38.16 Preparing to unpack .../54-make_4.3-4.1build1_arm64.deb ...
#6 38.16 Unpacking make (4.3-4.1build1) ...
#6 38.18 Selecting previously unselected package libdpkg-perl.
#6 38.18 Preparing to unpack .../55-libdpkg-perl_1.21.1ubuntu2.6_all.deb ...
#6 38.18 Unpacking libdpkg-perl (1.21.1ubuntu2.6) ...
#6 38.20 Selecting previously unselected package bzip2.
#6 38.20 Preparing to unpack .../56-bzip2_1.0.8-5build1_arm64.deb ...
#6 38.20 Unpacking bzip2 (1.0.8-5build1) ...
#6 38.21 Selecting previously unselected package patch.
#6 38.21 Preparing to unpack .../57-patch_2.7.6-7build2_arm64.deb ...
#6 38.21 Unpacking patch (2.7.6-7build2) ...
#6 38.22 Selecting previously unselected package lto-disabled-list.
#6 38.22 Preparing to unpack .../58-lto-disabled-list_24_all.deb ...
#6 38.22 Unpacking lto-disabled-list (24) ...
#6 38.23 Selecting previously unselected package dpkg-dev.
#6 38.23 Preparing to unpack .../59-dpkg-dev_1.21.1ubuntu2.6_all.deb ...
#6 38.23 Unpacking dpkg-dev (1.21.1ubuntu2.6) ...
#6 38.25 Selecting previously unselected package build-essential.
#6 38.25 Preparing to unpack .../60-build-essential_12.9ubuntu3_arm64.deb ...
#6 38.25 Unpacking build-essential (12.9ubuntu3) ...
#6 38.26 Selecting previously unselected package libfakeroot:arm64.
#6 38.26 Preparing to unpack .../61-libfakeroot_1.28-1ubuntu1_arm64.deb ...
#6 38.26 Unpacking libfakeroot:arm64 (1.28-1ubuntu1) ...
#6 38.27 Selecting previously unselected package fakeroot.
#6 38.27 Preparing to unpack .../62-fakeroot_1.28-1ubuntu1_arm64.deb ...
#6 38.28 Unpacking fakeroot (1.28-1ubuntu1) ...
#6 38.29 Selecting previously unselected package libcurl3-gnutls:arm64.
#6 38.29 Preparing to unpack .../63-libcurl3-gnutls_7.81.0-1ubuntu1.23_arm64.deb ...
#6 38.29 Unpacking libcurl3-gnutls:arm64 (7.81.0-1ubuntu1.23) ...
#6 38.30 Selecting previously unselected package liberror-perl.
#6 38.30 Preparing to unpack .../64-liberror-perl_0.17029-1_all.deb ...
#6 38.30 Unpacking liberror-perl (0.17029-1) ...
#6 38.31 Selecting previously unselected package git-man.
#6 38.31 Preparing to unpack .../65-git-man_1%3a2.34.1-1ubuntu1.17_all.deb ...
#6 38.31 Unpacking git-man (1:2.34.1-1ubuntu1.17) ...
#6 38.33 Selecting previously unselected package git.
#6 38.33 Preparing to unpack .../66-git_1%3a2.34.1-1ubuntu1.17_arm64.deb ...
#6 38.34 Unpacking git (1:2.34.1-1ubuntu1.17) ...
#6 38.41 Selecting previously unselected package libalgorithm-diff-perl.
#6 38.41 Preparing to unpack .../67-libalgorithm-diff-perl_1.201-1_all.deb ...
#6 38.42 Unpacking libalgorithm-diff-perl (1.201-1) ...
#6 38.43 Selecting previously unselected package libalgorithm-diff-xs-perl.
#6 38.43 Preparing to unpack .../68-libalgorithm-diff-xs-perl_0.04-6build3_arm64.deb ...
#6 38.43 Unpacking libalgorithm-diff-xs-perl (0.04-6build3) ...
#6 38.44 Selecting previously unselected package libalgorithm-merge-perl.
#6 38.44 Preparing to unpack .../69-libalgorithm-merge-perl_0.08-3_all.deb ...
#6 38.44 Unpacking libalgorithm-merge-perl (0.08-3) ...
#6 38.45 Selecting previously unselected package libjpeg-turbo8:arm64.
#6 38.45 Preparing to unpack .../70-libjpeg-turbo8_2.1.2-0ubuntu1_arm64.deb ...
#6 38.45 Unpacking libjpeg-turbo8:arm64 (2.1.2-0ubuntu1) ...
#6 38.46 Selecting previously unselected package libjpeg8:arm64.
#6 38.46 Preparing to unpack .../71-libjpeg8_8c-2ubuntu10_arm64.deb ...
#6 38.46 Unpacking libjpeg8:arm64 (8c-2ubuntu10) ...
#6 38.47 Selecting previously unselected package libdeflate0:arm64.
#6 38.47 Preparing to unpack .../72-libdeflate0_1.10-2_arm64.deb ...
#6 38.47 Unpacking libdeflate0:arm64 (1.10-2) ...
#6 38.48 Selecting previously unselected package libjbig0:arm64.
#6 38.48 Preparing to unpack .../73-libjbig0_2.1-3.1ubuntu0.22.04.1_arm64.deb ...
#6 38.48 Unpacking libjbig0:arm64 (2.1-3.1ubuntu0.22.04.1) ...
#6 38.49 Selecting previously unselected package libwebp7:arm64.
#6 38.49 Preparing to unpack .../74-libwebp7_1.2.2-2ubuntu0.22.04.2_arm64.deb ...
#6 38.50 Unpacking libwebp7:arm64 (1.2.2-2ubuntu0.22.04.2) ...
#6 38.51 Selecting previously unselected package libtiff5:arm64.
#6 38.51 Preparing to unpack .../75-libtiff5_4.3.0-6ubuntu0.13_arm64.deb ...
#6 38.51 Unpacking libtiff5:arm64 (4.3.0-6ubuntu0.13) ...
#6 38.52 Selecting previously unselected package libxpm4:arm64.
#6 38.52 Preparing to unpack .../76-libxpm4_1%3a3.5.12-1ubuntu0.22.04.2_arm64.deb ...
#6 38.52 Unpacking libxpm4:arm64 (1:3.5.12-1ubuntu0.22.04.2) ...
#6 38.53 Selecting previously unselected package libgd3:arm64.
#6 38.53 Preparing to unpack .../77-libgd3_2.3.0-2ubuntu2.3_arm64.deb ...
#6 38.53 Unpacking libgd3:arm64 (2.3.0-2ubuntu2.3) ...
#6 38.54 Selecting previously unselected package libc-devtools.
#6 38.54 Preparing to unpack .../78-libc-devtools_2.35-0ubuntu3.13_arm64.deb ...
#6 38.55 Unpacking libc-devtools (2.35-0ubuntu3.13) ...
#6 38.55 Selecting previously unselected package libfile-fcntllock-perl.
#6 38.56 Preparing to unpack .../79-libfile-fcntllock-perl_0.22-3build7_arm64.deb ...
#6 38.56 Unpacking libfile-fcntllock-perl (0.22-3build7) ...
#6 38.57 Selecting previously unselected package libprotobuf-lite23:arm64.
#6 38.57 Preparing to unpack .../80-libprotobuf-lite23_3.12.4-1ubuntu7.22.04.6_arm64.deb ...
#6 38.57 Unpacking libprotobuf-lite23:arm64 (3.12.4-1ubuntu7.22.04.6) ...
#6 38.58 Selecting previously unselected package libprotobuf23:arm64.
#6 38.58 Preparing to unpack .../81-libprotobuf23_3.12.4-1ubuntu7.22.04.6_arm64.deb ...
#6 38.58 Unpacking libprotobuf23:arm64 (3.12.4-1ubuntu7.22.04.6) ...
#6 38.66 Selecting previously unselected package libprotoc23:arm64.
#6 38.66 Preparing to unpack .../82-libprotoc23_3.12.4-1ubuntu7.22.04.6_arm64.deb ...
#6 38.66 Unpacking libprotoc23:arm64 (3.12.4-1ubuntu7.22.04.6) ...
#6 38.68 Selecting previously unselected package manpages-dev.
#6 38.68 Preparing to unpack .../83-manpages-dev_5.10-1ubuntu1_all.deb ...
#6 38.68 Unpacking manpages-dev (5.10-1ubuntu1) ...
#6 38.82 Selecting previously unselected package zlib1g-dev:arm64.
#6 38.82 Preparing to unpack .../84-zlib1g-dev_1%3a1.2.11.dfsg-2ubuntu9.2_arm64.deb ...
#6 38.82 Unpacking zlib1g-dev:arm64 (1:1.2.11.dfsg-2ubuntu9.2) ...
#6 38.83 Selecting previously unselected package libprotobuf-dev:arm64.
#6 38.84 Preparing to unpack .../85-libprotobuf-dev_3.12.4-1ubuntu7.22.04.6_arm64.deb ...
#6 38.84 Unpacking libprotobuf-dev:arm64 (3.12.4-1ubuntu7.22.04.6) ...
#6 38.88 Selecting previously unselected package libprotoc-dev:arm64.
#6 38.88 Preparing to unpack .../86-libprotoc-dev_3.12.4-1ubuntu7.22.04.6_arm64.deb ...
#6 38.88 Unpacking libprotoc-dev:arm64 (3.12.4-1ubuntu7.22.04.6) ...
#6 38.91 Selecting previously unselected package protobuf-compiler.
#6 38.91 Preparing to unpack .../87-protobuf-compiler_3.12.4-1ubuntu7.22.04.6_arm64.deb ...
#6 38.91 Unpacking protobuf-compiler (3.12.4-1ubuntu7.22.04.6) ...
#6 38.92 Setting up gcc-11-base:arm64 (11.4.0-1ubuntu1~22.04.3) ...
#6 38.93 Setting up libxau6:arm64 (1:1.0.9-1build5) ...
#6 38.93 Setting up lto-disabled-list (24) ...
#6 38.93 Setting up manpages (5.10-1ubuntu1) ...
#6 38.93 Setting up libcbor0.8:arm64 (0.8.0-2ubuntu1) ...
#6 38.94 Setting up libdeflate0:arm64 (1.10-2) ...
#6 38.94 Setting up less (590-1ubuntu0.22.04.3) ...
#6 38.94 Setting up linux-libc-dev:arm64 (5.15.0-176.186) ...
#6 38.95 Setting up libcurl3-gnutls:arm64 (7.81.0-1ubuntu1.23) ...
#6 38.95 Setting up libprotobuf23:arm64 (3.12.4-1ubuntu7.22.04.6) ...
#6 38.95 Setting up libgomp1:arm64 (12.3.0-1ubuntu1~22.04.3) ...
#6 38.95 Setting up perl-modules-5.34 (5.34.0-3ubuntu1.5) ...
#6 38.96 Setting up bzip2 (1.0.8-5build1) ...
#6 38.96 Setting up libjbig0:arm64 (2.1-3.1ubuntu0.22.04.1) ...
#6 38.96 Setting up libfakeroot:arm64 (1.28-1ubuntu1) ...
#6 38.97 Setting up libasan6:arm64 (11.4.0-1ubuntu1~22.04.3) ...
#6 38.97 Setting up fakeroot (1.28-1ubuntu1) ...
#6 38.97 update-alternatives: using /usr/bin/fakeroot-sysv to provide /usr/bin/fakeroot (fakeroot) in auto mode
#6 38.97 update-alternatives: warning: skip creation of /usr/share/man/man1/fakeroot.1.gz because associated file /usr/share/man/man1/fakeroot-sysv.1.gz (of link group fakeroot) doesn't exist
#6 38.97 update-alternatives: warning: skip creation of /usr/share/man/man1/faked.1.gz because associated file /usr/share/man/man1/faked-sysv.1.gz (of link group fakeroot) doesn't exist
#6 38.97 update-alternatives: warning: skip creation of /usr/share/man/es/man1/fakeroot.1.gz because associated file /usr/share/man/es/man1/fakeroot-sysv.1.gz (of link group fakeroot) doesn't exist
#6 38.97 update-alternatives: warning: skip creation of /usr/share/man/es/man1/faked.1.gz because associated file /usr/share/man/es/man1/faked-sysv.1.gz (of link group fakeroot) doesn't exist
#6 38.97 update-alternatives: warning: skip creation of /usr/share/man/fr/man1/fakeroot.1.gz because associated file /usr/share/man/fr/man1/fakeroot-sysv.1.gz (of link group fakeroot) doesn't exist
#6 38.97 update-alternatives: warning: skip creation of /usr/share/man/fr/man1/faked.1.gz because associated file /usr/share/man/fr/man1/faked-sysv.1.gz (of link group fakeroot) doesn't exist
#6 38.97 update-alternatives: warning: skip creation of /usr/share/man/sv/man1/fakeroot.1.gz because associated file /usr/share/man/sv/man1/fakeroot-sysv.1.gz (of link group fakeroot) doesn't exist
#6 38.97 update-alternatives: warning: skip creation of /usr/share/man/sv/man1/faked.1.gz because associated file /usr/share/man/sv/man1/faked-sysv.1.gz (of link group fakeroot) doesn't exist
#6 38.97 Setting up libprotobuf-lite23:arm64 (3.12.4-1ubuntu7.22.04.6) ...
#6 38.98 Setting up libtirpc-dev:arm64 (1.3.2-2ubuntu0.1) ...
#6 38.98 Setting up rpcsvc-proto (1.4.2-0ubuntu6) ...
#6 38.98 Setting up libx11-data (2:1.7.5-1ubuntu0.3) ...
#6 38.98 Setting up make (4.3-4.1build1) ...
#6 38.99 Setting up libmpfr6:arm64 (4.1.0-3build3) ...
#6 38.99 Setting up libprotoc23:arm64 (3.12.4-1ubuntu7.22.04.6) ...
#6 38.99 Setting up xz-utils (5.2.5-2ubuntu1) ...
#6 38.99 update-alternatives: using /usr/bin/xz to provide /usr/bin/lzma (lzma) in auto mode
#6 38.99 update-alternatives: warning: skip creation of /usr/share/man/man1/lzma.1.gz because associated file /usr/share/man/man1/xz.1.gz (of link group lzma) doesn't exist
#6 38.99 update-alternatives: warning: skip creation of /usr/share/man/man1/unlzma.1.gz because associated file /usr/share/man/man1/unxz.1.gz (of link group lzma) doesn't exist
#6 39.00 update-alternatives: warning: skip creation of /usr/share/man/man1/lzcat.1.gz because associated file /usr/share/man/man1/xzcat.1.gz (of link group lzma) doesn't exist
#6 39.00 update-alternatives: warning: skip creation of /usr/share/man/man1/lzmore.1.gz because associated file /usr/share/man/man1/xzmore.1.gz (of link group lzma) doesn't exist
#6 39.00 update-alternatives: warning: skip creation of /usr/share/man/man1/lzless.1.gz because associated file /usr/share/man/man1/xzless.1.gz (of link group lzma) doesn't exist
#6 39.00 update-alternatives: warning: skip creation of /usr/share/man/man1/lzdiff.1.gz because associated file /usr/share/man/man1/xzdiff.1.gz (of link group lzma) doesn't exist
#6 39.00 update-alternatives: warning: skip creation of /usr/share/man/man1/lzcmp.1.gz because associated file /usr/share/man/man1/xzcmp.1.gz (of link group lzma) doesn't exist
#6 39.00 update-alternatives: warning: skip creation of /usr/share/man/man1/lzgrep.1.gz because associated file /usr/share/man/man1/xzgrep.1.gz (of link group lzma) doesn't exist
#6 39.00 update-alternatives: warning: skip creation of /usr/share/man/man1/lzegrep.1.gz because associated file /usr/share/man/man1/xzegrep.1.gz (of link group lzma) doesn't exist
#6 39.00 update-alternatives: warning: skip creation of /usr/share/man/man1/lzfgrep.1.gz because associated file /usr/share/man/man1/xzfgrep.1.gz (of link group lzma) doesn't exist
#6 39.00 Setting up libmpc3:arm64 (1.2.1-2build1) ...
#6 39.00 Setting up libatomic1:arm64 (12.3.0-1ubuntu1~22.04.3) ...
#6 39.00 Setting up patch (2.7.6-7build2) ...
#6 39.01 Setting up libjpeg-turbo8:arm64 (2.1.2-0ubuntu1) ...
#6 39.01 Setting up libwebp7:arm64 (1.2.2-2ubuntu0.22.04.2) ...
#6 39.01 Setting up libubsan1:arm64 (12.3.0-1ubuntu1~22.04.3) ...
#6 39.01 Setting up libmd0:arm64 (1.0.4-1build1) ...
#6 39.02 Setting up libnsl-dev:arm64 (1.3.0-2build2) ...
#6 39.02 Setting up libhwasan0:arm64 (12.3.0-1ubuntu1~22.04.3) ...
#6 39.02 Setting up libcrypt-dev:arm64 (1:4.4.27-1) ...
#6 39.03 Setting up git-man (1:2.34.1-1ubuntu1.17) ...
#6 39.03 Setting up netbase (6.3) ...
#6 39.03 Setting up libfido2-1:arm64 (1.10.0-1) ...
#6 39.04 Setting up libisl23:arm64 (0.24-2build1) ...
#6 39.04 Setting up libc-dev-bin (2.35-0ubuntu3.13) ...
#6 39.04 Setting up libbsd0:arm64 (0.11.5-1) ...
#6 39.05 Setting up libcc1-0:arm64 (12.3.0-1ubuntu1~22.04.3) ...
#6 39.05 Setting up liblocale-gettext-perl (1.07-4build3) ...
#6 39.05 Setting up liblsan0:arm64 (12.3.0-1ubuntu1~22.04.3) ...
#6 39.05 Setting up libitm1:arm64 (12.3.0-1ubuntu1~22.04.3) ...
#6 39.06 Setting up libgdbm6:arm64 (1.23-1) ...
#6 39.06 Setting up libpopt0:arm64 (1.18-3build1) ...
#6 39.06 Setting up libtsan0:arm64 (11.4.0-1ubuntu1~22.04.3) ...
#6 39.06 Setting up libjpeg8:arm64 (8c-2ubuntu10) ...
#6 39.07 Setting up cpp-11 (11.4.0-1ubuntu1~22.04.3) ...
#6 39.07 Setting up manpages-dev (5.10-1ubuntu1) ...
#6 39.07 Setting up libxdmcp6:arm64 (1:1.1.3-0ubuntu5) ...
#6 39.08 Setting up libxcb1:arm64 (1.14-3ubuntu3) ...
#6 39.08 Setting up protobuf-compiler (3.12.4-1ubuntu7.22.04.6) ...
#6 39.08 Setting up libedit2:arm64 (3.1-20210910-1build1) ...
#6 39.08 Setting up libgdbm-compat4:arm64 (1.23-1) ...
#6 39.09 Setting up libgcc-11-dev:arm64 (11.4.0-1ubuntu1~22.04.3) ...
#6 39.09 Setting up gcc-11 (11.4.0-1ubuntu1~22.04.3) ...
#6 39.09 Setting up cpp (4:11.2.0-1ubuntu1) ...
#6 39.10 Setting up libc6-dev:arm64 (2.35-0ubuntu3.13) ...
#6 39.10 Setting up libx11-6:arm64 (2:1.7.5-1ubuntu0.3) ...
#6 39.10 Setting up libtiff5:arm64 (4.3.0-6ubuntu0.13) ...
#6 39.10 Setting up libxmuu1:arm64 (2:1.1.3-3) ...
#6 39.11 Setting up rsync (3.2.7-0ubuntu0.22.04.4) ...
#6 39.12 invoke-rc.d: could not determine current runlevel
#6 39.12 invoke-rc.d: policy-rc.d denied execution of start.
#6 39.16 Setting up libperl5.34:arm64 (5.34.0-3ubuntu1.5) ...
#6 39.16 Setting up libxpm4:arm64 (1:3.5.12-1ubuntu0.22.04.2) ...
#6 39.16 Setting up openssh-client (1:8.9p1-3ubuntu0.14) ...
#6 39.19 update-alternatives: using /usr/bin/ssh to provide /usr/bin/rsh (rsh) in auto mode
#6 39.19 update-alternatives: warning: skip creation of /usr/share/man/man1/rsh.1.gz because associated file /usr/share/man/man1/ssh.1.gz (of link group rsh) doesn't exist
#6 39.19 update-alternatives: using /usr/bin/slogin to provide /usr/bin/rlogin (rlogin) in auto mode
#6 39.19 update-alternatives: warning: skip creation of /usr/share/man/man1/rlogin.1.gz because associated file /usr/share/man/man1/slogin.1.gz (of link group rlogin) doesn't exist
#6 39.20 update-alternatives: using /usr/bin/scp to provide /usr/bin/rcp (rcp) in auto mode
#6 39.20 update-alternatives: warning: skip creation of /usr/share/man/man1/rcp.1.gz because associated file /usr/share/man/man1/scp.1.gz (of link group rcp) doesn't exist
#6 39.20 Setting up libxext6:arm64 (2:1.3.4-1build1) ...
#6 39.20 Setting up gcc (4:11.2.0-1ubuntu1) ...
#6 39.21 Setting up perl (5.34.0-3ubuntu1.5) ...
#6 39.21 Setting up libgd3:arm64 (2.3.0-2ubuntu2.3) ...
#6 39.22 Setting up libdpkg-perl (1.21.1ubuntu2.6) ...
#6 39.22 Setting up libstdc++-11-dev:arm64 (11.4.0-1ubuntu1~22.04.3) ...
#6 39.22 Setting up zlib1g-dev:arm64 (1:1.2.11.dfsg-2ubuntu9.2) ...
#6 39.22 Setting up xauth (1:1.1-1build2) ...
#6 39.23 Setting up libc-devtools (2.35-0ubuntu3.13) ...
#6 39.23 Setting up g++-11 (11.4.0-1ubuntu1~22.04.3) ...
#6 39.23 Setting up libfile-fcntllock-perl (0.22-3build7) ...
#6 39.24 Setting up libalgorithm-diff-perl (1.201-1) ...
#6 39.24 Setting up dpkg-dev (1.21.1ubuntu2.6) ...
#6 39.25 Setting up libprotobuf-dev:arm64 (3.12.4-1ubuntu7.22.04.6) ...
#6 39.25 Setting up liberror-perl (0.17029-1) ...
#6 39.25 Setting up git (1:2.34.1-1ubuntu1.17) ...
#6 39.26 Setting up g++ (4:11.2.0-1ubuntu1) ...
#6 39.26 update-alternatives: using /usr/bin/g++ to provide /usr/bin/c++ (c++) in auto mode
#6 39.26 update-alternatives: warning: skip creation of /usr/share/man/man1/c++.1.gz because associated file /usr/share/man/man1/g++.1.gz (of link group c++) doesn't exist
#6 39.27 Setting up libprotoc-dev:arm64 (3.12.4-1ubuntu7.22.04.6) ...
#6 39.27 Setting up build-essential (12.9ubuntu3) ...
#6 39.27 Setting up libalgorithm-diff-xs-perl (0.04-6build3) ...
#6 39.27 Setting up libalgorithm-merge-perl (0.08-3) ...
#6 39.28 Processing triggers for libc-bin (2.35-0ubuntu3.13) ...
#6 DONE 39.5s

#7 [3/8] RUN groupadd --gid 1000 gradle &&     useradd --uid 1000 --gid 1000 --shell /bin/bash --create-home gradle
#7 DONE 0.3s

#8 [4/8] RUN mkdir -p /home/gradle/.gradle &&     chown -R gradle:gradle /home/gradle/.gradle
#8 DONE 0.1s

#9 [5/8] RUN echo "org.gradle.daemon=false" >> /home/gradle/.gradle/gradle.properties &&     echo "org.gradle.parallel=true"  >> /home/gradle/.gradle/gradle.properties &&     echo "org.gradle.caching=true"   >> /home/gradle/.gradle/gradle.properties &&     echo "org.gradle.jvmargs=-Xmx2g -XX:+UseG1GC" >> /home/gradle/.gradle/gradle.properties
#9 DONE 0.2s

#10 [6/8] RUN mkdir -p /repo && chown gradle:gradle /repo
#10 DONE 0.2s

#11 [7/8] WORKDIR /repo
#11 DONE 0.0s

#12 [8/8] RUN git config --global --add safe.directory /repo
#12 DONE 0.1s

#13 exporting to image
#13 exporting layers
#13 exporting layers 7.5s done
#13 exporting manifest sha256:95d38ccea742db3256bd0f0680242cc3ee682b50eb4f031adceb24384d29db6f done
#13 exporting config sha256:8d92f7b4fc74d1edfab258a7dfef35f0982e993cfdb4f1c58c8a990da9a22e5b done
#13 exporting attestation manifest sha256:0c64c6b1f3c81cde624ea2a799775cb8e0a60b3f40d8a45b7b5c5f6b2c2fc12c done
#13 exporting manifest list sha256:ad34c0503da8186d9a74751b9243d3773916b34943aa58d59a67be7c40162b41 done
#13 naming to docker.io/library/maven-jdk11:latest done
#13 unpacking to docker.io/library/maven-jdk11:latest
#13 unpacking to docker.io/library/maven-jdk11:latest 2.0s done
#13 DONE 9.6s
--- Setting cache permissions ---
--- Compiling with Gradle (clean assemble -x test) ---
Downloading https://services.gradle.org/distributions/gradle-8.14.3-bin.zip
.............10%.............20%.............30%.............40%.............50%.............60%.............70%.............80%.............90%..............100%

Welcome to Gradle 8.14.3!

Here are the highlights of this release:
 - Java 24 support
 - GraalVM Native Image toolchain selection
 - Enhancements to test reporting
 - Build Authoring improvements

For more details see https://docs.gradle.org/8.14.3/release-notes.html

To honour the JVM settings for this build a single-use Daemon process will be forked. For more on this, please refer to https://docs.gradle.org/8.14.3/userguide/gradle_daemon.html#sec:disabling_the_daemon in the Gradle documentation.
Daemon will be stopped at the end of the build 
  * Skipping the build of Android projects because skipAndroid=true
> Task :buildSrc:compileJava
> Task :buildSrc:compileGroovy NO-SOURCE
> Task :buildSrc:processResources NO-SOURCE
> Task :buildSrc:classes
> Task :buildSrc:jar

> Configure project :grpc-compiler
*** Building codegen requires Protobuf
*** Please refer to https://github.com/grpc/grpc-java/blob/master/COMPILING.md#how-to-build-code-generation-plugin

> Task :clean UP-TO-DATE
> Task :grpc-all:clean UP-TO-DATE
> Task :grpc-alts:clean UP-TO-DATE
> Task :grpc-api:clean UP-TO-DATE
> Task :grpc-auth:clean UP-TO-DATE
> Task :grpc-authz:clean UP-TO-DATE
> Task :grpc-benchmarks:clean UP-TO-DATE
> Task :grpc-bom:clean UP-TO-DATE
> Task :grpc-census:clean UP-TO-DATE
> Task :grpc-compiler:clean UP-TO-DATE
> Task :grpc-context:clean UP-TO-DATE
> Task :grpc-context-override-opentelemetry:clean UP-TO-DATE
> Task :grpc-core:clean UP-TO-DATE
> Task :grpc-gae-interop-testing-jdk8:clean UP-TO-DATE
> Task :grpc-gcp-csm-observability:clean UP-TO-DATE
> Task :grpc-gcp-observability:clean UP-TO-DATE
> Task :grpc-googleapis:clean UP-TO-DATE
> Task :grpc-grpclb:clean UP-TO-DATE
> Task :grpc-inprocess:clean UP-TO-DATE
> Task :grpc-interop-testing:clean UP-TO-DATE
> Task :grpc-istio-interop-testing:clean UP-TO-DATE
> Task :grpc-netty:clean UP-TO-DATE
> Task :grpc-netty-shaded:clean UP-TO-DATE
> Task :grpc-okhttp:clean UP-TO-DATE
> Task :grpc-opentelemetry:clean UP-TO-DATE
> Task :grpc-protobuf:clean UP-TO-DATE
> Task :grpc-protobuf-lite:clean UP-TO-DATE
> Task :grpc-rls:clean UP-TO-DATE
> Task :grpc-s2a:clean UP-TO-DATE
> Task :grpc-services:clean UP-TO-DATE
> Task :grpc-servlet:clean UP-TO-DATE
> Task :grpc-servlet-jakarta:clean UP-TO-DATE
> Task :grpc-stub:clean UP-TO-DATE
> Task :grpc-testing:clean UP-TO-DATE
> Task :grpc-testing-proto:clean UP-TO-DATE
> Task :grpc-util:clean UP-TO-DATE
> Task :grpc-xds:clean UP-TO-DATE
> Task :grpc-gcp-observability:interop:clean UP-TO-DATE
> Task :compileJava NO-SOURCE
> Task :processResources NO-SOURCE
> Task :classes UP-TO-DATE
> Task :jar
> Task :assemble
> Task :grpc-all:checkUpperBoundDeps
> Task :grpc-api:compileContextJava
> Task :grpc-api:processContextResources NO-SOURCE
> Task :grpc-api:contextClasses
> Task :grpc-api:compileJava
> Task :grpc-auth:compileJava
> Task :grpc-core:compileJava
> Task :grpc-alts:protobufDummy UP-TO-DATE
> Task :grpc-api:processResources NO-SOURCE
> Task :grpc-auth:processResources NO-SOURCE
> Task :grpc-context:processResources NO-SOURCE
> Task :grpc-core:processResources
> Task :grpc-netty:processResources
> Task :grpc-protobuf:protobufDummy UP-TO-DATE
> Task :grpc-protobuf:extractProto
> Task :grpc-protobuf:processResources NO-SOURCE
> Task :grpc-protobuf-lite:protobufDummy UP-TO-DATE
> Task :grpc-protobuf-lite:extractProto
> Task :grpc-protobuf-lite:processResources NO-SOURCE
> Task :grpc-stub:processResources NO-SOURCE
> Task :grpc-util:processResources
> Task :grpc-alts:extractIncludeProto
> Task :grpc-alts:extractProto
> Task :grpc-context:compileJava NO-SOURCE
> Task :grpc-netty:compileJava
> Task :grpc-api:classes
> Task :grpc-api:jar
> Task :grpc-context:classes UP-TO-DATE
> Task :grpc-context:jar
> Task :grpc-core:classes
> Task :grpc-core:jar
> Task :grpc-netty:classes
> Task :grpc-netty:jar
> Task :grpc-util:compileJava
> Task :grpc-netty-shaded:compileJava NO-SOURCE
> Task :grpc-netty-shaded:processResources NO-SOURCE
> Task :grpc-netty-shaded:classes UP-TO-DATE
> Task :grpc-util:classes
> Task :grpc-util:jar
> Task :grpc-netty-shaded:shadowJar
> Task :grpc-protobuf:extractIncludeProto
> Task :grpc-protobuf:generateProto NO-SOURCE
> Task :grpc-protobuf-lite:extractIncludeProto
> Task :grpc-protobuf-lite:generateProto NO-SOURCE
> Task :grpc-protobuf-lite:compileJava
> Task :grpc-protobuf:compileJava
> Task :grpc-stub:compileJava
> Task :grpc-alts:processResources
> Task :grpc-auth:classes
> Task :grpc-auth:jar
> Task :grpc-protobuf:classes
> Task :grpc-protobuf:jar
> Task :grpc-protobuf-lite:classes
> Task :grpc-protobuf-lite:jar
> Task :grpc-stub:classes
> Task :grpc-stub:jar
> Task :grpc-compiler:compileJava_pluginExecutableJava_pluginCpp
> Task :grpc-opentelemetry:compileJava
> Task :grpc-services:protobufDummy UP-TO-DATE
> Task :grpc-services:extractIncludeProto
> Task :grpc-services:extractProto
> Task :grpc-services:processResources
> Task :grpc-xds:protobufDummy UP-TO-DATE
> Task :grpc-xds:extractIncludeThirdpartyProto
> Task :grpc-xds:extractThirdpartyProto
> Task :grpc-xds:processThirdpartyResources
> Task :grpc-xds:extractProto
> Task :grpc-xds:processResources
> Task :grpc-grpclb:protobufDummy UP-TO-DATE
> Task :grpc-grpclb:extractIncludeProto
> Task :grpc-grpclb:extractProto
> Task :grpc-grpclb:processResources
> Task :grpc-inprocess:compileJava
> Task :grpc-okhttp:compileJava
> Task :grpc-compiler:linkJava_pluginExecutable
> Task :grpc-compiler:java_pluginExecutable
> Task :grpc-alts:generateProto FAILED

[Incubating] Problems report is available at: file:///repo/build/reports/problems/problems-report.html

FAILURE: Build failed with an exception.

* What went wrong:
Execution failed for task ':grpc-alts:generateProto'.
> java.io.IOException: Cannot run program "/repo/?/.gradle/caches/modules-2/files-2.1/com.google.protobuf/protoc/3.25.8/2a9c5cdd9c8974e7fd1b6649c5051cd72ff94c6f/protoc-3.25.8-linux-aarch_64.exe": error=13, Permission denied

* Try:
> Run with --stacktrace option to get the stack trace.
> Run with --info or --debug option to get more log output.
> Run with --scan to get full insights.
> Get more help at https://help.gradle.org.

Deprecated Gradle features were used in this build, making it incompatible with Gradle 9.0.

You can use '--warning-mode all' to show the individual deprecation warnings and determine if they come from your own scripts or plugins.

For more on this, please refer to https://docs.gradle.org/8.14.3/userguide/command_line_interface.html#sec:command_line_warnings in the Gradle documentation.

BUILD FAILED in 7m 5s
88 actionable tasks: 50 executed, 38 up-to-date
❌ Build Failed
