--- Building grpc-java for a13fca2 ---
--- Container user: 501:20 ---
CPU detected: 8
--- Changing directory to /Users/hasangaranasinghe/Documents/FYP/PORTGPT/patch-backporting/my_java_dataset/repos/grpc-java ---
gradle-cache-grpc-java
gradle-wrapper-grpc-java
--- Building Docker image: maven-jdk11:latest ---
#0 building with "desktop-linux" instance using docker driver

#1 [internal] load build definition from Dockerfile
#1 transferring dockerfile: 1.65kB done
#1 DONE 0.0s

#2 [internal] load metadata for docker.io/library/eclipse-temurin:17-jdk-jammy
#2 ...

#3 [auth] library/eclipse-temurin:pull token for registry-1.docker.io
#3 DONE 0.0s

#2 [internal] load metadata for docker.io/library/eclipse-temurin:17-jdk-jammy
#2 DONE 3.6s

#4 [internal] load .dockerignore
#4 transferring context: 2B done
#4 DONE 0.0s

#5 [1/8] FROM docker.io/library/eclipse-temurin:17-jdk-jammy@sha256:978ed38b7785312f7761bee5e24cfcd7ac2fe466c5f07acee7b322e0bae6d0ec
#5 resolve docker.io/library/eclipse-temurin:17-jdk-jammy@sha256:978ed38b7785312f7761bee5e24cfcd7ac2fe466c5f07acee7b322e0bae6d0ec 0.0s done
#5 DONE 0.0s

#6 [6/8] RUN mkdir -p /repo && chown gradle:gradle /repo
#6 CACHED

#7 [3/8] RUN groupadd --gid 1000 gradle &&     useradd --uid 1000 --gid 1000 --shell /bin/bash --create-home gradle
#7 CACHED

#8 [7/8] WORKDIR /repo
#8 CACHED

#9 [2/8] RUN apt-get update && apt-get install -y     git     rsync     curl     wget     protobuf-compiler     libprotobuf-dev     libprotoc-dev     build-essential     && rm -rf /var/lib/apt/lists/*
#9 CACHED

#10 [4/8] RUN mkdir -p /home/gradle/.gradle &&     chown -R gradle:gradle /home/gradle/.gradle
#10 CACHED

#11 [5/8] RUN echo "org.gradle.daemon=false" >> /home/gradle/.gradle/gradle.properties &&     echo "org.gradle.parallel=true"  >> /home/gradle/.gradle/gradle.properties &&     echo "org.gradle.caching=true"   >> /home/gradle/.gradle/gradle.properties &&     echo "org.gradle.jvmargs=-Xmx2g -XX:+UseG1GC" >> /home/gradle/.gradle/gradle.properties
#11 CACHED

#12 [8/8] RUN git config --global --add safe.directory /repo
#12 CACHED

#13 exporting to image
#13 exporting layers done
#13 exporting manifest sha256:95d38ccea742db3256bd0f0680242cc3ee682b50eb4f031adceb24384d29db6f done
#13 exporting config sha256:8d92f7b4fc74d1edfab258a7dfef35f0982e993cfdb4f1c58c8a990da9a22e5b done
#13 exporting attestation manifest sha256:94c5e87ad05e0a05e0050b713206d2bc6fea370a58d203525ef304e28bd2d170
#13 exporting attestation manifest sha256:94c5e87ad05e0a05e0050b713206d2bc6fea370a58d203525ef304e28bd2d170 done
#13 exporting manifest list sha256:a6fe1c4bee8231ab46b572ea8ce8d832802d3d47799fd188a4a89b285abd2e52 done
#13 naming to docker.io/library/maven-jdk11:latest done
#13 unpacking to docker.io/library/maven-jdk11:latest 0.0s done
#13 DONE 0.1s
--- Setting cache permissions ---
--- Compiling with Gradle (clean assemble -x test) ---
Downloading https://services.gradle.org/distributions/gradle-8.11-bin.zip
.............10%.............20%.............30%.............40%.............50%.............60%.............70%.............80%.............90%.............100%

Welcome to Gradle 8.11!

Here are the highlights of this release:
 - Parallel load and store for Configuration Cache
 - Java compilation errors at the end of the build output
 - Consolidated report for warnings and deprecations

For more details see https://docs.gradle.org/8.11/release-notes.html

To honour the JVM settings for this build a single-use Daemon process will be forked. For more on this, please refer to https://docs.gradle.org/8.11/userguide/gradle_daemon.html#sec:disabling_the_daemon in the Gradle documentation.
Daemon will be stopped at the end of the build 
  * Skipping the build of Android projects because skipAndroid=true
> Task :buildSrc:compileJava
> Task :buildSrc:compileGroovy NO-SOURCE
> Task :buildSrc:processResources NO-SOURCE
> Task :buildSrc:classes
> Task :buildSrc:jar

> Configure project :grpc-compiler
*** Building codegen requires Protobuf
*** Please refer to https://github.com/grpc/grpc-java/blob/master/COMPILING.md#how-to-build-code-generation-plugin

> Task :clean UP-TO-DATE
> Task :grpc-all:clean UP-TO-DATE
> Task :grpc-alts:clean UP-TO-DATE
> Task :grpc-api:clean UP-TO-DATE
> Task :grpc-auth:clean UP-TO-DATE
> Task :grpc-authz:clean UP-TO-DATE
> Task :grpc-benchmarks:clean UP-TO-DATE
> Task :grpc-bom:clean UP-TO-DATE
> Task :grpc-census:clean UP-TO-DATE
> Task :grpc-compiler:clean UP-TO-DATE
> Task :grpc-context:clean UP-TO-DATE
> Task :grpc-context-override-opentelemetry:clean UP-TO-DATE
> Task :grpc-core:clean UP-TO-DATE
> Task :grpc-gae-interop-testing-jdk8:clean UP-TO-DATE
> Task :grpc-gcp-csm-observability:clean UP-TO-DATE
> Task :grpc-gcp-observability:clean UP-TO-DATE
> Task :grpc-googleapis:clean UP-TO-DATE
> Task :grpc-grpclb:clean UP-TO-DATE
> Task :grpc-inprocess:clean UP-TO-DATE
> Task :grpc-interop-testing:clean UP-TO-DATE
> Task :grpc-istio-interop-testing:clean UP-TO-DATE
> Task :grpc-netty:clean UP-TO-DATE
> Task :grpc-netty-shaded:clean UP-TO-DATE
> Task :grpc-okhttp:clean UP-TO-DATE
> Task :grpc-opentelemetry:clean UP-TO-DATE
> Task :grpc-protobuf:clean UP-TO-DATE
> Task :grpc-protobuf-lite:clean UP-TO-DATE
> Task :grpc-rls:clean UP-TO-DATE
> Task :grpc-s2a:clean UP-TO-DATE
> Task :grpc-services:clean UP-TO-DATE
> Task :grpc-servlet:clean UP-TO-DATE
> Task :grpc-servlet-jakarta:clean UP-TO-DATE
> Task :grpc-stub:clean UP-TO-DATE
> Task :grpc-testing:clean UP-TO-DATE
> Task :grpc-testing-proto:clean UP-TO-DATE
> Task :grpc-util:clean UP-TO-DATE
> Task :grpc-xds:clean UP-TO-DATE
> Task :grpc-gcp-observability:interop:clean UP-TO-DATE
> Task :compileJava NO-SOURCE
> Task :processResources NO-SOURCE
> Task :classes UP-TO-DATE
> Task :jar
> Task :assemble
> Task :grpc-all:checkUpperBoundDeps
> Task :grpc-api:compileContextJava
> Task :grpc-api:processContextResources NO-SOURCE
> Task :grpc-api:contextClasses
> Task :grpc-api:compileJava
> Task :grpc-auth:compileJava
> Task :grpc-core:compileJava
> Task :grpc-api:processResources NO-SOURCE
> Task :grpc-auth:processResources NO-SOURCE
> Task :grpc-context:processResources NO-SOURCE
> Task :grpc-core:processResources
> Task :grpc-grpclb:extractProto
> Task :grpc-grpclb:processResources
> Task :grpc-netty:processResources
> Task :grpc-protobuf:extractProto
> Task :grpc-protobuf:processResources NO-SOURCE
> Task :grpc-protobuf-lite:extractProto
> Task :grpc-protobuf-lite:processResources NO-SOURCE
> Task :grpc-stub:processResources NO-SOURCE
> Task :grpc-util:processResources
> Task :grpc-alts:extractIncludeProto
> Task :grpc-alts:extractProto
> Task :grpc-context:compileJava NO-SOURCE
> Task :grpc-grpclb:extractIncludeProto
> Task :grpc-protobuf:extractIncludeProto
> Task :grpc-protobuf:generateProto NO-SOURCE
> Task :grpc-protobuf-lite:extractIncludeProto
> Task :grpc-protobuf-lite:generateProto NO-SOURCE
> Task :grpc-protobuf-lite:compileJava
> Task :grpc-protobuf:compileJava
> Task :grpc-stub:compileJava
> Task :grpc-netty:compileJava
> Task :grpc-api:classes
> Task :grpc-api:jar
> Task :grpc-context:classes UP-TO-DATE
> Task :grpc-context:jar
> Task :grpc-core:classes
> Task :grpc-core:jar
> Task :grpc-netty:classes
> Task :grpc-netty:jar
> Task :grpc-util:compileJava
> Task :grpc-compiler:compileJava_pluginExecutableJava_pluginCpp
> Task :grpc-netty-shaded:compileJava NO-SOURCE
> Task :grpc-netty-shaded:processResources NO-SOURCE
> Task :grpc-netty-shaded:classes UP-TO-DATE
> Task :grpc-util:classes
> Task :grpc-util:jar
> Task :grpc-netty-shaded:shadowJar
> Task :grpc-alts:processResources
> Task :grpc-auth:classes
> Task :grpc-auth:jar
> Task :grpc-protobuf:classes
> Task :grpc-protobuf:jar
> Task :grpc-protobuf-lite:classes
> Task :grpc-protobuf-lite:jar
> Task :grpc-stub:classes
> Task :grpc-stub:jar
> Task :grpc-opentelemetry:compileJava
> Task :grpc-services:extractIncludeProto
> Task :grpc-services:extractProto
> Task :grpc-compiler:linkJava_pluginExecutable
> Task :grpc-compiler:java_pluginExecutable
> Task :grpc-alts:generateProto FAILED
[Incubating] Problems report is available at: file:///repo/build/reports/problems/problems-report.html

FAILURE: Build failed with an exception.

* What went wrong:
Execution failed for task ':grpc-alts:generateProto'.
> java.io.IOException: Cannot run program "/repo/?/.gradle/caches/modules-2/files-2.1/com.google.protobuf/protoc/3.25.5/e4db4ad6ee4b9dbc191897cf9c7ab80fa19adfbe/protoc-3.25.5-linux-aarch_64.exe": error=13, Permission denied

* Try:
> Run with --stacktrace option to get the stack trace.
> Run with --info or --debug option to get more log output.
> Run with --scan to get full insights.
> Get more help at https://help.gradle.org.

Deprecated Gradle features were used in this build, making it incompatible with Gradle 9.0.

You can use '--warning-mode all' to show the individual deprecation warnings and determine if they come from your own scripts or plugins.

For more on this, please refer to https://docs.gradle.org/8.11/userguide/command_line_interface.html#sec:command_line_warnings in the Gradle documentation.

BUILD FAILED in 4m 46s
80 actionable tasks: 42 executed, 38 up-to-date
❌ Build Failed
