--- Building grpc-java for efef0dd ---
--- Container user: 1002:1003 ---
CPU detected: 12
--- Changing directory to /home/hasangaranasinghe/patch-backporting/my_java_dataset/repos/grpc-java ---
gradle-cache-grpc-java
gradle-wrapper-grpc-java
--- Building Docker image: retrofit-grpc-java-builder:37d6dee5 ---
#0 building with "default" instance using docker driver

#1 [internal] load build definition from Dockerfile
#1 transferring dockerfile: 1.65kB done
#1 DONE 0.0s

#2 [internal] load metadata for docker.io/library/eclipse-temurin:17-jdk-jammy
#2 DONE 0.2s

#3 [internal] load .dockerignore
#3 transferring context: 2B done
#3 DONE 0.0s

#4 [1/8] FROM docker.io/library/eclipse-temurin:17-jdk-jammy@sha256:978ed38b7785312f7761bee5e24cfcd7ac2fe466c5f07acee7b322e0bae6d0ec
#4 resolve docker.io/library/eclipse-temurin:17-jdk-jammy@sha256:978ed38b7785312f7761bee5e24cfcd7ac2fe466c5f07acee7b322e0bae6d0ec 0.0s done
#4 DONE 0.0s

#5 [3/8] RUN groupadd --gid 1000 gradle &&     useradd --uid 1000 --gid 1000 --shell /bin/bash --create-home gradle
#5 CACHED

#6 [7/8] WORKDIR /repo
#6 CACHED

#7 [2/8] RUN apt-get update && apt-get install -y     git     rsync     curl     wget     protobuf-compiler     libprotobuf-dev     libprotoc-dev     build-essential     && rm -rf /var/lib/apt/lists/*
#7 CACHED

#8 [4/8] RUN mkdir -p /home/gradle/.gradle &&     chown -R gradle:gradle /home/gradle/.gradle
#8 CACHED

#9 [5/8] RUN echo "org.gradle.daemon=false" >> /home/gradle/.gradle/gradle.properties &&     echo "org.gradle.parallel=true"  >> /home/gradle/.gradle/gradle.properties &&     echo "org.gradle.caching=true"   >> /home/gradle/.gradle/gradle.properties &&     echo "org.gradle.jvmargs=-Xmx2g -XX:+UseG1GC" >> /home/gradle/.gradle/gradle.properties
#9 CACHED

#10 [6/8] RUN mkdir -p /repo && chown gradle:gradle /repo
#10 CACHED

#11 [8/8] RUN git config --global --add safe.directory /repo
#11 CACHED

#12 exporting to image
#12 exporting layers done
#12 exporting manifest sha256:7e38618ba0a2532e902d68092a583e82041bcab05fc1a157c8c4dc8d29548040 done
#12 exporting config sha256:30c9ff93bc8678add9883f8fb86a6f829aed410f4c5096c5a6928ea8fc3cb2e9 done
#12 exporting attestation manifest sha256:192a185ab576961a7f03024e743ddaf1acb06563cdeccc98165f1e1c06bb938b 0.0s done
#12 exporting manifest list sha256:334736285c361ecc8cad8033fd435702a0bc0783172daac41142cb128c71c62b
#12 exporting manifest list sha256:334736285c361ecc8cad8033fd435702a0bc0783172daac41142cb128c71c62b 0.0s done
#12 naming to docker.io/library/retrofit-grpc-java-builder:37d6dee5 done
#12 unpacking to docker.io/library/retrofit-grpc-java-builder:37d6dee5 0.0s done
#12 DONE 0.1s
--- Setting cache permissions ---
--- Compiling with Gradle (clean assemble -x test) ---
Downloading https://services.gradle.org/distributions/gradle-8.14.3-bin.zip
.............10%.............20%.............30%.............40%.............50%.............60%.............70%.............80%.............90%..............100%

Welcome to Gradle 8.14.3!

Here are the highlights of this release:
 - Java 24 support
 - GraalVM Native Image toolchain selection
 - Enhancements to test reporting
 - Build Authoring improvements

For more details see https://docs.gradle.org/8.14.3/release-notes.html

To honour the JVM settings for this build a single-use Daemon process will be forked. For more on this, please refer to https://docs.gradle.org/8.14.3/userguide/gradle_daemon.html#sec:disabling_the_daemon in the Gradle documentation.
Daemon will be stopped at the end of the build 
  * Skipping the build of Android projects because skipAndroid=true
> Task :buildSrc:compileJava
> Task :buildSrc:compileGroovy NO-SOURCE
> Task :buildSrc:processResources NO-SOURCE
> Task :buildSrc:classes
> Task :buildSrc:jar

> Configure project :grpc-compiler
*** Building codegen requires Protobuf
*** Please refer to https://github.com/grpc/grpc-java/blob/master/COMPILING.md#how-to-build-code-generation-plugin

> Task :clean UP-TO-DATE
> Task :grpc-all:clean UP-TO-DATE
> Task :grpc-alts:clean UP-TO-DATE
> Task :grpc-api:clean UP-TO-DATE
> Task :grpc-auth:clean UP-TO-DATE
> Task :grpc-authz:clean UP-TO-DATE
> Task :grpc-benchmarks:clean UP-TO-DATE
> Task :grpc-bom:clean UP-TO-DATE
> Task :grpc-census:clean UP-TO-DATE
> Task :grpc-compiler:clean UP-TO-DATE
> Task :grpc-context:clean UP-TO-DATE
> Task :grpc-context-override-opentelemetry:clean UP-TO-DATE
> Task :grpc-core:clean UP-TO-DATE
> Task :grpc-gae-interop-testing-jdk8:clean UP-TO-DATE
> Task :grpc-gcp-csm-observability:clean UP-TO-DATE
> Task :grpc-gcp-observability:clean UP-TO-DATE
> Task :grpc-googleapis:clean UP-TO-DATE
> Task :grpc-grpclb:clean UP-TO-DATE
> Task :grpc-inprocess:clean UP-TO-DATE
> Task :grpc-interop-testing:clean UP-TO-DATE
> Task :grpc-istio-interop-testing:clean UP-TO-DATE
> Task :grpc-netty:clean UP-TO-DATE
> Task :grpc-netty-shaded:clean UP-TO-DATE
> Task :grpc-okhttp:clean UP-TO-DATE
> Task :grpc-opentelemetry:clean UP-TO-DATE
> Task :grpc-protobuf:clean UP-TO-DATE
> Task :grpc-protobuf-lite:clean UP-TO-DATE
> Task :grpc-rls:clean UP-TO-DATE
> Task :grpc-s2a:clean UP-TO-DATE
> Task :grpc-services:clean UP-TO-DATE
> Task :grpc-servlet:clean UP-TO-DATE
> Task :grpc-servlet-jakarta:clean UP-TO-DATE
> Task :grpc-stub:clean UP-TO-DATE
> Task :grpc-testing:clean UP-TO-DATE
> Task :grpc-testing-proto:clean UP-TO-DATE
> Task :grpc-util:clean UP-TO-DATE
> Task :grpc-xds:clean UP-TO-DATE
> Task :grpc-gcp-observability:interop:clean UP-TO-DATE
> Task :compileJava NO-SOURCE
> Task :processResources NO-SOURCE
> Task :classes UP-TO-DATE
> Task :jar
> Task :assemble
> Task :grpc-all:checkUpperBoundDeps
> Task :grpc-api:compileContextJava
> Task :grpc-api:processContextResources NO-SOURCE
> Task :grpc-api:contextClasses
> Task :grpc-api:compileJava
> Task :grpc-auth:compileJava
> Task :grpc-core:compileJava
> Task :grpc-alts:protobufDummy UP-TO-DATE
> Task :grpc-api:processResources NO-SOURCE
> Task :grpc-auth:processResources NO-SOURCE
> Task :grpc-context:processResources NO-SOURCE
> Task :grpc-core:processResources
> Task :grpc-netty:processResources
> Task :grpc-protobuf:protobufDummy UP-TO-DATE
> Task :grpc-protobuf:extractProto
> Task :grpc-protobuf:processResources NO-SOURCE
> Task :grpc-protobuf-lite:protobufDummy UP-TO-DATE
> Task :grpc-protobuf-lite:extractProto
> Task :grpc-protobuf-lite:processResources NO-SOURCE
> Task :grpc-stub:processResources NO-SOURCE
> Task :grpc-util:processResources
> Task :grpc-alts:extractIncludeProto
> Task :grpc-alts:extractProto
> Task :grpc-context:compileJava NO-SOURCE
> Task :grpc-netty:compileJava
> Task :grpc-api:classes
> Task :grpc-api:jar
> Task :grpc-context:classes UP-TO-DATE
> Task :grpc-context:jar
> Task :grpc-core:classes
> Task :grpc-core:jar
> Task :grpc-netty:classes
> Task :grpc-netty:jar
> Task :grpc-util:compileJava
> Task :grpc-netty-shaded:compileJava NO-SOURCE
> Task :grpc-netty-shaded:processResources NO-SOURCE
> Task :grpc-netty-shaded:classes UP-TO-DATE
> Task :grpc-util:classes
> Task :grpc-util:jar
> Task :grpc-netty-shaded:shadowJar
> Task :grpc-protobuf:extractIncludeProto
> Task :grpc-protobuf:generateProto NO-SOURCE
> Task :grpc-protobuf-lite:extractIncludeProto
> Task :grpc-protobuf-lite:generateProto NO-SOURCE
> Task :grpc-protobuf-lite:compileJava
> Task :grpc-protobuf:compileJava
> Task :grpc-stub:compileJava
> Task :grpc-alts:processResources
> Task :grpc-auth:classes
> Task :grpc-auth:jar
> Task :grpc-protobuf:classes
> Task :grpc-protobuf:jar
> Task :grpc-protobuf-lite:classes
> Task :grpc-protobuf-lite:jar
> Task :grpc-stub:classes
> Task :grpc-stub:jar
> Task :grpc-opentelemetry:compileJava
> Task :grpc-services:protobufDummy UP-TO-DATE
> Task :grpc-services:extractIncludeProto
> Task :grpc-services:extractProto
> Task :grpc-services:processResources
> Task :grpc-xds:protobufDummy UP-TO-DATE
> Task :grpc-xds:extractIncludeThirdpartyProto
> Task :grpc-xds:extractThirdpartyProto
> Task :grpc-xds:processThirdpartyResources
> Task :grpc-xds:extractProto
> Task :grpc-xds:processResources
> Task :grpc-grpclb:protobufDummy UP-TO-DATE
> Task :grpc-grpclb:extractIncludeProto
> Task :grpc-grpclb:extractProto
> Task :grpc-grpclb:processResources
> Task :grpc-inprocess:compileJava
> Task :grpc-okhttp:compileJava
> Task :grpc-rls:protobufDummy UP-TO-DATE
> Task :grpc-rls:extractIncludeProto
> Task :grpc-rls:extractProto
> Task :grpc-servlet:compileJava
> Task :grpc-servlet-jakarta:migrateSourcesMain
> Task :grpc-servlet-jakarta:compileJava
> Task :grpc-testing:compileJava
> Task :grpc-all:processResources NO-SOURCE
> Task :grpc-gcp-csm-observability:processResources NO-SOURCE
> Task :grpc-inprocess:processResources NO-SOURCE
> Task :grpc-inprocess:classes
> Task :grpc-okhttp:processResources
> Task :grpc-okhttp:classes
> Task :grpc-opentelemetry:processResources NO-SOURCE
> Task :grpc-opentelemetry:classes
> Task :grpc-rls:processResources
> Task :grpc-servlet:processResources NO-SOURCE
> Task :grpc-servlet:classes
> Task :grpc-servlet-jakarta:processResources NO-SOURCE
> Task :grpc-servlet-jakarta:classes
> Task :grpc-testing:processResources
> Task :grpc-testing:classes
> Task :grpc-all:sourcesJar
> Task :grpc-alts:checkUpperBoundDeps
> Task :grpc-core:processTestFixturesResources NO-SOURCE
> Task :grpc-testing-proto:protobufDummy UP-TO-DATE
> Task :grpc-testing-proto:extractProto
> Task :grpc-testing-proto:processResources
> Task :grpc-compiler:compileJava_pluginExecutableJava_pluginCpp
> Task :grpc-alts:extractIncludeTestProto
> Task :grpc-alts:extractTestProto
> Task :grpc-api:checkUpperBoundDeps
> Task :grpc-api:javadoc
> Task :grpc-api:javadocJar
> Task :grpc-api:sourcesJar
> Task :grpc-api:assemble
> Task :grpc-auth:checkUpperBoundDeps
> Task :grpc-auth:javadoc
> Task :grpc-auth:javadocJar
> Task :grpc-auth:sourcesJar
> Task :grpc-auth:assemble
> Task :grpc-authz:checkUpperBoundDeps
> Task :grpc-authz:protobufDummy UP-TO-DATE
> Task :grpc-authz:extractProto
> Task :grpc-authz:processResources NO-SOURCE
> Task :grpc-benchmarks:protobufDummy UP-TO-DATE
> Task :grpc-benchmarks:extractProto
> Task :grpc-benchmarks:processResources
> Task :grpc-inprocess:jar
> Task :grpc-okhttp:jar
> Task :grpc-testing:jar
> Task :grpc-benchmarks:extractIncludeJmhProto
> Task :grpc-benchmarks:extractJmhProto
> Task :grpc-benchmarks:extractTestProto
> Task :grpc-bom:assemble UP-TO-DATE
> Task :grpc-census:checkUpperBoundDeps
> Task :grpc-census:compileJava
> Task :grpc-census:processResources NO-SOURCE
> Task :grpc-census:classes
> Task :grpc-census:jar

> Task :grpc-census:javadoc
/repo/census/src/main/java/io/grpc/census/GrpcCensus.java:31: warning: Tag @link: reference not found: io.opencensus.api.OpenCensus
 *  <p>GrpcCensus uses {@link io.opencensus.api.OpenCensus} APIs for instrumentation.
                       ^
1 warning

> Task :grpc-census:javadocJar
> Task :grpc-census:sourcesJar
> Task :grpc-census:assemble
> Task :grpc-compiler:protobufDummy UP-TO-DATE
> Task :grpc-compiler:extractIncludeProto
> Task :grpc-compiler:extractProto
> Task :grpc-compiler:processResources NO-SOURCE
> Task :grpc-context:checkUpperBoundDeps
> Task :grpc-context:javadoc NO-SOURCE
> Task :grpc-context:javadocJar
> Task :grpc-context:sourcesJar
> Task :grpc-context:assemble
> Task :grpc-context-override-opentelemetry:checkUpperBoundDeps
> Task :grpc-context-override-opentelemetry:compileJava
> Task :grpc-context-override-opentelemetry:processResources NO-SOURCE
> Task :grpc-context-override-opentelemetry:classes
> Task :grpc-context-override-opentelemetry:jar
> Task :grpc-context-override-opentelemetry:javadoc
> Task :grpc-context-override-opentelemetry:javadocJar
> Task :grpc-context-override-opentelemetry:sourcesJar
> Task :grpc-context-override-opentelemetry:assemble
> Task :grpc-core:checkUpperBoundDeps
> Task :grpc-core:javadoc NO-SOURCE
> Task :grpc-core:javadocJar
> Task :grpc-core:sourcesJar
> Task :grpc-core:assemble
> Task :grpc-interop-testing:protobufDummy UP-TO-DATE
> Task :grpc-interop-testing:extractProto
> Task :grpc-gae-interop-testing-jdk8:processResources NO-SOURCE
> Task :grpc-googleapis:processResources
> Task :grpc-interop-testing:processResources
> Task :grpc-opentelemetry:jar
> Task :grpc-gcp-csm-observability:checkUpperBoundDeps
> Task :grpc-gcp-csm-observability:sourcesJar
> Task :grpc-gcp-observability:checkUpperBoundDeps
> Task :grpc-gcp-observability:protobufDummy UP-TO-DATE
> Task :grpc-gcp-observability:extractIncludeProto
> Task :grpc-gcp-observability:extractProto
> Task :grpc-gcp-observability:processResources
> Task :grpc-api:processTestFixturesResources NO-SOURCE
> Task :grpc-gcp-observability:extractIncludeTestProto
> Task :grpc-gcp-observability:extractTestProto
> Task :grpc-googleapis:checkUpperBoundDeps
> Task :grpc-googleapis:sourcesJar
> Task :grpc-grpclb:extractIncludeTestProto
> Task :grpc-grpclb:extractTestProto
> Task :grpc-inprocess:checkUpperBoundDeps
> Task :grpc-inprocess:javadoc
> Task :grpc-inprocess:javadocJar
> Task :grpc-inprocess:sourcesJar
> Task :grpc-inprocess:assemble
> Task :grpc-interop-testing:checkUpperBoundDeps
> Task :grpc-interop-testing:extractTestProto
> Task :grpc-istio-interop-testing:protobufDummy UP-TO-DATE
> Task :grpc-istio-interop-testing:extractProto
> Task :grpc-istio-interop-testing:processResources
> Task :grpc-istio-interop-testing:extractTestProto
> Task :grpc-netty:checkUpperBoundDeps
> Task :grpc-netty:javadoc
> Task :grpc-netty:javadocJar
> Task :grpc-netty:sourcesJar
> Task :grpc-netty:assemble
> Task :grpc-netty-shaded:jar
> Task :grpc-netty-shaded:javadoc NO-SOURCE
> Task :grpc-netty-shaded:javadocJar
> Task :grpc-netty-shaded:sourcesJar
> Task :grpc-netty-shaded:assemble
> Task :grpc-okhttp:checkUpperBoundDeps
> Task :grpc-okhttp:javadoc
> Task :grpc-okhttp:javadocJar
> Task :grpc-okhttp:sourcesJar
> Task :grpc-okhttp:assemble
> Task :grpc-opentelemetry:checkUpperBoundDeps
> Task :grpc-opentelemetry:javadoc
> Task :grpc-opentelemetry:javadocJar
> Task :grpc-opentelemetry:sourcesJar
> Task :grpc-opentelemetry:assemble
> Task :grpc-protobuf:checkUpperBoundDeps
> Task :grpc-protobuf:javadoc
> Task :grpc-protobuf:javadocJar
> Task :grpc-protobuf:sourcesJar
> Task :grpc-protobuf:assemble
> Task :grpc-protobuf-lite:checkUpperBoundDeps
> Task :grpc-protobuf-lite:javadoc
> Task :grpc-protobuf-lite:javadocJar
> Task :grpc-protobuf-lite:sourcesJar
> Task :grpc-protobuf-lite:assemble
> Task :grpc-rls:checkUpperBoundDeps
> Task :grpc-rls:extractIncludeTestProto
> Task :grpc-rls:extractTestProto
> Task :grpc-s2a:checkUpperBoundDeps
> Task :grpc-s2a:protobufDummy UP-TO-DATE
> Task :grpc-s2a:extractIncludeProto
> Task :grpc-s2a:extractProto
> Task :grpc-s2a:processResources NO-SOURCE
> Task :grpc-s2a:extractTestProto
> Task :grpc-services:checkUpperBoundDeps
> Task :grpc-services:extractIncludeTestProto
> Task :grpc-services:extractTestProto
> Task :grpc-servlet:checkUpperBoundDeps
> Task :grpc-servlet:compileThreadingTestJava
> Task :grpc-servlet:jar
> Task :grpc-servlet:javadoc
> Task :grpc-servlet:javadocJar
> Task :grpc-servlet:sourcesJar
> Task :grpc-servlet:assemble
> Task :grpc-servlet-jakarta:checkUpperBoundDeps
> Task :grpc-servlet-jakarta:jar
> Task :grpc-servlet-jakarta:javadoc
> Task :grpc-servlet-jakarta:javadocJar
> Task :grpc-servlet-jakarta:sourcesJar
> Task :grpc-servlet-jakarta:assemble
> Task :grpc-stub:checkUpperBoundDeps
> Task :grpc-stub:javadoc
> Task :grpc-stub:javadocJar
> Task :grpc-stub:sourcesJar
> Task :grpc-stub:assemble
> Task :grpc-testing:checkUpperBoundDeps
> Task :grpc-testing:javadoc
> Task :grpc-testing:javadocJar
> Task :grpc-testing:sourcesJar
> Task :grpc-testing:assemble
> Task :grpc-testing-proto:checkUpperBoundDeps
> Task :grpc-testing-proto:extractIncludeProto
> Task :grpc-testing-proto:extractIncludeTestProto
> Task :grpc-testing-proto:extractTestProto
> Task :grpc-util:checkUpperBoundDeps
> Task :grpc-util:javadoc
> Task :grpc-util:javadocJar
> Task :grpc-util:sourcesJar
> Task :grpc-util:assemble
> Task :grpc-util:processTestFixturesResources NO-SOURCE
> Task :grpc-xds:extractTestProto
> Task :grpc-gcp-observability:interop:processResources NO-SOURCE
> Task :grpc-compiler:linkJava_pluginExecutable
> Task :grpc-compiler:java_pluginExecutable
> Task :grpc-alts:generateProto
> Task :grpc-alts:compileJava
> Task :grpc-alts:classes
> Task :grpc-alts:shadowJar
> Task :grpc-services:generateProto

> Task :grpc-services:compileJava
Note: Some input files use or override a deprecated API.
Note: Recompile with -Xlint:deprecation for details.

> Task :grpc-services:classes
> Task :grpc-services:jar
> Task :grpc-xds:generateThirdpartyProto
> Task :grpc-xds:compileThirdpartyJava
> Task :grpc-xds:thirdpartyClasses
> Task :grpc-xds:extractIncludeProto
> Task :grpc-xds:generateProto NO-SOURCE
> Task :grpc-xds:compileJava
> Task :grpc-xds:classes
> Task :grpc-xds:shadowJar
> Task :grpc-gcp-csm-observability:compileJava
> Task :grpc-grpclb:generateProto
> Task :grpc-grpclb:compileJava
> Task :grpc-grpclb:classes
> Task :grpc-grpclb:jar
> Task :grpc-rls:generateProto
> Task :grpc-rls:compileJava
> Task :grpc-xds:jar
> Task :grpc-all:compileJava NO-SOURCE
> Task :grpc-all:classes UP-TO-DATE
> Task :grpc-all:jar
> Task :grpc-gcp-csm-observability:classes
> Task :grpc-rls:classes
> Task :grpc-all:javadoc
> Task :grpc-all:javadocJar
> Task :grpc-all:assemble
> Task :grpc-alts:jar
> Task :grpc-alts:javadoc
> Task :grpc-alts:javadocJar
> Task :grpc-alts:sourcesJar
> Task :grpc-alts:syncGeneratedSourcesmain
> Task :grpc-alts:generateTestProto NO-SOURCE
> Task :grpc-alts:syncGeneratedSourcestest NO-SOURCE
> Task :grpc-alts:syncGeneratedSources
> Task :grpc-alts:assemble
> Task :grpc-authz:extractIncludeProto
> Task :grpc-authz:generateProto NO-SOURCE
> Task :grpc-authz:compileJava
> Task :grpc-authz:classes
> Task :grpc-authz:jar
> Task :grpc-authz:javadoc
> Task :grpc-authz:javadocJar
> Task :grpc-authz:sourcesJar
> Task :grpc-authz:assemble
> Task :grpc-benchmarks:extractIncludeProto
> Task :grpc-benchmarks:generateProto
> Task :grpc-benchmarks:compileJava
> Task :grpc-benchmarks:classes
> Task :grpc-benchmarks:jar
> Task :grpc-benchmarks:benchmark_worker
> Task :grpc-benchmarks:openloop_client
> Task :grpc-benchmarks:qps_client
> Task :grpc-benchmarks:qps_server
> Task :grpc-benchmarks:startScripts SKIPPED
> Task :grpc-benchmarks:distTar
> Task :grpc-benchmarks:distZip
> Task :grpc-benchmarks:javadoc
> Task :grpc-benchmarks:javadocJar
> Task :grpc-benchmarks:sourcesJar
> Task :grpc-benchmarks:generateJmhProto NO-SOURCE
> Task :grpc-benchmarks:syncGeneratedSourcesjmh NO-SOURCE
> Task :grpc-benchmarks:syncGeneratedSourcesmain
> Task :grpc-benchmarks:extractIncludeTestProto
> Task :grpc-benchmarks:generateTestProto NO-SOURCE
> Task :grpc-benchmarks:syncGeneratedSourcestest NO-SOURCE
> Task :grpc-benchmarks:syncGeneratedSources
> Task :grpc-benchmarks:assemble
> Task :grpc-compiler:generateProto NO-SOURCE
> Task :grpc-compiler:compileJava NO-SOURCE
> Task :grpc-compiler:classes UP-TO-DATE
> Task :grpc-compiler:jar
> Task :grpc-compiler:javadoc NO-SOURCE
> Task :grpc-compiler:javadocJar
> Task :grpc-compiler:sourcesJar
> Task :grpc-compiler:assemble
> Task :grpc-interop-testing:extractIncludeProto
> Task :grpc-interop-testing:generateProto
> Task :grpc-interop-testing:compileJava
> Task :grpc-gae-interop-testing-jdk8:compileJava
> Task :grpc-gae-interop-testing-jdk8:classes
> Task :grpc-gcp-csm-observability:jar
> Task :grpc-googleapis:compileJava
> Task :grpc-googleapis:classes
> Task :grpc-googleapis:jar
> Task :grpc-interop-testing:classes
> Task :grpc-interop-testing:jar
> Task :grpc-rls:jar
> Task :grpc-gae-interop-testing-jdk8:war
> Task :grpc-gae-interop-testing-jdk8:explodeWar
> Task :grpc-gae-interop-testing-jdk8:assemble
> Task :grpc-gcp-csm-observability:javadoc
> Task :grpc-gcp-csm-observability:javadocJar
> Task :grpc-gcp-csm-observability:assemble
> Task :grpc-gcp-observability:generateProto
> Task :grpc-gcp-observability:compileJava
> Task :grpc-gcp-observability:classes
> Task :grpc-gcp-observability:jar
> Task :grpc-gcp-observability:javadoc
> Task :grpc-gcp-observability:javadocJar
> Task :grpc-gcp-observability:sourcesJar
> Task :grpc-gcp-observability:syncGeneratedSourcesmain
> Task :grpc-gcp-observability:generateTestProto NO-SOURCE
> Task :grpc-gcp-observability:syncGeneratedSourcestest NO-SOURCE
> Task :grpc-gcp-observability:syncGeneratedSources
> Task :grpc-gcp-observability:assemble
> Task :grpc-googleapis:javadoc
> Task :grpc-googleapis:javadocJar
> Task :grpc-googleapis:assemble
> Task :grpc-grpclb:javadoc
> Task :grpc-grpclb:javadocJar
> Task :grpc-grpclb:sourcesJar
> Task :grpc-grpclb:syncGeneratedSourcesmain
> Task :grpc-grpclb:generateTestProto NO-SOURCE
> Task :grpc-grpclb:syncGeneratedSourcestest NO-SOURCE
> Task :grpc-grpclb:syncGeneratedSources
> Task :grpc-grpclb:assemble
> Task :grpc-interop-testing:grpclb_fallback_test_client
> Task :grpc-interop-testing:grpclb_long_lived_affinity_test_client
> Task :grpc-interop-testing:http2_client
> Task :grpc-interop-testing:reconnect_test_client
> Task :grpc-interop-testing:startScripts
> Task :grpc-interop-testing:stresstest_client
> Task :grpc-interop-testing:test_client
> Task :grpc-interop-testing:test_server
> Task :grpc-interop-testing:xds_federation_test_client
> Task :grpc-interop-testing:xds_test_client
> Task :grpc-interop-testing:xds_test_server
> Task :grpc-interop-testing:distTar
> Task :grpc-interop-testing:distZip
> Task :grpc-interop-testing:javadoc
> Task :grpc-interop-testing:javadocJar
> Task :grpc-interop-testing:sourcesJar
> Task :grpc-interop-testing:syncGeneratedSourcesmain
> Task :grpc-interop-testing:extractIncludeTestProto
> Task :grpc-interop-testing:generateTestProto NO-SOURCE
> Task :grpc-interop-testing:syncGeneratedSourcestest NO-SOURCE
> Task :grpc-interop-testing:syncGeneratedSources
> Task :grpc-interop-testing:assemble
> Task :grpc-istio-interop-testing:extractIncludeProto
> Task :grpc-istio-interop-testing:generateProto
> Task :grpc-istio-interop-testing:compileJava
> Task :grpc-istio-interop-testing:classes
> Task :grpc-istio-interop-testing:jar
> Task :grpc-istio-interop-testing:startScripts
> Task :grpc-istio-interop-testing:distTar
> Task :grpc-istio-interop-testing:distZip
> Task :grpc-istio-interop-testing:syncGeneratedSourcesmain
> Task :grpc-istio-interop-testing:extractIncludeTestProto
> Task :grpc-istio-interop-testing:generateTestProto NO-SOURCE
> Task :grpc-istio-interop-testing:syncGeneratedSourcestest NO-SOURCE
> Task :grpc-istio-interop-testing:syncGeneratedSources
> Task :grpc-istio-interop-testing:assemble

> Task :grpc-rls:javadoc
error: No public or protected classes found to document.
1 error

> Task :grpc-rls:javadocJar
> Task :grpc-rls:sourcesJar
> Task :grpc-rls:syncGeneratedSourcesmain
> Task :grpc-rls:generateTestProto NO-SOURCE
> Task :grpc-rls:syncGeneratedSourcestest NO-SOURCE
> Task :grpc-rls:syncGeneratedSources
> Task :grpc-rls:assemble
> Task :grpc-s2a:generateProto NO-SOURCE
> Task :grpc-s2a:compileJava
> Task :grpc-s2a:classes
> Task :grpc-s2a:jar
> Task :grpc-s2a:javadoc NO-SOURCE
> Task :grpc-s2a:javadocJar
> Task :grpc-s2a:sourcesJar
> Task :grpc-s2a:syncGeneratedSourcesmain NO-SOURCE
> Task :grpc-s2a:extractIncludeTestProto
> Task :grpc-s2a:generateTestProto NO-SOURCE
> Task :grpc-s2a:syncGeneratedSourcestest NO-SOURCE
> Task :grpc-s2a:syncGeneratedSources UP-TO-DATE
> Task :grpc-s2a:assemble
> Task :grpc-services:javadoc
> Task :grpc-services:javadocJar
> Task :grpc-services:sourcesJar
> Task :grpc-services:syncGeneratedSourcesmain
> Task :grpc-services:generateTestProto
> Task :grpc-services:syncGeneratedSourcestest
> Task :grpc-services:syncGeneratedSources
> Task :grpc-services:assemble
> Task :grpc-testing-proto:generateProto
> Task :grpc-testing-proto:compileJava
> Task :grpc-testing-proto:classes
> Task :grpc-testing-proto:jar
> Task :grpc-testing-proto:javadoc
> Task :grpc-testing-proto:javadocJar
> Task :grpc-testing-proto:sourcesJar
> Task :grpc-testing-proto:syncGeneratedSourcesmain
> Task :grpc-testing-proto:generateTestProto NO-SOURCE
> Task :grpc-testing-proto:syncGeneratedSourcestest NO-SOURCE
> Task :grpc-testing-proto:syncGeneratedSources
> Task :grpc-testing-proto:assemble
> Task :grpc-xds:javadoc
> Task :grpc-xds:javadocJar
> Task :grpc-xds:sourcesJar
> Task :grpc-xds:syncGeneratedSourcesmain NO-SOURCE
> Task :grpc-xds:extractIncludeTestProto
> Task :grpc-xds:generateTestProto NO-SOURCE
> Task :grpc-xds:syncGeneratedSourcestest NO-SOURCE
> Task :grpc-xds:syncGeneratedSourcesthirdparty
> Task :grpc-xds:syncGeneratedSources
> Task :grpc-xds:assemble
> Task :grpc-gcp-observability:interop:compileJava
> Task :grpc-gcp-observability:interop:classes
> Task :grpc-gcp-observability:interop:jar
> Task :grpc-gcp-observability:interop:startScripts
> Task :grpc-gcp-observability:interop:distTar
> Task :grpc-gcp-observability:interop:distZip
> Task :grpc-gcp-observability:interop:assemble

[Incubating] Problems report is available at: file:///repo/build/reports/problems/problems-report.html

Deprecated Gradle features were used in this build, making it incompatible with Gradle 9.0.

You can use '--warning-mode all' to show the individual deprecation warnings and determine if they come from your own scripts or plugins.

For more on this, please refer to https://docs.gradle.org/8.14.3/userguide/command_line_interface.html#sec:command_line_warnings in the Gradle documentation.

BUILD SUCCESSFUL in 4m 59s
361 actionable tasks: 323 executed, 38 up-to-date
✅ Build Succeeded