--- Building Hadoop for 2d14dbc ---
--- Worktree mode: skipping git checkout ---
maven-cache-hadoop
--- Building modules: hadoop-common-project/hadoop-common ---
--- Compiling with Maven ---
[[1;34mINFO[m] Scanning for projects...
[[1;34mINFO[m] ------------------------------------------------------------------------
[[1;34mINFO[m] Detecting the operating system and CPU architecture
[[1;34mINFO[m] ------------------------------------------------------------------------
[[1;34mINFO[m] os.detected.name: linux
[[1;34mINFO[m] os.detected.arch: aarch_64
[[1;34mINFO[m] os.detected.bitness: 64
[[1;34mINFO[m] os.detected.version: 6.12
[[1;34mINFO[m] os.detected.version.major: 6
[[1;34mINFO[m] os.detected.version.minor: 12
[[1;34mINFO[m] os.detected.release: ubuntu
[[1;34mINFO[m] os.detected.release.version: 24.04
[[1;34mINFO[m] os.detected.release.like.ubuntu: true
[[1;34mINFO[m] os.detected.release.like.debian: true
[[1;34mINFO[m] os.detected.classifier: linux-aarch_64
[[1;34mINFO[m] [1m------------------------------------------------------------------------[m
[[1;34mINFO[m] [1mReactor Build Order:[m
[[1;34mINFO[m] 
[[1;34mINFO[m] Apache Hadoop Main                                                 [pom]
[[1;34mINFO[m] Apache Hadoop Build Tools                                          [jar]
[[1;34mINFO[m] Apache Hadoop Project POM                                          [pom]
[[1;34mINFO[m] Apache Hadoop Annotations                                          [jar]
[[1;34mINFO[m] Apache Hadoop Project Dist POM                                     [pom]
[[1;34mINFO[m] Apache Hadoop Maven Plugins                               [maven-plugin]
[[1;34mINFO[m] Apache Hadoop MiniKDC                                              [jar]
[[1;34mINFO[m] Apache Hadoop Auth                                                 [jar]
[[1;34mINFO[m] Apache Hadoop Common                                               [jar]
[[1;34mINFO[m] 
[[1;34mINFO[m] [1m-------------------< [0;36morg.apache.hadoop:hadoop-main[0;1m >--------------------[m
[[1;34mINFO[m] [1mBuilding Apache Hadoop Main 3.4.1-SNAPSHOT                         [1/9][m
[[1;34mINFO[m] [1m--------------------------------[ pom ]---------------------------------[m
[[1;34mINFO[m] 
[[1;34mINFO[m] [1m--- [0;32mmaven-enforcer-plugin:3.0.0:enforce[m [1m(default)[m @ [36mhadoop-main[0;1m ---[m
[[1;34mINFO[m] Skipping Rule Enforcement.
[[1;34mINFO[m] 
[[1;34mINFO[m] [1m--- [0;32mmaven-enforcer-plugin:3.0.0:enforce[m [1m(enforce-property)[m @ [36mhadoop-main[0;1m ---[m
[[1;34mINFO[m] Skipping Rule Enforcement.
[[1;34mINFO[m] 
[[1;34mINFO[m] [1m--- [0;32mmaven-enforcer-plugin:3.0.0:enforce[m [1m(banned-illegal-imports)[m @ [36mhadoop-main[0;1m ---[m
[[1;34mINFO[m] Skipping Rule Enforcement.
[[1;34mINFO[m] 
[[1;34mINFO[m] [1m----------------< [0;36morg.apache.hadoop:hadoop-build-tools[0;1m >----------------[m
[[1;34mINFO[m] [1mBuilding Apache Hadoop Build Tools 3.4.1-SNAPSHOT                  [2/9][m
[[1;34mINFO[m] [1m--------------------------------[ jar ]---------------------------------[m
[[1;34mINFO[m] 
[[1;34mINFO[m] [1m--- [0;32mmaven-resources-plugin:3.0.1:copy-resources[m [1m(copy-resources)[m @ [36mhadoop-build-tools[0;1m ---[m
[[1;34mINFO[m] Using 'UTF-8' encoding to copy filtered resources.
[[1;34mINFO[m] Copying 2 resources
[[1;34mINFO[m] 
[[1;34mINFO[m] [1m--- [0;32mmaven-antrun-plugin:1.7:run[m [1m(dummy)[m @ [36mhadoop-build-tools[0;1m ---[m
[[1;34mINFO[m] No ant target defined - SKIPPED
[[1;34mINFO[m] 
[[1;34mINFO[m] [1m--- [0;32mmaven-enforcer-plugin:3.0.0:enforce[m [1m(banned-illegal-imports)[m @ [36mhadoop-build-tools[0;1m ---[m
[[1;34mINFO[m] Skipping Rule Enforcement.
[[1;34mINFO[m] 
[[1;34mINFO[m] [1m--- [0;32mmaven-resources-plugin:3.0.1:resources[m [1m(default-resources)[m @ [36mhadoop-build-tools[0;1m ---[m
[[1;34mINFO[m] Using 'UTF-8' encoding to copy filtered resources.
[[1;34mINFO[m] Copying 2 resources to META-INF
[[1;34mINFO[m] Copying 3 resources
[[1;34mINFO[m] 
[[1;34mINFO[m] [1m--- [0;32mmaven-remote-resources-plugin:1.5:bundle[m [1m(default)[m @ [36mhadoop-build-tools[0;1m ---[m
[[1;34mINFO[m] 
[[1;34mINFO[m] [1m--- [0;32mmaven-compiler-plugin:3.10.1:compile[m [1m(default-compile)[m @ [36mhadoop-build-tools[0;1m ---[m
[[1;34mINFO[m] No sources to compile
[[1;34mINFO[m] 
[[1;34mINFO[m] [1m------------------< [0;36morg.apache.hadoop:hadoop-project[0;1m >------------------[m
[[1;34mINFO[m] [1mBuilding Apache Hadoop Project POM 3.4.1-SNAPSHOT                  [3/9][m
[[1;34mINFO[m] [1m--------------------------------[ pom ]---------------------------------[m
[[1;34mINFO[m] 
[[1;34mINFO[m] [1m--- [0;32mmaven-antrun-plugin:1.7:run[m [1m(create-testdirs)[m @ [36mhadoop-project[0;1m ---[m
[[1;34mINFO[m] Executing tasks

main:
    [mkdir] Created dir: /repo/hadoop-project/target/test-dir
[[1;34mINFO[m] Executed tasks
[[1;34mINFO[m] 
[[1;34mINFO[m] [1m--- [0;32mmaven-enforcer-plugin:3.0.0:enforce[m [1m(banned-illegal-imports)[m @ [36mhadoop-project[0;1m ---[m
[[1;34mINFO[m] Skipping Rule Enforcement.
[[1;34mINFO[m] 
[[1;34mINFO[m] [1m--- [0;32mreplacer:1.5.3:replace[m [1m(replace-generated-sources)[m @ [36mhadoop-project[0;1m ---[m
[[1;34mINFO[m] Skipping
[[1;34mINFO[m] 
[[1;34mINFO[m] [1m--- [0;32mreplacer:1.5.3:replace[m [1m(replace-sources)[m @ [36mhadoop-project[0;1m ---[m
[[1;34mINFO[m] Skipping
[[1;34mINFO[m] 
[[1;34mINFO[m] [1m--- [0;32mmaven-remote-resources-plugin:1.5:process[m [1m(default)[m @ [36mhadoop-project[0;1m ---[m
[[1;34mINFO[m] 
[[1;34mINFO[m] [1m----------------< [0;36morg.apache.hadoop:hadoop-annotations[0;1m >----------------[m
[[1;34mINFO[m] [1mBuilding Apache Hadoop Annotations 3.4.1-SNAPSHOT                  [4/9][m
[[1;34mINFO[m] [1m--------------------------------[ jar ]---------------------------------[m
[[1;34mINFO[m] 
[[1;34mINFO[m] [1m--- [0;32mmaven-antrun-plugin:1.7:run[m [1m(create-testdirs)[m @ [36mhadoop-annotations[0;1m ---[m
[[1;34mINFO[m] Executing tasks

main:
    [mkdir] Created dir: /repo/hadoop-common-project/hadoop-annotations/target/test-dir
[[1;34mINFO[m] Executed tasks
[[1;34mINFO[m] 
[[1;34mINFO[m] [1m--- [0;32mmaven-enforcer-plugin:3.0.0:enforce[m [1m(banned-illegal-imports)[m @ [36mhadoop-annotations[0;1m ---[m
[[1;34mINFO[m] Skipping Rule Enforcement.
[[1;34mINFO[m] 
[[1;34mINFO[m] [1m--- [0;32mreplacer:1.5.3:replace[m [1m(replace-generated-sources)[m @ [36mhadoop-annotations[0;1m ---[m
[[1;34mINFO[m] Skipping
[[1;34mINFO[m] 
[[1;34mINFO[m] [1m--- [0;32mreplacer:1.5.3:replace[m [1m(replace-sources)[m @ [36mhadoop-annotations[0;1m ---[m
[[1;34mINFO[m] Skipping
[[1;34mINFO[m] 
[[1;34mINFO[m] [1m--- [0;32mmaven-remote-resources-plugin:1.5:process[m [1m(default)[m @ [36mhadoop-annotations[0;1m ---[m
[[1;34mINFO[m] 
[[1;34mINFO[m] [1m--- [0;32mmaven-resources-plugin:2.6:resources[m [1m(default-resources)[m @ [36mhadoop-annotations[0;1m ---[m
[[1;34mINFO[m] Using 'UTF-8' encoding to copy filtered resources.
[[1;34mINFO[m] skip non existing resourceDirectory /repo/hadoop-common-project/hadoop-annotations/src/main/resources
[[1;34mINFO[m] Copying 2 resources
[[1;34mINFO[m] 
[[1;34mINFO[m] [1m--- [0;32mmaven-compiler-plugin:3.10.1:compile[m [1m(default-compile)[m @ [36mhadoop-annotations[0;1m ---[m
[[1;34mINFO[m] Compiling 3 source files to /repo/hadoop-common-project/hadoop-annotations/target/classes
[[1;34mINFO[m] 
[[1;34mINFO[m] [1m---------------< [0;36morg.apache.hadoop:hadoop-project-dist[0;1m >----------------[m
[[1;34mINFO[m] [1mBuilding Apache Hadoop Project Dist POM 3.4.1-SNAPSHOT             [5/9][m
[[1;34mINFO[m] [1m--------------------------------[ pom ]---------------------------------[m
[[1;34mINFO[m] 
[[1;34mINFO[m] [1m--- [0;32mmaven-antrun-plugin:1.7:run[m [1m(create-testdirs)[m @ [36mhadoop-project-dist[0;1m ---[m
[[1;34mINFO[m] Executing tasks

main:
    [mkdir] Created dir: /repo/hadoop-project-dist/target/test-dir
    [mkdir] Created dir: /repo/hadoop-project-dist/target/test/data
[[1;34mINFO[m] Executed tasks
[[1;34mINFO[m] 
[[1;34mINFO[m] [1m--- [0;32mmaven-enforcer-plugin:3.0.0:enforce[m [1m(banned-illegal-imports)[m @ [36mhadoop-project-dist[0;1m ---[m
[[1;34mINFO[m] Skipping Rule Enforcement.
[[1;34mINFO[m] 
[[1;34mINFO[m] [1m--- [0;32mreplacer:1.5.3:replace[m [1m(replace-generated-sources)[m @ [36mhadoop-project-dist[0;1m ---[m
[[1;34mINFO[m] Skipping
[[1;34mINFO[m] 
[[1;34mINFO[m] [1m--- [0;32mreplacer:1.5.3:replace[m [1m(replace-sources)[m @ [36mhadoop-project-dist[0;1m ---[m
[[1;34mINFO[m] Skipping
[[1;34mINFO[m] 
[[1;34mINFO[m] [1m--- [0;32mmaven-remote-resources-plugin:1.5:process[m [1m(default)[m @ [36mhadoop-project-dist[0;1m ---[m
[[1;34mINFO[m] 
[[1;34mINFO[m] [1m---------------< [0;36morg.apache.hadoop:hadoop-maven-plugins[0;1m >---------------[m
[[1;34mINFO[m] [1mBuilding Apache Hadoop Maven Plugins 3.4.1-SNAPSHOT                [6/9][m
[[1;34mINFO[m] [1m----------------------------[ maven-plugin ]----------------------------[m
[[1;34mINFO[m] 
[[1;34mINFO[m] [1m--- [0;32mmaven-antrun-plugin:1.7:run[m [1m(create-testdirs)[m @ [36mhadoop-maven-plugins[0;1m ---[m
[[1;34mINFO[m] Executing tasks

main:
    [mkdir] Created dir: /repo/hadoop-maven-plugins/target/test-dir
[[1;34mINFO[m] Executed tasks
[[1;34mINFO[m] 
[[1;34mINFO[m] [1m--- [0;32mmaven-enforcer-plugin:3.0.0:enforce[m [1m(banned-illegal-imports)[m @ [36mhadoop-maven-plugins[0;1m ---[m
[[1;34mINFO[m] Skipping Rule Enforcement.
[[1;34mINFO[m] 
[[1;34mINFO[m] [1m--- [0;32mreplacer:1.5.3:replace[m [1m(replace-generated-sources)[m @ [36mhadoop-maven-plugins[0;1m ---[m
[[1;34mINFO[m] Skipping
[[1;34mINFO[m] 
[[1;34mINFO[m] [1m--- [0;32mreplacer:1.5.3:replace[m [1m(replace-sources)[m @ [36mhadoop-maven-plugins[0;1m ---[m
[[1;34mINFO[m] Skipping
[[1;34mINFO[m] 
[[1;34mINFO[m] [1m--- [0;32mmaven-remote-resources-plugin:1.5:process[m [1m(default)[m @ [36mhadoop-maven-plugins[0;1m ---[m
[[1;34mINFO[m] 
[[1;34mINFO[m] [1m--- [0;32mmaven-resources-plugin:2.6:resources[m [1m(default-resources)[m @ [36mhadoop-maven-plugins[0;1m ---[m
[[1;34mINFO[m] Using 'UTF-8' encoding to copy filtered resources.
[[1;34mINFO[m] skip non existing resourceDirectory /repo/hadoop-maven-plugins/src/main/resources
[[1;34mINFO[m] Copying 2 resources
[[1;34mINFO[m] 
[[1;34mINFO[m] [1m--- [0;32mmaven-compiler-plugin:3.10.1:compile[m [1m(default-compile)[m @ [36mhadoop-maven-plugins[0;1m ---[m
[[1;34mINFO[m] Compiling 11 source files to /repo/hadoop-maven-plugins/target/classes
[[1;34mINFO[m] 
[[1;34mINFO[m] [1m--- [0;32mmaven-plugin-plugin:3.10.1:descriptor[m [1m(default-descriptor)[m @ [36mhadoop-maven-plugins[0;1m ---[m
[[1;33mWARNING[m] 

Some dependencies of Maven Plugins are expected to be in provided scope.
Please make sure that dependencies listed below declared in POM
have set '<scope>provided</scope>' as well.

The following dependencies are in wrong scope:
 * org.apache.maven:maven-plugin-api:jar:3.9.5:compile
 * org.apache.maven:maven-model:jar:3.9.5:compile
 * org.apache.maven:maven-artifact:jar:3.9.5:compile
 * org.apache.maven:maven-core:jar:3.9.5:compile
 * org.apache.maven:maven-settings:jar:3.9.5:compile
 * org.apache.maven:maven-settings-builder:jar:3.9.5:compile
 * org.apache.maven:maven-builder-support:jar:3.9.5:compile
 * org.apache.maven:maven-repository-metadata:jar:3.9.5:compile
 * org.apache.maven:maven-model-builder:jar:3.9.5:compile
 * org.apache.maven:maven-resolver-provider:jar:3.9.5:compile



[[1;34mINFO[m] Using 'UTF-8' encoding to read mojo source files.
[[1;34mINFO[m] java-annotations mojo extractor found 7 mojo descriptors.
[[1;34mINFO[m] java-javadoc mojo extractor found 0 mojo descriptor.
[[1;34mINFO[m] ant mojo extractor found 0 mojo descriptor.
[[1;34mINFO[m] bsh mojo extractor found 0 mojo descriptor.
[[1;34mINFO[m] 
[[1;34mINFO[m] [1m------------------< [0;36morg.apache.hadoop:hadoop-minikdc[0;1m >------------------[m
[[1;34mINFO[m] [1mBuilding Apache Hadoop MiniKDC 3.4.1-SNAPSHOT                      [7/9][m
[[1;34mINFO[m] [1m--------------------------------[ jar ]---------------------------------[m
[[1;34mINFO[m] 
[[1;34mINFO[m] [1m--- [0;32mmaven-antrun-plugin:1.7:run[m [1m(create-testdirs)[m @ [36mhadoop-minikdc[0;1m ---[m
[[1;34mINFO[m] Executing tasks

main:
    [mkdir] Created dir: /repo/hadoop-common-project/hadoop-minikdc/target/test-dir
[[1;34mINFO[m] Executed tasks
[[1;34mINFO[m] 
[[1;34mINFO[m] [1m--- [0;32mmaven-enforcer-plugin:3.0.0:enforce[m [1m(banned-illegal-imports)[m @ [36mhadoop-minikdc[0;1m ---[m
[[1;34mINFO[m] Skipping Rule Enforcement.
[[1;34mINFO[m] 
[[1;34mINFO[m] [1m--- [0;32mreplacer:1.5.3:replace[m [1m(replace-generated-sources)[m @ [36mhadoop-minikdc[0;1m ---[m
[[1;34mINFO[m] Skipping
[[1;34mINFO[m] 
[[1;34mINFO[m] [1m--- [0;32mreplacer:1.5.3:replace[m [1m(replace-sources)[m @ [36mhadoop-minikdc[0;1m ---[m
[[1;34mINFO[m] Skipping
[[1;34mINFO[m] 
[[1;34mINFO[m] [1m--- [0;32mmaven-remote-resources-plugin:1.5:process[m [1m(default)[m @ [36mhadoop-minikdc[0;1m ---[m
[[1;34mINFO[m] 
[[1;34mINFO[m] [1m--- [0;32mmaven-resources-plugin:2.6:resources[m [1m(default-resources)[m @ [36mhadoop-minikdc[0;1m ---[m
[[1;34mINFO[m] Using 'UTF-8' encoding to copy filtered resources.
[[1;34mINFO[m] Copying 1 resource
[[1;34mINFO[m] Copying 2 resources
[[1;34mINFO[m] 
[[1;34mINFO[m] [1m--- [0;32mmaven-compiler-plugin:3.10.1:compile[m [1m(default-compile)[m @ [36mhadoop-minikdc[0;1m ---[m
[[1;34mINFO[m] Compiling 2 source files to /repo/hadoop-common-project/hadoop-minikdc/target/classes
[[1;34mINFO[m] 
[[1;34mINFO[m] [1m-------------------< [0;36morg.apache.hadoop:hadoop-auth[0;1m >--------------------[m
[[1;34mINFO[m] [1mBuilding Apache Hadoop Auth 3.4.1-SNAPSHOT                         [8/9][m
[[1;34mINFO[m] [1m--------------------------------[ jar ]---------------------------------[m
[[1;34mINFO[m] 
[[1;34mINFO[m] [1m--- [0;32mmaven-antrun-plugin:1.7:run[m [1m(create-testdirs)[m @ [36mhadoop-auth[0;1m ---[m
[[1;34mINFO[m] Executing tasks

main:
    [mkdir] Created dir: /repo/hadoop-common-project/hadoop-auth/target/test-dir
[[1;34mINFO[m] Executed tasks
[[1;34mINFO[m] 
[[1;34mINFO[m] [1m--- [0;32mmaven-enforcer-plugin:3.0.0:enforce[m [1m(banned-illegal-imports)[m @ [36mhadoop-auth[0;1m ---[m
[[1;34mINFO[m] Skipping Rule Enforcement.
[[1;34mINFO[m] 
[[1;34mINFO[m] [1m--- [0;32mreplacer:1.5.3:replace[m [1m(replace-generated-sources)[m @ [36mhadoop-auth[0;1m ---[m
[[1;34mINFO[m] Skipping
[[1;34mINFO[m] 
[[1;34mINFO[m] [1m--- [0;32mreplacer:1.5.3:replace[m [1m(replace-sources)[m @ [36mhadoop-auth[0;1m ---[m
[[1;34mINFO[m] Skipping
[[1;34mINFO[m] 
[[1;34mINFO[m] [1m--- [0;32mmaven-remote-resources-plugin:1.5:process[m [1m(default)[m @ [36mhadoop-auth[0;1m ---[m
[[1;34mINFO[m] 
[[1;34mINFO[m] [1m--- [0;32mmaven-resources-plugin:2.6:resources[m [1m(default-resources)[m @ [36mhadoop-auth[0;1m ---[m
[[1;34mINFO[m] Using 'UTF-8' encoding to copy filtered resources.
[[1;34mINFO[m] skip non existing resourceDirectory /repo/hadoop-common-project/hadoop-auth/src/main/resources
[[1;34mINFO[m] Copying 2 resources
[[1;34mINFO[m] 
[[1;34mINFO[m] [1m--- [0;32mmaven-compiler-plugin:3.10.1:compile[m [1m(default-compile)[m @ [36mhadoop-auth[0;1m ---[m
[[1;34mINFO[m] Compiling 33 source files to /repo/hadoop-common-project/hadoop-auth/target/classes
[[1;34mINFO[m] /repo/hadoop-common-project/hadoop-auth/src/main/java/org/apache/hadoop/security/authentication/server/MultiSchemeAuthenticationHandler.java: Some input files use or override a deprecated API.
[[1;34mINFO[m] /repo/hadoop-common-project/hadoop-auth/src/main/java/org/apache/hadoop/security/authentication/server/MultiSchemeAuthenticationHandler.java: Recompile with -Xlint:deprecation for details.
[[1;34mINFO[m] /repo/hadoop-common-project/hadoop-auth/src/main/java/org/apache/hadoop/security/authentication/client/KerberosAuthenticator.java: /repo/hadoop-common-project/hadoop-auth/src/main/java/org/apache/hadoop/security/authentication/client/KerberosAuthenticator.java uses unchecked or unsafe operations.
[[1;34mINFO[m] /repo/hadoop-common-project/hadoop-auth/src/main/java/org/apache/hadoop/security/authentication/client/KerberosAuthenticator.java: Recompile with -Xlint:unchecked for details.
[[1;34mINFO[m] 
[[1;34mINFO[m] [1m------------------< [0;36morg.apache.hadoop:hadoop-common[0;1m >-------------------[m
[[1;34mINFO[m] [1mBuilding Apache Hadoop Common 3.4.1-SNAPSHOT                       [9/9][m
[[1;34mINFO[m] [1m--------------------------------[ jar ]---------------------------------[m
[[1;34mINFO[m] 
[[1;34mINFO[m] [1m--- [0;32mmaven-antrun-plugin:1.7:run[m [1m(create-testdirs)[m @ [36mhadoop-common[0;1m ---[m
[[1;34mINFO[m] Executing tasks

main:
    [mkdir] Created dir: /repo/hadoop-common-project/hadoop-common/target/test-dir
    [mkdir] Created dir: /repo/hadoop-common-project/hadoop-common/target/test/data
[[1;34mINFO[m] Executed tasks
[[1;34mINFO[m] 
[[1;34mINFO[m] [1m--- [0;32mprotobuf-maven-plugin:0.5.1:compile[m [1m(src-compile-protoc)[m @ [36mhadoop-common[0;1m ---[m
[[1;34mINFO[m] Compiling 14 proto file(s) to /repo/hadoop-common-project/hadoop-common/target/generated-sources/java
[[1;34mINFO[m] 
[[1;34mINFO[m] [1m--- [0;32mbuild-helper-maven-plugin:1.9:add-source[m [1m(add-source-legacy-protobuf)[m @ [36mhadoop-common[0;1m ---[m
[[1;34mINFO[m] Source directory: /repo/hadoop-common-project/hadoop-common/src/main/arm-java added.
[[1;34mINFO[m] 
[[1;34mINFO[m] [1m--- [0;32mmaven-enforcer-plugin:3.0.0:enforce[m [1m(banned-illegal-imports)[m @ [36mhadoop-common[0;1m ---[m
[[1;34mINFO[m] Skipping Rule Enforcement.
[[1;34mINFO[m] 
[[1;34mINFO[m] [1m--- [0;32mreplacer:1.5.3:replace[m [1m(replace-generated-sources)[m @ [36mhadoop-common[0;1m ---[m
[[1;34mINFO[m] Replacement run on 14 files.
[[1;34mINFO[m] 
[[1;34mINFO[m] [1m--- [0;32mreplacer:1.5.3:replace[m [1m(replace-sources)[m @ [36mhadoop-common[0;1m ---[m
[[1;34mINFO[m] Replacement run on 1154 files.
[[1;34mINFO[m] 
[[1;34mINFO[m] [1m--- [0;32mhadoop-maven-plugins:3.4.1-SNAPSHOT:version-info[m [1m(version-info)[m @ [36mhadoop-common[0;1m ---[m
[[1;34mINFO[m] SCM: GIT
[[1;34mINFO[m] Computed MD5: 43aa43c7fd1b31167d82598b2c9dc15
[[1;34mINFO[m] 
[[1;34mINFO[m] [1m--- [0;32mhadoop-maven-plugins:3.4.1-SNAPSHOT:resource-gz[m [1m(resource-gz)[m @ [36mhadoop-common[0;1m ---[m
[[1;34mINFO[m] Compressing /repo/hadoop-common-project/hadoop-common/src/main/webapps/static/hadoop.css to /repo/hadoop-common-project/hadoop-common/target/webapps/static/hadoop.css.gz
[[1;34mINFO[m] 
[[1;34mINFO[m] [1m--- [0;32mmaven-remote-resources-plugin:1.5:process[m [1m(default)[m @ [36mhadoop-common[0;1m ---[m
[[1;34mINFO[m] 
[[1;34mINFO[m] [1m--- [0;32mmaven-resources-plugin:2.6:resources[m [1m(default-resources)[m @ [36mhadoop-common[0;1m ---[m
[[1;34mINFO[m] Using 'UTF-8' encoding to copy filtered resources.
[[1;34mINFO[m] Copying 10 resources
[[1;34mINFO[m] Copying 1 resource
[[1;34mINFO[m] Copying 2 resources
[[1;34mINFO[m] 
[[1;34mINFO[m] [1m--- [0;32mmaven-compiler-plugin:3.10.1:compile[m [1m(default-compile)[m @ [36mhadoop-common[0;1m ---[m
[[1;34mINFO[m] Compiling 1174 source files to /repo/hadoop-common-project/hadoop-common/target/classes
[[1;33mWARNING[m] /repo/hadoop-common-project/hadoop-common/src/main/java/org/apache/hadoop/service/launcher/IrqHandler.java:[26,16] sun.misc.Signal is internal proprietary API and may be removed in a future release
[[1;33mWARNING[m] /repo/hadoop-common-project/hadoop-common/src/main/java/org/apache/hadoop/service/launcher/IrqHandler.java:[27,16] sun.misc.SignalHandler is internal proprietary API and may be removed in a future release
[[1;33mWARNING[m] /repo/hadoop-common-project/hadoop-common/src/main/java/org/apache/hadoop/io/nativeio/NativeIO.java:[48,16] sun.misc.Unsafe is internal proprietary API and may be removed in a future release
[[1;33mWARNING[m] /repo/hadoop-common-project/hadoop-common/src/main/java/org/apache/hadoop/util/SignalLogger.java:[22,16] sun.misc.Signal is internal proprietary API and may be removed in a future release
[[1;33mWARNING[m] /repo/hadoop-common-project/hadoop-common/src/main/java/org/apache/hadoop/util/SignalLogger.java:[23,16] sun.misc.SignalHandler is internal proprietary API and may be removed in a future release
[[1;33mWARNING[m] /repo/hadoop-common-project/hadoop-common/src/main/java/org/apache/hadoop/io/FastByteComparisons.java:[27,16] sun.misc.Unsafe is internal proprietary API and may be removed in a future release
[[1;33mWARNING[m] /repo/hadoop-common-project/hadoop-common/src/main/java/org/apache/hadoop/service/launcher/IrqHandler.java:[42,42] sun.misc.SignalHandler is internal proprietary API and may be removed in a future release
[[1;33mWARNING[m] /repo/hadoop-common-project/hadoop-common/src/main/java/org/apache/hadoop/service/launcher/IrqHandler.java:[71,11] sun.misc.Signal is internal proprietary API and may be removed in a future release
[[1;33mWARNING[m] /repo/hadoop-common-project/hadoop-common/src/main/java/org/apache/hadoop/service/launcher/IrqHandler.java:[92,20] sun.misc.Signal is internal proprietary API and may be removed in a future release
[[1;33mWARNING[m] /repo/hadoop-common-project/hadoop-common/src/main/java/org/apache/hadoop/service/launcher/IrqHandler.java:[93,7] sun.misc.Signal is internal proprietary API and may be removed in a future release
[[1;33mWARNING[m] /repo/hadoop-common-project/hadoop-common/src/main/java/org/apache/hadoop/service/launcher/IrqHandler.java:[113,5] sun.misc.Signal is internal proprietary API and may be removed in a future release
[[1;33mWARNING[m] /repo/hadoop-common-project/hadoop-common/src/main/java/org/apache/hadoop/service/launcher/IrqHandler.java:[126,22] sun.misc.Signal is internal proprietary API and may be removed in a future release
[[1;33mWARNING[m] /repo/hadoop-common-project/hadoop-common/src/main/java/org/apache/hadoop/io/nativeio/NativeIO.java:[895,17] sun.misc.Unsafe is internal proprietary API and may be removed in a future release
[[1;33mWARNING[m] /repo/hadoop-common-project/hadoop-common/src/main/java/org/apache/hadoop/io/nativeio/NativeIO.java:[897,7] sun.misc.Unsafe is internal proprietary API and may be removed in a future release
[[1;33mWARNING[m] /repo/hadoop-common-project/hadoop-common/src/main/java/org/apache/hadoop/io/nativeio/NativeIO.java:[897,24] sun.misc.Unsafe is internal proprietary API and may be removed in a future release
[[1;33mWARNING[m] /repo/hadoop-common-project/hadoop-common/src/main/java/org/apache/hadoop/util/SignalLogger.java:[44,43] sun.misc.SignalHandler is internal proprietary API and may be removed in a future release
[[1;33mWARNING[m] /repo/hadoop-common-project/hadoop-common/src/main/java/org/apache/hadoop/util/SignalLogger.java:[46,19] sun.misc.SignalHandler is internal proprietary API and may be removed in a future release
[[1;33mWARNING[m] /repo/hadoop-common-project/hadoop-common/src/main/java/org/apache/hadoop/util/SignalLogger.java:[50,39] sun.misc.Signal is internal proprietary API and may be removed in a future release
[[1;33mWARNING[m] /repo/hadoop-common-project/hadoop-common/src/main/java/org/apache/hadoop/util/SignalLogger.java:[50,21] sun.misc.Signal is internal proprietary API and may be removed in a future release
[[1;33mWARNING[m] /repo/hadoop-common-project/hadoop-common/src/main/java/org/apache/hadoop/util/SignalLogger.java:[59,24] sun.misc.Signal is internal proprietary API and may be removed in a future release
[[1;33mWARNING[m] /repo/hadoop-common-project/hadoop-common/src/main/java/org/apache/hadoop/io/FastByteComparisons.java:[134,20] sun.misc.Unsafe is internal proprietary API and may be removed in a future release
[[1;33mWARNING[m] /repo/hadoop-common-project/hadoop-common/src/main/java/org/apache/hadoop/io/FastByteComparisons.java:[140,22] sun.misc.Unsafe is internal proprietary API and may be removed in a future release
[[1;33mWARNING[m] /repo/hadoop-common-project/hadoop-common/src/main/java/org/apache/hadoop/io/FastByteComparisons.java:[145,29] sun.misc.Unsafe is internal proprietary API and may be removed in a future release
[[1;34mINFO[m] /repo/hadoop-common-project/hadoop-common/src/main/java/org/apache/hadoop/util/GenericOptionsParser.java: Some input files use or override a deprecated API.
[[1;34mINFO[m] /repo/hadoop-common-project/hadoop-common/src/main/java/org/apache/hadoop/util/GenericOptionsParser.java: Recompile with -Xlint:deprecation for details.
[[1;34mINFO[m] /repo/hadoop-common-project/hadoop-common/src/main/java/org/apache/hadoop/fs/FileSystem.java: Some input files use unchecked or unsafe operations.
[[1;34mINFO[m] /repo/hadoop-common-project/hadoop-common/src/main/java/org/apache/hadoop/fs/FileSystem.java: Recompile with -Xlint:unchecked for details.
[[1;34mINFO[m] [1m------------------------------------------------------------------------[m
[[1;34mINFO[m] [1mReactor Summary for Apache Hadoop Main 3.4.1-SNAPSHOT:[m
[[1;34mINFO[m] 
[[1;34mINFO[m] Apache Hadoop Main ................................. [1;32mSUCCESS[m [ 23.069 s]
[[1;34mINFO[m] Apache Hadoop Build Tools .......................... [1;32mSUCCESS[m [ 47.122 s]
[[1;34mINFO[m] Apache Hadoop Project POM .......................... [1;32mSUCCESS[m [  8.838 s]
[[1;34mINFO[m] Apache Hadoop Annotations .......................... [1;32mSUCCESS[m [  4.990 s]
[[1;34mINFO[m] Apache Hadoop Project Dist POM ..................... [1;32mSUCCESS[m [  0.039 s]
[[1;34mINFO[m] Apache Hadoop Maven Plugins ........................ [1;32mSUCCESS[m [01:09 min]
[[1;34mINFO[m] Apache Hadoop MiniKDC .............................. [1;32mSUCCESS[m [ 11.597 s]
[[1;34mINFO[m] Apache Hadoop Auth ................................. [1;32mSUCCESS[m [01:16 min]
[[1;34mINFO[m] Apache Hadoop Common ............................... [1;32mSUCCESS[m [01:18 min]
[[1;34mINFO[m] [1m------------------------------------------------------------------------[m
[[1;34mINFO[m] [1;32mBUILD SUCCESS[m
[[1;34mINFO[m] [1m------------------------------------------------------------------------[m
[[1;34mINFO[m] Total time:  06:31 min
[[1;34mINFO[m] Finished at: 2026-04-28T09:40:27Z
[[1;34mINFO[m] [1m------------------------------------------------------------------------[m
--- Build complete for 2d14dbc ---