2026-04-29 04:07:21,745 - backport - INFO - Row 243 [graylog]: extracting original.patch
2026-04-29 04:07:21,755 - backport - INFO - Row 243: 7 total hunks, 3 after filtering (test/non-Java removed)
2026-04-29 04:07:21,757 - backport - INFO - Row 243 [graylog]: extracting developer.patch
2026-04-29 04:07:21,805 - backport - INFO - Row 243: detected 1 test target(s) from developer.patch
2026-04-29 04:07:22,045 - backport - INFO - Row 243: starting PortGPT backport agent
2026-04-29 04:07:23,251 - backport - WARNING - Row 243: could not apply developer non-source changes — Cmd('git') failed due to: exit code(128)
  cmdline: git apply /tmp/tmp4rhb97rg.patch
  stderr: 'error: corrupt patch at line 98'
2026-04-29 04:07:23,253 - backport - INFO - Row 243: running build/test validation via helpers/
2026-04-29 04:07:23,254 - backport - INFO -   Running build for graylog (helper: graylog2-server)
2026-04-29 04:13:03,007 - backport - INFO -   Running 1 test target(s) for graylog
2026-04-29 04:13:25,928 - backport - INFO - Row 243: SUCCESS (direct)
2026-04-29 06:38:29,290 - backport - INFO - Row 243 [graylog]: extracting original.patch
2026-04-29 06:38:29,300 - backport - INFO - Row 243: 7 total hunks, 3 after filtering (test/non-Java removed)
2026-04-29 06:38:29,302 - backport - INFO - Row 243 [graylog]: extracting developer.patch
2026-04-29 06:38:29,348 - backport - INFO - Row 243: detected 1 test target(s) from developer.patch
2026-04-29 06:38:29,595 - backport - INFO - Row 243: starting PortGPT backport agent
2026-04-29 06:38:30,817 - backport - INFO - Row 243: merged 4 non-source hunk(s) from developer.patch into working tree
2026-04-29 06:38:30,821 - backport - INFO - Row 243: running build/test validation via helpers/
2026-04-29 06:38:30,822 - backport - INFO -   Running build for graylog (helper: graylog2-server)
2026-04-29 06:44:34,545 - backport - INFO -   Running 1 test target(s) for graylog
2026-04-29 06:45:00,822 - backport - INFO - Row 243: SUCCESS (direct)
