--- Building Elasticsearch for 595251d ---
--- Container user: 501:20 ---
CPU detected: 8
--- Changing directory to /Users/hasangaranasinghe/Documents/FYP/PORTGPT/patch-backporting/my_java_dataset/repos/elasticsearch ---
gradle-cache-es
gradle-wrapper-es
--- Docker image maven-jdk11:latest already exists, skipping build ---
--- Setting cache permissions ---
--- Compiling with Gradle (assemble + testClasses, skip tests) ---
mkdir: cannot create directory ‘/root’: Permission denied
Can not write to /root/.m2/copy_reference_file.log. Wrong volume permissions? Carrying on ...
Downloading https://services.gradle.org/distributions/gradle-8.14.1-all.zip
.....................10%.....................20%......................30%.....................40%......................50%.....................60%.....................70%......................80%.....................90%......................100%
To honour the JVM settings for this build a single-use Daemon process will be forked. For more on this, please refer to https://docs.gradle.org/8.14.1/userguide/gradle_daemon.html#sec:disabling_the_daemon in the Gradle documentation.
Daemon JVM discovery is an incubating feature.
Daemon will be stopped at the end of the build 
> Task :build-conventions:compileJava
Note: Some input files use or override a deprecated API.
Note: Recompile with -Xlint:deprecation for details.
Note: /repo/build-conventions/src/main/java/org/elasticsearch/gradle/internal/conventions/LicensingPlugin.java uses unchecked or unsafe operations.
Note: Recompile with -Xlint:unchecked for details.

> Task :build-conventions:pluginDescriptors
> Task :build-conventions:processResources
> Task :build-conventions:classes
> Task :build-conventions:jar
> Task :build-tools:reaper:compileJava
> Task :build-tools:reaper:processResources NO-SOURCE
> Task :build-tools:reaper:classes
> Task :build-tools:reaper:jar
> Task :build-tools-internal:extractPluginRequests
> Task :build-tools-internal:generatePluginAdapters
> Task :build-tools-internal:pluginDescriptors
> Task :build-tools-internal:processResources

> Task :build-tools:compileJava
Note: Some input files use or override a deprecated API.
Note: Recompile with -Xlint:deprecation for details.
Note: Some input files use unchecked or unsafe operations.
Note: Recompile with -Xlint:unchecked for details.

> Task :build-tools:compileGroovy NO-SOURCE
> Task :build-tools:generateVersionProperties
> Task :build-tools:pluginDescriptors
> Task :build-tools:processResources
> Task :build-tools:classes
> Task :build-tools:jar

> Task :build-tools-internal:compileJava
Note: Some input files use or override a deprecated API.
Note: Recompile with -Xlint:deprecation for details.
Note: Some input files use unchecked or unsafe operations.
Note: Recompile with -Xlint:unchecked for details.

> Task :build-tools-internal:compileGroovy
> Task :build-tools-internal:compileGroovyPlugins
> Task :build-tools-internal:classes
> Task :build-tools-internal:jar
=======================================
Elasticsearch Build Hamster says Hello!
  Gradle Version        : 8.14.1
  OS Info               : Linux 6.12.76-linuxkit (aarch64)
  JDK Version           : 21.0.7+6-LTS (Eclipse Temurin)
  JAVA_HOME             : /tmp/.gradle/jdks/eclipse_adoptium-21-aarch64-linux.2
  Random Testing Seed   : 1D44350D6D0C4B5D
  In FIPS 140 mode      : false
=======================================
> Task :rest-api-spec:compileJava NO-SOURCE
> Task :server:processResources

> Task :libs:secure-sm:compileJava
Note: Some input files use or override a deprecated API that is marked for removal.
Note: Recompile with -Xlint:removal for details.

> Task :libs:plugin-api:compileJava
> Task :libs:entitlement:bridge:compileJava
> Task :client:client-benchmark-noop-api-plugin:processResources NO-SOURCE
> Task :client:sniffer:processResources NO-SOURCE
> Task :client:benchmark:processResources
> Task :libs:cli:processResources NO-SOURCE
> Task :libs:core:processResources NO-SOURCE
> Task :libs:logging:compileJava
> Task :libs:dissect:compileJava
> Task :libs:dissect:processResources NO-SOURCE
> Task :libs:dissect:classes
> Task :libs:entitlement:asm-provider:processResources
> Task :libs:entitlement:processResources NO-SOURCE
> Task :libs:geo:compileJava
> Task :libs:geo:processResources NO-SOURCE
> Task :libs:geo:classes
> Task :libs:logging:processResources NO-SOURCE
> Task :libs:logging:classes
> Task :libs:logstash-bridge:processResources NO-SOURCE
> Task :libs:grok:compileJava
> Task :libs:lz4:processResources NO-SOURCE
> Task :libs:native:jna:processResources
> Task :libs:native:processResources NO-SOURCE
> Task :libs:plugin-api:processResources NO-SOURCE
> Task :libs:plugin-api:classes
> Task :libs:plugin-scanner:processResources NO-SOURCE
> Task :libs:secure-sm:processResources NO-SOURCE
> Task :libs:secure-sm:classes
> Task :libs:simdvec:processResources NO-SOURCE
> Task :libs:ssl-config:processResources NO-SOURCE
> Task :libs:tdigest:processResources NO-SOURCE
> Task :libs:x-content:impl:processResources
> Task :libs:x-content:processResources NO-SOURCE
> Task :modules:aggregations:processResources
> Task :modules:analysis-common:processResources
> Task :modules:apm:processResources NO-SOURCE
> Task :modules:data-streams:processResources
> Task :modules:dot-prefix-validation:processResources NO-SOURCE
> Task :modules:health-shards-availability:processResources NO-SOURCE
> Task :modules:ingest-attachment:processResources NO-SOURCE
> Task :libs:grok:processResources
> Task :libs:grok:classes
> Task :modules:ingest-geoip:processResources NO-SOURCE
> Task :modules:ingest-user-agent:processResources
> Task :modules:kibana:processResources NO-SOURCE
> Task :libs:h3:compileJava
> Task :modules:ingest-common:processResources
> Task :modules:lang-mustache:processResources NO-SOURCE
> Task :modules:lang-expression:processResources NO-SOURCE
> Task :libs:h3:processResources NO-SOURCE
> Task :libs:h3:classes
> Task :modules:legacy-geo:processResources NO-SOURCE
> Task :modules:mapper-extras:processResources NO-SOURCE
> Task :modules:percolator:processResources NO-SOURCE
> Task :modules:parent-join:processResources NO-SOURCE
> Task :modules:reindex:processResources NO-SOURCE
> Task :modules:repository-azure:processResources NO-SOURCE
> Task :modules:repository-gcs:processResources NO-SOURCE
> Task :modules:repository-s3:processResources NO-SOURCE
> Task :modules:repository-url:processResources NO-SOURCE
> Task :modules:rest-root:processResources NO-SOURCE
> Task :modules:rank-eval:processResources
> Task :modules:systemd:processResources NO-SOURCE
> Task :modules:transport-netty4:processResources NO-SOURCE
> Task :plugins:analysis-icu:processResources NO-SOURCE
> Task :plugins:analysis-kuromoji:processResources NO-SOURCE
> Task :plugins:analysis-nori:processResources NO-SOURCE
> Task :plugins:analysis-phonetic:processResources NO-SOURCE
> Task :plugins:analysis-smartcn:processResources NO-SOURCE
> Task :plugins:analysis-stempel:processResources NO-SOURCE
> Task :plugins:analysis-ukrainian:processResources NO-SOURCE
> Task :plugins:discovery-azure-classic:processResources NO-SOURCE
> Task :plugins:discovery-ec2:processResources NO-SOURCE
> Task :modules:runtime-fields-common:processResources
> Task :plugins:discovery-gce:processResources NO-SOURCE
> Task :plugins:mapper-annotated-text:processResources
> Task :plugins:mapper-size:processResources NO-SOURCE
> Task :plugins:repository-hdfs:processResources NO-SOURCE
> Task :plugins:store-smb:processResources NO-SOURCE
> Task :libs:plugin-analysis-api:compileJava
> Task :libs:plugin-analysis-api:processResources NO-SOURCE
> Task :libs:plugin-analysis-api:classes
> Task :qa:logging-config:compileJava NO-SOURCE
> Task :qa:logging-config:processResources NO-SOURCE
> Task :qa:logging-config:classes UP-TO-DATE
> Task :plugins:mapper-murmur3:processResources
> Task :qa:packaging:compileJava NO-SOURCE
> Task :qa:packaging:processResources NO-SOURCE
> Task :qa:packaging:classes UP-TO-DATE
> Task :qa:smoke-test-http:compileJava NO-SOURCE
> Task :qa:smoke-test-ingest-with-all-dependencies:compileJava NO-SOURCE
> Task :qa:smoke-test-http:processResources NO-SOURCE
> Task :qa:smoke-test-ingest-with-all-dependencies:processResources NO-SOURCE
> Task :qa:smoke-test-http:classes UP-TO-DATE
> Task :qa:smoke-test-ingest-with-all-dependencies:classes UP-TO-DATE
> Task :qa:system-indices:processResources NO-SOURCE
> Task :qa:logging-spi:processResources
> Task :modules:lang-painless:processResources
> Task :test:metadata-extractor:processResources NO-SOURCE
> Task :test:immutable-collections-patch:compileJava
> Task :test:immutable-collections-patch:processResources NO-SOURCE
> Task :test:immutable-collections-patch:classes
> Task :test:x-content:processResources NO-SOURCE
> Task :test:yaml-rest-runner:processResources NO-SOURCE

> Task :libs:core:compileJava
Note: Some input files use or override a deprecated API that is marked for removal.
Note: Recompile with -Xlint:removal for details.

> Task :test:framework:processResources
> Task :x-pack:plugin:core:template-resources:compileJava
> Task :x-pack:license-tools:processResources
> Task :x-pack:qa:processResources NO-SOURCE
> Task :distribution:tools:ansi-console:processResources NO-SOURCE
> Task :distribution:tools:cli-launcher:processResources NO-SOURCE
> Task :distribution:tools:geoip-cli:processResources
> Task :client:rest:compileJava
> Task :distribution:tools:keystore-cli:processResources
> Task :distribution:tools:java-version-checker:compileJava
> Task :libs:lz4:compileJava
> Task :test:logger-usage:compileJava
> Task :test:test-clusters:compileJava
> Task :libs:native:compileJava
> Task :libs:tdigest:compileJava
> Task :libs:core:classes
> Task :libs:lz4:classes
> Task :client:rest:processResources
> Task :client:rest:classes
> Task :libs:tdigest:classes
> Task :test:logger-usage:processResources NO-SOURCE
> Task :test:logger-usage:classes
> Task :client:test:compileJava
> Task :client:test:processResources NO-SOURCE
> Task :client:test:classes
> Task :distribution:tools:java-version-checker:processResources NO-SOURCE
> Task :distribution:tools:java-version-checker:classes
> Task :test:test-clusters:processResources
> Task :test:test-clusters:classes
> Task :distribution:tools:plugin-cli:processResources
> Task :distribution:tools:server-cli:processResources
> Task :libs:entitlement:agent:processResources NO-SOURCE
> Task :libs:entitlement:bridge:processResources NO-SOURCE
> Task :libs:entitlement:bridge:classes
> Task :modules:lang-painless:spi:processResources NO-SOURCE
> Task :qa:stable-api:logging:compileJava NO-SOURCE
> Task :qa:stable-api:logging:processResources NO-SOURCE
> Task :qa:stable-api:logging:classes UP-TO-DATE
> Task :distribution:tools:windows-service-cli:processResources
> Task :rest-api-spec:processResources
> Task :rest-api-spec:classes
> Task :qa:stable-api:plugin-analysis-api:compileJava NO-SOURCE
> Task :qa:stable-api:plugin-api:compileJava NO-SOURCE
> Task :test:external-modules:test-apm-integration:processResources NO-SOURCE
> Task :qa:stable-api:plugin-api:processResources NO-SOURCE
> Task :qa:stable-api:plugin-api:classes UP-TO-DATE
> Task :test:external-modules:test-delayed-aggs:processResources NO-SOURCE
> Task :qa:stable-api:plugin-analysis-api:processResources NO-SOURCE
> Task :qa:stable-api:plugin-analysis-api:classes UP-TO-DATE
> Task :test:external-modules:test-error-query:processResources NO-SOURCE
> Task :test:external-modules:test-die-with-dignity:processResources NO-SOURCE
> Task :test:external-modules:test-esql-heap-attack:processResources NO-SOURCE
> Task :test:fixtures:aws-ec2-fixture:processResources NO-SOURCE
> Task :test:external-modules:test-jvm-crash:processResources NO-SOURCE
> Task :test:external-modules:test-latency-simulating-directory:processResources NO-SOURCE
> Task :test:fixtures:aws-fixture-utils:processResources NO-SOURCE
> Task :test:fixtures:aws-sts-fixture:processResources NO-SOURCE
> Task :test:fixtures:ec2-imds-fixture:processResources NO-SOURCE
> Task :test:fixtures:gcs-fixture:processResources NO-SOURCE
> Task :test:fixtures:azure-fixture:processResources
> Task :test:fixtures:geoip-fixture:processResources
> Task :test:fixtures:krb5kdc-fixture:processResources
> Task :test:fixtures:minio-fixture:processResources NO-SOURCE
> Task :libs:simdvec:compileJava
> Task :libs:simdvec:classes
> Task :test:fixtures:s3-fixture:processResources NO-SOURCE
> Task :test:fixtures:url-fixture:processResources NO-SOURCE
> Task :libs:native:jna:compileJava
> Task :libs:native:jna:classes
> Task :libs:native:jna:jar
> Task :libs:native:generateJnaProviderManifest
> Task :libs:native:generateJnaProviderImpl
> Task :libs:native:classes
> Task :x-pack:plugin:analytics:processResources NO-SOURCE
> Task :x-pack:plugin:apm-data:processResources
> Task :x-pack:plugin:async:processResources NO-SOURCE
> Task :x-pack:plugin:async-search:processResources NO-SOURCE
> Task :x-pack:plugin:autoscaling:processResources
> Task :x-pack:plugin:blob-cache:processResources NO-SOURCE
> Task :x-pack:plugin:ccr:processResources NO-SOURCE
> Task :x-pack:plugin:core:processResources
> Task :x-pack:plugin:deprecation:processResources NO-SOURCE
> Task :x-pack:plugin:downsample:processResources NO-SOURCE
> Task :x-pack:plugin:enrich:processResources NO-SOURCE
> Task :x-pack:plugin:ent-search:processResources
> Task :x-pack:plugin:eql:processResources

> Task :x-pack:plugin:esql:stringTemplates
context [anonymous] 169:8 attribute NanosMillis isn't defined
context [anonymous] 169:8 attribute NanosMillis isn't defined
context [anonymous] 169:8 attribute NanosMillis isn't defined
context [anonymous] 169:8 attribute NanosMillis isn't defined
context [anonymous] 169:8 attribute NanosMillis isn't defined

> Task :x-pack:plugin:esql:compute:stringTemplates
> Task :x-pack:plugin:esql:compute:ann:compileJava
> Task :x-pack:plugin:esql:compute:ann:processResources NO-SOURCE
> Task :x-pack:plugin:esql:compute:ann:classes
> Task :x-pack:plugin:esql:compute:ann:jar
> Task :x-pack:libs:es-opensaml-security-api:compileJava
> Task :x-pack:libs:es-opensaml-security-api:processResources
> Task :x-pack:libs:es-opensaml-security-api:classes
> Task :x-pack:plugin:esql:processResources
> Task :x-pack:plugin:esql-core:processResources
> Task :x-pack:plugin:fleet:processResources NO-SOURCE
> Task :x-pack:plugin:frozen-indices:processResources NO-SOURCE
> Task :x-pack:plugin:geoip-enterprise-downloader:processResources NO-SOURCE
> Task :x-pack:plugin:graph:processResources NO-SOURCE
> Task :x-pack:libs:es-opensaml-security-api:shadowJar
> Task :x-pack:plugin:identity-provider:processResources
> Task :x-pack:plugin:ilm:processResources
> Task :x-pack:plugin:inference:processResources
> Task :x-pack:plugin:kql:processResources NO-SOURCE
> Task :x-pack:plugin:logsdb:processResources NO-SOURCE
> Task :x-pack:plugin:logstash:processResources NO-SOURCE
> Task :x-pack:plugin:mapper-aggregate-metric:processResources NO-SOURCE
> Task :x-pack:plugin:mapper-constant-keyword:processResources
> Task :x-pack:plugin:mapper-counted-keyword:processResources NO-SOURCE
> Task :x-pack:plugin:mapper-unsigned-long:processResources
> Task :x-pack:plugin:mapper-version:processResources
> Task :x-pack:plugin:migrate:processResources NO-SOURCE
> Task :x-pack:plugin:esql:compute:gen:compileJava
> Task :x-pack:plugin:esql:compute:gen:processResources
> Task :x-pack:plugin:esql:compute:gen:classes
> Task :x-pack:plugin:ml:processResources
> Task :x-pack:plugin:ml-package-loader:processResources NO-SOURCE
> Task :x-pack:plugin:esql:compute:gen:jar
> Task :x-pack:plugin:monitoring:processResources
> Task :x-pack:plugin:old-lucene-versions:processResources
> Task :x-pack:plugin:profiling:processResources
> Task :x-pack:plugin:ql:processResources
> Task :x-pack:plugin:rank-rrf:processResources
> Task :x-pack:plugin:otel-data:processResources
> Task :x-pack:plugin:redact:processResources NO-SOURCE
> Task :x-pack:plugin:repositories-metering-api:processResources NO-SOURCE
> Task :x-pack:plugin:rollup:processResources NO-SOURCE
> Task :x-pack:plugin:search-business-rules:processResources NO-SOURCE
> Task :x-pack:plugin:searchable-snapshots:processResources NO-SOURCE
> Task :x-pack:plugin:security:lib:nimbus-jose-jwt-modified-part1:compileJava NO-SOURCE
> Task :x-pack:plugin:rank-vectors:processResources
> Task :x-pack:plugin:security:lib:nimbus-jose-jwt-modified-part1:processResources NO-SOURCE
> Task :x-pack:plugin:security:lib:nimbus-jose-jwt-modified-part2:processResources NO-SOURCE
> Task :x-pack:plugin:security:lib:nimbus-jose-jwt-modified-part1:classes UP-TO-DATE
> Task :x-pack:plugin:security:lib:nimbus-jose-jwt-modified:processResources NO-SOURCE
> Task :x-pack:plugin:security:processResources
> Task :x-pack:plugin:shutdown:processResources NO-SOURCE
> Task :x-pack:plugin:slm:processResources
> Task :x-pack:plugin:snapshot-based-recoveries:processResources NO-SOURCE
> Task :x-pack:plugin:snapshot-repo-test-kit:processResources
> Task :x-pack:plugin:spatial:processResources

> Task :x-pack:plugin:sql:sql-proto:compileJava
Note: Some input files use or override a deprecated API.
Note: Recompile with -Xlint:deprecation for details.

> Task :x-pack:plugin:sql:processResources
> Task :x-pack:plugin:stack:processResources
> Task :x-pack:plugin:text-structure:processResources NO-SOURCE
> Task :x-pack:plugin:transform:processResources NO-SOURCE
> Task :x-pack:plugin:vector-tile:processResources
> Task :x-pack:plugin:voting-only-node:processResources NO-SOURCE
> Task :x-pack:plugin:watcher:processResources
> Task :x-pack:plugin:wildcard:processResources
> Task :x-pack:plugin:write-load-forecaster:processResources NO-SOURCE
> Task :x-pack:qa:freeze-plugin:processResources NO-SOURCE
> Task :x-pack:qa:runtime-fields:processResources NO-SOURCE
> Task :x-pack:qa:security-example-spi-extension:processResources
> Task :x-pack:plugin:security:lib:nimbus-jose-jwt-modified-part1:shadowJar
> Task :x-pack:plugin:security:lib:nimbus-jose-jwt-modified-part2:compileJava NO-SOURCE
> Task :x-pack:plugin:security:lib:nimbus-jose-jwt-modified-part2:classes UP-TO-DATE
> Task :x-pack:plugin:security:lib:nimbus-jose-jwt-modified-part2:shadowJar
> Task :x-pack:test:idp-fixture:processResources
> Task :x-pack:test:smb-fixture:processResources

> Task :x-pack:plugin:security:lib:nimbus-jose-jwt-modified:compileJava
Note: Some input files use or override a deprecated API that is marked for removal.
Note: Recompile with -Xlint:removal for details.

> Task :x-pack:plugin:security:lib:nimbus-jose-jwt-modified:classes
> Task :libs:entitlement:qa:entitled-plugin:processResources NO-SOURCE
> Task :libs:entitlement:qa:entitlement-test-plugin:processResources NO-SOURCE
> Task :libs:entitlement:tools:common:compileJava
> Task :libs:entitlement:tools:common:processResources NO-SOURCE
> Task :libs:entitlement:tools:common:classes
> Task :libs:entitlement:tools:securitymanager-scanner:compileJava
> Task :libs:entitlement:tools:securitymanager-scanner:processResources NO-SOURCE
> Task :libs:entitlement:tools:securitymanager-scanner:classes
> Task :x-pack:plugin:ccr:qa:processResources NO-SOURCE
> Task :x-pack:plugin:security:lib:nimbus-jose-jwt-modified:shadowJar
> Task :x-pack:plugin:esql:arrow:processResources NO-SOURCE
> Task :x-pack:plugin:esql:compute:processResources NO-SOURCE
> Task :x-pack:plugin:esql-core:test-fixtures:processResources NO-SOURCE
> Task :x-pack:plugin:ql:test-fixtures:processResources NO-SOURCE
> Task :x-pack:plugin:security:cli:processResources
> Task :x-pack:plugin:core:template-resources:processResources
> Task :x-pack:plugin:core:template-resources:classes
> Task :x-pack:plugin:sql:jdbc:processResources
> Task :x-pack:plugin:sql:sql-action:processResources NO-SOURCE
> Task :x-pack:plugin:sql:sql-cli:processResources
> Task :x-pack:plugin:sql:sql-proto:processResources NO-SOURCE
> Task :x-pack:plugin:sql:sql-proto:classes
> Task :x-pack:plugin:async-search:qa:rest:processResources NO-SOURCE
> Task :x-pack:plugin:deprecation:qa:common:processResources NO-SOURCE
> Task :x-pack:plugin:deprecation:qa:early-deprecation-rest:processResources NO-SOURCE
> Task :x-pack:plugin:deprecation:qa:rest:processResources NO-SOURCE
> Task :x-pack:plugin:enrich:qa:common:processResources NO-SOURCE

> Task :x-pack:plugin:sql:sql-client:compileJava
Note: /repo/x-pack/plugin/sql/sql-client/src/main/java/org/elasticsearch/xpack/sql/client/RemoteFailure.java uses or overrides a deprecated API.
Note: Recompile with -Xlint:deprecation for details.

> Task :x-pack:plugin:eql:qa:common:processResources
> Task :x-pack:plugin:sql:sql-client:processResources NO-SOURCE
> Task :x-pack:plugin:sql:sql-client:classes
> Task :x-pack:plugin:eql:qa:correctness:compileJava NO-SOURCE
> Task :x-pack:plugin:eql:qa:correctness:processResources NO-SOURCE
> Task :x-pack:plugin:eql:qa:correctness:classes UP-TO-DATE
> Task :x-pack:plugin:esql:compute:test:processResources NO-SOURCE
> Task :x-pack:plugin:esql:qa:action:processResources NO-SOURCE
> Task :x-pack:plugin:esql:qa:server:processResources
> Task :x-pack:plugin:sql:jdbc:compileJava
> Task :x-pack:plugin:sql:jdbc:classes
> Task :x-pack:plugin:inference:qa:test-service-plugin:processResources
> Task :x-pack:plugin:security:qa:operator-privileges-tests:processResources NO-SOURCE
> Task :x-pack:plugin:security:qa:secondary-auth-actions:processResources
> Task :x-pack:plugin:security:qa:security-basic:processResources NO-SOURCE
> Task :x-pack:plugin:sql:qa:jdbc:processResources
> Task :x-pack:plugin:esql:qa:testFixtures:processResources
> Task :x-pack:plugin:transform:qa:common:processResources NO-SOURCE
> Task :x-pack:plugin:watcher:qa:common:processResources NO-SOURCE
> Task :x-pack:plugin:sql:qa:jdbc:security:compileJava NO-SOURCE
> Task :x-pack:plugin:sql:qa:jdbc:security:processResources NO-SOURCE
> Task :x-pack:plugin:sql:qa:jdbc:security:classes UP-TO-DATE
> Task :x-pack:plugin:sql:qa:server:security:processResources NO-SOURCE
> Task :docs:compileTestJava NO-SOURCE
> Task :docs:copyYamlTestsTask NO-SOURCE
> Task :libs:cli:compileJava
> Task :libs:x-content:compileJava
> Task :x-pack:plugin:sql:qa:server:processResources
> Task :rest-api-spec:compileTestJava NO-SOURCE
> Task :rest-api-spec:copyYamlTestsTask NO-SOURCE
> Task :docs:copyRestApiSpecsTask
> Task :docs:processTestResources NO-SOURCE
> Task :docs:testClasses
> Task :rest-api-spec:copyRestApiSpecsTask
> Task :rest-api-spec:processTestResources NO-SOURCE
> Task :rest-api-spec:testClasses
> Task :client:benchmark:processTestResources NO-SOURCE
> Task :client:client-benchmark-noop-api-plugin:processTestResources NO-SOURCE
> Task :server:generateModulesList
> Task :server:generatePluginsList
> Task :server:processTestResources
> Task :client:test:compileTestJava NO-SOURCE
> Task :client:test:processTestResources NO-SOURCE
> Task :client:test:testClasses UP-TO-DATE
> Task :distribution:docker:compileTestJava NO-SOURCE
> Task :distribution:docker:copyYamlTestsTask NO-SOURCE
> Task :libs:cli:classes
> Task :client:sniffer:compileJava
> Task :client:sniffer:classes
> Task :test:fixtures:old-elasticsearch:compileJava

> Task :client:rest:compileTestJava
Note: Some input files use or override a deprecated API.
Note: Recompile with -Xlint:deprecation for details.

> Task :test:fixtures:old-elasticsearch:processResources NO-SOURCE
> Task :test:fixtures:old-elasticsearch:classes
> Task :test:fixtures:hdfs-fixture:compileJava
> Task :test:fixtures:testcontainer-utils:compileJava
> Task :libs:plugin-scanner:compileJava
> Task :libs:plugin-scanner:classes
> Task :client:rest:processTestResources
> Task :client:rest:testClasses
> Task :libs:cli:processTestResources NO-SOURCE
> Task :libs:core:processTestResources
> Task :libs:dissect:processTestResources
> Task :libs:geo:processTestResources
> Task :libs:grok:processTestResources NO-SOURCE
> Task :x-pack:plugin:sql:sql-cli:compileJava
> Task :x-pack:plugin:sql:sql-cli:classes
> Task :libs:logging:processTestResources NO-SOURCE
> Task :libs:logstash-bridge:processTestResources NO-SOURCE

> Task :libs:x-content:impl:compileJava
Note: Some input files use or override a deprecated API.
Note: Recompile with -Xlint:deprecation for details.

> Task :libs:lz4:processTestResources
> Task :libs:native:processTestResources NO-SOURCE
> Task :libs:plugin-analysis-api:compileTestJava NO-SOURCE
> Task :libs:plugin-analysis-api:processTestResources NO-SOURCE

> Task :test:fixtures:hdfs-fixture:compileJava
Note: /repo/test/fixtures/hdfs-fixture/src/main/java/org/elasticsearch/test/fixtures/hdfs/HdfsFixture.java uses or overrides a deprecated API that is marked for removal.
Note: Recompile with -Xlint:removal for details.

> Task :libs:plugin-analysis-api:testClasses UP-TO-DATE
> Task :libs:h3:processTestResources
> Task :libs:plugin-scanner:processTestResources NO-SOURCE
> Task :libs:secure-sm:processTestResources NO-SOURCE
> Task :libs:simdvec:processTestResources NO-SOURCE

> Task :libs:entitlement:compileJava
Note: /repo/libs/entitlement/src/main/java/org/elasticsearch/entitlement/runtime/api/NotEntitledException.java uses or overrides a deprecated API that is marked for removal.
Note: Recompile with -Xlint:removal for details.

> Task :distribution:docker:copyRestApiSpecsTask
> Task :libs:plugin-api:compileTestJava NO-SOURCE
> Task :libs:x-content:impl:classes

> Task :client:sniffer:compileTestJava
Note: Some input files use or override a deprecated API.
Note: Recompile with -Xlint:deprecation for details.

> Task :libs:entitlement:agent:compileJava
> Task :libs:entitlement:agent:classes
> Task :distribution:docker:processTestResources NO-SOURCE
> Task :distribution:docker:testClasses
> Task :libs:entitlement:processTestResources NO-SOURCE
> Task :libs:plugin-api:processTestResources NO-SOURCE
> Task :libs:plugin-api:testClasses UP-TO-DATE
> Task :libs:tdigest:processTestResources NO-SOURCE
> Task :libs:x-content:processTestResources NO-SOURCE
> Task :modules:aggregations:copyYamlTestsTask NO-SOURCE
> Task :libs:entitlement:asm-provider:compileJava
> Task :libs:entitlement:asm-provider:classes
> Task :modules:aggregations:copyRestApiSpecsTask
> Task :modules:aggregations:processTestResources NO-SOURCE
> Task :modules:analysis-common:copyYamlTestsTask NO-SOURCE
> Task :modules:analysis-common:copyRestApiSpecsTask
> Task :modules:analysis-common:processTestResources
> Task :modules:apm:processTestResources
> Task :modules:data-streams:copyYamlTestsTask NO-SOURCE
> Task :libs:ssl-config:processTestResources
> Task :client:sniffer:processTestResources
> Task :client:sniffer:testClasses
> Task :modules:dot-prefix-validation:copyYamlTestsTask NO-SOURCE
> Task :libs:entitlement:asm-provider:jar
> Task :libs:x-content:impl:jar

> Task :test:fixtures:krb5kdc-fixture:compileJava
Note: /repo/test/fixtures/krb5kdc-fixture/src/main/java/org/elasticsearch/test/fixtures/krb5kdc/Krb5kDcContainer.java uses or overrides a deprecated API.
Note: Recompile with -Xlint:deprecation for details.

> Task :test:fixtures:krb5kdc-fixture:classes
> Task :libs:x-content:generateImplProviderManifest
> Task :test:fixtures:hdfs-fixture:processResources
> Task :test:fixtures:hdfs-fixture:classes
> Task :modules:dot-prefix-validation:copyRestApiSpecsTask
> Task :test:fixtures:testcontainer-utils:processResources NO-SOURCE
> Task :test:fixtures:testcontainer-utils:classes
> Task :test:fixtures:minio-fixture:compileJava
> Task :test:fixtures:minio-fixture:classes
> Task :libs:entitlement:generateAsm-providerProviderManifest
> Task :modules:dot-prefix-validation:processTestResources NO-SOURCE
> Task :modules:health-shards-availability:copyYamlTestsTask NO-SOURCE
> Task :modules:data-streams:copyRestApiSpecsTask
> Task :modules:data-streams:processTestResources NO-SOURCE
> Task :modules:ingest-attachment:copyYamlTestsTask NO-SOURCE
> Task :x-pack:test:smb-fixture:compileJava
> Task :x-pack:test:smb-fixture:classes
> Task :modules:ingest-common:copyYamlTestsTask NO-SOURCE

> Task :x-pack:test:idp-fixture:compileJava
Note: Some input files use or override a deprecated API.
Note: Recompile with -Xlint:deprecation for details.

> Task :x-pack:test:idp-fixture:classes
> Task :modules:ingest-geoip:copyYamlTestsTask NO-SOURCE
> Task :modules:ingest-attachment:copyRestApiSpecsTask
> Task :libs:ssl-config:compileJava
> Task :libs:ssl-config:classes
> Task :modules:ingest-user-agent:copyYamlTestsTask NO-SOURCE
> Task :modules:health-shards-availability:copyRestApiSpecsTask
> Task :modules:health-shards-availability:processTestResources NO-SOURCE
> Task :modules:kibana:processTestResources NO-SOURCE
> Task :modules:lang-expression:copyYamlTestsTask NO-SOURCE
> Task :modules:ingest-geoip:copyRestApiSpecsTask
> Task :libs:entitlement:generateAsm-providerProviderImpl
> Task :libs:entitlement:classes
> Task :modules:lang-mustache:copyYamlTestsTask NO-SOURCE
> Task :modules:ingest-user-agent:copyRestApiSpecsTask
> Task :modules:ingest-user-agent:processTestResources
> Task :modules:lang-painless:copyYamlTestsTask NO-SOURCE
> Task :modules:ingest-common:copyRestApiSpecsTask
> Task :modules:ingest-common:processTestResources NO-SOURCE
> Task :modules:lang-expression:copyRestApiSpecsTask
> Task :modules:lang-expression:processTestResources
> Task :modules:mapper-extras:copyYamlTestsTask NO-SOURCE
> Task :modules:lang-mustache:copyRestApiSpecsTask
> Task :modules:legacy-geo:processTestResources NO-SOURCE
> Task :modules:parent-join:copyYamlTestsTask NO-SOURCE
> Task :modules:ingest-geoip:processTestResources
> Task :modules:lang-mustache:processTestResources
> Task :modules:rank-eval:copyYamlTestsTask NO-SOURCE
> Task :modules:percolator:copyYamlTestsTask NO-SOURCE
> Task :modules:lang-painless:copyRestApiSpecsTask
> Task :modules:lang-painless:processTestResources
> Task :modules:reindex:copyYamlTestsTask NO-SOURCE
> Task :modules:rank-eval:copyRestApiSpecsTask
> Task :modules:rank-eval:processTestResources NO-SOURCE
> Task :modules:repository-azure:copyYamlTestsTask NO-SOURCE
> Task :modules:percolator:copyRestApiSpecsTask
> Task :modules:mapper-extras:copyRestApiSpecsTask
> Task :modules:mapper-extras:processTestResources
> Task :modules:repository-gcs:copyYamlTestsTask NO-SOURCE
> Task :modules:parent-join:copyRestApiSpecsTask
> Task :modules:parent-join:processTestResources NO-SOURCE
> Task :modules:repository-s3:copyYamlTestsTask NO-SOURCE
> Task :modules:reindex:copyRestApiSpecsTask
> Task :modules:repository-azure:copyRestApiSpecsTask
> Task :modules:repository-azure:processTestResources
> Task :modules:repository-url:copyYamlTestsTask NO-SOURCE
> Task :modules:ingest-attachment:processTestResources
> Task :modules:rest-root:copyYamlTestsTask NO-SOURCE
> Task :modules:reindex:processTestResources
> Task :modules:runtime-fields-common:copyYamlTestsTask NO-SOURCE
> Task :modules:repository-gcs:copyRestApiSpecsTask
> Task :modules:repository-s3:copyRestApiSpecsTask
> Task :modules:rest-root:copyRestApiSpecsTask
> Task :modules:rest-root:processTestResources NO-SOURCE
> Task :modules:repository-gcs:processTestResources
> Task :modules:transport-netty4:copyYamlTestsTask NO-SOURCE
> Task :modules:repository-s3:processTestResources
> Task :plugins:analysis-icu:copyYamlTestsTask NO-SOURCE
> Task :modules:systemd:processTestResources
> Task :plugins:analysis-kuromoji:copyYamlTestsTask NO-SOURCE
> Task :modules:transport-netty4:copyRestApiSpecsTask
> Task :modules:transport-netty4:processTestResources
> Task :plugins:analysis-nori:copyYamlTestsTask NO-SOURCE
> Task :libs:x-content:generateImplProviderImpl
> Task :modules:percolator:processTestResources NO-SOURCE
> Task :libs:x-content:classes
> Task :plugins:analysis-smartcn:copyYamlTestsTask NO-SOURCE
> Task :plugins:analysis-phonetic:copyYamlTestsTask NO-SOURCE
> Task :plugins:analysis-kuromoji:copyRestApiSpecsTask
> Task :plugins:analysis-kuromoji:processTestResources
> Task :plugins:analysis-stempel:copyYamlTestsTask NO-SOURCE
> Task :plugins:analysis-nori:copyRestApiSpecsTask
> Task :plugins:analysis-nori:processTestResources
> Task :plugins:analysis-ukrainian:copyYamlTestsTask NO-SOURCE
> Task :plugins:analysis-icu:copyRestApiSpecsTask
> Task :plugins:analysis-smartcn:copyRestApiSpecsTask
> Task :plugins:analysis-phonetic:copyRestApiSpecsTask
> Task :plugins:analysis-smartcn:processTestResources NO-SOURCE
> Task :plugins:discovery-azure-classic:copyYamlTestsTask NO-SOURCE
> Task :plugins:analysis-icu:processTestResources
> Task :plugins:analysis-stempel:copyRestApiSpecsTask
> Task :plugins:analysis-stempel:processTestResources NO-SOURCE
> Task :plugins:discovery-gce:copyYamlTestsTask NO-SOURCE
> Task :plugins:discovery-azure-classic:copyRestApiSpecsTask
> Task :plugins:analysis-ukrainian:copyRestApiSpecsTask
> Task :plugins:analysis-ukrainian:processTestResources NO-SOURCE
> Task :plugins:mapper-annotated-text:copyYamlTestsTask NO-SOURCE
> Task :plugins:discovery-azure-classic:processTestResources
> Task :plugins:mapper-murmur3:copyYamlTestsTask NO-SOURCE
> Task :plugins:discovery-ec2:processTestResources
> Task :plugins:mapper-size:copyYamlTestsTask NO-SOURCE
> Task :plugins:discovery-gce:copyRestApiSpecsTask
> Task :modules:repository-url:copyRestApiSpecsTask
> Task :modules:repository-url:processTestResources
> Task :plugins:analysis-phonetic:processTestResources
> Task :plugins:repository-hdfs:copyYamlTestsTask NO-SOURCE
> Task :plugins:store-smb:copyYamlTestsTask NO-SOURCE
> Task :plugins:mapper-size:copyRestApiSpecsTask
> Task :plugins:mapper-size:processTestResources NO-SOURCE
> Task :plugins:mapper-annotated-text:copyRestApiSpecsTask
> Task :plugins:mapper-annotated-text:processTestResources NO-SOURCE
> Task :qa:ccs-rolling-upgrade-remote-cluster:copyYamlTestsTask NO-SOURCE
> Task :qa:ccs-rolling-upgrade-remote-cluster:copyRestApiSpecsTask NO-SOURCE
> Task :qa:ccs-rolling-upgrade-remote-cluster:processTestResources NO-SOURCE
> Task :qa:evil-tests:processTestResources
> Task :qa:logging-config:processTestResources
> Task :plugins:mapper-murmur3:copyRestApiSpecsTask
> Task :qa:ccs-common-rest:compileTestJava NO-SOURCE
> Task :plugins:mapper-murmur3:processTestResources NO-SOURCE
> Task :qa:logging-spi:processTestResources NO-SOURCE
> Task :qa:multi-cluster-search:copyYamlTestsTask NO-SOURCE
> Task :plugins:store-smb:copyRestApiSpecsTask
> Task :plugins:store-smb:processTestResources
> Task :qa:no-bootstrap-tests:processTestResources NO-SOURCE
> Task :plugins:repository-hdfs:copyRestApiSpecsTask
> Task :plugins:repository-hdfs:processTestResources
> Task :qa:remote-clusters:processTestResources
> Task :qa:repository-multi-version:processTestResources NO-SOURCE
> Task :qa:restricted-loggers:processTestResources NO-SOURCE
> Task :qa:rolling-upgrade-legacy:copyYamlTestsTask NO-SOURCE
> Task :qa:packaging:processTestResources
> Task :qa:smoke-test-http:compileTestJava NO-SOURCE
> Task :qa:smoke-test-http:processTestResources NO-SOURCE
> Task :qa:smoke-test-http:testClasses UP-TO-DATE
> Task :qa:smoke-test-ingest-disabled:compileTestJava NO-SOURCE
> Task :qa:smoke-test-ingest-disabled:copyYamlTestsTask NO-SOURCE
> Task :modules:runtime-fields-common:copyRestApiSpecsTask
> Task :modules:runtime-fields-common:processTestResources NO-SOURCE
> Task :qa:smoke-test-ingest-with-all-dependencies:compileTestJava NO-SOURCE
> Task :qa:smoke-test-ingest-with-all-dependencies:copyYamlTestsTask NO-SOURCE
> Task :qa:ccs-common-rest:copyYamlTestsTask
> Task :plugins:discovery-gce:processTestResources
> Task :qa:smoke-test-multinode:compileTestJava NO-SOURCE
> Task :qa:ccs-common-rest:copyRestApiSpecsTask
> Task :qa:ccs-common-rest:processTestResources NO-SOURCE
> Task :qa:ccs-common-rest:testClasses
> Task :qa:smoke-test-plugins:compileTestJava NO-SOURCE
> Task :qa:smoke-test-plugins:copyYamlTestsTask NO-SOURCE
> Task :server:compileJava
> Task :qa:multi-cluster-search:copyRestApiSpecsTask
> Task :qa:rolling-upgrade-legacy:copyRestApiSpecsTask
> Task :qa:smoke-test-ingest-disabled:copyRestApiSpecsTask
> Task :qa:multi-cluster-search:processTestResources
> Task :qa:smoke-test-ingest-disabled:processTestResources NO-SOURCE
> Task :qa:smoke-test-ingest-disabled:testClasses
> Task :qa:system-indices:processTestResources NO-SOURCE
> Task :test:immutable-collections-patch:compileTestJava NO-SOURCE
> Task :test:immutable-collections-patch:processTestResources NO-SOURCE
> Task :test:immutable-collections-patch:testClasses UP-TO-DATE
> Task :test:logger-usage:processTestResources NO-SOURCE
> Task :test:metadata-extractor:processTestResources NO-SOURCE
> Task :qa:rolling-upgrade-legacy:processTestResources
> Task :test:x-content:processTestResources NO-SOURCE
> Task :test:yaml-rest-runner:copyYamlTestsTask NO-SOURCE
> Task :qa:smoke-test-ingest-with-all-dependencies:copyRestApiSpecsTask
> Task :qa:smoke-test-ingest-with-all-dependencies:processTestResources NO-SOURCE
> Task :qa:smoke-test-ingest-with-all-dependencies:testClasses
> Task :test:framework:processTestResources
> Task :x-pack:plugin:copyYamlTestsTask NO-SOURCE
> Task :x-pack:license-tools:processTestResources
> Task :x-pack:qa:processTestResources NO-SOURCE
> Task :distribution:tools:ansi-console:processTestResources NO-SOURCE
> Task :distribution:tools:cli-launcher:processTestResources NO-SOURCE
> Task :distribution:tools:geoip-cli:processTestResources NO-SOURCE
> Task :distribution:tools:java-version-checker:compileTestJava NO-SOURCE
> Task :distribution:tools:java-version-checker:processTestResources NO-SOURCE
> Task :distribution:tools:java-version-checker:testClasses UP-TO-DATE
> Task :distribution:tools:keystore-cli:processTestResources
> Task :distribution:tools:plugin-cli:processTestResources NO-SOURCE
> Task :distribution:tools:server-cli:processTestResources
> Task :distribution:tools:windows-service-cli:processTestResources NO-SOURCE
> Task :libs:entitlement:agent:compileTestJava NO-SOURCE
> Task :libs:entitlement:agent:processTestResources NO-SOURCE
> Task :libs:entitlement:agent:testClasses UP-TO-DATE
> Task :libs:entitlement:asm-provider:processTestResources NO-SOURCE
> Task :libs:entitlement:bridge:compileTestJava NO-SOURCE
> Task :libs:entitlement:bridge:processTestResources NO-SOURCE
> Task :libs:entitlement:bridge:testClasses UP-TO-DATE
> Task :libs:native:jna:processTestResources NO-SOURCE
> Task :libs:x-content:impl:processTestResources NO-SOURCE
> Task :qa:smoke-test-multinode:copyYamlTestsTask
> Task :qa:smoke-test-plugins:copyRestApiSpecsTask
> Task :qa:smoke-test-plugins:processTestResources NO-SOURCE
> Task :qa:smoke-test-plugins:testClasses
> Task :qa:stable-api:logging:compileTestJava NO-SOURCE
> Task :qa:stable-api:logging:processTestResources NO-SOURCE
> Task :qa:stable-api:logging:testClasses UP-TO-DATE
> Task :qa:stable-api:plugin-analysis-api:compileTestJava NO-SOURCE
> Task :qa:stable-api:plugin-analysis-api:processTestResources NO-SOURCE
> Task :qa:stable-api:plugin-analysis-api:testClasses UP-TO-DATE
> Task :qa:stable-api:plugin-api:compileTestJava NO-SOURCE
> Task :qa:stable-api:plugin-api:processTestResources NO-SOURCE
> Task :qa:stable-api:plugin-api:testClasses UP-TO-DATE
> Task :test:external-modules:test-apm-integration:processTestResources NO-SOURCE
> Task :test:external-modules:test-delayed-aggs:copyYamlTestsTask NO-SOURCE
> Task :qa:mixed-cluster:copyYamlTestsTask
> Task :modules:lang-painless:spi:processTestResources
> Task :test:external-modules:test-die-with-dignity:processTestResources NO-SOURCE
> Task :test:external-modules:test-error-query:copyYamlTestsTask NO-SOURCE
> Task :test:external-modules:test-delayed-aggs:copyRestApiSpecsTask
> Task :test:external-modules:test-delayed-aggs:processTestResources NO-SOURCE
> Task :test:external-modules:test-esql-heap-attack:processTestResources NO-SOURCE
> Task :test:external-modules:test-jvm-crash:processTestResources
> Task :test:external-modules:test-latency-simulating-directory:processTestResources NO-SOURCE
> Task :test:fixtures:aws-ec2-fixture:processTestResources NO-SOURCE
> Task :test:fixtures:aws-fixture-utils:processTestResources NO-SOURCE
> Task :test:fixtures:aws-sts-fixture:processTestResources NO-SOURCE
> Task :test:fixtures:azure-fixture:processTestResources NO-SOURCE
> Task :test:fixtures:ec2-imds-fixture:processTestResources NO-SOURCE
> Task :test:fixtures:gcs-fixture:processTestResources NO-SOURCE
> Task :test:fixtures:geoip-fixture:processTestResources NO-SOURCE
> Task :test:fixtures:hdfs-fixture:compileTestJava NO-SOURCE
> Task :test:external-modules:test-error-query:copyRestApiSpecsTask
> Task :test:fixtures:hdfs-fixture:processTestResources NO-SOURCE
> Task :test:fixtures:hdfs-fixture:testClasses UP-TO-DATE
> Task :test:fixtures:krb5kdc-fixture:processTestResources NO-SOURCE
> Task :test:external-modules:test-error-query:processTestResources NO-SOURCE
> Task :test:fixtures:minio-fixture:processTestResources NO-SOURCE
> Task :test:fixtures:old-elasticsearch:compileTestJava NO-SOURCE
> Task :test:fixtures:old-elasticsearch:processTestResources NO-SOURCE
> Task :test:fixtures:old-elasticsearch:testClasses UP-TO-DATE
> Task :test:fixtures:testcontainer-utils:processTestResources NO-SOURCE
> Task :test:fixtures:url-fixture:processTestResources NO-SOURCE
> Task :x-pack:libs:es-opensaml-security-api:compileTestJava NO-SOURCE
> Task :x-pack:libs:es-opensaml-security-api:processTestResources NO-SOURCE
> Task :x-pack:libs:es-opensaml-security-api:testClasses UP-TO-DATE
> Task :x-pack:plugin:analytics:processTestResources
> Task :x-pack:plugin:apm-data:copyYamlTestsTask NO-SOURCE
> Task :test:yaml-rest-runner:copyRestApiSpecsTask
> Task :test:yaml-rest-runner:processTestResources
> Task :qa:smoke-test-multinode:copyRestApiSpecsTask
> Task :qa:smoke-test-multinode:processTestResources NO-SOURCE
> Task :qa:smoke-test-multinode:testClasses
> Task :x-pack:plugin:copyRestApiSpecsTask
> Task :test:fixtures:s3-fixture:processTestResources NO-SOURCE
> Task :test:test-clusters:compileTestJava
> Task :test:test-clusters:processTestResources NO-SOURCE
> Task :test:test-clusters:testClasses
> Task :x-pack:plugin:autoscaling:processTestResources NO-SOURCE
> Task :x-pack:plugin:processTestResources NO-SOURCE
> Task :x-pack:plugin:core:copyYamlTestsTask NO-SOURCE
> Task :x-pack:plugin:ccr:copyYamlTestsTask NO-SOURCE
> Task :x-pack:plugin:async-search:processTestResources
> Task :x-pack:plugin:blob-cache:processTestResources
> Task :x-pack:plugin:downsample:processTestResources NO-SOURCE
> Task :x-pack:plugin:enrich:processTestResources NO-SOURCE
> Task :x-pack:plugin:ent-search:copyYamlTestsTask NO-SOURCE
> Task :qa:mixed-cluster:copyRestApiSpecsTask
> Task :qa:mixed-cluster:processTestResources NO-SOURCE
> Task :x-pack:plugin:async:processTestResources
> Task :x-pack:plugin:deprecation:processTestResources
> Task :x-pack:plugin:esql:processTestResources
> Task :x-pack:plugin:fleet:copyYamlTestsTask NO-SOURCE
> Task :x-pack:plugin:ccr:copyRestApiSpecsTask
> Task :x-pack:plugin:ccr:processTestResources
> Task :x-pack:plugin:frozen-indices:processTestResources NO-SOURCE
> Task :x-pack:plugin:geoip-enterprise-downloader:copyYamlTestsTask NO-SOURCE
> Task :x-pack:plugin:geoip-enterprise-downloader:copyRestApiSpecsTask NO-SOURCE
> Task :x-pack:plugin:geoip-enterprise-downloader:processTestResources NO-SOURCE
> Task :x-pack:plugin:graph:processTestResources
> Task :x-pack:plugin:eql:processTestResources
> Task :x-pack:plugin:ilm:processTestResources NO-SOURCE
> Task :x-pack:plugin:inference:copyYamlTestsTask NO-SOURCE
> Task :x-pack:plugin:esql-core:processTestResources
> Task :x-pack:plugin:kql:copyYamlTestsTask NO-SOURCE
> Task :x-pack:plugin:identity-provider:processTestResources
> Task :x-pack:plugin:logsdb:copyYamlTestsTask NO-SOURCE
> Task :x-pack:plugin:inference:copyRestApiSpecsTask
> Task :x-pack:plugin:inference:processTestResources
> Task :x-pack:plugin:ent-search:copyRestApiSpecsTask
> Task :x-pack:plugin:ent-search:processTestResources
> Task :x-pack:plugin:mapper-aggregate-metric:processTestResources NO-SOURCE
> Task :x-pack:plugin:logsdb:copyRestApiSpecsTask
> Task :x-pack:plugin:mapper-constant-keyword:copyYamlTestsTask NO-SOURCE
> Task :x-pack:plugin:logsdb:processTestResources NO-SOURCE
> Task :x-pack:plugin:mapper-counted-keyword:processTestResources NO-SOURCE
> Task :x-pack:plugin:mapper-unsigned-long:copyYamlTestsTask NO-SOURCE
> Task :x-pack:plugin:mapper-unsigned-long:copyRestApiSpecsTask
> Task :x-pack:plugin:mapper-unsigned-long:processTestResources NO-SOURCE
> Task :x-pack:plugin:mapper-version:copyYamlTestsTask NO-SOURCE
> Task :x-pack:plugin:apm-data:copyRestApiSpecsTask
> Task :x-pack:plugin:core:copyRestApiSpecsTask
> Task :x-pack:plugin:fleet:copyRestApiSpecsTask
> Task :x-pack:plugin:fleet:processTestResources NO-SOURCE
> Task :x-pack:plugin:migrate:processTestResources
> Task :x-pack:plugin:ml:processTestResources
> Task :x-pack:plugin:kql:copyRestApiSpecsTask
> Task :x-pack:plugin:ml-package-loader:processTestResources
> Task :x-pack:plugin:kql:processTestResources
> Task :x-pack:plugin:old-lucene-versions:processTestResources
> Task :x-pack:plugin:otel-data:copyYamlTestsTask NO-SOURCE
> Task :x-pack:plugin:monitoring:processTestResources
> Task :x-pack:plugin:profiling:processTestResources NO-SOURCE
> Task :x-pack:plugin:ql:processTestResources
> Task :x-pack:plugin:rank-rrf:copyYamlTestsTask NO-SOURCE
> Task :x-pack:plugin:logstash:processTestResources
> Task :x-pack:plugin:rank-vectors:processTestResources NO-SOURCE
> Task :x-pack:plugin:redact:processTestResources NO-SOURCE
> Task :x-pack:plugin:mapper-constant-keyword:copyRestApiSpecsTask
> Task :x-pack:plugin:mapper-constant-keyword:processTestResources NO-SOURCE
> Task :x-pack:plugin:rollup:processTestResources NO-SOURCE
> Task :x-pack:plugin:search-business-rules:processTestResources NO-SOURCE
> Task :x-pack:plugin:searchable-snapshots:processTestResources
> Task :x-pack:plugin:mapper-version:copyRestApiSpecsTask
> Task :x-pack:plugin:repositories-metering-api:processTestResources NO-SOURCE
> Task :x-pack:plugin:apm-data:processTestResources NO-SOURCE
> Task :x-pack:plugin:slm:copyYamlTestsTask NO-SOURCE
> Task :x-pack:plugin:mapper-version:processTestResources NO-SOURCE
> Task :x-pack:plugin:shutdown:processTestResources NO-SOURCE
> Task :x-pack:plugin:snapshot-repo-test-kit:processTestResources NO-SOURCE
> Task :x-pack:plugin:core:processTestResources
> Task :x-pack:plugin:spatial:processTestResources
> Task :x-pack:plugin:stack:copyYamlTestsTask NO-SOURCE
> Task :x-pack:plugin:sql:processTestResources
> Task :x-pack:plugin:text-structure:processTestResources NO-SOURCE
> Task :x-pack:plugin:transform:processTestResources
> Task :x-pack:plugin:vector-tile:processTestResources
> Task :x-pack:plugin:voting-only-node:processTestResources NO-SOURCE
> Task :x-pack:plugin:otel-data:copyRestApiSpecsTask
> Task :x-pack:plugin:snapshot-based-recoveries:processTestResources NO-SOURCE
> Task :x-pack:plugin:wildcard:copyYamlTestsTask NO-SOURCE
> Task :x-pack:plugin:otel-data:processTestResources NO-SOURCE
> Task :x-pack:plugin:write-load-forecaster:processTestResources NO-SOURCE
> Task :x-pack:plugin:watcher:processTestResources
> Task :x-pack:qa:evil-tests:processTestResources
> Task :x-pack:qa:freeze-plugin:processTestResources NO-SOURCE
> Task :x-pack:qa:openldap-tests:processTestResources NO-SOURCE
> Task :x-pack:qa:reindex-tests-with-security:compileTestJava NO-SOURCE
> Task :x-pack:qa:reindex-tests-with-security:copyYamlTestsTask NO-SOURCE
> Task :x-pack:plugin:slm:copyRestApiSpecsTask
> Task :x-pack:plugin:slm:processTestResources NO-SOURCE
> Task :x-pack:plugin:rank-rrf:copyRestApiSpecsTask
> Task :x-pack:qa:repository-old-versions:copyYamlTestsTask
> Task :x-pack:plugin:rank-rrf:processTestResources NO-SOURCE
> Task :x-pack:qa:rolling-upgrade:copyYamlTestsTask NO-SOURCE
> Task :x-pack:qa:repository-old-versions:copyRestApiSpecsTask
> Task :x-pack:qa:repository-old-versions:processTestResources
> Task :x-pack:qa:rolling-upgrade-basic:processTestResources NO-SOURCE
> Task :x-pack:qa:rolling-upgrade-multi-cluster:processTestResources NO-SOURCE
> Task :x-pack:qa:runtime-fields:processTestResources NO-SOURCE
> Task :x-pack:qa:security-example-spi-extension:processTestResources
> Task :x-pack:plugin:stack:copyRestApiSpecsTask
> Task :x-pack:plugin:stack:processTestResources
> Task :x-pack:qa:smoke-test-plugins:compileTestJava NO-SOURCE
> Task :x-pack:qa:smoke-test-plugins:copyYamlTestsTask NO-SOURCE
> Task :x-pack:qa:security-tools-tests:processTestResources
> Task :x-pack:qa:smoke-test-plugins-ssl:compileTestJava NO-SOURCE
> Task :x-pack:qa:smoke-test-plugins-ssl:copyYamlTestsTask NO-SOURCE
> Task :x-pack:plugin:security:processTestResources
> Task :x-pack:qa:smoke-test-security-with-mustache:compileTestJava NO-SOURCE
> Task :x-pack:qa:smoke-test-security-with-mustache:copyYamlTestsTask NO-SOURCE
> Task :x-pack:qa:smoke-test-security-with-mustache:copyRestApiSpecsTask
> Task :x-pack:qa:core-rest-tests-with-security:copyYamlTestsTask
> Task :x-pack:plugin:wildcard:copyRestApiSpecsTask
> Task :x-pack:qa:smoke-test-security-with-mustache:processTestResources NO-SOURCE
> Task :x-pack:qa:smoke-test-security-with-mustache:testClasses
> Task :x-pack:plugin:wildcard:processTestResources NO-SOURCE
> Task :x-pack:qa:xpack-prefix-rest-compat:compileTestJava NO-SOURCE
> Task :x-pack:test:idp-fixture:processTestResources NO-SOURCE
> Task :x-pack:qa:xpack-prefix-rest-compat:copyYamlTestsTask NO-SOURCE
> Task :x-pack:qa:xpack-prefix-rest-compat:copyRestApiSpecsTask NO-SOURCE
> Task :x-pack:test:smb-fixture:compileTestJava NO-SOURCE
> Task :x-pack:qa:xpack-prefix-rest-compat:processTestResources NO-SOURCE
> Task :x-pack:qa:xpack-prefix-rest-compat:testClasses UP-TO-DATE
> Task :x-pack:test:smb-fixture:processTestResources NO-SOURCE
> Task :x-pack:test:smb-fixture:testClasses UP-TO-DATE
> Task :libs:entitlement:qa:entitlement-test-plugin:processTestResources NO-SOURCE
> Task :libs:entitlement:tools:common:compileTestJava NO-SOURCE
> Task :libs:entitlement:tools:common:processTestResources NO-SOURCE
> Task :libs:entitlement:tools:common:testClasses UP-TO-DATE
> Task :libs:entitlement:tools:securitymanager-scanner:compileTestJava NO-SOURCE
> Task :libs:entitlement:tools:securitymanager-scanner:processTestResources NO-SOURCE
> Task :libs:entitlement:tools:securitymanager-scanner:testClasses UP-TO-DATE
> Task :x-pack:plugin:ccr:qa:processTestResources NO-SOURCE
> Task :x-pack:plugin:core:template-resources:compileTestJava NO-SOURCE
> Task :x-pack:plugin:core:template-resources:processTestResources NO-SOURCE
> Task :x-pack:plugin:core:template-resources:testClasses UP-TO-DATE
> Task :x-pack:plugin:esql:arrow:processTestResources
> Task :x-pack:plugin:esql:compute:processTestResources
> Task :x-pack:plugin:esql-core:test-fixtures:processTestResources NO-SOURCE
> Task :x-pack:plugin:ql:test-fixtures:processTestResources NO-SOURCE
> Task :x-pack:qa:reindex-tests-with-security:copyRestApiSpecsTask
> Task :libs:entitlement:qa:entitled-plugin:processTestResources NO-SOURCE
> Task :x-pack:qa:reindex-tests-with-security:processTestResources NO-SOURCE
> Task :x-pack:qa:reindex-tests-with-security:testClasses
> Task :x-pack:plugin:sql:sql-action:processTestResources NO-SOURCE
> Task :x-pack:plugin:sql:sql-cli:processTestResources NO-SOURCE
> Task :x-pack:plugin:sql:jdbc:processTestResources
> Task :x-pack:plugin:sql:sql-proto:processTestResources NO-SOURCE
> Task :x-pack:qa:multi-cluster-search-security:legacy-with-basic-license:copyYamlTestsTask NO-SOURCE
> Task :x-pack:plugin:sql:sql-client:processTestResources
> Task :x-pack:qa:multi-cluster-search-security:legacy-with-full-license:copyYamlTestsTask NO-SOURCE
> Task :x-pack:qa:smoke-test-plugins:copyRestApiSpecsTask
> Task :x-pack:qa:smoke-test-plugins:processTestResources NO-SOURCE
> Task :x-pack:qa:smoke-test-plugins:testClasses
> Task :x-pack:qa:multi-cluster-search-security:legacy-with-restricted-trust:copyYamlTestsTask NO-SOURCE
> Task :x-pack:qa:multi-cluster-search-security:legacy-with-restricted-trust:copyRestApiSpecsTask NO-SOURCE
> Task :x-pack:qa:smoke-test-plugins-ssl:copyRestApiSpecsTask
> Task :x-pack:qa:smoke-test-plugins-ssl:processTestResources NO-SOURCE
> Task :x-pack:qa:smoke-test-plugins-ssl:testClasses
> Task :x-pack:qa:runtime-fields:core-with-mapped:compileTestJava NO-SOURCE
> Task :x-pack:qa:multi-cluster-search-security:legacy-with-basic-license:copyRestApiSpecsTask
> Task :x-pack:qa:multi-cluster-search-security:legacy-with-full-license:copyRestApiSpecsTask
> Task :x-pack:qa:multi-cluster-search-security:legacy-with-restricted-trust:processTestResources
> Task :x-pack:qa:runtime-fields:core-with-search:compileTestJava NO-SOURCE
> Task :x-pack:qa:multi-cluster-search-security:legacy-with-full-license:processTestResources
> Task :x-pack:qa:rolling-upgrade:copyRestApiSpecsTask
> Task :x-pack:plugin:security:cli:processTestResources
> Task :x-pack:qa:third-party:jira:compileTestJava NO-SOURCE
> Task :x-pack:qa:third-party:jira:copyYamlTestsTask NO-SOURCE
> Task :x-pack:qa:third-party:jira:copyRestApiSpecsTask
> Task :x-pack:qa:third-party:jira:processTestResources NO-SOURCE
> Task :x-pack:qa:third-party:jira:testClasses
> Task :x-pack:qa:third-party:pagerduty:compileTestJava NO-SOURCE
> Task :x-pack:qa:third-party:pagerduty:copyYamlTestsTask NO-SOURCE
> Task :x-pack:qa:third-party:pagerduty:copyRestApiSpecsTask
> Task :x-pack:qa:third-party:pagerduty:processTestResources NO-SOURCE
> Task :x-pack:qa:third-party:pagerduty:testClasses
> Task :x-pack:qa:third-party:slack:compileTestJava NO-SOURCE
> Task :x-pack:qa:third-party:slack:copyYamlTestsTask NO-SOURCE
> Task :x-pack:qa:rolling-upgrade:processTestResources
> Task :x-pack:plugin:async-search:qa:rest:copyYamlTestsTask NO-SOURCE
> Task :x-pack:qa:third-party:slack:copyRestApiSpecsTask
> Task :x-pack:qa:third-party:slack:processTestResources NO-SOURCE
> Task :x-pack:qa:third-party:slack:testClasses
> Task :x-pack:plugin:autoscaling:qa:rest:compileTestJava NO-SOURCE
> Task :x-pack:plugin:autoscaling:qa:rest:copyYamlTestsTask NO-SOURCE
> Task :x-pack:plugin:autoscaling:qa:rest:copyRestApiSpecsTask
> Task :x-pack:plugin:autoscaling:qa:rest:processTestResources NO-SOURCE
> Task :x-pack:plugin:autoscaling:qa:rest:testClasses
> Task :x-pack:plugin:deprecation:qa:common:processTestResources NO-SOURCE
> Task :x-pack:plugin:deprecation:qa:early-deprecation-rest:processTestResources NO-SOURCE
> Task :x-pack:plugin:deprecation:qa:rest:processTestResources NO-SOURCE
> Task :x-pack:plugin:downsample:qa:mixed-cluster:compileTestJava NO-SOURCE
> Task :x-pack:plugin:downsample:qa:mixed-cluster:copyYamlTestsTask NO-SOURCE
> Task :x-pack:qa:core-rest-tests-with-security:copyRestApiSpecsTask
> Task :x-pack:qa:core-rest-tests-with-security:processTestResources NO-SOURCE
> Task :x-pack:plugin:downsample:qa:rest:compileTestJava NO-SOURCE
> Task :x-pack:plugin:downsample:qa:rest:copyYamlTestsTask NO-SOURCE
> Task :x-pack:plugin:async-search:qa:rest:copyRestApiSpecsTask
> Task :x-pack:plugin:async-search:qa:rest:processTestResources NO-SOURCE
> Task :x-pack:plugin:downsample:qa:with-security:compileTestJava NO-SOURCE
> Task :x-pack:plugin:downsample:qa:with-security:copyYamlTestsTask NO-SOURCE
> Task :x-pack:qa:multi-cluster-search-security:legacy-with-basic-license:processTestResources
> Task :x-pack:plugin:enrich:qa:common:processTestResources NO-SOURCE
> Task :x-pack:plugin:enrich:qa:rest:compileTestJava NO-SOURCE
> Task :x-pack:plugin:enrich:qa:rest:copyYamlTestsTask
> Task :x-pack:plugin:downsample:qa:mixed-cluster:copyRestApiSpecsTask
> Task :x-pack:plugin:downsample:qa:rest:copyRestApiSpecsTask
> Task :x-pack:plugin:downsample:qa:mixed-cluster:processTestResources NO-SOURCE
> Task :x-pack:plugin:downsample:qa:mixed-cluster:testClasses
> Task :x-pack:plugin:downsample:qa:rest:processTestResources NO-SOURCE
> Task :x-pack:plugin:downsample:qa:rest:testClasses
> Task :x-pack:plugin:eql:qa:ccs-rolling-upgrade:copyYamlTestsTask NO-SOURCE
> Task :x-pack:plugin:eql:qa:common:processTestResources NO-SOURCE
> Task :x-pack:plugin:eql:qa:ccs-rolling-upgrade:copyRestApiSpecsTask NO-SOURCE
> Task :x-pack:plugin:downsample:qa:with-security:copyRestApiSpecsTask
> Task :x-pack:plugin:eql:qa:ccs-rolling-upgrade:processTestResources NO-SOURCE
> Task :x-pack:plugin:downsample:qa:with-security:processTestResources NO-SOURCE
> Task :x-pack:plugin:downsample:qa:with-security:testClasses
> Task :x-pack:plugin:eql:qa:rest:compileTestJava NO-SOURCE
> Task :x-pack:plugin:eql:qa:rest:copyYamlTestsTask NO-SOURCE
> Task :x-pack:plugin:esql:compute:ann:compileTestJava NO-SOURCE
> Task :x-pack:plugin:esql:compute:ann:processTestResources NO-SOURCE
> Task :x-pack:plugin:esql:compute:ann:testClasses UP-TO-DATE
> Task :x-pack:plugin:esql:compute:gen:compileTestJava NO-SOURCE
> Task :x-pack:plugin:esql:compute:gen:processTestResources NO-SOURCE
> Task :x-pack:plugin:esql:compute:gen:testClasses UP-TO-DATE
> Task :x-pack:plugin:esql:compute:test:processTestResources NO-SOURCE
> Task :x-pack:plugin:esql:qa:action:processTestResources NO-SOURCE
> Task :x-pack:plugin:esql:qa:server:processTestResources NO-SOURCE
> Task :x-pack:plugin:esql:qa:testFixtures:processTestResources NO-SOURCE
> Task :x-pack:plugin:graph:qa:with-security:compileTestJava NO-SOURCE
> Task :x-pack:plugin:graph:qa:with-security:copyYamlTestsTask
> Task :x-pack:plugin:eql:qa:rest:copyRestApiSpecsTask
> Task :x-pack:plugin:eql:qa:rest:processTestResources NO-SOURCE
> Task :x-pack:plugin:eql:qa:rest:testClasses
> Task :x-pack:plugin:ilm:qa:multi-cluster:processTestResources NO-SOURCE
> Task :x-pack:plugin:ilm:qa:rest:compileTestJava NO-SOURCE
> Task :x-pack:plugin:ilm:qa:rest:copyYamlTestsTask NO-SOURCE
> Task :x-pack:plugin:graph:qa:with-security:copyRestApiSpecsTask
> Task :x-pack:plugin:graph:qa:with-security:processTestResources NO-SOURCE
> Task :x-pack:plugin:graph:qa:with-security:testClasses
> Task :x-pack:plugin:ilm:qa:rest:copyRestApiSpecsTask
> Task :x-pack:plugin:ilm:qa:rest:processTestResources NO-SOURCE
> Task :x-pack:plugin:ilm:qa:rest:testClasses
> Task :x-pack:plugin:ml:qa:ml-with-security:compileTestJava NO-SOURCE
> Task :x-pack:qa:third-party:active-directory:processTestResources
> Task :x-pack:plugin:eql:qa:correctness:compileTestJava NO-SOURCE
> Task :x-pack:plugin:ml:qa:multi-cluster-tests-with-security:copyYamlTestsTask NO-SOURCE
> Task :x-pack:plugin:eql:qa:correctness:processTestResources NO-SOURCE
> Task :x-pack:plugin:eql:qa:correctness:testClasses UP-TO-DATE
> Task :x-pack:plugin:ml:qa:no-bootstrap-tests:processTestResources NO-SOURCE
> Task :x-pack:plugin:repositories-metering-api:qa:s3:compileTestJava NO-SOURCE
> Task :x-pack:plugin:repositories-metering-api:qa:s3:copyYamlTestsTask NO-SOURCE
> Task :x-pack:qa:runtime-fields:core-with-mapped:copyYamlTestsTask
> Task :x-pack:plugin:repositories-metering-api:qa:s3:copyRestApiSpecsTask
> Task :x-pack:plugin:enrich:qa:rest:copyRestApiSpecsTask
> Task :x-pack:plugin:repositories-metering-api:qa:s3:processTestResources NO-SOURCE
> Task :x-pack:plugin:enrich:qa:rest:processTestResources NO-SOURCE
> Task :x-pack:plugin:enrich:qa:rest:testClasses
> Task :x-pack:plugin:repositories-metering-api:qa:s3:testClasses
> Task :x-pack:plugin:searchable-snapshots:qa:minio:compileTestJava NO-SOURCE
> Task :x-pack:plugin:searchable-snapshots:qa:hdfs:compileTestJava NO-SOURCE
> Task :x-pack:plugin:searchable-snapshots:qa:minio:copyYamlTestsTask NO-SOURCE
> Task :x-pack:plugin:searchable-snapshots:qa:hdfs:copyYamlTestsTask NO-SOURCE
> Task :x-pack:qa:runtime-fields:core-with-search:copyYamlTestsTask
> Task :x-pack:plugin:inference:qa:test-service-plugin:processTestResources NO-SOURCE
> Task :x-pack:plugin:searchable-snapshots:qa:rest:compileTestJava NO-SOURCE
> Task :x-pack:plugin:searchable-snapshots:qa:rest:copyYamlTestsTask NO-SOURCE
> Task :x-pack:qa:runtime-fields:core-with-mapped:copyRestApiSpecsTask
> Task :x-pack:qa:runtime-fields:core-with-mapped:processTestResources NO-SOURCE
> Task :x-pack:qa:runtime-fields:core-with-mapped:testClasses
> Task :x-pack:plugin:searchable-snapshots:qa:s3:compileTestJava NO-SOURCE
> Task :x-pack:plugin:searchable-snapshots:qa:s3:copyYamlTestsTask NO-SOURCE
> Task :x-pack:plugin:ml:qa:ml-with-security:copyYamlTestsTask
> Task :x-pack:plugin:searchable-snapshots:qa:hdfs:copyRestApiSpecsTask
> Task :x-pack:plugin:searchable-snapshots:qa:hdfs:processTestResources NO-SOURCE
> Task :x-pack:plugin:searchable-snapshots:qa:hdfs:testClasses
> Task :x-pack:plugin:searchable-snapshots:qa:url:compileTestJava NO-SOURCE
> Task :x-pack:plugin:searchable-snapshots:qa:url:copyYamlTestsTask NO-SOURCE
> Task :x-pack:plugin:searchable-snapshots:qa:minio:copyRestApiSpecsTask
> Task :x-pack:plugin:searchable-snapshots:qa:minio:processTestResources NO-SOURCE
> Task :x-pack:plugin:searchable-snapshots:qa:minio:testClasses
> Task :x-pack:plugin:security:lib:nimbus-jose-jwt-modified:compileTestJava NO-SOURCE
> Task :x-pack:plugin:security:lib:nimbus-jose-jwt-modified:processTestResources NO-SOURCE
> Task :x-pack:plugin:security:lib:nimbus-jose-jwt-modified:testClasses UP-TO-DATE
> Task :x-pack:plugin:security:lib:nimbus-jose-jwt-modified-part1:compileTestJava NO-SOURCE
> Task :x-pack:plugin:security:lib:nimbus-jose-jwt-modified-part1:processTestResources NO-SOURCE
> Task :x-pack:plugin:security:lib:nimbus-jose-jwt-modified-part1:testClasses UP-TO-DATE
> Task :x-pack:qa:runtime-fields:core-with-search:copyRestApiSpecsTask
> Task :x-pack:plugin:security:lib:nimbus-jose-jwt-modified-part2:compileTestJava NO-SOURCE
> Task :x-pack:plugin:security:lib:nimbus-jose-jwt-modified-part2:processTestResources NO-SOURCE
> Task :x-pack:qa:runtime-fields:core-with-search:processTestResources NO-SOURCE
> Task :x-pack:qa:runtime-fields:core-with-search:testClasses
> Task :x-pack:plugin:security:lib:nimbus-jose-jwt-modified-part2:testClasses UP-TO-DATE
> Task :x-pack:plugin:security:qa:consistency-checks:processTestResources NO-SOURCE
> Task :x-pack:plugin:security:qa:multi-cluster:compileTestJava NO-SOURCE
> Task :x-pack:plugin:security:qa:multi-cluster:copyYamlTestsTask NO-SOURCE
> Task :x-pack:plugin:security:qa:multi-cluster:copyRestApiSpecsTask NO-SOURCE
> Task :x-pack:plugin:security:qa:operator-privileges-tests:processTestResources
> Task :x-pack:plugin:security:qa:secondary-auth-actions:processTestResources NO-SOURCE
> Task :x-pack:plugin:security:qa:security-basic:processTestResources NO-SOURCE
> Task :x-pack:plugin:shutdown:qa:rolling-upgrade:copyYamlTestsTask NO-SOURCE
> Task :x-pack:plugin:ml:qa:multi-cluster-tests-with-security:copyRestApiSpecsTask
> Task :x-pack:plugin:searchable-snapshots:qa:s3:copyRestApiSpecsTask
> Task :x-pack:plugin:searchable-snapshots:qa:s3:processTestResources NO-SOURCE
> Task :x-pack:plugin:searchable-snapshots:qa:s3:testClasses
> Task :x-pack:plugin:snapshot-based-recoveries:qa:fs:compileTestJava NO-SOURCE
> Task :x-pack:plugin:snapshot-based-recoveries:qa:fs:copyYamlTestsTask NO-SOURCE
> Task :x-pack:plugin:ml:qa:multi-cluster-tests-with-security:processTestResources
> Task :x-pack:plugin:snapshot-based-recoveries:qa:license-enforcing:compileTestJava NO-SOURCE
> Task :x-pack:plugin:snapshot-based-recoveries:qa:license-enforcing:copyYamlTestsTask NO-SOURCE
> Task :x-pack:plugin:searchable-snapshots:qa:rest:copyRestApiSpecsTask
> Task :x-pack:plugin:security:qa:multi-cluster:processTestResources NO-SOURCE
> Task :x-pack:plugin:security:qa:multi-cluster:testClasses UP-TO-DATE
> Task :x-pack:plugin:searchable-snapshots:qa:rest:processTestResources NO-SOURCE
> Task :x-pack:plugin:searchable-snapshots:qa:rest:testClasses
> Task :x-pack:plugin:snapshot-based-recoveries:qa:s3:compileTestJava NO-SOURCE
> Task :x-pack:plugin:snapshot-repo-test-kit:qa:hdfs:compileTestJava NO-SOURCE
> Task :x-pack:plugin:snapshot-based-recoveries:qa:s3:copyYamlTestsTask NO-SOURCE
> Task :x-pack:plugin:snapshot-repo-test-kit:qa:hdfs:copyYamlTestsTask NO-SOURCE
> Task :x-pack:plugin:searchable-snapshots:qa:url:copyRestApiSpecsTask
> Task :x-pack:plugin:searchable-snapshots:qa:url:processTestResources NO-SOURCE
> Task :x-pack:plugin:searchable-snapshots:qa:url:testClasses
> Task :x-pack:plugin:snapshot-repo-test-kit:qa:minio:compileTestJava NO-SOURCE
> Task :x-pack:plugin:snapshot-repo-test-kit:qa:minio:copyYamlTestsTask NO-SOURCE
> Task :x-pack:plugin:snapshot-based-recoveries:qa:fs:copyRestApiSpecsTask
> Task :x-pack:plugin:snapshot-based-recoveries:qa:fs:processTestResources NO-SOURCE
> Task :x-pack:plugin:snapshot-based-recoveries:qa:fs:testClasses
> Task :x-pack:plugin:snapshot-repo-test-kit:qa:rest:compileTestJava NO-SOURCE
> Task :x-pack:plugin:snapshot-repo-test-kit:qa:rest:copyYamlTestsTask NO-SOURCE
> Task :x-pack:plugin:snapshot-based-recoveries:qa:license-enforcing:copyRestApiSpecsTask
> Task :x-pack:plugin:snapshot-based-recoveries:qa:license-enforcing:processTestResources NO-SOURCE
> Task :x-pack:plugin:snapshot-based-recoveries:qa:license-enforcing:testClasses
> Task :x-pack:plugin:snapshot-repo-test-kit:qa:s3:compileTestJava NO-SOURCE
> Task :x-pack:plugin:snapshot-repo-test-kit:qa:s3:copyYamlTestsTask NO-SOURCE
> Task :x-pack:plugin:ml:qa:ml-with-security:copyRestApiSpecsTask
> Task :x-pack:plugin:ml:qa:ml-with-security:processTestResources NO-SOURCE
> Task :x-pack:plugin:ml:qa:ml-with-security:testClasses
> Task :x-pack:plugin:sql:qa:jdbc:processTestResources NO-SOURCE
> Task :x-pack:plugin:sql:qa:server:processTestResources NO-SOURCE
> Task :x-pack:plugin:text-structure:qa:text-structure-with-security:compileTestJava NO-SOURCE
> Task :x-pack:plugin:snapshot-based-recoveries:qa:s3:copyRestApiSpecsTask
> Task :x-pack:plugin:snapshot-based-recoveries:qa:s3:processTestResources NO-SOURCE
> Task :x-pack:plugin:snapshot-based-recoveries:qa:s3:testClasses
> Task :x-pack:plugin:transform:qa:common:processTestResources NO-SOURCE
> Task :x-pack:plugin:transform:qa:multi-cluster-tests-with-security:copyYamlTestsTask NO-SOURCE
> Task :x-pack:plugin:text-structure:qa:text-structure-with-security:copyYamlTestsTask
> Task :x-pack:plugin:text-structure:qa:text-structure-with-security:copyRestApiSpecsTask
> Task :x-pack:plugin:snapshot-repo-test-kit:qa:s3:copyRestApiSpecsTask
> Task :x-pack:plugin:snapshot-repo-test-kit:qa:s3:processTestResources NO-SOURCE
> Task :x-pack:plugin:snapshot-repo-test-kit:qa:s3:testClasses
> Task :x-pack:plugin:watcher:qa:common:processTestResources NO-SOURCE
> Task :x-pack:plugin:snapshot-repo-test-kit:qa:minio:copyRestApiSpecsTask
> Task :x-pack:plugin:snapshot-repo-test-kit:qa:minio:processTestResources NO-SOURCE
> Task :x-pack:plugin:snapshot-repo-test-kit:qa:minio:testClasses
> Task :x-pack:plugin:watcher:qa:with-security:compileTestJava NO-SOURCE
> Task :x-pack:plugin:watcher:qa:rest:compileTestJava NO-SOURCE
> Task :x-pack:plugin:snapshot-repo-test-kit:qa:rest:copyRestApiSpecsTask
> Task :x-pack:plugin:watcher:qa:rest:copyYamlTestsTask NO-SOURCE
> Task :x-pack:plugin:snapshot-repo-test-kit:qa:rest:processTestResources NO-SOURCE
> Task :x-pack:plugin:snapshot-repo-test-kit:qa:rest:testClasses
> Task :x-pack:plugin:esql:qa:server:mixed-cluster:compileTestJava NO-SOURCE
> Task :x-pack:plugin:text-structure:qa:text-structure-with-security:processTestResources NO-SOURCE
> Task :x-pack:plugin:snapshot-repo-test-kit:qa:hdfs:copyRestApiSpecsTask
> Task :x-pack:plugin:text-structure:qa:text-structure-with-security:testClasses
> Task :x-pack:plugin:snapshot-repo-test-kit:qa:hdfs:processTestResources NO-SOURCE
> Task :x-pack:plugin:snapshot-repo-test-kit:qa:hdfs:testClasses
> Task :x-pack:plugin:esql:qa:server:multi-node:compileTestJava NO-SOURCE
> Task :x-pack:plugin:esql:qa:server:single-node:compileTestJava NO-SOURCE
> Task :x-pack:plugin:esql:qa:server:mixed-cluster:copyYamlTestsTask
> Task :x-pack:plugin:transform:qa:multi-cluster-tests-with-security:copyRestApiSpecsTask
> Task :x-pack:plugin:watcher:qa:with-security:copyYamlTestsTask
> Task :x-pack:plugin:transform:qa:multi-cluster-tests-with-security:processTestResources
> Task :x-pack:plugin:esql:qa:server:single-node:copyYamlTestsTask
> Task :x-pack:plugin:esql:qa:server:multi-node:copyYamlTestsTask
> Task :x-pack:plugin:watcher:qa:rest:copyRestApiSpecsTask
> Task :x-pack:plugin:watcher:qa:rest:processTestResources NO-SOURCE
> Task :x-pack:plugin:watcher:qa:rest:testClasses
> Task :x-pack:plugin:esql:qa:server:mixed-cluster:copyRestApiSpecsTask
> Task :x-pack:plugin:sql:sql-client:jar
> Task :x-pack:plugin:esql:qa:server:mixed-cluster:processTestResources NO-SOURCE
> Task :x-pack:plugin:esql:qa:server:mixed-cluster:testClasses
> Task :x-pack:plugin:sql:qa:jdbc:security:processTestResources
> Task :x-pack:plugin:sql:qa:server:security:processTestResources
> Task :x-pack:plugin:sql:sql-proto:jar
> Task :x-pack:plugin:esql:qa:server:multi-node:copyRestApiSpecsTask
> Task :x-pack:plugin:esql:qa:server:multi-node:processTestResources NO-SOURCE
> Task :x-pack:plugin:esql:qa:server:multi-node:testClasses
> Task :x-pack:plugin:esql:qa:server:single-node:copyRestApiSpecsTask
> Task :x-pack:plugin:esql:qa:server:single-node:processTestResources NO-SOURCE
> Task :x-pack:plugin:esql:qa:server:single-node:testClasses
> Task :x-pack:plugin:shutdown:qa:rolling-upgrade:copyRestApiSpecsTask
> Task :x-pack:plugin:shutdown:qa:rolling-upgrade:processTestResources
> Task :x-pack:plugin:watcher:qa:with-security:copyRestApiSpecsTask
> Task :x-pack:plugin:watcher:qa:with-security:processTestResources NO-SOURCE
> Task :x-pack:plugin:watcher:qa:with-security:testClasses
> Task :x-pack:plugin:sql:jdbc:shadowJar

> Task :server:compileJava
Note: Some input files use or override a deprecated API.
Note: Recompile with -Xlint:deprecation for details.
Note: Some input files use or override a deprecated API that is marked for removal.
Note: Recompile with -Xlint:removal for details.

> Task :server:classes
The message received from the daemon indicates that the daemon has disappeared.
Build request sent: Build{id=9fb03567-fb43-4aba-98b5-92917ee2c14c, currentDir=/repo}
Attempting to read last messages from the daemon log...
Daemon pid: 103
  log file: /tmp/.gradle/daemon/8.14.1/daemon-103.out.log
----- Last 20 lines from daemon log file - daemon-103.out.log -----
Note: /repo/x-pack/plugin/sql/sql-client/src/main/java/org/elasticsearch/xpack/sql/client/RemoteFailure.java uses or overrides a deprecated API.
Note: Recompile with -Xlint:deprecation for details.
Note: Some input files use or override a deprecated API.
Note: Recompile with -Xlint:deprecation for details.
Note: Some input files use or override a deprecated API.
Note: Recompile with -Xlint:deprecation for details.
Note: /repo/test/fixtures/hdfs-fixture/src/main/java/org/elasticsearch/test/fixtures/hdfs/HdfsFixture.java uses or overrides a deprecated API that is marked for removal.
Note: Recompile with -Xlint:removal for details.
Note: /repo/libs/entitlement/src/main/java/org/elasticsearch/entitlement/runtime/api/NotEntitledException.java uses or overrides a deprecated API that is marked for removal.
Note: Recompile with -Xlint:removal for details.
Note: Some input files use or override a deprecated API.
Note: Recompile with -Xlint:deprecation for details.
Note: /repo/test/fixtures/krb5kdc-fixture/src/main/java/org/elasticsearch/test/fixtures/krb5kdc/Krb5kDcContainer.java uses or overrides a deprecated API.
Note: Recompile with -Xlint:deprecation for details.
Note: Some input files use or override a deprecated API.
Note: Recompile with -Xlint:deprecation for details.
Note: Some input files use or override a deprecated API.
Note: Recompile with -Xlint:deprecation for details.
Note: Some input files use or override a deprecated API that is marked for removal.
Note: Recompile with -Xlint:removal for details.----- End of the daemon log -----


FAILURE: Build failed with an exception.

* What went wrong:
Gradle build daemon disappeared unexpectedly (it may have been killed or may have crashed)

* Try:
> Run with --stacktrace option to get the stack trace.
> Run with --info or --debug option to get more log output.
> Run with --scan to get full insights.
> Get more help at https://help.gradle.org.
> Task :modules:lang-mustache:compileJava
> Task :modules:data-streams:compileJava
> Task :modules:ingest-attachment:compileJava
> Task :client:client-benchmark-noop-api-plugin:compileJava
> Task :modules:apm:compileJava
> Task :modules:health-shards-availability:compileJava
> Task :modules:dot-prefix-validation:compileJava
> Task :modules:lang-painless:spi:compileJava
❌ Build Failed
